[2022-03-03T14:06:24.638] [TRACE] app - 9dabcb07-ca5b-4218-b20e-bd4cdec257c7 - TRACE - inbound request - delete sensor group - Data is executing - 4
[2022-03-03T14:06:24.640] [ERROR] app - 9dabcb07-ca5b-4218-b20e-bd4cdec257c7 - ERROR - inbound request - update sensor group - id is not defined - 4
[2022-03-03T14:07:07.614] [TRACE] app - 11302295-5c5e-473f-a41d-9823628ca496 - TRACE - inbound request - delete sensor group - Data is executing - 4
[2022-03-03T14:07:07.617] [ERROR] app - 11302295-5c5e-473f-a41d-9823628ca496 - ERROR - inbound request - update sensor group - Cannot read properties of undefined (reading 'then') - 4
[2022-03-03T14:08:26.765] [TRACE] app - 2fe80da6-0928-425a-87c2-d392cbf6c4a0 - TRACE - inbound request - delete sensor group - Data is executing - 4
[2022-03-03T14:08:26.771] [ERROR] app - 2fe80da6-0928-425a-87c2-d392cbf6c4a0 - ERROR - inbound request - update sensor group - Cannot read properties of undefined (reading 'then') - 4
[2022-03-03T14:09:42.522] [TRACE] app - 83429c1b-225d-48c0-b3ba-82d3d112cd5e - TRACE - inbound request - delete sensor group - Data is executing - 4
[2022-03-03T14:09:42.529] [ERROR] app - 83429c1b-225d-48c0-b3ba-82d3d112cd5e - ERROR - inbound request - update sensor group - Cannot read properties of undefined (reading 'then') - 4
[2022-03-03T14:10:04.024] [TRACE] app - 36daf5c8-53ba-43c1-a7f2-df7d55b555a5 - TRACE - inbound request - delete sensor group - Data is executing - 4
[2022-03-03T14:10:04.028] [ERROR] app - 36daf5c8-53ba-43c1-a7f2-df7d55b555a5 - ERROR - inbound request - update sensor group - Cannot read properties of undefined (reading 'then') - 4
[2022-03-03T14:10:42.385] [TRACE] app - b0b3b633-343e-42e9-8eb3-bcdff4759c84 - TRACE - inbound request - delete sensor group - Data is executing - 4
[2022-03-03T14:10:42.392] [ERROR] app - b0b3b633-343e-42e9-8eb3-bcdff4759c84 - ERROR - inbound request - update sensor group - Cannot read properties of undefined (reading 'then') - 4
[2022-03-03T14:10:57.988] [TRACE] app - ba065c9e-6ae6-43ed-ab2c-d097da146b83 - TRACE - inbound request - delete sensor group - Data is executing - 4
[2022-03-03T14:10:57.992] [ERROR] app - ba065c9e-6ae6-43ed-ab2c-d097da146b83 - ERROR - inbound request - update sensor group - Cannot read properties of undefined (reading 'then') - 4
[2022-03-03T14:12:17.164] [TRACE] app - a6a7bc05-1e0a-4581-bddb-4d5ea3012a94 - TRACE - inbound request - delete sensor group - Data is executing - 4
[2022-03-03T14:12:17.171] [ERROR] app - a6a7bc05-1e0a-4581-bddb-4d5ea3012a94 - ERROR - inbound request - update sensor group - Cannot read properties of undefined (reading 'then') - 4
[2022-03-03T14:12:43.612] [TRACE] app - 5431fafd-554a-46e5-b2b8-c59d9568cf84 - TRACE - inbound request - delete sensor group - Data is executing - 4
[2022-03-03T14:12:43.615] [ERROR] app - 5431fafd-554a-46e5-b2b8-c59d9568cf84 - ERROR - inbound request - update sensor group - Cannot read properties of undefined (reading 'then') - 4
[2022-03-03T14:17:49.903] [TRACE] app - 7441c226-4268-4121-a6d7-b26bd48d108c - TRACE - inbound request - delete sensor group - Data is executing - 4
[2022-03-03T14:17:49.906] [ERROR] app - 7441c226-4268-4121-a6d7-b26bd48d108c - ERROR - inbound request - update sensor group - Cannot read properties of undefined (reading 'then') - 4
[2022-03-03T14:18:04.056] [TRACE] app - 91fbf25a-35b6-4d37-9b3a-2a280e73f77d - TRACE - inbound request - delete sensor group - Data is executing - 4
[2022-03-03T14:18:04.058] [ERROR] app - 91fbf25a-35b6-4d37-9b3a-2a280e73f77d - ERROR - inbound request - update sensor group - Cannot read properties of undefined (reading 'then') - 4
[2022-03-03T14:18:42.655] [TRACE] app - 88bf4609-2315-40f9-8fc2-2b59eba73e4a - TRACE - inbound request - delete sensor group - Data is executing - 4
[2022-03-03T14:18:42.658] [ERROR] app - 88bf4609-2315-40f9-8fc2-2b59eba73e4a - ERROR - inbound request - update sensor group - Cannot read properties of undefined (reading 'then') - 4
[2022-03-03T14:19:01.353] [TRACE] app - 17379847-ca30-441d-8f9f-a6a2ad1dd8dd - TRACE - inbound request - delete sensor group - Data is executing - 4
[2022-03-03T14:19:01.355] [ERROR] app - 17379847-ca30-441d-8f9f-a6a2ad1dd8dd - ERROR - inbound request - update sensor group - Cannot read properties of undefined (reading 'then') - 4
[2022-03-03T14:27:53.185] [TRACE] app - b14616ad-40b9-4feb-8142-239053869418 - TRACE - inbound request - delete sensor group - Data is executing - 4
[2022-03-03T14:27:53.188] [ERROR] app - b14616ad-40b9-4feb-8142-239053869418 - ERROR - inbound request - update sensor group - Cannot read properties of undefined (reading 'then') - 4
[2022-03-03T14:30:01.361] [TRACE] app - 9ec00287-ff02-4bb4-96b1-b61c40ed3218 - TRACE - inbound request - delete sensor group - Data is executing - 4
[2022-03-03T14:30:01.366] [ERROR] app - 9ec00287-ff02-4bb4-96b1-b61c40ed3218 - ERROR - inbound request - update sensor group - Cannot read properties of undefined (reading 'then') - 4
[2022-03-03T14:30:49.992] [TRACE] app - 0b6c1371-5583-483b-9dd1-6e8e446efb0a - TRACE - inbound request - delete sensor group - Data is executing - 4
[2022-03-03T14:30:49.998] [ERROR] app - 0b6c1371-5583-483b-9dd1-6e8e446efb0a - ERROR - inbound request - update sensor group - Cannot read properties of undefined (reading 'then') - 4
[2022-03-03T14:32:29.040] [TRACE] app - 7f6c5fb1-9712-4477-a145-deb6f0eba549 - TRACE - inbound request - delete sensor group - Data is executing - 4
[2022-03-03T14:32:29.045] [ERROR] app - 7f6c5fb1-9712-4477-a145-deb6f0eba549 - ERROR - inbound request - update sensor group - Cannot read properties of undefined (reading 'then') - 4
[2022-03-03T14:32:58.584] [TRACE] app - 76bf85d2-9b7a-467d-ad49-bfead7334f37 - TRACE - inbound request - delete sensor group - Data is executing - 4
[2022-03-03T14:32:58.587] [ERROR] app - 76bf85d2-9b7a-467d-ad49-bfead7334f37 - ERROR - inbound request - update sensor group - Cannot read properties of undefined (reading 'then') - 4
[2022-03-03T14:33:19.756] [TRACE] app - dcb0f3ca-6c14-47d4-898e-ba96105c7672 - TRACE - inbound request - delete sensor group - Data is executing - 4
[2022-03-03T14:33:19.764] [ERROR] app - dcb0f3ca-6c14-47d4-898e-ba96105c7672 - ERROR - inbound request - update sensor group - Cannot read properties of undefined (reading 'then') - 4
[2022-03-03T14:38:41.191] [TRACE] app - a3260409-2c6c-4306-a312-440994f023d1 - TRACE - inbound request - delete sensor group - Data is executing - 4
[2022-03-03T14:38:41.195] [ERROR] app - a3260409-2c6c-4306-a312-440994f023d1 - ERROR - inbound request - update sensor group - Cannot read properties of undefined (reading 'then') - 4
[2022-03-03T14:39:26.846] [TRACE] app - 49518eaf-7033-40e0-b3f1-ee2b3408d323 - TRACE - inbound request - delete sensor group - Data is executing - 4
[2022-03-03T14:39:26.854] [ERROR] app - 49518eaf-7033-40e0-b3f1-ee2b3408d323 - ERROR - inbound request - update sensor group - Cannot read properties of undefined (reading 'then') - 4
[2022-03-03T14:40:26.540] [TRACE] app - 30c460bc-d5e7-4044-a060-7d53ba9ca3b4 - TRACE - inbound request - delete sensor group - Data is executing - 4
[2022-03-03T14:40:26.544] [ERROR] app - 30c460bc-d5e7-4044-a060-7d53ba9ca3b4 - ERROR - inbound request - update sensor group - Cannot read properties of undefined (reading 'then') - 4
[2022-03-03T14:41:34.233] [TRACE] app - 88ee5d21-449d-459b-bf18-12ecae7a06f2 - TRACE - inbound request - delete sensor group - Data is executing - 4
[2022-03-03T14:41:34.239] [ERROR] app - 88ee5d21-449d-459b-bf18-12ecae7a06f2 - ERROR - inbound request - update sensor group - Cannot read properties of undefined (reading 'then') - 4
[2022-03-03T14:42:10.969] [TRACE] app - fd30d4ad-7fb7-48ff-ab1f-a9f2ace2b5a7 - TRACE - inbound request - delete sensor group - Data is executing - 4
[2022-03-03T14:42:10.973] [ERROR] app - fd30d4ad-7fb7-48ff-ab1f-a9f2ace2b5a7 - ERROR - inbound request - update sensor group - Cannot read properties of undefined (reading 'then') - 4
[2022-03-03T14:42:30.548] [TRACE] app - 092baf23-f79e-4a8d-903b-8975d8cd4a31 - TRACE - inbound request - delete sensor group - Data is executing - 4
[2022-03-03T14:42:30.557] [ERROR] app - 092baf23-f79e-4a8d-903b-8975d8cd4a31 - ERROR - inbound request - update sensor group - Cannot read properties of undefined (reading 'then') - 4
[2022-03-03T14:43:24.932] [TRACE] app - 47c08eb4-d606-4cd7-b5d5-c2057a16965a - TRACE - inbound request - delete sensor group - Data is executing - 4
[2022-03-03T14:43:24.936] [ERROR] app - 47c08eb4-d606-4cd7-b5d5-c2057a16965a - ERROR - inbound request - update sensor group - Cannot read properties of undefined (reading 'then') - 4
[2022-03-03T14:44:11.403] [TRACE] app - 85f21458-57dd-420f-a079-8f9b3f6db2b6 - TRACE - inbound request - delete sensor group - Data is executing - 4
[2022-03-03T14:44:11.407] [ERROR] app - 85f21458-57dd-420f-a079-8f9b3f6db2b6 - ERROR - inbound request - update sensor group - Cannot read properties of undefined (reading 'then') - 4
[2022-03-03T14:44:22.340] [TRACE] app - e9205606-d739-4e79-8115-d75f9907cd9c - TRACE - inbound request - delete sensor group - Data is executing - 4
[2022-03-03T14:44:22.353] [ERROR] app - e9205606-d739-4e79-8115-d75f9907cd9c - ERROR - inbound request - update sensor group - Cannot read properties of undefined (reading 'then') - 4
[2022-03-03T14:44:46.943] [TRACE] app - 226b3fc2-c0c1-4058-8df0-38dbefc1e83e - TRACE - inbound request - delete sensor group - Data is executing - 4
[2022-03-03T14:44:46.950] [ERROR] app - 226b3fc2-c0c1-4058-8df0-38dbefc1e83e - ERROR - inbound request - update sensor group - Cannot read properties of undefined (reading 'then') - 4
[2022-03-03T14:45:27.055] [TRACE] app - 36b52115-5688-4b5e-aba9-ca06f55e8283 - TRACE - inbound request - delete sensor group - Data is executing - 4
[2022-03-03T14:45:27.061] [ERROR] app - 36b52115-5688-4b5e-aba9-ca06f55e8283 - ERROR - inbound request - update sensor group - Cannot read properties of undefined (reading 'then') - 4
[2022-03-03T14:47:17.370] [TRACE] app - 93bd4552-6d79-4351-8de6-3cba64ebdacd - TRACE - inbound request - delete sensor group - Data is executing - 4
[2022-03-03T14:47:17.376] [ERROR] app - 93bd4552-6d79-4351-8de6-3cba64ebdacd - ERROR - inbound request - update sensor group - Cannot read properties of undefined (reading 'then') - 4
[2022-03-03T14:49:06.244] [TRACE] app - 48de7ed4-11af-4cc0-a0fb-d1e792c8ed4b - TRACE - inbound request - delete sensor group - Data is executing - 4
[2022-03-03T14:49:06.248] [ERROR] app - 48de7ed4-11af-4cc0-a0fb-d1e792c8ed4b - ERROR - inbound request - delete sensor group - Cannot read properties of undefined (reading 'then') - 4
[2022-03-03T14:50:17.905] [TRACE] app - a3d4c854-6fb8-4ceb-80e3-bbb58382dfe8 - TRACE - inbound request - delete sensor group - Data is executing - 4
[2022-03-03T14:50:17.909] [ERROR] app - a3d4c854-6fb8-4ceb-80e3-bbb58382dfe8 - ERROR - inbound request - delete sensor group - Cannot read properties of undefined (reading 'then') - 4
[2022-03-03T14:51:04.206] [TRACE] app - db5017d2-97ed-4f26-9ba3-93573b2f8fd2 - TRACE - inbound request - delete sensor group - Data is executing - 4
[2022-03-03T14:51:04.210] [ERROR] app - db5017d2-97ed-4f26-9ba3-93573b2f8fd2 - ERROR - inbound request - delete sensor group - Cannot read properties of undefined (reading 'then') - 4
[2022-03-03T14:51:40.943] [TRACE] app - 7daf52b5-956d-48ff-adf3-dde86ba13a16 - TRACE - inbound request - delete sensor group - Data is executing - 4
[2022-03-03T14:51:40.947] [ERROR] app - 7daf52b5-956d-48ff-adf3-dde86ba13a16 - ERROR - inbound request - delete sensor group - Cannot read properties of undefined (reading 'then') - 4
[2022-03-03T14:52:39.173] [TRACE] app - fe22ad8b-b570-48bc-9c88-54bb61badc13 - TRACE - inbound request - delete sensor group - Data is executing - 4
[2022-03-03T14:52:39.176] [ERROR] app - fe22ad8b-b570-48bc-9c88-54bb61badc13 - ERROR - inbound request - delete sensor group - Cannot read properties of undefined (reading 'then') - 4
[2022-03-03T14:52:50.145] [TRACE] app - 6821b384-e39f-487f-93e9-efc51e46b044 - TRACE - inbound request - delete sensor group - Data is executing - 4
[2022-03-03T14:52:50.155] [ERROR] app - 6821b384-e39f-487f-93e9-efc51e46b044 - ERROR - inbound request - delete sensor group - Cannot read properties of undefined (reading 'then') - 4
[2022-03-03T14:53:18.021] [TRACE] app - 7e4243a4-9443-439b-9bbb-d6278169481b - TRACE - inbound request - delete sensor group - Data is executing - 4
[2022-03-03T14:53:18.027] [ERROR] app - 7e4243a4-9443-439b-9bbb-d6278169481b - ERROR - inbound request - delete sensor group - Cannot read properties of undefined (reading 'then') - 4
[2022-03-03T14:53:38.443] [TRACE] app - 1111360c-0d0d-42ee-9e13-c2202a018bef - TRACE - inbound request - delete sensor group - Data is executing - 4
[2022-03-03T14:53:38.577] [INFO] app - 1111360c-0d0d-42ee-9e13-c2202a018bef - INFO - inbound request - delete sensor group - Success updating new data - 4
[2022-03-03T14:58:03.761] [TRACE] app - 4faf2b9c-2ad0-4015-9d71-90b9eb8c3217 - TRACE - inbound request - delete sensor group - Data is executing - 4
[2022-03-03T14:58:03.872] [INFO] app - 4faf2b9c-2ad0-4015-9d71-90b9eb8c3217 - INFO - inbound request - delete sensor group - Success updating new data - 4
