[2022-04-03T12:19:11.153] [INFO] app - 77560aeb-bdf5-4908-950a-5a4f5ade75e5 - INFO - List node - Success retrieving  data - ahmed.shalaby@cyshield.com
[2022-04-03T12:20:01.572] [INFO] app - 2214cebf-39dc-4f92-b833-4d0ef1819f20 - INFO - List node - Success retrieving  data - ahmed.shalaby@cyshield.com
[2022-04-03T12:20:21.443] [INFO] app - 8c0adece-d209-47ee-a2b8-7095d1ac5ff2 - INFO - List node - Success retrieving  data - ahmed.shalaby@cyshield.com
[2022-04-03T12:20:59.365] [INFO] app - f5c58ab2-9ea9-41fe-8014-46e6107987b9 - INFO - List node - Success retrieving  data - ahmed.shalaby@cyshield.com
[2022-04-03T12:20:59.387] [INFO] app - d780a3c2-493a-4b9e-ac3e-f2b96e2958ef - INFO - list mqtt_user - Success retrieving  data - ahmed.shalaby@cyshield.com
[2022-04-03T12:21:32.220] [INFO] app - 76bf07af-b64e-459c-b0b9-29c9418fcf95 - INFO - list mqtt_user - Success retrieving  data - ahmed.shalaby@cyshield.com
[2022-04-03T12:21:32.311] [INFO] app - 53e3bbd1-93ba-482e-8310-4783d0a028fd - INFO - List node - Success retrieving  data - ahmed.shalaby@cyshield.com
[2022-04-03T12:22:00.897] [INFO] app - f015174b-bb0d-462a-b59f-5214034c7f2c - INFO - update node - Success updating new data - ahmed.shalaby@cyshield.com
[2022-04-03T12:22:00.988] [INFO] app - bafd52b2-8f72-42b4-86ed-d5f95a2c8d06 - INFO - List node - Success retrieving  data - ahmed.shalaby@cyshield.com
[2022-04-03T12:22:15.767] [INFO] app - d271805a-8587-4a94-91a2-dfb24b143f63 - INFO - update node - Success updating new data - ahmed.shalaby@cyshield.com
[2022-04-03T12:22:15.853] [INFO] app - 4d2c08f0-ae7e-4d19-9caa-ab50df2a3f69 - INFO - List node - Success retrieving  data - ahmed.shalaby@cyshield.com
[2022-04-03T12:22:27.795] [ERROR] app - 7271ab25-5026-4474-ab19-b5246cac83a5 - ERROR - Update node - invalid input syntax for type integer: "" - ahmed.shalaby@cyshield.com
[2022-04-03T12:22:27.874] [INFO] app - 61e08bf9-e9f0-4883-bd2a-3e91f26e3770 - INFO - List node - Success retrieving  data - ahmed.shalaby@cyshield.com
[2022-04-03T12:23:27.895] [INFO] app - 457c0cb5-d2ea-4615-b7bc-db8f46dec42a - INFO - list mqtt_user - Success retrieving  data - ahmed.shalaby@cyshield.com
[2022-04-03T12:23:27.953] [INFO] app - c2758e31-1e69-4f06-92bc-2e1b834203a9 - INFO - List node - Success retrieving  data - ahmed.shalaby@cyshield.com
[2022-04-03T12:23:59.783] [INFO] app - 4fda0f2c-b415-49f1-a03e-35b520d26def - INFO - List node - Success retrieving  data - ahmed.shalaby@cyshield.com
[2022-04-03T12:23:59.842] [INFO] app - b74afb13-656b-4bef-beb7-78a5fb061d80 - INFO - list mqtt_user - Success retrieving  data - ahmed.shalaby@cyshield.com
[2022-04-03T12:24:30.237] [INFO] app - ce113e54-beba-4c6b-83a8-82d96cc94aaa - INFO - list mqtt_user - Success retrieving  data - ahmed.shalaby@cyshield.com
[2022-04-03T12:24:30.299] [INFO] app - e865192e-320b-4faf-a36f-2e452f5ddf82 - INFO - List node - Success retrieving  data - ahmed.shalaby@cyshield.com
[2022-04-03T12:25:17.123] [INFO] app - f4c7128a-8ab5-4f4c-b0c4-7c3e095d75e1 - INFO - list mqtt_user - Success retrieving  data - ahmed.shalaby@cyshield.com
[2022-04-03T12:25:17.263] [INFO] app - d8689f9d-8d8a-4b05-beab-bd7a0771dd92 - INFO - List node - Success retrieving  data - ahmed.shalaby@cyshield.com
[2022-04-03T12:25:19.727] [INFO] app - 0f6fb073-5b9a-4306-8ade-ba2dca15d4e4 - INFO - list mqtt_user - Success retrieving  data - ahmed.shalaby@cyshield.com
[2022-04-03T12:25:19.757] [INFO] app - b76af248-e80f-4ab9-927a-55fc829e617b - INFO - List node - Success retrieving  data - ahmed.shalaby@cyshield.com
[2022-04-03T12:25:44.276] [INFO] app - d9cf77f9-9076-4fe4-ac58-8574520955a8 - INFO - list mqtt_user - Success retrieving  data - ahmed.shalaby@cyshield.com
[2022-04-03T12:25:44.346] [INFO] app - 763028f2-080d-486c-82ea-d2ca8e63b5b5 - INFO - List node - Success retrieving  data - ahmed.shalaby@cyshield.com
[2022-04-03T12:26:46.483] [INFO] app - ddd1a8cc-ad27-4ef6-8318-e591d2ee3595 - INFO - list mqtt_user - Success retrieving  data - ahmed.shalaby@cyshield.com
[2022-04-03T12:26:46.579] [INFO] app - 5800907c-5847-4af3-9a27-041489bf0b78 - INFO - List node - Success retrieving  data - ahmed.shalaby@cyshield.com
[2022-04-03T12:26:47.517] [INFO] app - 717aaad1-53da-49ba-be5e-18356514b4f8 - INFO - List node - Success retrieving  data - ahmed.shalaby@cyshield.com
[2022-04-03T12:26:47.569] [INFO] app - 244550a3-d24a-41a7-8319-1fe1f92e074f - INFO - list mqtt_user - Success retrieving  data - ahmed.shalaby@cyshield.com
[2022-04-03T12:27:54.157] [INFO] app - 9558f06e-d394-4b43-9ce1-b2a28f531b98 - INFO - list mqtt_user - Success retrieving  data - ahmed.shalaby@cyshield.com
[2022-04-03T12:27:54.222] [INFO] app - 4f325ffd-00aa-4cd6-9789-92a8c3a4a248 - INFO - List node - Success retrieving  data - ahmed.shalaby@cyshield.com
[2022-04-03T12:29:16.434] [INFO] app - 7d065961-cc73-4604-bb27-0011c62e719b - INFO - List node - Success retrieving  data - ahmed.shalaby@cyshield.com
[2022-04-03T12:29:16.602] [INFO] app - a5c44106-83c9-4c86-8cb3-58a9faa8a709 - INFO - list mqtt_user - Success retrieving  data - ahmed.shalaby@cyshield.com
[2022-04-03T12:29:39.422] [INFO] app - 7ea4a910-adcf-4e8e-a287-3978989a1a46 - INFO - list mqtt_user - Success retrieving  data - ahmed.shalaby@cyshield.com
[2022-04-03T12:29:39.517] [INFO] app - 4ae33a52-a8d8-4859-b150-5478a3b112f3 - INFO - List node - Success retrieving  data - ahmed.shalaby@cyshield.com
[2022-04-03T12:29:46.656] [INFO] app - ef874a73-7201-4f2d-93a5-4f4b8a67b66b - INFO - List node - Success retrieving  data - ahmed.shalaby@cyshield.com
[2022-04-03T12:29:46.728] [INFO] app - 13d00573-b7f7-4ab6-9b69-a007d4373fd9 - INFO - list mqtt_user - Success retrieving  data - ahmed.shalaby@cyshield.com
[2022-04-03T12:29:54.134] [INFO] app - a52dc843-f283-47b5-8125-de5de2c6a4fa - INFO - list mqtt_user - Success retrieving  data - ahmed.shalaby@cyshield.com
[2022-04-03T12:29:54.169] [INFO] app - 099129ef-d66a-43e1-be26-65d844601073 - INFO - List node - Success retrieving  data - ahmed.shalaby@cyshield.com
[2022-04-03T12:30:17.758] [INFO] app - 671d9027-588c-419c-a2e8-5f6789a0c2a2 - INFO - list mqtt_user - Success retrieving  data - ahmed.shalaby@cyshield.com
[2022-04-03T12:30:17.829] [INFO] app - 4318a4a4-aabf-4f75-9992-1b5235f7baa1 - INFO - List node - Success retrieving  data - ahmed.shalaby@cyshield.com
[2022-04-03T12:30:21.128] [INFO] app - 1ddacbf2-2d20-42af-83f9-52fd67dea017 - INFO - List node - Success retrieving  data - ahmed.shalaby@cyshield.com
[2022-04-03T12:30:21.173] [INFO] app - 31bb59d4-272a-4c24-80f2-2dfd39343cd9 - INFO - list mqtt_user - Success retrieving  data - ahmed.shalaby@cyshield.com
[2022-04-03T12:30:41.194] [INFO] app - 14f86a74-db3b-4968-83a8-5993e539e146 - INFO - List node - Success retrieving  data - ahmed.shalaby@cyshield.com
[2022-04-03T12:30:41.203] [INFO] app - 50ae2638-c0cd-4c13-811d-0b8fa923428c - INFO - list mqtt_user - Success retrieving  data - ahmed.shalaby@cyshield.com
[2022-04-03T12:30:44.587] [INFO] app - 77a1094a-dbdc-40ab-a3db-c7690359fc23 - INFO - list mqtt_user - Success retrieving  data - ahmed.shalaby@cyshield.com
[2022-04-03T12:30:44.633] [INFO] app - aeb714de-214b-4327-9aac-842bbe077c67 - INFO - List node - Success retrieving  data - ahmed.shalaby@cyshield.com
[2022-04-03T12:31:06.740] [INFO] app - da5e8580-ff32-4081-9e8c-ca5abd9ad98b - INFO - list mqtt_user - Success retrieving  data - ahmed.shalaby@cyshield.com
[2022-04-03T12:31:06.905] [INFO] app - 40a92dc2-4684-4e8c-8539-e03f0e963f3a - INFO - List node - Success retrieving  data - ahmed.shalaby@cyshield.com
[2022-04-03T12:31:09.307] [INFO] app - 20f0123e-f237-40cf-84e8-2be7754d30cf - INFO - list mqtt_user - Success retrieving  data - ahmed.shalaby@cyshield.com
[2022-04-03T12:31:09.456] [INFO] app - 092e8545-f2a1-41b9-af7e-caadf1143372 - INFO - List node - Success retrieving  data - ahmed.shalaby@cyshield.com
[2022-04-03T12:31:21.573] [INFO] app - ec908ed0-c7f9-4c37-96e7-377b0020cffb - INFO - list mqtt_user - Success retrieving  data - ahmed.shalaby@cyshield.com
[2022-04-03T12:31:21.652] [INFO] app - a5f50345-ce9c-47c6-87d6-598d14289624 - INFO - List node - Success retrieving  data - ahmed.shalaby@cyshield.com
[2022-04-03T12:31:22.960] [INFO] app - 9bbaf589-e175-4425-875c-2925fb7fc016 - INFO - list mqtt_user - Success retrieving  data - ahmed.shalaby@cyshield.com
[2022-04-03T12:31:23.252] [INFO] app - 909a6643-f2d5-4c43-9228-015c7bdbb747 - INFO - List node - Success retrieving  data - ahmed.shalaby@cyshield.com
[2022-04-03T12:31:32.126] [INFO] app - b0c2fb9e-aaa7-4e6a-931a-8099adacfa42 - INFO - list mqtt_user - Success retrieving  data - ahmed.shalaby@cyshield.com
[2022-04-03T12:31:32.145] [INFO] app - 6d768d2c-e165-4f81-bdb5-51674e95f717 - INFO - List node - Success retrieving  data - ahmed.shalaby@cyshield.com
[2022-04-03T12:31:45.408] [INFO] app - e5fb54da-d070-49ee-9f48-8b20a0743107 - INFO - list mqtt_user - Success retrieving  data - ahmed.shalaby@cyshield.com
[2022-04-03T12:31:45.439] [INFO] app - 1806169b-44d4-40b8-ae2d-ed1fa6b9246c - INFO - List node - Success retrieving  data - ahmed.shalaby@cyshield.com
[2022-04-03T12:32:08.532] [INFO] app - 3ac399b9-744b-4935-9ecd-4c6c62260375 - INFO - List node - Success retrieving  data - ahmed.shalaby@cyshield.com
[2022-04-03T12:32:09.127] [INFO] app - eebb452f-28b1-43b6-8826-95756649839a - INFO - List node - Success retrieving  data - ahmed.shalaby@cyshield.com
[2022-04-03T12:32:09.235] [INFO] app - 9b77e822-4af8-4364-b1d2-0c2bc51ccf45 - INFO - list mqtt_user - Success retrieving  data - ahmed.shalaby@cyshield.com
[2022-04-03T12:32:53.925] [INFO] app - 8a764f7d-f94d-4a55-9f69-a203ad41d585 - INFO - list mqtt_user - Success retrieving  data - ahmed.shalaby@cyshield.com
[2022-04-03T12:32:53.998] [INFO] app - a3f2c193-864f-47a4-a3da-7d837e223a26 - INFO - List node - Success retrieving  data - ahmed.shalaby@cyshield.com
[2022-04-03T12:33:22.684] [INFO] app - d0d074e2-5afb-440b-9d71-efbcef04149d - INFO - list mqtt_user - Success retrieving  data - ahmed.shalaby@cyshield.com
[2022-04-03T12:33:22.945] [INFO] app - 02d06801-5c55-45c0-8849-60ea32c86b32 - INFO - List node - Success retrieving  data - ahmed.shalaby@cyshield.com
[2022-04-03T12:33:58.010] [INFO] app - 53cf4732-7dbb-43c0-b29c-1168b85ef4e7 - INFO - List node - Success retrieving  data - ahmed.shalaby@cyshield.com
[2022-04-03T12:33:58.058] [INFO] app - eff8d822-c6ba-4d92-98ba-1a3ffd525026 - INFO - list mqtt_user - Success retrieving  data - ahmed.shalaby@cyshield.com
[2022-04-03T12:34:37.078] [INFO] app - 1a0f1639-2137-4d15-9830-853345248048 - INFO - list mqtt_user - Success retrieving  data - ahmed.shalaby@cyshield.com
[2022-04-03T12:34:37.166] [INFO] app - 746fe7b3-c7a8-4f20-b43c-e0ff09a3b6e3 - INFO - List node - Success retrieving  data - ahmed.shalaby@cyshield.com
[2022-04-03T12:34:46.516] [INFO] app - daf1ca1f-16ed-4388-8591-c74b6ba307ab - INFO - List node - Success retrieving  data - ahmed.shalaby@cyshield.com
[2022-04-03T12:34:46.535] [INFO] app - f5266943-a550-498f-8d10-d82cac781650 - INFO - list mqtt_user - Success retrieving  data - ahmed.shalaby@cyshield.com
[2022-04-03T12:35:04.326] [INFO] app - 883d8a40-ce00-46b4-81ea-49defb835355 - INFO - list mqtt_user - Success retrieving  data - ahmed.shalaby@cyshield.com
[2022-04-03T12:35:04.442] [INFO] app - e62da84b-8ee4-477d-8f7d-dc9550972151 - INFO - List node - Success retrieving  data - ahmed.shalaby@cyshield.com
[2022-04-03T12:36:31.100] [INFO] app - 4095bffe-8825-4116-a8f1-29e5224b8001 - INFO - list mqtt_user - Success retrieving  data - ahmed.shalaby@cyshield.com
[2022-04-03T12:36:31.168] [INFO] app - 1d2c9f07-e0a9-4575-9744-ed81494aba18 - INFO - List node - Success retrieving  data - ahmed.shalaby@cyshield.com
[2022-04-03T12:37:23.210] [INFO] app - a4416de4-1a85-4637-8b06-184c45582628 - INFO - list mqtt_user - Success retrieving  data - ahmed.shalaby@cyshield.com
[2022-04-03T12:37:23.270] [INFO] app - 130efca5-c429-4637-b7d1-1270023f990d - INFO - List node - Success retrieving  data - ahmed.shalaby@cyshield.com
[2022-04-03T12:38:47.124] [INFO] app - 06cd0613-d4b2-45e7-b4ff-57ee79914a80 - INFO - list mqtt_user - Success retrieving  data - ahmed.shalaby@cyshield.com
[2022-04-03T12:38:47.388] [INFO] app - f8acea9c-5f08-4a84-9822-46137e2f210b - INFO - List node - Success retrieving  data - ahmed.shalaby@cyshield.com
[2022-04-03T12:38:54.798] [INFO] app - b1e1098e-a4cb-44fe-b84b-6a85000ff9a9 - INFO - List node - Success retrieving  data - ahmed.shalaby@cyshield.com
[2022-04-03T12:38:54.867] [INFO] app - 956ac607-4e0c-4844-86d9-b9c0d4922b76 - INFO - list mqtt_user - Success retrieving  data - ahmed.shalaby@cyshield.com
[2022-04-03T12:39:47.488] [INFO] app - 62b42563-fa31-475f-9a34-0569a00d594e - INFO - list mqtt_user - Success retrieving  data - ahmed.shalaby@cyshield.com
[2022-04-03T12:39:47.607] [INFO] app - 97307adf-1fd4-4551-8d0a-f50864bc3459 - INFO - List node - Success retrieving  data - ahmed.shalaby@cyshield.com
[2022-04-03T12:39:48.893] [INFO] app - 71636b9d-7e9a-4f33-98d4-71eb44e29c7e - INFO - List node - Success retrieving  data - ahmed.shalaby@cyshield.com
[2022-04-03T12:39:48.953] [INFO] app - 48422471-36a6-4de0-9232-5bb1acdd0fba - INFO - list mqtt_user - Success retrieving  data - ahmed.shalaby@cyshield.com
[2022-04-03T12:40:24.554] [INFO] app - 39a19db6-e9c6-4c05-8f2f-1f9693a9e2bb - INFO - list mqtt_user - Success retrieving  data - ahmed.shalaby@cyshield.com
[2022-04-03T12:40:24.645] [INFO] app - 81eb6a46-60e1-4650-a733-11300f64d850 - INFO - List node - Success retrieving  data - ahmed.shalaby@cyshield.com
[2022-04-03T12:41:59.894] [INFO] app - 4bfcf394-f34d-4189-b436-c3350d99fdde - INFO - list mqtt_user - Success retrieving  data - ahmed.shalaby@cyshield.com
[2022-04-03T12:41:59.950] [INFO] app - 832b1796-ae15-4ac0-8f53-a99f13a3ede9 - INFO - List node - Success retrieving  data - ahmed.shalaby@cyshield.com
[2022-04-03T12:45:07.025] [INFO] app - 4c2a888d-ed80-49ca-b4d0-a48a00da1d3d - INFO - list mqtt_user - Success retrieving  data - ahmed.shalaby@cyshield.com
[2022-04-03T12:45:07.555] [INFO] app - 6eaf2bb2-6e90-41fc-8558-b638d853aaf8 - INFO - List node - Success retrieving  data - ahmed.shalaby@cyshield.com
[2022-04-03T12:45:34.283] [INFO] app - d24a19fb-64d6-4374-903a-0f20056a08a3 - INFO - list mqtt_user - Success retrieving  data - ahmed.shalaby@cyshield.com
[2022-04-03T12:45:34.332] [INFO] app - fa98f5cf-0cbb-41c9-baea-4bd614d81353 - INFO - List node - Success retrieving  data - ahmed.shalaby@cyshield.com
[2022-04-03T12:45:38.639] [INFO] app - a2487d49-bdb4-4658-8956-42b072d63890 - INFO - List node - Success retrieving  data - ahmed.shalaby@cyshield.com
[2022-04-03T12:45:38.687] [INFO] app - eec18da2-e89c-4086-bfe9-1eda9ccf8e1f - INFO - list mqtt_user - Success retrieving  data - ahmed.shalaby@cyshield.com
[2022-04-03T12:47:24.606] [INFO] app - b5f43094-654e-4041-801e-c648498dd97b - INFO - list mqtt_user - Success retrieving  data - ahmed.shalaby@cyshield.com
[2022-04-03T12:47:24.668] [INFO] app - 656a7479-8595-4268-a058-2aac01685cc5 - INFO - List node - Success retrieving  data - ahmed.shalaby@cyshield.com
[2022-04-03T12:47:55.604] [INFO] app - 61b32c1d-0650-491e-8e34-9dc6e5570adf - INFO - list mqtt_user - Success retrieving  data - ahmed.shalaby@cyshield.com
[2022-04-03T12:47:55.687] [INFO] app - 753c0b4e-1b7d-4568-b12d-ced9003e7494 - INFO - List node - Success retrieving  data - ahmed.shalaby@cyshield.com
[2022-04-03T12:48:40.199] [INFO] app - 7ed1ba87-c3f7-4554-85ee-418fa33d460d - INFO - List node - Success retrieving  data - ahmed.shalaby@cyshield.com
[2022-04-03T12:48:40.294] [INFO] app - 2f3bc85e-3298-4022-86b2-610feef9ddab - INFO - list mqtt_user - Success retrieving  data - ahmed.shalaby@cyshield.com
[2022-04-03T12:48:53.070] [INFO] app - 01b7f989-df58-42fc-ac50-b2a080aef4a7 - INFO - list mqtt_user - Success retrieving  data - ahmed.shalaby@cyshield.com
[2022-04-03T12:48:53.475] [INFO] app - dccaab6e-63f4-4843-a9ca-fc8bcee962d9 - INFO - List node - Success retrieving  data - ahmed.shalaby@cyshield.com
[2022-04-03T12:49:51.787] [INFO] app - 782fa150-65e8-4657-84bc-5e9238042ae9 - INFO - list mqtt_user - Success retrieving  data - ahmed.shalaby@cyshield.com
[2022-04-03T12:49:51.818] [INFO] app - 34916325-10a5-4bac-91c3-231daa170df1 - INFO - List node - Success retrieving  data - ahmed.shalaby@cyshield.com
[2022-04-03T12:50:33.683] [INFO] app - 01c4f923-4ded-42d4-964a-b95ff0a4e768 - INFO - list mqtt_user - Success retrieving  data - ahmed.shalaby@cyshield.com
[2022-04-03T12:50:33.720] [INFO] app - 9ce45864-e91e-452c-8129-c7162f94abfe - INFO - List node - Success retrieving  data - ahmed.shalaby@cyshield.com
[2022-04-03T12:50:37.041] [INFO] app - b28a8244-1142-4b92-bd46-cab50f0f9da8 - INFO - list mqtt_user - Success retrieving  data - ahmed.shalaby@cyshield.com
[2022-04-03T12:50:37.210] [INFO] app - aa3e284c-b7ba-44c6-ba20-5c05a3e3e8d7 - INFO - List node - Success retrieving  data - ahmed.shalaby@cyshield.com
[2022-04-03T12:52:03.471] [INFO] app - c3831047-8470-45ef-b2b6-826c4d2ee987 - INFO - list mqtt_user - Success retrieving  data - ahmed.shalaby@cyshield.com
[2022-04-03T12:52:03.546] [INFO] app - d438ecf7-d25f-4637-a720-c68ef91d2ae2 - INFO - List node - Success retrieving  data - ahmed.shalaby@cyshield.com
[2022-04-03T12:52:06.021] [INFO] app - a6db7afc-9800-4a0b-b81d-add8672c8097 - INFO - list mqtt_user - Success retrieving  data - ahmed.shalaby@cyshield.com
[2022-04-03T12:52:06.032] [INFO] app - da982e19-b807-4904-9182-5cabcd4368db - INFO - List node - Success retrieving  data - ahmed.shalaby@cyshield.com
[2022-04-03T12:52:14.430] [INFO] app - 3d6b2032-b8bd-41e4-ab0b-3a333e3f0766 - INFO - update node - Success updating new data - ahmed.shalaby@cyshield.com
[2022-04-03T12:52:14.456] [INFO] app - 4d86ccec-4785-485e-98fc-ae2248dbdd9a - INFO - List node - Success retrieving  data - ahmed.shalaby@cyshield.com
[2022-04-03T12:52:58.886] [INFO] app - f8876ac0-7745-49d6-a65b-dcefed152f44 - INFO - update node - Success updating new data - ahmed.shalaby@cyshield.com
[2022-04-03T12:52:58.969] [INFO] app - 2de61e1d-17c2-42d8-a106-01aba0710b6e - INFO - List node - Success retrieving  data - ahmed.shalaby@cyshield.com
[2022-04-03T12:53:15.078] [INFO] app - 3c320a54-10f2-4066-8366-ee40838dd8ec - INFO - update node - Success updating new data - ahmed.shalaby@cyshield.com
[2022-04-03T12:53:15.125] [INFO] app - 16932634-1ad9-493f-9c5f-b016338eecf1 - INFO - List node - Success retrieving  data - ahmed.shalaby@cyshield.com
[2022-04-03T13:00:23.610] [INFO] app - 8067d3eb-2343-4cc4-8203-09ea83e378d6 - INFO - List node - Success retrieving  data - ahmed.shalaby@cyshield.com
[2022-04-03T13:23:50.204] [INFO] app - d2ca137a-3681-4041-bae8-2a003446d966 - INFO - List node - Success retrieving  data - ahmed.shalaby@cyshield.com
[2022-04-03T13:33:18.515] [INFO] app - 6bf8fd26-9130-48d9-9ff3-5a2c18b5e635 - INFO - List node - Success retrieving  data - ahmed.shalaby@cyshield.com
[2022-04-03T13:33:18.772] [INFO] app - 9f395999-7be4-4573-afbc-25c4652217d7 - INFO - List node - Success retrieving  data - ahmed.shalaby@cyshield.com
[2022-04-03T13:39:35.589] [INFO] app - 3dbc8ec6-2473-4220-aead-0a98107183dc - INFO - List node - Success retrieving  data - ahmed.shalaby@cyshield.com
[2022-04-03T13:39:59.777] [INFO] app - 08da2d4d-619e-4aff-ad59-78bec0ea9a1e - INFO - List node - Success retrieving  data - ahmed.shalaby@cyshield.com
[2022-04-03T13:48:02.222] [INFO] app - c64704d1-f7c4-44b9-9620-3fcfc1153657 - INFO - List node - Success retrieving  data - ahmed.shalaby@cyshield.com
[2022-04-03T13:48:30.702] [INFO] app - 414c1dae-9967-472d-94e0-469af9483249 - INFO - List node - Success retrieving  data - ahmed.shalaby@cyshield.com
[2022-04-03T13:48:31.896] [INFO] app - dd8e6cf2-c94a-4d0f-b026-8668924033c8 - INFO - List node - Success retrieving  data - ahmed.shalaby@cyshield.com
[2022-04-03T13:49:22.207] [INFO] app - b2f6ad75-d5a3-4ae7-8c01-e56e4b88295e - INFO - List node - Success retrieving  data - ahmed.shalaby@cyshield.com
[2022-04-03T13:51:39.945] [INFO] app - 50711124-d0fb-406d-bef0-5552ce794e00 - INFO - List node - Success retrieving  data - ahmed.shalaby@cyshield.com
[2022-04-03T14:34:14.198] [INFO] app - 7d5ba52c-0f10-4099-9115-da2ad122d6bd - INFO - list mqtt_user - Success retrieving  data - ahmed.shalaby@cyshield.com
[2022-04-03T14:34:14.225] [INFO] app - 4aa3f1b2-1790-4cca-bb87-e92ba24e489d - INFO - List node - Success retrieving  data - ahmed.shalaby@cyshield.com
[2022-04-03T14:34:21.433] [INFO] app - 93fc5d72-72ea-4b34-b1c1-f2507505aa4d - INFO - list mqtt_user - Success retrieving  data - ahmed.shalaby@cyshield.com
[2022-04-03T14:34:21.441] [INFO] app - 843048bb-7954-4657-aa44-1de916e3adac - INFO - List node - Success retrieving  data - ahmed.shalaby@cyshield.com
[2022-04-03T14:34:44.772] [INFO] app - 0057f140-dc29-4edd-b31d-6b99b56f2b4d - INFO - list mqtt_user - Success retrieving  data - ahmed.shalaby@cyshield.com
[2022-04-03T14:34:44.798] [INFO] app - 0ff4e430-5533-486d-9c08-f7e5ebe99afe - INFO - List node - Success retrieving  data - ahmed.shalaby@cyshield.com
[2022-04-03T14:34:44.816] [INFO] app - 8966d599-b6e7-46c8-9b86-fce7e312b0f5 - INFO - list mqtt_user - Success retrieving  data - ahmed.shalaby@cyshield.com
[2022-04-03T14:34:44.884] [INFO] app - a6536fbe-a4ef-421b-af4e-dbdfee1ee9da - INFO - list mqtt_user - Success retrieving  data - ahmed.shalaby@cyshield.com
[2022-04-03T14:34:44.896] [INFO] app - ffa9cd40-c7e3-45d0-9c24-5cb9ed644b47 - INFO - list mqtt_user - Success retrieving  data - ahmed.shalaby@cyshield.com
[2022-04-03T14:34:44.970] [INFO] app - 004e37cc-c7c2-41f1-8f4c-152458d11266 - INFO - list mqtt_user - Success retrieving  data - ahmed.shalaby@cyshield.com
[2022-04-03T14:34:44.983] [INFO] app - 5d3405f2-604e-4bc9-a24e-13a6c30f5c69 - INFO - list mqtt_user - Success retrieving  data - ahmed.shalaby@cyshield.com
[2022-04-03T14:34:44.993] [INFO] app - 8e605580-a9f7-496f-814b-b06006c90923 - INFO - list mqtt_user - Success retrieving  data - ahmed.shalaby@cyshield.com
[2022-04-03T14:34:45.010] [INFO] app - 9930d435-a132-4b86-b7da-d434e66e02f6 - INFO - list mqtt_user - Success retrieving  data - ahmed.shalaby@cyshield.com
[2022-04-03T14:34:45.024] [INFO] app - 4790011b-5ed1-4167-8c47-5bb7225778ba - INFO - list mqtt_user - Success retrieving  data - ahmed.shalaby@cyshield.com
[2022-04-03T14:34:45.039] [INFO] app - b04bc353-5b4f-4a2b-8cbb-3c55160e49dc - INFO - list mqtt_user - Success retrieving  data - ahmed.shalaby@cyshield.com
[2022-04-03T14:34:45.089] [INFO] app - 9c56ed08-e20a-41ba-bfd6-cf242ca0a08e - INFO - list mqtt_user - Success retrieving  data - ahmed.shalaby@cyshield.com
[2022-04-03T14:34:45.105] [INFO] app - b9007b9c-f4dd-4a1d-bb7f-d16bcb717b3c - INFO - list mqtt_user - Success retrieving  data - ahmed.shalaby@cyshield.com
[2022-04-03T14:34:45.125] [INFO] app - b95a82cb-18c9-46b3-819b-a0e4d3eedc0d - INFO - list mqtt_user - Success retrieving  data - ahmed.shalaby@cyshield.com
[2022-04-03T14:34:45.147] [INFO] app - fed2a2bc-1b67-4b83-8319-00b17726527e - INFO - list mqtt_user - Success retrieving  data - ahmed.shalaby@cyshield.com
[2022-04-03T14:34:45.176] [INFO] app - c1756255-6bcd-48f6-851e-38adf0ee5db2 - INFO - list mqtt_user - Success retrieving  data - ahmed.shalaby@cyshield.com
[2022-04-03T14:34:45.184] [INFO] app - 60229f03-d059-452a-a255-4b7106fead4e - INFO - list mqtt_user - Success retrieving  data - ahmed.shalaby@cyshield.com
[2022-04-03T14:34:45.205] [INFO] app - 1a10d5a4-c1e4-498f-9cbe-8209b335538a - INFO - list mqtt_user - Success retrieving  data - ahmed.shalaby@cyshield.com
[2022-04-03T14:34:45.227] [INFO] app - 7729246e-5634-4468-9bd3-a3fdfd029400 - INFO - list mqtt_user - Success retrieving  data - ahmed.shalaby@cyshield.com
[2022-04-03T14:34:45.234] [INFO] app - 7b54d95e-862a-4bae-8449-c08ad5f02658 - INFO - list mqtt_user - Success retrieving  data - ahmed.shalaby@cyshield.com
[2022-04-03T14:34:45.243] [INFO] app - 337ba286-2e19-49d6-9253-2164fda0cff2 - INFO - list mqtt_user - Success retrieving  data - ahmed.shalaby@cyshield.com
[2022-04-03T14:34:45.266] [INFO] app - 994a7eb1-3755-443d-abba-9deb1339d683 - INFO - list mqtt_user - Success retrieving  data - ahmed.shalaby@cyshield.com
[2022-04-03T14:34:45.284] [INFO] app - 513f49ca-5f3f-40a4-bf0d-a02db4593c9a - INFO - list mqtt_user - Success retrieving  data - ahmed.shalaby@cyshield.com
[2022-04-03T14:34:45.305] [INFO] app - b13866ba-9070-488c-9dff-8229bb95dc77 - INFO - list mqtt_user - Success retrieving  data - ahmed.shalaby@cyshield.com
[2022-04-03T14:34:45.336] [INFO] app - f6d6ccea-7417-42ff-8e0b-f27151c20f91 - INFO - list mqtt_user - Success retrieving  data - ahmed.shalaby@cyshield.com
[2022-04-03T14:34:45.368] [INFO] app - cbd38723-c5dd-47db-b0f2-be69ff947aac - INFO - list mqtt_user - Success retrieving  data - ahmed.shalaby@cyshield.com
[2022-04-03T14:34:45.391] [INFO] app - 0101f737-c316-474f-a5f9-abdba8644b7c - INFO - list mqtt_user - Success retrieving  data - ahmed.shalaby@cyshield.com
[2022-04-03T14:34:45.431] [INFO] app - ba0a5be3-69f2-42e7-8fc7-db8606b25502 - INFO - list mqtt_user - Success retrieving  data - ahmed.shalaby@cyshield.com
[2022-04-03T14:34:45.445] [INFO] app - 5a85c42f-ea3a-4b9d-ac0e-d0389f3d0fba - INFO - list mqtt_user - Success retrieving  data - ahmed.shalaby@cyshield.com
[2022-04-03T14:34:45.450] [INFO] app - b655ed5b-6d82-4421-aa0c-276b07e3524d - INFO - list mqtt_user - Success retrieving  data - ahmed.shalaby@cyshield.com
[2022-04-03T14:34:45.478] [INFO] app - e0d2c796-fb2a-4ad1-b632-cf228061d11b - INFO - list mqtt_user - Success retrieving  data - ahmed.shalaby@cyshield.com
[2022-04-03T14:34:45.504] [INFO] app - 0cca25f4-525d-477d-927a-f416ba51d5d0 - INFO - list mqtt_user - Success retrieving  data - ahmed.shalaby@cyshield.com
[2022-04-03T14:34:45.518] [INFO] app - e8053afa-7d73-4847-9980-ee3284e9d3a3 - INFO - list mqtt_user - Success retrieving  data - ahmed.shalaby@cyshield.com
[2022-04-03T14:34:45.528] [INFO] app - 7c86c602-6ff5-4830-ad50-9d0ddb54e3db - INFO - list mqtt_user - Success retrieving  data - ahmed.shalaby@cyshield.com
[2022-04-03T14:34:45.628] [INFO] app - a9ee4b4e-bf44-49b2-bbf0-e3c747ebe1ab - INFO - list mqtt_user - Success retrieving  data - ahmed.shalaby@cyshield.com
[2022-04-03T14:34:45.643] [INFO] app - 5492876e-e3dc-43db-abf3-1b40f322d4f7 - INFO - list mqtt_user - Success retrieving  data - ahmed.shalaby@cyshield.com
[2022-04-03T14:34:45.666] [INFO] app - 97b8e508-81a1-44d4-b79a-315266805684 - INFO - list mqtt_user - Success retrieving  data - ahmed.shalaby@cyshield.com
[2022-04-03T14:34:45.785] [INFO] app - ef1bbc2a-a9e2-49ce-b343-9bf2a6611a0f - INFO - list mqtt_user - Success retrieving  data - ahmed.shalaby@cyshield.com
[2022-04-03T14:34:45.792] [INFO] app - 435c542e-5f98-4bda-910a-c0d9e07ab450 - INFO - list mqtt_user - Success retrieving  data - ahmed.shalaby@cyshield.com
[2022-04-03T14:34:45.802] [INFO] app - d11a4796-2563-4ab6-ae5a-cc84fb75752e - INFO - list mqtt_user - Success retrieving  data - ahmed.shalaby@cyshield.com
[2022-04-03T14:34:45.916] [INFO] app - 10896200-12a6-4839-be74-553039472d6d - INFO - list mqtt_user - Success retrieving  data - ahmed.shalaby@cyshield.com
[2022-04-03T14:34:45.932] [INFO] app - 26d56aee-f361-49f8-a478-2c0761933bf8 - INFO - list mqtt_user - Success retrieving  data - ahmed.shalaby@cyshield.com
[2022-04-03T14:34:45.943] [INFO] app - b4d7ce4e-e038-48cf-a94d-f195505ae0ee - INFO - list mqtt_user - Success retrieving  data - ahmed.shalaby@cyshield.com
[2022-04-03T14:34:45.977] [INFO] app - 5ca14540-56ee-4ef6-920d-2301ffa7f05b - INFO - list mqtt_user - Success retrieving  data - ahmed.shalaby@cyshield.com
[2022-04-03T14:34:45.985] [INFO] app - 02b59fd2-65d9-4a84-add8-db23553c9826 - INFO - list mqtt_user - Success retrieving  data - ahmed.shalaby@cyshield.com
[2022-04-03T14:34:45.991] [INFO] app - e33766a2-2182-4cdf-8c0f-4719fc8492ac - INFO - list mqtt_user - Success retrieving  data - ahmed.shalaby@cyshield.com
[2022-04-03T14:34:46.003] [INFO] app - 85600d86-df97-4662-91a3-eb9e6410ac9b - INFO - list mqtt_user - Success retrieving  data - ahmed.shalaby@cyshield.com
[2022-04-03T14:34:46.012] [INFO] app - c8960d58-f22f-4712-91dc-84e23b4e7a5a - INFO - list mqtt_user - Success retrieving  data - ahmed.shalaby@cyshield.com
[2022-04-03T14:34:46.016] [INFO] app - 45e4ebae-96d5-4d40-87fc-0bf686a355b0 - INFO - list mqtt_user - Success retrieving  data - ahmed.shalaby@cyshield.com
[2022-04-03T14:34:46.022] [INFO] app - 34ccc73f-bb49-4f15-9bfd-c06e380bf579 - INFO - list mqtt_user - Success retrieving  data - ahmed.shalaby@cyshield.com
[2022-04-03T14:34:46.069] [INFO] app - cf73122c-1ccb-4915-b564-7be0b54b71fd - INFO - list mqtt_user - Success retrieving  data - ahmed.shalaby@cyshield.com
[2022-04-03T14:34:46.074] [INFO] app - addba705-5e2a-4b7c-a7d7-147361ad904e - INFO - list mqtt_user - Success retrieving  data - ahmed.shalaby@cyshield.com
[2022-04-03T14:34:46.082] [INFO] app - 107b548c-9c91-4bed-9f61-30197b19d6de - INFO - list mqtt_user - Success retrieving  data - ahmed.shalaby@cyshield.com
[2022-04-03T14:34:46.095] [INFO] app - dd756ad9-f746-4589-a798-e51e0df1f961 - INFO - list mqtt_user - Success retrieving  data - ahmed.shalaby@cyshield.com
[2022-04-03T14:34:46.105] [INFO] app - 577b1146-29d6-4ece-8102-bca2168b2cec - INFO - list mqtt_user - Success retrieving  data - ahmed.shalaby@cyshield.com
[2022-04-03T14:34:46.115] [INFO] app - 5120da17-3c7e-45f4-924a-75b7d69d94c4 - INFO - list mqtt_user - Success retrieving  data - ahmed.shalaby@cyshield.com
[2022-04-03T14:34:46.295] [INFO] app - d7df3ca2-2acf-41fb-89a3-7a4483ce728d - INFO - list mqtt_user - Success retrieving  data - ahmed.shalaby@cyshield.com
[2022-04-03T14:34:46.304] [INFO] app - 65070798-279c-4f9c-8fab-fafdf7520d14 - INFO - list mqtt_user - Success retrieving  data - ahmed.shalaby@cyshield.com
[2022-04-03T14:34:46.314] [INFO] app - a68ca25e-6e1e-4a12-99ae-70b53fbee838 - INFO - list mqtt_user - Success retrieving  data - ahmed.shalaby@cyshield.com
[2022-04-03T14:34:46.322] [INFO] app - e4f95ab4-24d3-4f06-8df6-0f89308671d5 - INFO - list mqtt_user - Success retrieving  data - ahmed.shalaby@cyshield.com
[2022-04-03T14:34:46.365] [INFO] app - 32b6a393-f59b-408c-8df6-19866f9c28c1 - INFO - list mqtt_user - Success retrieving  data - ahmed.shalaby@cyshield.com
[2022-04-03T14:34:46.374] [INFO] app - f9802854-9063-4500-8810-256839b8be13 - INFO - list mqtt_user - Success retrieving  data - ahmed.shalaby@cyshield.com
[2022-04-03T14:34:46.417] [INFO] app - db776939-d7be-4aa7-a95c-6edbd6199d55 - INFO - list mqtt_user - Success retrieving  data - ahmed.shalaby@cyshield.com
[2022-04-03T14:34:46.459] [INFO] app - ae84d202-0241-45df-9084-76ffa8920289 - INFO - list mqtt_user - Success retrieving  data - ahmed.shalaby@cyshield.com
[2022-04-03T14:34:46.465] [INFO] app - c59243dd-8c58-4e0a-9fb4-aee67d343cbc - INFO - list mqtt_user - Success retrieving  data - ahmed.shalaby@cyshield.com
[2022-04-03T14:34:46.469] [INFO] app - d0f8ede4-c118-4896-a97e-1edafe7e06f9 - INFO - list mqtt_user - Success retrieving  data - ahmed.shalaby@cyshield.com
[2022-04-03T14:34:46.507] [INFO] app - a0e8c664-7093-4ef3-b6f4-b860afcd57f9 - INFO - list mqtt_user - Success retrieving  data - ahmed.shalaby@cyshield.com
[2022-04-03T14:34:46.526] [INFO] app - 1cb1842a-388f-4496-a8db-6df291c26706 - INFO - list mqtt_user - Success retrieving  data - ahmed.shalaby@cyshield.com
[2022-04-03T14:34:46.622] [INFO] app - 7db51149-b402-4e6d-b54a-1a4708847e73 - INFO - list mqtt_user - Success retrieving  data - ahmed.shalaby@cyshield.com
[2022-04-03T14:34:46.789] [INFO] app - 5eb9bf00-6272-4188-ab72-e2dd5cb2cbc2 - INFO - list mqtt_user - Success retrieving  data - ahmed.shalaby@cyshield.com
[2022-04-03T14:34:46.797] [INFO] app - 25bd1330-2b8e-4f86-94a5-f619c51d8f2b - INFO - list mqtt_user - Success retrieving  data - ahmed.shalaby@cyshield.com
[2022-04-03T14:34:46.806] [INFO] app - d7595261-3bb9-4d62-afae-a4eae5ec61e0 - INFO - list mqtt_user - Success retrieving  data - ahmed.shalaby@cyshield.com
[2022-04-03T14:34:46.831] [INFO] app - 42c15087-1be6-40b6-b52f-2cd35e3c5abc - INFO - list mqtt_user - Success retrieving  data - ahmed.shalaby@cyshield.com
[2022-04-03T14:34:46.842] [INFO] app - e69b4654-594b-49ef-be33-1a2cee654599 - INFO - list mqtt_user - Success retrieving  data - ahmed.shalaby@cyshield.com
[2022-04-03T14:34:46.891] [INFO] app - 64a4d08c-e9a2-499e-9099-c27bc879818f - INFO - list mqtt_user - Success retrieving  data - ahmed.shalaby@cyshield.com
[2022-04-03T14:34:46.899] [INFO] app - 5dd72bb8-67aa-4d17-a361-511f96584643 - INFO - list mqtt_user - Success retrieving  data - ahmed.shalaby@cyshield.com
[2022-04-03T14:34:46.913] [INFO] app - c5a97662-6d8f-40f9-9c54-b41154c2b935 - INFO - list mqtt_user - Success retrieving  data - ahmed.shalaby@cyshield.com
[2022-04-03T14:34:46.922] [INFO] app - aa5b20af-055c-40d3-8bac-1974980b989c - INFO - list mqtt_user - Success retrieving  data - ahmed.shalaby@cyshield.com
[2022-04-03T14:34:46.966] [INFO] app - 21d1e793-2354-408f-8aba-5a64a8f702ee - INFO - list mqtt_user - Success retrieving  data - ahmed.shalaby@cyshield.com
[2022-04-03T14:34:47.001] [INFO] app - 2a75e1b8-7b85-4e0d-ba14-3351eef9174f - INFO - list mqtt_user - Success retrieving  data - ahmed.shalaby@cyshield.com
[2022-04-03T14:34:47.138] [INFO] app - 32ece696-7e7f-4621-a215-505db261afb1 - INFO - list mqtt_user - Success retrieving  data - ahmed.shalaby@cyshield.com
[2022-04-03T14:34:47.162] [INFO] app - b6e11cc6-bc60-4476-be95-55b30939e8b7 - INFO - list mqtt_user - Success retrieving  data - ahmed.shalaby@cyshield.com
[2022-04-03T14:34:47.169] [INFO] app - 02f5b7c5-73d8-4d0c-b0c8-837f24791826 - INFO - list mqtt_user - Success retrieving  data - ahmed.shalaby@cyshield.com
[2022-04-03T14:34:47.180] [INFO] app - 8a50550a-3bff-4a3e-9155-523058d9f99d - INFO - list mqtt_user - Success retrieving  data - ahmed.shalaby@cyshield.com
[2022-04-03T14:34:47.193] [INFO] app - f1b00114-8307-4cfb-bb08-3c560e924e74 - INFO - list mqtt_user - Success retrieving  data - ahmed.shalaby@cyshield.com
[2022-04-03T14:34:47.260] [INFO] app - fe4453e1-9623-4640-8ad7-f594ab346140 - INFO - list mqtt_user - Success retrieving  data - ahmed.shalaby@cyshield.com
[2022-04-03T14:34:47.404] [INFO] app - bf513a6f-bc82-4943-b76c-4346f0de9b21 - INFO - list mqtt_user - Success retrieving  data - ahmed.shalaby@cyshield.com
[2022-04-03T14:34:47.428] [INFO] app - 6791f09f-860a-40eb-871d-31f7cfb30bd5 - INFO - list mqtt_user - Success retrieving  data - ahmed.shalaby@cyshield.com
[2022-04-03T14:34:47.436] [INFO] app - 96f60a9d-dd53-430f-a17b-4be5a06787dd - INFO - list mqtt_user - Success retrieving  data - ahmed.shalaby@cyshield.com
[2022-04-03T14:34:47.444] [INFO] app - b9e1898a-97d4-4b4e-94f0-dd8c5147e603 - INFO - list mqtt_user - Success retrieving  data - ahmed.shalaby@cyshield.com
[2022-04-03T14:34:47.451] [INFO] app - b59c8fba-b54a-49fc-b321-68a278509f3c - INFO - list mqtt_user - Success retrieving  data - ahmed.shalaby@cyshield.com
[2022-04-03T14:34:47.470] [INFO] app - 330806cc-075c-4eb6-bb4b-bd4efbf800f1 - INFO - list mqtt_user - Success retrieving  data - ahmed.shalaby@cyshield.com
[2022-04-03T14:34:47.516] [INFO] app - 37ca4d93-df4d-4c75-9fb5-07f9a4722ee4 - INFO - list mqtt_user - Success retrieving  data - ahmed.shalaby@cyshield.com
[2022-04-03T14:34:47.528] [INFO] app - 49c4fe81-bdea-4ef8-bc5e-9e71b03075ec - INFO - list mqtt_user - Success retrieving  data - ahmed.shalaby@cyshield.com
[2022-04-03T14:34:47.540] [INFO] app - 3825a4cf-129e-4e90-b578-ecc9c8ac0fea - INFO - list mqtt_user - Success retrieving  data - ahmed.shalaby@cyshield.com
[2022-04-03T14:34:47.554] [INFO] app - 23560aa9-23fb-4b65-8d04-36522f14e44b - INFO - list mqtt_user - Success retrieving  data - ahmed.shalaby@cyshield.com
[2022-04-03T14:34:47.572] [INFO] app - 07c4e896-f10a-4c3b-8e83-90587cc0ebaa - INFO - list mqtt_user - Success retrieving  data - ahmed.shalaby@cyshield.com
[2022-04-03T14:34:47.583] [INFO] app - 89fc77f1-e732-41ee-a613-451f7561c039 - INFO - list mqtt_user - Success retrieving  data - ahmed.shalaby@cyshield.com
[2022-04-03T14:34:47.678] [INFO] app - f9f98e7e-61bd-40ef-9731-b2ad80f870aa - INFO - list mqtt_user - Success retrieving  data - ahmed.shalaby@cyshield.com
[2022-04-03T14:34:47.688] [INFO] app - 89897f2a-f5eb-4a09-a906-f2bcb1f86804 - INFO - list mqtt_user - Success retrieving  data - ahmed.shalaby@cyshield.com
[2022-04-03T14:34:47.701] [INFO] app - 39b22ae1-82e1-4258-908c-129e430abe70 - INFO - list mqtt_user - Success retrieving  data - ahmed.shalaby@cyshield.com
[2022-04-03T14:34:47.708] [INFO] app - f9435bfc-00a2-4c8a-aca6-9c1cbd806591 - INFO - list mqtt_user - Success retrieving  data - ahmed.shalaby@cyshield.com
[2022-04-03T14:34:47.718] [INFO] app - cdcae5a6-0c33-4872-a01b-237d728f7daa - INFO - list mqtt_user - Success retrieving  data - ahmed.shalaby@cyshield.com
[2022-04-03T14:34:47.726] [INFO] app - db5c8265-4e07-425d-b827-d0ca0fc54d25 - INFO - list mqtt_user - Success retrieving  data - ahmed.shalaby@cyshield.com
[2022-04-03T14:34:47.793] [INFO] app - 67f406e0-1904-419a-a3e5-c853e678ed06 - INFO - list mqtt_user - Success retrieving  data - ahmed.shalaby@cyshield.com
[2022-04-03T14:34:47.809] [INFO] app - b1ad71d2-966b-4e81-add9-af83e8ae9548 - INFO - list mqtt_user - Success retrieving  data - ahmed.shalaby@cyshield.com
[2022-04-03T14:34:47.828] [INFO] app - a7805fc9-f198-4573-90e2-fa36c23a4c5a - INFO - list mqtt_user - Success retrieving  data - ahmed.shalaby@cyshield.com
[2022-04-03T14:34:47.832] [INFO] app - d6895c4d-9124-4513-bf1a-996582dc0b7d - INFO - list mqtt_user - Success retrieving  data - ahmed.shalaby@cyshield.com
[2022-04-03T14:34:47.837] [INFO] app - 4f51b4f6-7b69-4f4c-8789-47020cf581a8 - INFO - list mqtt_user - Success retrieving  data - ahmed.shalaby@cyshield.com
[2022-04-03T14:34:47.845] [INFO] app - 86c3246b-b27d-478a-9a4f-b308733773dd - INFO - list mqtt_user - Success retrieving  data - ahmed.shalaby@cyshield.com
[2022-04-03T14:34:47.893] [INFO] app - 663e7803-cae3-4843-b13d-7e5d04af3c50 - INFO - list mqtt_user - Success retrieving  data - ahmed.shalaby@cyshield.com
[2022-04-03T14:34:47.897] [INFO] app - e2d37918-e8d8-40e5-91a8-423b0d7f1405 - INFO - list mqtt_user - Success retrieving  data - ahmed.shalaby@cyshield.com
[2022-04-03T14:34:47.902] [INFO] app - e12cfe38-0b01-4ffe-b0cb-39ebb6a250a9 - INFO - list mqtt_user - Success retrieving  data - ahmed.shalaby@cyshield.com
[2022-04-03T14:34:47.907] [INFO] app - 374df69f-8293-49a9-a434-0c0698b9f379 - INFO - list mqtt_user - Success retrieving  data - ahmed.shalaby@cyshield.com
[2022-04-03T14:34:47.912] [INFO] app - 65458f17-e1a0-41cf-9d4a-0775125f8c3e - INFO - list mqtt_user - Success retrieving  data - ahmed.shalaby@cyshield.com
[2022-04-03T14:34:47.925] [INFO] app - 1612ce93-dcdd-4d00-8d21-befebe6e0a9c - INFO - list mqtt_user - Success retrieving  data - ahmed.shalaby@cyshield.com
[2022-04-03T14:34:48.019] [INFO] app - 1ee25982-df40-479a-9993-2f0e71816419 - INFO - list mqtt_user - Success retrieving  data - ahmed.shalaby@cyshield.com
[2022-04-03T14:34:48.031] [INFO] app - 2ccd00e0-c94e-48ae-9cb3-0b30292bdb36 - INFO - list mqtt_user - Success retrieving  data - ahmed.shalaby@cyshield.com
[2022-04-03T14:34:48.036] [INFO] app - a151fb3c-ff00-42b7-bd7e-9281a77ab1d6 - INFO - list mqtt_user - Success retrieving  data - ahmed.shalaby@cyshield.com
[2022-04-03T14:34:48.045] [INFO] app - 5165d96c-53fb-42d7-9e83-55a07c6c4c1c - INFO - list mqtt_user - Success retrieving  data - ahmed.shalaby@cyshield.com
[2022-04-03T14:34:48.050] [INFO] app - 72bbb8be-2584-450a-8458-c17b5614fc2c - INFO - list mqtt_user - Success retrieving  data - ahmed.shalaby@cyshield.com
[2022-04-03T14:34:48.057] [INFO] app - d2321d1e-45ea-463e-a86d-883cde5bc978 - INFO - list mqtt_user - Success retrieving  data - ahmed.shalaby@cyshield.com
[2022-04-03T14:34:48.116] [INFO] app - 58f9a990-8a57-4842-9da6-fc481dd18af2 - INFO - list mqtt_user - Success retrieving  data - ahmed.shalaby@cyshield.com
[2022-04-03T14:34:48.123] [INFO] app - 3fc95be9-de30-4103-92ab-f967137b8e89 - INFO - list mqtt_user - Success retrieving  data - ahmed.shalaby@cyshield.com
[2022-04-03T14:34:48.128] [INFO] app - 0a0b09aa-24b7-4e23-be3f-9e3dae29fed7 - INFO - list mqtt_user - Success retrieving  data - ahmed.shalaby@cyshield.com
[2022-04-03T14:34:48.182] [INFO] app - 85e48182-0266-4122-8476-53f265029664 - INFO - list mqtt_user - Success retrieving  data - ahmed.shalaby@cyshield.com
[2022-04-03T14:34:48.208] [INFO] app - 07c95f93-3c12-487d-8f4f-dd20bda162f8 - INFO - list mqtt_user - Success retrieving  data - ahmed.shalaby@cyshield.com
[2022-04-03T14:34:48.218] [INFO] app - a734f1d7-952e-477c-9531-baaa9e92eca9 - INFO - list mqtt_user - Success retrieving  data - ahmed.shalaby@cyshield.com
[2022-04-03T14:34:48.250] [INFO] app - 746117eb-190f-4e7d-8005-062001635910 - INFO - list mqtt_user - Success retrieving  data - ahmed.shalaby@cyshield.com
[2022-04-03T14:34:48.265] [INFO] app - 24a90b78-be8c-4b16-8f9d-b8b0d6c12d8c - INFO - list mqtt_user - Success retrieving  data - ahmed.shalaby@cyshield.com
[2022-04-03T14:34:48.268] [INFO] app - acb9f019-8ec9-47b7-84a7-7ec90a17cbd6 - INFO - list mqtt_user - Success retrieving  data - ahmed.shalaby@cyshield.com
[2022-04-03T14:34:48.297] [INFO] app - 214f168f-b071-4c17-a2af-518dbd7abcc7 - INFO - list mqtt_user - Success retrieving  data - ahmed.shalaby@cyshield.com
[2022-04-03T14:34:48.308] [INFO] app - 9b64f980-7b23-435c-8c10-fd16ca6d4286 - INFO - list mqtt_user - Success retrieving  data - ahmed.shalaby@cyshield.com
[2022-04-03T14:34:48.318] [INFO] app - 8a29459d-2652-454f-8560-50dc73f07534 - INFO - list mqtt_user - Success retrieving  data - ahmed.shalaby@cyshield.com
[2022-04-03T14:34:48.770] [INFO] app - db95472d-b033-41a7-9f71-d7d4a9e7e477 - INFO - list mqtt_user - Success retrieving  data - ahmed.shalaby@cyshield.com
[2022-04-03T14:34:48.795] [INFO] app - be46512c-3ff0-4fdc-85d2-9689a74e881d - INFO - list mqtt_user - Success retrieving  data - ahmed.shalaby@cyshield.com
[2022-04-03T14:34:48.802] [INFO] app - 8d0282ba-bdc0-43f1-ae2d-8c7caf4db5ec - INFO - list mqtt_user - Success retrieving  data - ahmed.shalaby@cyshield.com
[2022-04-03T14:34:48.813] [INFO] app - 3ad8b6e7-ac8a-40a8-a39d-f957ad40b6fb - INFO - list mqtt_user - Success retrieving  data - ahmed.shalaby@cyshield.com
[2022-04-03T14:34:48.827] [INFO] app - 274dbe59-041d-4d82-bb28-e4d525b686c3 - INFO - list mqtt_user - Success retrieving  data - ahmed.shalaby@cyshield.com
[2022-04-03T14:34:48.835] [INFO] app - 444b859a-7a2b-41ee-8dde-de6eb234b1e0 - INFO - list mqtt_user - Success retrieving  data - ahmed.shalaby@cyshield.com
[2022-04-03T14:34:48.960] [INFO] app - fa51cbbf-d4f5-47a9-aab5-5a404afdc783 - INFO - list mqtt_user - Success retrieving  data - ahmed.shalaby@cyshield.com
[2022-04-03T14:34:49.015] [INFO] app - 3f12c5c0-49cd-4c5d-a1bc-0b372ce2c1f0 - INFO - list mqtt_user - Success retrieving  data - ahmed.shalaby@cyshield.com
[2022-04-03T14:34:49.042] [INFO] app - 09741af1-a3dc-4cb1-8ff2-227440b68ed4 - INFO - list mqtt_user - Success retrieving  data - ahmed.shalaby@cyshield.com
[2022-04-03T14:34:49.071] [INFO] app - 6070c50e-22f6-4de5-9a15-6ec469f9dae3 - INFO - list mqtt_user - Success retrieving  data - ahmed.shalaby@cyshield.com
[2022-04-03T14:34:49.097] [INFO] app - 3037510d-7d0c-492d-8546-0b88086d58d8 - INFO - list mqtt_user - Success retrieving  data - ahmed.shalaby@cyshield.com
[2022-04-03T14:34:49.108] [INFO] app - 9a1aeba3-9e1b-40a0-b738-f223327a3371 - INFO - list mqtt_user - Success retrieving  data - ahmed.shalaby@cyshield.com
[2022-04-03T14:34:49.376] [INFO] app - 33d74201-00e4-4cfe-b62a-b5bd15777621 - INFO - list mqtt_user - Success retrieving  data - ahmed.shalaby@cyshield.com
[2022-04-03T14:34:49.449] [INFO] app - ffcf2527-5b69-4bfd-937f-4d01454f41af - INFO - list mqtt_user - Success retrieving  data - ahmed.shalaby@cyshield.com
[2022-04-03T14:34:49.481] [INFO] app - e56fac4b-30cf-4d42-82d5-3ac2a1d6b3ce - INFO - list mqtt_user - Success retrieving  data - ahmed.shalaby@cyshield.com
[2022-04-03T14:34:49.492] [INFO] app - 1a240de9-692b-4666-a468-afb43879d395 - INFO - list mqtt_user - Success retrieving  data - ahmed.shalaby@cyshield.com
[2022-04-03T14:34:49.532] [INFO] app - 6fc0c84a-bc01-4fb0-bcbc-c2c79cb4ff17 - INFO - list mqtt_user - Success retrieving  data - ahmed.shalaby@cyshield.com
[2022-04-03T14:34:49.553] [INFO] app - 73e04874-df16-4021-8361-b195cf303994 - INFO - list mqtt_user - Success retrieving  data - ahmed.shalaby@cyshield.com
[2022-04-03T14:34:49.585] [INFO] app - c032a755-d976-4908-adec-6910187dc0fa - INFO - list mqtt_user - Success retrieving  data - ahmed.shalaby@cyshield.com
[2022-04-03T14:34:49.597] [INFO] app - 687a775f-0bdc-41df-8d17-25977ce7ff5b - INFO - list mqtt_user - Success retrieving  data - ahmed.shalaby@cyshield.com
[2022-04-03T14:34:49.632] [INFO] app - 74f92691-e47e-4d7e-b990-1b353bcdd2ae - INFO - list mqtt_user - Success retrieving  data - ahmed.shalaby@cyshield.com
[2022-04-03T14:34:49.657] [INFO] app - 73cac72d-4ba9-4d11-9caa-d9115d891c1e - INFO - list mqtt_user - Success retrieving  data - ahmed.shalaby@cyshield.com
[2022-04-03T14:34:49.665] [INFO] app - 24fdc54d-e5d0-41a7-b8ee-6a6412144122 - INFO - list mqtt_user - Success retrieving  data - ahmed.shalaby@cyshield.com
[2022-04-03T14:34:49.675] [INFO] app - a9078869-1a59-482d-b726-b672c8a93aa8 - INFO - list mqtt_user - Success retrieving  data - ahmed.shalaby@cyshield.com
[2022-04-03T14:34:49.699] [INFO] app - 1d44512e-3637-4a6c-858a-a5606b57b612 - INFO - list mqtt_user - Success retrieving  data - ahmed.shalaby@cyshield.com
[2022-04-03T14:34:49.708] [INFO] app - 1b5c468a-2a9e-42c8-a3a9-e4615d1829e8 - INFO - list mqtt_user - Success retrieving  data - ahmed.shalaby@cyshield.com
[2022-04-03T14:34:49.721] [INFO] app - 6a71ba94-2f30-42e5-b310-ba4474162f24 - INFO - list mqtt_user - Success retrieving  data - ahmed.shalaby@cyshield.com
[2022-04-03T14:34:49.734] [INFO] app - 264fa416-5e3d-48da-9bb9-b28b88713b91 - INFO - list mqtt_user - Success retrieving  data - ahmed.shalaby@cyshield.com
[2022-04-03T14:34:49.749] [INFO] app - 635d5e67-d9b4-4043-945c-451e6756bdf3 - INFO - list mqtt_user - Success retrieving  data - ahmed.shalaby@cyshield.com
[2022-04-03T14:34:49.760] [INFO] app - 2a1cefe2-b49f-44d7-94f0-04b25578af14 - INFO - list mqtt_user - Success retrieving  data - ahmed.shalaby@cyshield.com
[2022-04-03T14:34:49.787] [INFO] app - 0ffa6bf6-34fc-4cae-87dc-9c33f7c2ad51 - INFO - list mqtt_user - Success retrieving  data - ahmed.shalaby@cyshield.com
[2022-04-03T14:34:49.806] [INFO] app - 06992462-b9c2-4f30-aef0-5e40634b1352 - INFO - list mqtt_user - Success retrieving  data - ahmed.shalaby@cyshield.com
[2022-04-03T14:34:49.815] [INFO] app - a202cd5a-496d-4a78-944f-5ea6c47c13f3 - INFO - list mqtt_user - Success retrieving  data - ahmed.shalaby@cyshield.com
[2022-04-03T14:34:49.836] [INFO] app - 77a62821-6f9d-4091-a3d0-392903c1831d - INFO - list mqtt_user - Success retrieving  data - ahmed.shalaby@cyshield.com
[2022-04-03T14:34:49.844] [INFO] app - 4a836e53-e6ee-4ba3-97e6-9547d08f4c66 - INFO - list mqtt_user - Success retrieving  data - ahmed.shalaby@cyshield.com
[2022-04-03T14:34:49.862] [INFO] app - eea4fd56-97a1-4fd0-8d22-db70f34264bd - INFO - list mqtt_user - Success retrieving  data - ahmed.shalaby@cyshield.com
[2022-04-03T14:34:49.886] [INFO] app - 87e4ed2e-ad30-4bbe-8a14-fedf9fcdf84a - INFO - list mqtt_user - Success retrieving  data - ahmed.shalaby@cyshield.com
[2022-04-03T14:34:49.903] [INFO] app - 8d15f883-c4e1-45ac-9250-45989dbc0fc8 - INFO - list mqtt_user - Success retrieving  data - ahmed.shalaby@cyshield.com
[2022-04-03T14:34:49.914] [INFO] app - 69ed1dc5-f66a-4f41-bc37-898bb5560ce2 - INFO - list mqtt_user - Success retrieving  data - ahmed.shalaby@cyshield.com
[2022-04-03T14:34:49.920] [INFO] app - 0f56b73e-ec07-4b41-a488-159fe190fa85 - INFO - list mqtt_user - Success retrieving  data - ahmed.shalaby@cyshield.com
[2022-04-03T14:34:49.933] [INFO] app - 80ed1cb0-43b1-49d8-b2d3-30b64647a8bf - INFO - list mqtt_user - Success retrieving  data - ahmed.shalaby@cyshield.com
[2022-04-03T14:34:49.956] [INFO] app - cae0c58b-a95e-4f47-824d-a7f352c93c35 - INFO - list mqtt_user - Success retrieving  data - ahmed.shalaby@cyshield.com
[2022-04-03T14:34:50.015] [INFO] app - 67233d75-e89c-4e9b-966d-14c9cb8f0373 - INFO - list mqtt_user - Success retrieving  data - ahmed.shalaby@cyshield.com
[2022-04-03T14:34:50.026] [INFO] app - 642194d4-9b8d-4d7f-ae31-b6ef5c34549a - INFO - list mqtt_user - Success retrieving  data - ahmed.shalaby@cyshield.com
[2022-04-03T14:34:50.035] [INFO] app - 8a932801-482d-4930-ae56-64e1c0d4c88c - INFO - list mqtt_user - Success retrieving  data - ahmed.shalaby@cyshield.com
[2022-04-03T14:34:50.040] [INFO] app - e26cad88-0a79-468c-a7f5-04972c8eda21 - INFO - list mqtt_user - Success retrieving  data - ahmed.shalaby@cyshield.com
[2022-04-03T14:34:50.044] [INFO] app - cd1a1405-8f6b-4f66-8fe1-324c5bee389b - INFO - list mqtt_user - Success retrieving  data - ahmed.shalaby@cyshield.com
[2022-04-03T14:34:50.056] [INFO] app - 29e79891-a3a9-455d-bf84-698c72e14454 - INFO - list mqtt_user - Success retrieving  data - ahmed.shalaby@cyshield.com
[2022-04-03T14:34:50.067] [INFO] app - b24d4e0c-72a4-49fe-a32c-18e0005f0733 - INFO - list mqtt_user - Success retrieving  data - ahmed.shalaby@cyshield.com
[2022-04-03T14:34:50.089] [INFO] app - f423b105-4a29-42f7-aa3d-c0db32ea5e3d - INFO - list mqtt_user - Success retrieving  data - ahmed.shalaby@cyshield.com
[2022-04-03T14:34:50.097] [INFO] app - 28197f79-de9e-4cad-9ba0-c8a1067b7b7e - INFO - list mqtt_user - Success retrieving  data - ahmed.shalaby@cyshield.com
[2022-04-03T14:34:50.102] [INFO] app - 8c3b8142-a6dd-4d32-9653-ccf80b1ebcb2 - INFO - list mqtt_user - Success retrieving  data - ahmed.shalaby@cyshield.com
[2022-04-03T14:34:50.108] [INFO] app - ac97bef8-8bde-4966-b216-ecc5ad102e99 - INFO - list mqtt_user - Success retrieving  data - ahmed.shalaby@cyshield.com
[2022-04-03T14:34:50.117] [INFO] app - 2982671e-52b2-4d31-b8c2-2a20fb4dc277 - INFO - list mqtt_user - Success retrieving  data - ahmed.shalaby@cyshield.com
[2022-04-03T14:34:50.136] [INFO] app - 2d63bf74-20a9-4a63-a707-f87282b389ae - INFO - list mqtt_user - Success retrieving  data - ahmed.shalaby@cyshield.com
[2022-04-03T14:34:50.178] [INFO] app - 9af74830-2d98-45cf-8fff-4d5d0c9ee1b3 - INFO - list mqtt_user - Success retrieving  data - ahmed.shalaby@cyshield.com
[2022-04-03T14:34:50.189] [INFO] app - 7564778d-f1a2-46a4-b0cb-f5214faa63fb - INFO - list mqtt_user - Success retrieving  data - ahmed.shalaby@cyshield.com
[2022-04-03T14:34:50.206] [INFO] app - 23b9e6f7-c3a0-4fc6-806d-4bf2e08c6c4c - INFO - list mqtt_user - Success retrieving  data - ahmed.shalaby@cyshield.com
[2022-04-03T14:34:50.217] [INFO] app - 42702ceb-23c1-44b1-afec-19409c4bc582 - INFO - list mqtt_user - Success retrieving  data - ahmed.shalaby@cyshield.com
[2022-04-03T14:34:50.222] [INFO] app - 75b7611c-1cad-4e9a-8f16-e57dc572832a - INFO - list mqtt_user - Success retrieving  data - ahmed.shalaby@cyshield.com
[2022-04-03T14:34:50.268] [INFO] app - 07488012-c139-46a2-8631-1db495110f73 - INFO - list mqtt_user - Success retrieving  data - ahmed.shalaby@cyshield.com
[2022-04-03T14:34:50.304] [INFO] app - a585eafc-52e1-4110-9c90-7514a2efdf03 - INFO - list mqtt_user - Success retrieving  data - ahmed.shalaby@cyshield.com
[2022-04-03T14:34:50.308] [INFO] app - 743a7f09-466e-4b2b-a02c-33ce59ddbcd7 - INFO - list mqtt_user - Success retrieving  data - ahmed.shalaby@cyshield.com
[2022-04-03T14:34:50.346] [INFO] app - 5fa6f4d3-226b-42bc-9e6d-a86c622d7911 - INFO - list mqtt_user - Success retrieving  data - ahmed.shalaby@cyshield.com
[2022-04-03T14:34:56.405] [INFO] app - 47b8a258-d940-42ae-be68-22149991f2a2 - INFO - list mqtt_user - Success retrieving  data - ahmed.shalaby@cyshield.com
[2022-04-03T14:34:56.414] [INFO] app - f359381f-0baa-4792-8f19-84f8134a675b - INFO - list mqtt_user - Success retrieving  data - ahmed.shalaby@cyshield.com
[2022-04-03T14:34:56.746] [INFO] app - 673bde46-c0c3-46a6-8883-815a2f59bd26 - INFO - list mqtt_user - Success retrieving  data - ahmed.shalaby@cyshield.com
[2022-04-03T14:34:56.804] [INFO] app - 2c910c6a-57da-45b1-a895-4d8c1a2d7db5 - INFO - list mqtt_user - Success retrieving  data - ahmed.shalaby@cyshield.com
[2022-04-03T14:34:56.852] [INFO] app - e9af8910-6767-436a-a895-a4fc19656159 - INFO - list mqtt_user - Success retrieving  data - ahmed.shalaby@cyshield.com
[2022-04-03T14:34:56.926] [INFO] app - 5f1d284a-a767-46ea-82d8-070425ca58bb - INFO - List node - Success retrieving  data - ahmed.shalaby@cyshield.com
[2022-04-03T14:35:01.743] [INFO] app - eb204d34-3e92-4bbc-bb3f-e9a0b1668d2f - INFO - List node - Success retrieving  data - ahmed.shalaby@cyshield.com
[2022-04-03T14:35:34.126] [INFO] app - a42da03e-c1da-4e7a-9151-2dd1a6bbf468 - INFO - list mqtt_user - Success retrieving  data - ahmed.shalaby@cyshield.com
[2022-04-03T14:35:34.140] [INFO] app - 1f33e193-2a61-4e2c-b5f0-a0fb9fd37da6 - INFO - List node - Success retrieving  data - ahmed.shalaby@cyshield.com
[2022-04-03T14:36:08.729] [INFO] app - 1db81825-27b5-4fdf-8446-3cd5669d4d8a - INFO - List node - Success retrieving  data - ahmed.shalaby@cyshield.com
[2022-04-03T14:37:10.235] [INFO] app - ad9d8a5c-6f81-4f82-82ff-f8cf3bfbacf7 - INFO - List node - Success retrieving  data - ahmed.shalaby@cyshield.com
[2022-04-03T14:37:37.512] [INFO] app - 46662d8a-ac50-4b11-974e-834228b0aedc - INFO - List node - Success retrieving  data - ahmed.shalaby@cyshield.com
[2022-04-03T14:38:20.513] [INFO] app - 2c7d4436-9322-4fed-84f2-1d2de6168a28 - INFO - List node - Success retrieving  data - ahmed.shalaby@cyshield.com
[2022-04-03T14:38:44.678] [INFO] app - ae94ea4a-462a-48d5-933e-340fa7356239 - INFO - List node - Success retrieving  data - ahmed.shalaby@cyshield.com
[2022-04-03T14:38:47.226] [INFO] app - 20955ae3-e810-4203-9cf4-8241b6039f94 - INFO - List node - Success retrieving  data - ahmed.shalaby@cyshield.com
[2022-04-03T14:38:49.067] [INFO] app - f0168b43-66a1-4504-9b33-9b8bd98998d1 - INFO - List node - Success retrieving  data - ahmed.shalaby@cyshield.com
[2022-04-03T14:38:58.676] [INFO] app - c361f251-f844-49f9-a95f-ea99d54b940d - INFO - List node - Success retrieving  data - ahmed.shalaby@cyshield.com
[2022-04-03T14:39:10.944] [INFO] app - eedf8e1b-e94f-44b7-8a33-566aee019594 - INFO - List node - Success retrieving  data - ahmed.shalaby@cyshield.com
[2022-04-03T14:39:21.023] [INFO] app - fc8b7b0c-89cf-4ae7-8c50-6518903221e5 - INFO - List node - Success retrieving  data - ahmed.shalaby@cyshield.com
[2022-04-03T14:40:38.777] [INFO] app - 34319cf6-2297-44a2-9638-c74c88050dbd - INFO - List node - Success retrieving  data - ahmed.shalaby@cyshield.com
[2022-04-03T14:40:59.670] [INFO] app - 12139162-d586-4c69-8100-feb0495d5055 - INFO - List node - Success retrieving  data - ahmed.shalaby@cyshield.com
[2022-04-03T14:40:59.808] [INFO] app - 9ba6675c-31f7-4eb3-b351-d92c8e67e5e3 - INFO - List node - Success retrieving  data - ahmed.shalaby@cyshield.com
[2022-04-03T14:41:14.809] [INFO] app - 4cb92c7f-e01e-49d6-b6a6-753d86c28961 - INFO - List node - Success retrieving  data - ahmed.shalaby@cyshield.com
[2022-04-03T14:41:14.897] [INFO] app - 7433ec1c-4fdb-4e45-adad-5d40a0284107 - INFO - List node - Success retrieving  data - ahmed.shalaby@cyshield.com
[2022-04-03T14:41:18.125] [INFO] app - e1de115c-f705-4d92-a3e2-aa9eca656896 - INFO - List node - Success retrieving  data - ahmed.shalaby@cyshield.com
[2022-04-03T14:41:18.224] [INFO] app - 83175020-0f2b-478e-aaf3-d24547019706 - INFO - List node - Success retrieving  data - ahmed.shalaby@cyshield.com
[2022-04-03T14:41:32.930] [INFO] app - f2fe78e2-eab1-4caa-b183-595447d790ae - INFO - List node - Success retrieving  data - ahmed.shalaby@cyshield.com
[2022-04-03T14:41:33.086] [INFO] app - a6c354b3-cc07-4c6e-8a9a-0c4409b33ee9 - INFO - List node - Success retrieving  data - ahmed.shalaby@cyshield.com
[2022-04-03T14:41:46.332] [INFO] app - a2307a81-e0f6-46be-94aa-e47dc0a8ccd2 - INFO - List node - Success retrieving  data - ahmed.shalaby@cyshield.com
[2022-04-03T14:41:46.377] [INFO] app - 690c557b-3329-4dd1-a4e4-4cbcf1f1904e - INFO - List node - Success retrieving  data - ahmed.shalaby@cyshield.com
[2022-04-03T14:42:15.023] [INFO] app - 7f5c35bf-abbe-4fe9-a355-892faf7d34a3 - INFO - List node - Success retrieving  data - ahmed.shalaby@cyshield.com
[2022-04-03T14:42:15.084] [INFO] app - 5c97bb41-6de3-4088-a493-7c4a97573897 - INFO - List node - Success retrieving  data - ahmed.shalaby@cyshield.com
[2022-04-03T14:42:41.835] [INFO] app - aebf3de2-a822-424e-84fe-d81e409ca6c2 - INFO - List node - Success retrieving  data - ahmed.shalaby@cyshield.com
[2022-04-03T14:42:41.958] [INFO] app - c6d58e82-5863-4270-b05d-e72dfa4a50d6 - INFO - List node - Success retrieving  data - ahmed.shalaby@cyshield.com
[2022-04-03T14:42:50.143] [INFO] app - f28aa8e7-185c-4c6c-b5f6-5787dfc2793f - INFO - List node - Success retrieving  data - ahmed.shalaby@cyshield.com
[2022-04-03T14:42:50.280] [INFO] app - 48fd1ca8-021f-4b6c-9f07-72faf36369db - INFO - List node - Success retrieving  data - ahmed.shalaby@cyshield.com
[2022-04-03T14:43:31.540] [INFO] app - 4e75a68a-654c-4558-82af-b045e05b5a89 - INFO - List node - Success retrieving  data - ahmed.shalaby@cyshield.com
[2022-04-03T14:43:31.553] [INFO] app - 7bc3508e-38ce-4101-900d-3d6c999afd3f - INFO - List node - Success retrieving  data - ahmed.shalaby@cyshield.com
[2022-04-03T14:48:16.204] [INFO] app - c4928229-5f7d-4641-965f-99a97a4de80b - INFO - List node - Success retrieving  data - ahmed.shalaby@cyshield.com
[2022-04-03T14:48:16.265] [INFO] app - ccddccf8-c085-44fb-915d-5eacd95d9ff8 - INFO - List node - Success retrieving  data - ahmed.shalaby@cyshield.com
[2022-04-03T14:48:36.258] [INFO] app - decfb728-ac77-4ab7-a482-f680e2d88102 - INFO - List node - Success retrieving  data - ahmed.shalaby@cyshield.com
[2022-04-03T14:48:36.298] [INFO] app - 99b66be1-c806-46b2-b1e1-36b1cb14c3b3 - INFO - List node - Success retrieving  data - ahmed.shalaby@cyshield.com
[2022-04-03T14:49:04.711] [INFO] app - 95a114c4-f5f4-4fba-8c30-924cd3d70f06 - INFO - List node - Success retrieving  data - ahmed.shalaby@cyshield.com
[2022-04-03T14:49:04.870] [INFO] app - e7f828e1-f999-404c-b85a-e5ca3a2f1470 - INFO - List node - Success retrieving  data - ahmed.shalaby@cyshield.com
[2022-04-03T14:49:15.817] [INFO] app - 28ee0195-d28f-4e03-ae28-724fbafb524b - INFO - List node - Success retrieving  data - ahmed.shalaby@cyshield.com
[2022-04-03T14:49:15.902] [INFO] app - 5924a64c-e469-471a-981e-96d0a3a5370e - INFO - List node - Success retrieving  data - ahmed.shalaby@cyshield.com
[2022-04-03T14:49:16.149] [INFO] app - 316d8020-e3a4-4fd9-872b-0104dfc0e62a - INFO - List node - Success retrieving  data - ahmed.shalaby@cyshield.com
[2022-04-03T14:49:16.181] [INFO] app - c57a4dca-f8ec-43a8-995e-9c96e5058008 - INFO - List node - Success retrieving  data - ahmed.shalaby@cyshield.com
[2022-04-03T14:49:16.412] [INFO] app - 23f11877-8cec-4210-a5be-e64ec6d59ac5 - INFO - List node - Success retrieving  data - ahmed.shalaby@cyshield.com
[2022-04-03T14:49:16.494] [INFO] app - 8e936c64-b34a-4cd4-b423-33944873ec89 - INFO - List node - Success retrieving  data - ahmed.shalaby@cyshield.com
[2022-04-03T14:49:19.988] [INFO] app - 2cafec82-1aca-4849-bb94-f4abbdc1e044 - INFO - List node - Success retrieving  data - ahmed.shalaby@cyshield.com
[2022-04-03T14:49:21.113] [INFO] app - c5c03ab1-1ce2-4c54-90f1-4eeded91225f - INFO - List node - Success retrieving  data - ahmed.shalaby@cyshield.com
[2022-04-03T14:49:21.934] [INFO] app - 3df59aaf-8af8-4ee8-948a-4c9aa0de068d - INFO - List node - Success retrieving  data - ahmed.shalaby@cyshield.com
[2022-04-03T14:49:22.001] [INFO] app - c7a41107-9867-4669-a58a-6e4740dedae1 - INFO - List node - Success retrieving  data - ahmed.shalaby@cyshield.com
[2022-04-03T14:49:22.898] [INFO] app - 93770430-e8d1-420f-b77d-5350fe2b1ba8 - INFO - List node - Success retrieving  data - ahmed.shalaby@cyshield.com
[2022-04-03T14:49:23.030] [INFO] app - 7e49ded7-cc33-463c-9f94-76222df481d4 - INFO - List node - Success retrieving  data - ahmed.shalaby@cyshield.com
[2022-04-03T14:49:27.109] [INFO] app - 0c53a1c3-6d47-43e3-a147-c7894b375e79 - INFO - List node - Success retrieving  data - ahmed.shalaby@cyshield.com
[2022-04-03T14:49:32.513] [INFO] app - d06e6212-5cc7-4a17-bc38-c0c03de362ae - INFO - List node - Success retrieving  data - ahmed.shalaby@cyshield.com
[2022-04-03T14:49:32.600] [INFO] app - b7ac801b-0370-45a4-9338-b4130f58ca0b - INFO - List node - Success retrieving  data - ahmed.shalaby@cyshield.com
[2022-04-03T14:49:34.799] [INFO] app - 7b267789-787a-4e31-830a-6889874f0bc4 - INFO - List node - Success retrieving  data - ahmed.shalaby@cyshield.com
[2022-04-03T14:49:36.511] [INFO] app - 084d8d6d-c06f-4477-bc1b-28ddc2737447 - INFO - List node - Success retrieving  data - ahmed.shalaby@cyshield.com
[2022-04-03T14:49:39.566] [INFO] app - 9c1c8f64-d13f-4268-9a7a-bd49e08708ec - INFO - List node - Success retrieving  data - ahmed.shalaby@cyshield.com
[2022-04-03T14:49:40.620] [INFO] app - 7d9de4e1-f6a6-4fb1-92e5-68830801a7cb - INFO - List node - Success retrieving  data - ahmed.shalaby@cyshield.com
[2022-04-03T14:49:42.856] [INFO] app - 5b261044-8548-42c7-8f1a-153234c8cf67 - INFO - List node - Success retrieving  data - ahmed.shalaby@cyshield.com
[2022-04-03T14:49:42.898] [INFO] app - 7bdbd7b2-fee0-4ecf-a78f-4e6694ed256c - INFO - List node - Success retrieving  data - ahmed.shalaby@cyshield.com
[2022-04-03T14:49:43.048] [INFO] app - cd2e8a3f-c774-4a8d-907c-badee23d4d87 - INFO - List node - Success retrieving  data - ahmed.shalaby@cyshield.com
[2022-04-03T14:49:44.986] [INFO] app - 79d7334f-7845-4b03-bdc7-e33374591123 - INFO - List node - Success retrieving  data - ahmed.shalaby@cyshield.com
[2022-04-03T14:49:47.155] [INFO] app - cc9a891d-a9c2-4834-a636-b87f66e35921 - INFO - List node - Success retrieving  data - ahmed.shalaby@cyshield.com
[2022-04-03T14:49:53.057] [INFO] app - cba4a615-5748-4b3d-8947-b5be37de4940 - INFO - List node - Success retrieving  data - ahmed.shalaby@cyshield.com
[2022-04-03T14:49:53.179] [INFO] app - 35ead915-3c6f-43d0-8d4a-0ec801cffaa3 - INFO - List node - Success retrieving  data - ahmed.shalaby@cyshield.com
[2022-04-03T14:49:53.650] [INFO] app - 6f98b212-bd73-4425-92b2-a6c058272c3d - INFO - List node - Success retrieving  data - ahmed.shalaby@cyshield.com
[2022-04-03T14:49:58.546] [INFO] app - f712f19d-393a-4ae6-9c5d-a543c090d86a - INFO - List node - Success retrieving  data - ahmed.shalaby@cyshield.com
[2022-04-03T14:50:52.466] [INFO] app - 969b8c32-47e3-4421-8efc-89968a1b4b7e - INFO - List node - Success retrieving  data - ahmed.shalaby@cyshield.com
[2022-04-03T14:51:20.344] [INFO] app - 77002e15-1fda-48bd-9faa-cfcd7a6df8aa - INFO - List node - Success retrieving  data - ahmed.shalaby@cyshield.com
[2022-04-03T14:52:00.774] [INFO] app - 8db65caa-bf85-4fa5-9fa8-8726331bc6ee - INFO - List node - Success retrieving  data - ahmed.shalaby@cyshield.com
[2022-04-03T14:52:37.773] [INFO] app - 8d450a55-86ab-4aac-a05c-18056adbff12 - INFO - List node - Success retrieving  data - ahmed.shalaby@cyshield.com
[2022-04-03T14:52:47.970] [INFO] app - 53076110-4751-49b5-9bd1-fbe87845e26f - INFO - List node - Success retrieving  data - ahmed.shalaby@cyshield.com
[2022-04-03T14:53:49.460] [INFO] app - e9991ffd-8d69-4e79-9cf0-32189f6037b4 - INFO - List node - Success retrieving  data - ahmed.shalaby@cyshield.com
[2022-04-03T14:53:58.897] [INFO] app - c8e99dcb-d4da-4f84-b39c-0c910ae3ec1d - INFO - List node - Success retrieving  data - ahmed.shalaby@cyshield.com
[2022-04-03T14:54:39.840] [INFO] app - 49eb75cd-1d4e-47d5-98e1-20f6c42e3e54 - INFO - List node - Success retrieving  data - ahmed.shalaby@cyshield.com
[2022-04-03T14:54:57.197] [INFO] app - 8f73dbad-2fb8-4642-9ba3-7cc6e1cde95f - INFO - List node - Success retrieving  data - ahmed.shalaby@cyshield.com
[2022-04-03T14:55:24.967] [INFO] app - 0f311c46-a3de-4e05-941b-76e5ea12837e - INFO - List node - Success retrieving  data - ahmed.shalaby@cyshield.com
[2022-04-03T14:55:43.117] [INFO] app - 9a35dd4a-ca82-49ed-a405-13efa03e55a6 - INFO - List node - Success retrieving  data - ahmed.shalaby@cyshield.com
[2022-04-03T14:57:10.727] [INFO] app - ceba0f59-e64d-49e8-a24b-664124406c79 - INFO - List node - Success retrieving  data - ahmed.shalaby@cyshield.com
[2022-04-03T14:57:18.724] [INFO] app - f549339e-4dd1-4da6-bb81-d61bc22d51e3 - INFO - List node - Success retrieving  data - ahmed.shalaby@cyshield.com
[2022-04-03T14:57:23.939] [INFO] app - a31c8d2f-8667-4f07-a425-09d729d74280 - INFO - List node - Success retrieving  data - ahmed.shalaby@cyshield.com
[2022-04-03T14:57:43.104] [INFO] app - 0a0c9714-f4c5-491a-b5af-9343c35d5980 - INFO - List node - Success retrieving  data - ahmed.shalaby@cyshield.com
[2022-04-03T14:57:43.346] [INFO] app - 8128fbda-939f-4b77-9530-2d22144c77e9 - INFO - List node - Success retrieving  data - ahmed.shalaby@cyshield.com
[2022-04-03T14:58:06.063] [INFO] app - b64be799-1e59-4e28-a240-425d909a331a - INFO - List node - Success retrieving  data - ahmed.shalaby@cyshield.com
[2022-04-03T14:58:32.943] [INFO] app - 6cca2a27-9336-4ac3-a092-054b13c39827 - INFO - List node - Success retrieving  data - ahmed.shalaby@cyshield.com
[2022-04-03T14:58:33.449] [INFO] app - 66d4be0c-6b0d-4945-b2f8-b6388b89a26d - INFO - List node - Success retrieving  data - ahmed.shalaby@cyshield.com
[2022-04-03T14:58:46.455] [INFO] app - 2502d1a7-744f-47c9-a40f-854207d53fa7 - INFO - List node - Success retrieving  data - ahmed.shalaby@cyshield.com
[2022-04-03T14:58:56.476] [INFO] app - f180c16c-c337-4ca2-841d-832d659de354 - INFO - List node - Success retrieving  data - ahmed.shalaby@cyshield.com
[2022-04-03T14:59:09.968] [INFO] app - 2b3a47ac-a438-4859-8e3a-20d31d6429bf - INFO - List node - Success retrieving  data - ahmed.shalaby@cyshield.com
[2022-04-03T14:59:15.138] [INFO] app - fdb8cc0f-7881-4d8a-bafa-a3ec8d8d593e - INFO - List node - Success retrieving  data - ahmed.shalaby@cyshield.com
[2022-04-03T14:59:36.757] [INFO] app - b6468584-33a6-41bd-a2a9-30539157bd9b - INFO - List node - Success retrieving  data - ahmed.shalaby@cyshield.com
[2022-04-03T14:59:45.336] [INFO] app - ef1702cd-9a62-4e0f-8286-d6710ad27c80 - INFO - List node - Success retrieving  data - ahmed.shalaby@cyshield.com
[2022-04-03T15:00:13.423] [INFO] app - 62b74e7b-be7a-443d-88cd-127093f58a53 - INFO - List node - Success retrieving  data - ahmed.shalaby@cyshield.com
[2022-04-03T15:00:34.962] [INFO] app - 3efab68c-bbdd-40e3-83d2-22d91e63a748 - INFO - List node - Success retrieving  data - ahmed.shalaby@cyshield.com
[2022-04-03T15:00:43.504] [INFO] app - 42b562fb-da79-45b0-ac88-b4b9dd53b0b9 - INFO - List node - Success retrieving  data - ahmed.shalaby@cyshield.com
[2022-04-03T15:01:33.692] [INFO] app - 96316137-1c3d-4e2e-a4e0-20f8895b2afe - INFO - List node - Success retrieving  data - ahmed.shalaby@cyshield.com
[2022-04-03T15:01:37.439] [INFO] app - 8c617b71-c329-4f00-b534-f97ce9583212 - INFO - List node - Success retrieving  data - ahmed.shalaby@cyshield.com
[2022-04-03T15:01:46.137] [INFO] app - 1eceaf3e-fab9-41d6-8b11-814d5bf230f2 - INFO - List node - Success retrieving  data - ahmed.shalaby@cyshield.com
[2022-04-03T15:01:48.941] [INFO] app - 0b0e1063-435f-47a2-830f-e0dfe939500a - INFO - List node - Success retrieving  data - ahmed.shalaby@cyshield.com
[2022-04-03T15:02:01.336] [INFO] app - dcc365b2-77a6-4e25-8204-609f6f6e9225 - INFO - List node - Success retrieving  data - ahmed.shalaby@cyshield.com
[2022-04-03T15:02:26.020] [INFO] app - 22f2cc8a-bdb7-4731-84c6-12891ed286cd - INFO - List node - Success retrieving  data - ahmed.shalaby@cyshield.com
[2022-04-03T15:02:50.758] [INFO] app - 47d6f3a3-46d3-44cf-9657-80811d39c3b5 - INFO - List node - Success retrieving  data - ahmed.shalaby@cyshield.com
[2022-04-03T15:03:07.640] [INFO] app - b567e435-4468-49eb-b470-622fb06095ca - INFO - List node - Success retrieving  data - ahmed.shalaby@cyshield.com
[2022-04-03T15:03:50.775] [INFO] app - 5a831d4d-9d13-4977-86e6-8bd39c8aee27 - INFO - List node - Success retrieving  data - ahmed.shalaby@cyshield.com
[2022-04-03T15:03:52.072] [INFO] app - 790a1e91-1a2b-402f-bdb2-12e22bd69286 - INFO - List node - Success retrieving  data - ahmed.shalaby@cyshield.com
[2022-04-03T15:04:06.875] [INFO] app - 57fc49dc-1df5-47b8-94c8-013b105011d7 - INFO - List node - Success retrieving  data - ahmed.shalaby@cyshield.com
[2022-04-03T15:04:15.677] [INFO] app - 12ff3547-f09c-4f4c-b366-10a53dc54805 - INFO - List node - Success retrieving  data - ahmed.shalaby@cyshield.com
[2022-04-03T15:06:39.792] [INFO] app - 7ac66b95-258d-46fd-b7c5-ca99409d4aa2 - INFO - List node - Success retrieving  data - ahmed.shalaby@cyshield.com
[2022-04-03T15:06:50.545] [INFO] app - dd593fbf-a5a2-4531-891a-d22563375895 - INFO - List node - Success retrieving  data - ahmed.shalaby@cyshield.com
[2022-04-03T15:06:53.930] [INFO] app - da8abe99-9adc-4b15-95e1-53c06f5bda22 - INFO - List node - Success retrieving  data - ahmed.shalaby@cyshield.com
[2022-04-03T15:07:09.270] [INFO] app - 2c344f6d-b1eb-4b9e-869a-20a70e290c0e - INFO - List node - Success retrieving  data - ahmed.shalaby@cyshield.com
[2022-04-03T15:07:10.745] [INFO] app - 7be62979-4951-429d-9884-8e640946d513 - INFO - List node - Success retrieving  data - ahmed.shalaby@cyshield.com
[2022-04-03T15:07:37.919] [INFO] app - 554a2792-aec9-4c8a-87ef-4daf7d77ed46 - INFO - List node - Success retrieving  data - ahmed.shalaby@cyshield.com
[2022-04-03T15:08:18.193] [INFO] app - e196b6a5-3ffd-4ffa-af20-2657741bbd85 - INFO - List node - Success retrieving  data - ahmed.shalaby@cyshield.com
[2022-04-03T15:08:33.509] [INFO] app - c4e5035e-628e-477f-aeb6-d4daa880a569 - INFO - List node - Success retrieving  data - ahmed.shalaby@cyshield.com
[2022-04-03T15:08:35.773] [INFO] app - 22dd8aa9-56da-4b35-bf31-416d0bb434c3 - INFO - List node - Success retrieving  data - ahmed.shalaby@cyshield.com
[2022-04-03T15:08:39.248] [INFO] app - 0b844670-821b-4e8f-ad79-f0df2fb03d27 - INFO - List node - Success retrieving  data - ahmed.shalaby@cyshield.com
[2022-04-03T15:09:02.087] [INFO] app - d8f51bd7-ae46-4ab6-9222-cc439ea13dfe - INFO - List node - Success retrieving  data - ahmed.shalaby@cyshield.com
[2022-04-03T15:09:20.239] [INFO] app - d1d01286-8cac-4610-8c25-189828e2268e - INFO - List node - Success retrieving  data - ahmed.shalaby@cyshield.com
[2022-04-03T15:09:22.610] [INFO] app - e3bf7e78-d902-46e0-9245-a69319a53c00 - INFO - List node - Success retrieving  data - ahmed.shalaby@cyshield.com
[2022-04-03T15:09:39.053] [INFO] app - 3c5cbde2-93f9-403f-853b-1e6fc3909a0c - INFO - List node - Success retrieving  data - ahmed.shalaby@cyshield.com
[2022-04-03T15:09:42.628] [INFO] app - 1b01a40b-b7b7-418e-bda0-d85c9faabc74 - INFO - List node - Success retrieving  data - ahmed.shalaby@cyshield.com
[2022-04-03T15:09:49.292] [INFO] app - 6302c880-dc90-407a-90e3-4b4665efaa10 - INFO - List node - Success retrieving  data - ahmed.shalaby@cyshield.com
[2022-04-03T15:10:13.853] [INFO] app - ab6be8ce-e51d-4144-9dfe-0305610345f8 - INFO - List node - Success retrieving  data - ahmed.shalaby@cyshield.com
[2022-04-03T15:10:33.900] [INFO] app - 56c45d46-b3f9-452d-862f-77a0610e7e31 - INFO - List node - Success retrieving  data - ahmed.shalaby@cyshield.com
[2022-04-03T15:12:14.032] [INFO] app - ad7ed390-aad7-47fb-afdf-97251b4858c0 - INFO - List node - Success retrieving  data - ahmed.shalaby@cyshield.com
[2022-04-03T15:12:28.337] [INFO] app - 40abb0f1-d835-4d82-bb3d-7d9c85d6566d - INFO - List node - Success retrieving  data - ahmed.shalaby@cyshield.com
[2022-04-03T15:12:43.344] [INFO] app - a1d81048-fcaa-48c3-8fc2-f1edee48d923 - INFO - List node - Success retrieving  data - ahmed.shalaby@cyshield.com
[2022-04-03T15:14:14.180] [INFO] app - 1ba92f9e-3014-4c13-97d2-021963e50e95 - INFO - List node - Success retrieving  data - ahmed.shalaby@cyshield.com
[2022-04-03T15:17:59.119] [INFO] app - 65d55692-da05-47a5-9795-6df8feb8c986 - INFO - List node - Success retrieving  data - ahmed.shalaby@cyshield.com
[2022-04-03T15:18:27.317] [INFO] app - 05359a79-9b91-4e0d-97ed-6c96e4eb1c82 - INFO - List node - Success retrieving  data - ahmed.shalaby@cyshield.com
[2022-04-03T15:18:44.891] [INFO] app - 47b2108c-7472-4331-b2bd-6e97e7b29654 - INFO - List node - Success retrieving  data - ahmed.shalaby@cyshield.com
[2022-04-03T15:18:45.596] [INFO] app - 5016f8e1-60fb-4296-ae5b-448d51eff247 - INFO - List node - Success retrieving  data - ahmed.shalaby@cyshield.com
[2022-04-03T15:18:56.751] [INFO] app - fd602bfb-be42-4d6d-9c90-0536c276449f - INFO - List node - Success retrieving  data - ahmed.shalaby@cyshield.com
[2022-04-03T15:19:52.755] [INFO] app - db1ec6a0-6e88-4294-8d8e-1e6367bf5ea7 - INFO - List node - Success retrieving  data - ahmed.shalaby@cyshield.com
[2022-04-03T15:19:56.108] [INFO] app - c1319c28-dcba-451b-8f63-cc12db509a92 - INFO - List node - Success retrieving  data - ahmed.shalaby@cyshield.com
[2022-04-03T15:20:43.573] [INFO] app - a39d9dd9-5e1b-408b-b119-6ccd587c0207 - INFO - List node - Success retrieving  data - ahmed.shalaby@cyshield.com
[2022-04-03T15:20:44.107] [INFO] app - d331167a-9a68-4cd7-b7a1-1e6d0e843cc3 - INFO - List node - Success retrieving  data - ahmed.shalaby@cyshield.com
[2022-04-03T15:20:54.380] [INFO] app - 2b81da33-25d2-4254-9da5-86e6ad3d3ef1 - INFO - List node - Success retrieving  data - ahmed.shalaby@cyshield.com
[2022-04-03T15:21:11.357] [INFO] app - 8b1081c0-8baa-44e4-97c9-89215d3ce1ad - INFO - List node - Success retrieving  data - ahmed.shalaby@cyshield.com
[2022-04-03T15:21:18.904] [INFO] app - 49612fbd-36eb-4a7c-bb26-62d9db0272ff - INFO - List node - Success retrieving  data - ahmed.shalaby@cyshield.com
[2022-04-03T15:22:12.541] [INFO] app - 05655de4-7852-467f-8b71-be521845d482 - INFO - List node - Success retrieving  data - ahmed.shalaby@cyshield.com
[2022-04-03T15:22:43.996] [INFO] app - 8414008c-d4ed-4542-8c55-16662f52c87c - INFO - List node - Success retrieving  data - ahmed.shalaby@cyshield.com
[2022-04-03T15:22:52.671] [INFO] app - 811d26cd-71a0-4092-9ebd-a74edec6d1a7 - INFO - List node - Success retrieving  data - ahmed.shalaby@cyshield.com
[2022-04-03T15:23:10.731] [INFO] app - 27e92336-d127-4f8c-b343-e30f840228d7 - INFO - List node - Success retrieving  data - ahmed.shalaby@cyshield.com
[2022-04-03T15:25:06.769] [INFO] app - ecdf4215-2a0d-498e-a4d7-0fbff14ba697 - INFO - List node - Success retrieving  data - ahmed.shalaby@cyshield.com
[2022-04-03T15:25:20.092] [INFO] app - 8a2b88ea-2ec9-4627-b2d4-336b39a58b79 - INFO - List node - Success retrieving  data - ahmed.shalaby@cyshield.com
[2022-04-03T15:25:20.945] [INFO] app - 966cb4a2-d8f0-4a51-92a4-4f9155a8ce0f - INFO - List node - Success retrieving  data - ahmed.shalaby@cyshield.com
[2022-04-03T15:27:08.973] [INFO] app - 27dc4f36-1c20-4be8-ac00-e3a4a4de0ea5 - INFO - List node - Success retrieving  data - ahmed.shalaby@cyshield.com
[2022-04-03T15:27:26.916] [INFO] app - bac35054-4424-4329-a20b-7be25553ac0c - INFO - List node - Success retrieving  data - ahmed.shalaby@cyshield.com
[2022-04-03T15:27:27.584] [INFO] app - 9b9f8e62-ad80-4762-8a8a-438523ea1cd1 - INFO - List node - Success retrieving  data - ahmed.shalaby@cyshield.com
[2022-04-03T15:27:39.169] [INFO] app - ff0f374b-71ad-414f-bfe9-8300911a24f8 - INFO - List node - Success retrieving  data - ahmed.shalaby@cyshield.com
[2022-04-03T15:27:45.581] [INFO] app - dcf9d6d1-6f6c-4f8a-a27f-e70a2cc73755 - INFO - List node - Success retrieving  data - ahmed.shalaby@cyshield.com
[2022-04-03T15:28:07.221] [INFO] app - 6bfb22ab-c81a-4a42-9975-78639b19e3d9 - INFO - List node - Success retrieving  data - ahmed.shalaby@cyshield.com
[2022-04-03T15:28:10.986] [INFO] app - d527f45a-2eb1-484a-88c8-d0fde743a7fd - INFO - List node - Success retrieving  data - ahmed.shalaby@cyshield.com
[2022-04-03T15:28:21.549] [INFO] app - b47ad35f-b3ce-4ccb-9337-9050c2de5010 - INFO - List node - Success retrieving  data - ahmed.shalaby@cyshield.com
[2022-04-03T15:28:27.333] [INFO] app - 6937881e-a8b1-42d0-9fe6-5e25c970b3e0 - INFO - List node - Success retrieving  data - ahmed.shalaby@cyshield.com
[2022-04-03T15:28:39.603] [INFO] app - 56f14ebf-c2dc-4fcb-a7d6-96df33710eb4 - INFO - List node - Success retrieving  data - ahmed.shalaby@cyshield.com
[2022-04-03T15:28:55.158] [INFO] app - 9750a56b-2a60-4141-a16a-514624100b44 - INFO - List node - Success retrieving  data - ahmed.shalaby@cyshield.com
[2022-04-03T15:29:24.349] [INFO] app - ef7d6284-1ea2-4d10-930e-d797f5b4af72 - INFO - List node - Success retrieving  data - ahmed.shalaby@cyshield.com
[2022-04-03T15:29:42.192] [INFO] app - 049c63a3-68bf-4cda-9775-21b4d20f99a0 - INFO - List node - Success retrieving  data - ahmed.shalaby@cyshield.com
[2022-04-03T15:29:51.844] [INFO] app - a402c7fb-191b-4ff6-b176-094e682bc920 - INFO - List node - Success retrieving  data - ahmed.shalaby@cyshield.com
[2022-04-03T15:30:10.709] [INFO] app - dcbcb0c8-dcb9-483b-86da-829540df1afd - INFO - List node - Success retrieving  data - ahmed.shalaby@cyshield.com
[2022-04-03T15:32:00.229] [INFO] app - 4e7751ef-4b65-485c-8302-6247fda8be51 - INFO - List node - Success retrieving  data - ahmed.shalaby@cyshield.com
[2022-04-03T15:32:13.051] [INFO] app - 6261d101-c808-477b-bb00-a366e783c4fc - INFO - List node - Success retrieving  data - ahmed.shalaby@cyshield.com
[2022-04-03T15:32:51.736] [INFO] app - 6d205115-0e72-4037-a3bd-6a99bacfba32 - INFO - List node - Success retrieving  data - ahmed.shalaby@cyshield.com
[2022-04-03T15:32:58.198] [INFO] app - 9db576b9-b5be-4e84-a3b1-3acdc6d6bbdd - INFO - List node - Success retrieving  data - ahmed.shalaby@cyshield.com
[2022-04-03T15:33:10.469] [INFO] app - 1efb3b25-0009-4b67-9a2f-c7a4f5c159ef - INFO - List node - Success retrieving  data - ahmed.shalaby@cyshield.com
[2022-04-03T15:33:39.537] [INFO] app - 82aa98f6-e53b-482f-bb54-09de9abc9788 - INFO - List node - Success retrieving  data - ahmed.shalaby@cyshield.com
[2022-04-03T15:33:53.839] [INFO] app - 58ae5361-dc14-4a06-9240-7735027236e1 - INFO - List node - Success retrieving  data - ahmed.shalaby@cyshield.com
[2022-04-03T15:34:01.002] [INFO] app - 2d6b0e68-9992-491d-8bbb-acbcaa943761 - INFO - List node - Success retrieving  data - ahmed.shalaby@cyshield.com
[2022-04-03T15:34:09.191] [INFO] app - 62926274-604c-46c9-93fc-805f34f597f2 - INFO - List node - Success retrieving  data - ahmed.shalaby@cyshield.com
[2022-04-03T15:34:23.523] [INFO] app - ec2b6f6e-53a8-4ae9-8d4a-4d3a4ec52dc7 - INFO - List node - Success retrieving  data - ahmed.shalaby@cyshield.com
[2022-04-03T15:34:35.015] [INFO] app - 165d892b-9264-4cc1-accc-07e61f6c7751 - INFO - List node - Success retrieving  data - ahmed.shalaby@cyshield.com
[2022-04-03T15:34:49.368] [INFO] app - c6158754-dfbb-4fea-95ba-0d3d3e76049b - INFO - List node - Success retrieving  data - ahmed.shalaby@cyshield.com
[2022-04-03T15:34:57.694] [INFO] app - 30f63924-b3fa-410f-8392-75ba19baa776 - INFO - List node - Success retrieving  data - ahmed.shalaby@cyshield.com
[2022-04-03T15:35:11.894] [INFO] app - ea39da7a-be64-4227-8bb6-5f005b90d05a - INFO - List node - Success retrieving  data - ahmed.shalaby@cyshield.com
[2022-04-03T15:35:15.810] [INFO] app - e18e7869-8d21-4d91-98ff-797b55683519 - INFO - List node - Success retrieving  data - ahmed.shalaby@cyshield.com
[2022-04-03T15:35:20.497] [INFO] app - 135263c9-d637-421d-b6b3-1aff6a75cdf7 - INFO - List node - Success retrieving  data - ahmed.shalaby@cyshield.com
[2022-04-03T15:36:01.327] [INFO] app - 5daf1282-0a3b-4300-bd0e-8cbe64101275 - INFO - List node - Success retrieving  data - ahmed.shalaby@cyshield.com
[2022-04-03T15:36:59.396] [INFO] app - 232bf672-cc9a-41fd-8dac-09058f2d8123 - INFO - List node - Success retrieving  data - ahmed.shalaby@cyshield.com
