[2022-02-14T12:11:35.424] [TRACE] app - aa902e1b-6298-4ba5-b390-91f312d4f609 - inbound request - executing the create query
[2022-02-14T12:11:35.425] [TRACE] app - aa902e1b-6298-4ba5-b390-91f312d4f609 - inbound request - send a response
[2022-02-14T12:12:37.905] [TRACE] app - 7634fb09-419e-46c2-825c-a40898623475 - ERROR - inbound request - email already exists!
[2022-02-14T12:14:52.797] [TRACE] app - c0706d02-e112-4937-9466-7326f1fc2d6e - inbound request - executing the create query
[2022-02-14T12:14:52.798] [TRACE] app - c0706d02-e112-4937-9466-7326f1fc2d6e - inbound request - send a response
[2022-02-14T12:15:46.997] [TRACE] app - f3091658-ccf1-43ca-95f8-ab77bc5237f6 - inbound request - executing the create query
[2022-02-14T12:15:46.998] [TRACE] app - f3091658-ccf1-43ca-95f8-ab77bc5237f6 - inbound request - send a response
[2022-02-14T12:16:32.421] [TRACE] app - d037f5fc-25c1-42d8-bf72-913aeb25e80e - ERROR - inbound request - email already exists!
[2022-02-14T12:18:34.971] [TRACE] app - 166470af-b212-40c2-9b2b-12c78c48b466 - ERROR - inbound request - email already exists!
[2022-02-14T12:18:55.563] [TRACE] app - 74814784-0f3c-4613-a4b7-c348c74feae8 - ERROR - inbound request - email already exists!
[2022-02-14T12:19:35.828] [TRACE] app - 2a00b825-74ec-40da-a10c-94fe283c7223 - ERROR - inbound request - email already exists!
[2022-02-14T12:21:59.512] [TRACE] app - 3b8d26da-598e-4dc9-9a43-9714b29f336c - ERROR - inbound request - email already exists!
[2022-02-14T12:23:12.343] [TRACE] app - 7068a98b-bafe-4af6-97eb-c6c7aeb7b322 - ERROR - inbound request - email already exists!
[2022-02-14T12:25:53.537] [TRACE] app - 709ffb85-3505-402b-8d9a-3eb3ab5f956f - ERROR - inbound request - email already exists!
[2022-02-14T12:30:41.263] [TRACE] app - 9a2b4a25-69a2-49eb-ba05-4896dd4d562e - ERROR - inbound request - email already exists!
[2022-02-14T12:34:19.717] [TRACE] app - 091f46a6-eda1-4d8e-a3ed-f2808c58d647 - ERROR - inbound request - email already exists!
[2022-02-14T12:35:36.640] [TRACE] app - f9bfe980-58c9-4bcf-9b62-e3f05f6d774a - inbound request - executing the create query
[2022-02-14T12:35:36.641] [TRACE] app - f9bfe980-58c9-4bcf-9b62-e3f05f6d774a - inbound request - send a response
[2022-02-14T12:36:27.687] [TRACE] app - ce20c5fd-11d4-4833-9b44-c5c9e067e432 - ERROR - inbound request - email already exists!
[2022-02-14T12:37:02.910] [TRACE] app - 2aa1c345-99d1-4c19-8508-2ef33608222e - ERROR - inbound request - email already exists!
[2022-02-14T12:39:05.803] [TRACE] app - f82cc22a-4e62-4235-8517-e6010d3a8c30 - ERROR - inbound request - email already exists!
[2022-02-14T12:39:44.337] [TRACE] app - 0ab30c41-03ab-4d50-b40b-c2e9e4e5067a - ERROR - inbound request - email already exists!
[2022-02-14T12:39:54.272] [TRACE] app - 1631d1d8-c8ff-493b-bf7b-132480fc915e - inbound request - executing the create query
[2022-02-14T12:39:54.272] [TRACE] app - 1631d1d8-c8ff-493b-bf7b-132480fc915e - inbound request - send a response
[2022-02-14T12:40:08.784] [TRACE] app - e504da8c-ec0c-45df-8f21-c4d985579cdd - inbound request - executing the create query
[2022-02-14T12:40:08.784] [TRACE] app - e504da8c-ec0c-45df-8f21-c4d985579cdd - inbound request - send a response
[2022-02-14T12:40:16.779] [TRACE] app - 2442d56d-48a7-42fd-9b7a-d93847bd8c4d - ERROR - inbound request - TypeError: Cannot read properties of null (reading 'length')
[2022-02-14T12:41:20.653] [TRACE] app - 8cfb37a2-1e03-4905-aeeb-93fae895bec0 - ERROR - inbound request - email already exists!
[2022-02-14T12:43:07.690] [TRACE] app - bccbbe89-b137-4d13-a233-2647a61a5521 - ERROR - inbound request - email already exists!
[2022-02-14T12:44:41.549] [TRACE] app - d37c2986-31ff-433c-91bf-004a82634c1f - ERROR - inbound request - email already exists!
[2022-02-14T12:45:18.126] [TRACE] app - f761f7a7-9f50-4041-a40b-dac0885f9a0d - ERROR - inbound request - email already exists!
[2022-02-14T12:45:28.020] [TRACE] app - 0e964922-d168-4a33-8327-122a612c2a73 - inbound request - executing the create query
[2022-02-14T12:45:28.020] [TRACE] app - 0e964922-d168-4a33-8327-122a612c2a73 - inbound request - send a response
[2022-02-14T12:45:52.660] [TRACE] app - 42ac144c-0b0a-414a-bd78-1369388d6651 - inbound request - executing the create query
[2022-02-14T12:45:52.660] [TRACE] app - 42ac144c-0b0a-414a-bd78-1369388d6651 - inbound request - send a response
[2022-02-14T12:46:03.131] [TRACE] app - f85a51db-512b-4411-95b8-3c5f7683497a - inbound request - query with 4ee6c9f5-9b13-4fc0-a4fc-b2182029c18b
[2022-02-14T12:46:03.140] [TRACE] app - 35422596-46df-4dda-b8b3-017b04ba6cd4 - inbound request - query with 4ee6c9f5-9b13-4fc0-a4fc-b2182029c18b
[2022-02-14T12:46:03.205] [TRACE] app - 35422596-46df-4dda-b8b3-017b04ba6cd4 - inbound request - check data length
[2022-02-14T12:46:03.205] [TRACE] app - 35422596-46df-4dda-b8b3-017b04ba6cd4 - inbound request - send a response
[2022-02-14T12:46:03.208] [TRACE] app - f85a51db-512b-4411-95b8-3c5f7683497a - inbound request - check data length
[2022-02-14T12:46:03.209] [TRACE] app - f85a51db-512b-4411-95b8-3c5f7683497a - inbound request - send a response
[2022-02-14T12:46:38.015] [TRACE] app - 5a2be3e2-2dc3-426b-9a60-c9e936300be1 - ERROR - inbound request - TypeError: Cannot read properties of null (reading 'length')
[2022-02-14T12:46:39.024] [TRACE] app - 8d969011-73d5-430b-ba93-5d6d82a50a62 - ERROR - inbound request - TypeError: Cannot read properties of null (reading 'length')
[2022-02-14T12:46:39.931] [TRACE] app - a0adbb71-e7f2-412b-be29-eb7b7bd3a2b8 - ERROR - inbound request - email already exists!
[2022-02-14T12:46:40.301] [TRACE] app - 880a1b53-9575-4fd6-bde2-bde578185edc - ERROR - inbound request - email already exists!
[2022-02-14T12:46:45.999] [TRACE] app - dfc030e9-3cc1-43b4-af17-ebdc4e6a9ae3 - ERROR - inbound request - email already exists!
[2022-02-14T12:46:46.773] [TRACE] app - eb52dd3e-c4e6-4389-bae0-4e1c514e67c4 - ERROR - inbound request - email already exists!
[2022-02-14T12:46:46.951] [TRACE] app - a78fe671-d7c0-4b48-a4f0-eb9921896611 - ERROR - inbound request - email already exists!
[2022-02-14T12:46:55.883] [TRACE] app - a2ab06d3-9d15-4c13-ba13-dafec5c8f4e7 - inbound request - query with 4ee6c9f5-9b13-4fc0-a4fc-b2182029c18b
[2022-02-14T12:46:55.890] [TRACE] app - 77cb3379-285e-446d-93e7-ff8ae8260946 - inbound request - query with 4ee6c9f5-9b13-4fc0-a4fc-b2182029c18b
[2022-02-14T12:46:55.896] [TRACE] app - a2ab06d3-9d15-4c13-ba13-dafec5c8f4e7 - inbound request - check data length
[2022-02-14T12:46:55.896] [TRACE] app - a2ab06d3-9d15-4c13-ba13-dafec5c8f4e7 - inbound request - send a response
[2022-02-14T12:46:55.899] [TRACE] app - 77cb3379-285e-446d-93e7-ff8ae8260946 - inbound request - check data length
[2022-02-14T12:46:55.899] [TRACE] app - 77cb3379-285e-446d-93e7-ff8ae8260946 - inbound request - send a response
[2022-02-14T12:47:22.907] [TRACE] app - bcdf5e21-7b4b-45c6-bf55-6d419fbafc44 - ERROR - inbound request - email already exists!
[2022-02-14T12:47:26.260] [TRACE] app - 3e8539f6-e294-4b88-936d-154133353c60 - ERROR - inbound request - email already exists!
[2022-02-14T12:47:30.238] [TRACE] app - cc6d76ce-bdba-4999-897b-17916f990db0 - inbound request - executing the create query
[2022-02-14T12:47:30.238] [TRACE] app - cc6d76ce-bdba-4999-897b-17916f990db0 - inbound request - send a response
[2022-02-14T12:47:36.092] [TRACE] app - 8cdd06e0-7fcb-485b-b4a1-2f7e441ace51 - inbound request - query with 9d46e792-0c98-4e35-8f5a-00c62ec27d27
[2022-02-14T12:47:36.099] [TRACE] app - 8cdd06e0-7fcb-485b-b4a1-2f7e441ace51 - inbound request - check data length
[2022-02-14T12:47:36.099] [TRACE] app - 8cdd06e0-7fcb-485b-b4a1-2f7e441ace51 - inbound request - send a response
[2022-02-14T12:51:33.171] [TRACE] app - 576ad6dd-7843-4fb3-b10c-afc40827e8bd - inbound request - executing the create query
[2022-02-14T12:51:33.171] [TRACE] app - 576ad6dd-7843-4fb3-b10c-afc40827e8bd - inbound request - send a response
