[2022-02-08T18:17:15.441] [TRACE] app - 31d392ca-14ef-4579-9be9-4dc93504049f - inbound request - executing the create query
[2022-02-08T18:17:15.443] [TRACE] app - 31d392ca-14ef-4579-9be9-4dc93504049f - inbound request - send a response
[2022-02-08T18:20:27.664] [TRACE] app - f94c2753-ec72-4a64-9db5-aca72c6607d6 - inbound request - executing the create query
[2022-02-08T18:20:27.665] [TRACE] app - f94c2753-ec72-4a64-9db5-aca72c6607d6 - inbound request - send a response
[2022-02-08T18:20:32.974] [TRACE] app - def137d8-d161-4154-81a0-4c38d32219ab - inbound request - query with 7fa099c2-d54a-4be9-a63a-e75ecf7dff7f
[2022-02-08T18:20:32.985] [TRACE] app - 1691d4a3-8737-46a4-94a5-cc3f3d39110b - inbound request - query with 7fa099c2-d54a-4be9-a63a-e75ecf7dff7f
[2022-02-08T18:20:32.993] [TRACE] app - def137d8-d161-4154-81a0-4c38d32219ab - inbound request - check data length
[2022-02-08T18:20:32.993] [TRACE] app - def137d8-d161-4154-81a0-4c38d32219ab - inbound request - send a response
[2022-02-08T18:20:32.997] [TRACE] app - 1691d4a3-8737-46a4-94a5-cc3f3d39110b - inbound request - check data length
[2022-02-08T18:20:32.998] [TRACE] app - 1691d4a3-8737-46a4-94a5-cc3f3d39110b - inbound request - send a response
[2022-02-08T18:20:34.960] [TRACE] app - aa6b7e4e-de79-4ae9-86cc-fe47540416c5 - inbound request - query with 7fa099c2-d54a-4be9-a63a-e75ecf7dff7f
[2022-02-08T18:20:34.969] [TRACE] app - aa6b7e4e-de79-4ae9-86cc-fe47540416c5 - inbound request - check data length
[2022-02-08T18:20:34.969] [TRACE] app - aa6b7e4e-de79-4ae9-86cc-fe47540416c5 - inbound request - send a response
[2022-02-08T18:20:34.975] [TRACE] app - f8b16d1d-d9b4-441d-a769-96807a18861d - inbound request - query with 7fa099c2-d54a-4be9-a63a-e75ecf7dff7f
[2022-02-08T18:20:34.989] [TRACE] app - f8b16d1d-d9b4-441d-a769-96807a18861d - inbound request - check data length
[2022-02-08T18:20:34.989] [TRACE] app - f8b16d1d-d9b4-441d-a769-96807a18861d - inbound request - send a response
[2022-02-08T18:20:35.124] [TRACE] app - 552b4131-93fb-491a-8ba4-870a324cd05d - inbound request - query with 7fa099c2-d54a-4be9-a63a-e75ecf7dff7f
[2022-02-08T18:20:35.132] [TRACE] app - 552b4131-93fb-491a-8ba4-870a324cd05d - inbound request - check data length
[2022-02-08T18:20:35.132] [TRACE] app - 552b4131-93fb-491a-8ba4-870a324cd05d - inbound request - send a response
[2022-02-08T18:20:35.135] [TRACE] app - b4ff1dc4-8d6a-42c0-a612-3042a331afe4 - inbound request - query with 7fa099c2-d54a-4be9-a63a-e75ecf7dff7f
[2022-02-08T18:20:35.146] [TRACE] app - b4ff1dc4-8d6a-42c0-a612-3042a331afe4 - inbound request - check data length
[2022-02-08T18:20:35.146] [TRACE] app - b4ff1dc4-8d6a-42c0-a612-3042a331afe4 - inbound request - send a response
[2022-02-08T18:31:28.159] [TRACE] app - 790928b9-b328-4edf-bac4-177dcb3eb490 - inbound request - executing the create query
[2022-02-08T18:31:28.159] [TRACE] app - 790928b9-b328-4edf-bac4-177dcb3eb490 - inbound request - send a response
[2022-02-08T18:32:09.801] [TRACE] app - e34b4117-6536-4700-8e9f-af01c905efaa - inbound request - executing the create query
[2022-02-08T18:32:09.801] [TRACE] app - e34b4117-6536-4700-8e9f-af01c905efaa - inbound request - send a response
[2022-02-08T18:33:02.311] [TRACE] app - d5adcebb-7069-4f4c-a90a-b4874b37c197 - inbound request - executing the create query
[2022-02-08T18:33:02.312] [TRACE] app - d5adcebb-7069-4f4c-a90a-b4874b37c197 - inbound request - send a response
[2022-02-08T18:33:51.346] [TRACE] app - e3042f8b-d6e4-44c3-b033-075cd0c0d304 - inbound request - executing the create query
[2022-02-08T18:33:51.346] [TRACE] app - e3042f8b-d6e4-44c3-b033-075cd0c0d304 - inbound request - send a response
[2022-02-08T18:34:24.766] [TRACE] app - e9834d77-9ea3-4fa2-bb46-293f28208921 - inbound request - executing the create query
[2022-02-08T18:34:24.766] [TRACE] app - e9834d77-9ea3-4fa2-bb46-293f28208921 - inbound request - send a response
[2022-02-08T18:35:21.519] [TRACE] app - c4dd014a-2664-4595-a046-7d0c54d85f79 - inbound request - executing the create query
[2022-02-08T18:35:21.520] [TRACE] app - c4dd014a-2664-4595-a046-7d0c54d85f79 - inbound request - send a response
[2022-02-08T18:35:58.812] [TRACE] app - 085ab24a-277f-479d-b1cd-7d6994a1aee2 - inbound request - executing the create query
[2022-02-08T18:35:58.813] [TRACE] app - 085ab24a-277f-479d-b1cd-7d6994a1aee2 - inbound request - send a response
[2022-02-08T18:36:42.578] [TRACE] app - eb976510-2329-4d86-a67f-b77a0f1883ae - inbound request - executing the create query
[2022-02-08T18:36:42.578] [TRACE] app - eb976510-2329-4d86-a67f-b77a0f1883ae - inbound request - send a response
[2022-02-08T18:36:52.349] [TRACE] app - d24078b3-d83a-45de-b1ad-0cfe8888bb12 - inbound request - executing the create query
[2022-02-08T18:36:52.349] [TRACE] app - d24078b3-d83a-45de-b1ad-0cfe8888bb12 - inbound request - send a response
[2022-02-08T18:37:35.208] [TRACE] app - 0164ecaa-1138-4e7f-a165-792576197699 - inbound request - executing the create query
[2022-02-08T18:37:35.208] [TRACE] app - 0164ecaa-1138-4e7f-a165-792576197699 - inbound request - send a response
[2022-02-08T18:38:40.995] [TRACE] app - f0226a31-085c-4ab1-92c0-34c9ca9619ef - inbound request - executing the create query
[2022-02-08T18:38:40.995] [TRACE] app - f0226a31-085c-4ab1-92c0-34c9ca9619ef - inbound request - send a response
[2022-02-08T23:27:34.549] [TRACE] app - dbd5681d-c7b2-4289-81d3-e68f225120b3 - inbound request - executing the create query
[2022-02-08T23:27:34.549] [TRACE] app - dbd5681d-c7b2-4289-81d3-e68f225120b3 - inbound request - send a response
[2022-02-08T23:27:38.106] [TRACE] app - c3548d64-e4f6-48f1-ae91-82d56afccb5e - inbound request - query with 6c8336c8-497c-4bdd-90ca-4a9778b164e5
[2022-02-08T23:27:38.119] [TRACE] app - c3548d64-e4f6-48f1-ae91-82d56afccb5e - inbound request - check data length
[2022-02-08T23:27:38.119] [TRACE] app - c3548d64-e4f6-48f1-ae91-82d56afccb5e - inbound request - send a response
[2022-02-08T23:27:41.816] [TRACE] app - 6aca95c0-038f-4d3a-b695-0e3645cd8c41 - inbound request - query with 6c8336c8-497c-4bdd-90ca-4a9778b164e5
[2022-02-08T23:27:41.834] [TRACE] app - 6aca95c0-038f-4d3a-b695-0e3645cd8c41 - inbound request - check data length
[2022-02-08T23:27:41.834] [TRACE] app - 6aca95c0-038f-4d3a-b695-0e3645cd8c41 - inbound request - send a response
[2022-02-08T23:29:38.737] [TRACE] app - 950c47eb-dee0-4c18-aa65-113d55d421a2 - inbound request - executing the create query
[2022-02-08T23:29:38.738] [TRACE] app - 950c47eb-dee0-4c18-aa65-113d55d421a2 - inbound request - send a response
[2022-02-08T23:34:38.934] [TRACE] app - c2fe31be-002d-4d4e-bdf7-169c8cb96435 - inbound request - executing the create query
[2022-02-08T23:34:38.934] [TRACE] app - c2fe31be-002d-4d4e-bdf7-169c8cb96435 - inbound request - send a response
[2022-02-08T23:34:42.869] [TRACE] app - c459a389-a169-46c8-8024-75e0bb97d7db - inbound request - query with 0901653c-46d5-4892-9ad2-821a4dc49d64
[2022-02-08T23:34:42.902] [TRACE] app - 25295298-a29c-42e3-94f1-3267ce1450fe - inbound request - query with 0901653c-46d5-4892-9ad2-821a4dc49d64
[2022-02-08T23:34:42.928] [TRACE] app - c459a389-a169-46c8-8024-75e0bb97d7db - inbound request - check data length
[2022-02-08T23:34:42.928] [TRACE] app - c459a389-a169-46c8-8024-75e0bb97d7db - inbound request - send a response
[2022-02-08T23:34:42.941] [TRACE] app - 25295298-a29c-42e3-94f1-3267ce1450fe - inbound request - check data length
[2022-02-08T23:34:42.941] [TRACE] app - 25295298-a29c-42e3-94f1-3267ce1450fe - inbound request - send a response
[2022-02-08T23:34:45.437] [TRACE] app - fac0bd08-33a6-44ba-9f18-2c5055a1c3b7 - inbound request - query with 0901653c-46d5-4892-9ad2-821a4dc49d64
[2022-02-08T23:34:45.469] [TRACE] app - acb515a7-fdc4-4f7f-9d12-d3499a519050 - inbound request - query with 0901653c-46d5-4892-9ad2-821a4dc49d64
[2022-02-08T23:34:45.497] [TRACE] app - fac0bd08-33a6-44ba-9f18-2c5055a1c3b7 - inbound request - check data length
[2022-02-08T23:34:45.497] [TRACE] app - fac0bd08-33a6-44ba-9f18-2c5055a1c3b7 - inbound request - send a response
[2022-02-08T23:34:45.508] [TRACE] app - acb515a7-fdc4-4f7f-9d12-d3499a519050 - inbound request - check data length
[2022-02-08T23:34:45.508] [TRACE] app - acb515a7-fdc4-4f7f-9d12-d3499a519050 - inbound request - send a response
[2022-02-08T23:35:20.966] [TRACE] app - 47a88b1f-d896-4ea6-a2cb-f9d61cbffb4a - inbound request - executing the create query
[2022-02-08T23:35:20.967] [TRACE] app - 47a88b1f-d896-4ea6-a2cb-f9d61cbffb4a - inbound request - send a response
[2022-02-08T23:36:03.450] [TRACE] app - ee395338-a91a-4baf-949e-bfd891513334 - inbound request - executing the create query
[2022-02-08T23:36:03.451] [TRACE] app - ee395338-a91a-4baf-949e-bfd891513334 - inbound request - send a response
[2022-02-08T23:36:06.474] [TRACE] app - b495907e-2c0d-4735-8973-801dda4d362c - inbound request - query with e147a547-7846-4c18-8d7f-12e4f44ad19d
[2022-02-08T23:36:06.491] [TRACE] app - b495907e-2c0d-4735-8973-801dda4d362c - inbound request - check data length
[2022-02-08T23:36:06.491] [TRACE] app - b495907e-2c0d-4735-8973-801dda4d362c - inbound request - send a response
[2022-02-08T23:43:39.229] [TRACE] app - a5dca2b8-cbfc-4f65-a3af-defd3db3fa7c - inbound request - executing the create query
[2022-02-08T23:43:39.229] [TRACE] app - a5dca2b8-cbfc-4f65-a3af-defd3db3fa7c - inbound request - send a response
[2022-02-08T23:43:42.697] [TRACE] app - a0aef6c7-90a2-4004-9b1b-d24e2e43d0bc - inbound request - query with d4608a6b-1439-480d-8925-a83eb8e79561
[2022-02-08T23:43:42.714] [TRACE] app - 4ad45117-bdca-4ecd-97da-84e497bff58c - inbound request - query with d4608a6b-1439-480d-8925-a83eb8e79561
[2022-02-08T23:43:42.735] [TRACE] app - a0aef6c7-90a2-4004-9b1b-d24e2e43d0bc - inbound request - check data length
[2022-02-08T23:43:42.735] [TRACE] app - a0aef6c7-90a2-4004-9b1b-d24e2e43d0bc - inbound request - send a response
[2022-02-08T23:43:42.742] [TRACE] app - 4ad45117-bdca-4ecd-97da-84e497bff58c - inbound request - check data length
[2022-02-08T23:43:42.742] [TRACE] app - 4ad45117-bdca-4ecd-97da-84e497bff58c - inbound request - send a response
[2022-02-08T23:45:24.828] [TRACE] app - 1a39c68d-cd09-4476-9749-d6430f0ca11f - inbound request - executing the create query
[2022-02-08T23:45:24.828] [TRACE] app - 1a39c68d-cd09-4476-9749-d6430f0ca11f - inbound request - send a response
[2022-02-08T23:45:28.866] [TRACE] app - 345a8199-5707-4203-be3b-0ce3a48eac08 - inbound request - query with 90c67c91-b93e-4b2a-ab11-51a3506fa034
[2022-02-08T23:45:28.874] [TRACE] app - cd9566b2-982d-4307-8a12-be9fec186a82 - inbound request - query with 90c67c91-b93e-4b2a-ab11-51a3506fa034
[2022-02-08T23:45:28.883] [TRACE] app - 345a8199-5707-4203-be3b-0ce3a48eac08 - inbound request - check data length
[2022-02-08T23:45:28.883] [TRACE] app - 345a8199-5707-4203-be3b-0ce3a48eac08 - inbound request - send a response
[2022-02-08T23:45:28.887] [TRACE] app - cd9566b2-982d-4307-8a12-be9fec186a82 - inbound request - check data length
[2022-02-08T23:45:28.887] [TRACE] app - cd9566b2-982d-4307-8a12-be9fec186a82 - inbound request - send a response
[2022-02-08T23:45:57.389] [TRACE] app - e4d4b927-8981-4fc7-a554-d77c17fcc7f4 - inbound request - executing the create query
[2022-02-08T23:45:57.389] [TRACE] app - e4d4b927-8981-4fc7-a554-d77c17fcc7f4 - inbound request - send a response
[2022-02-08T23:46:02.675] [TRACE] app - 02e15050-8168-4367-b79e-302d6be92894 - inbound request - query with a513a3a4-ccbf-49b3-9883-35a24015821e
[2022-02-08T23:46:02.687] [TRACE] app - 03b2c782-6b6f-49a2-878a-4b0bd1bbd440 - inbound request - query with a513a3a4-ccbf-49b3-9883-35a24015821e
[2022-02-08T23:46:02.694] [TRACE] app - 02e15050-8168-4367-b79e-302d6be92894 - inbound request - check data length
[2022-02-08T23:46:02.694] [TRACE] app - 02e15050-8168-4367-b79e-302d6be92894 - inbound request - send a response
[2022-02-08T23:46:02.702] [TRACE] app - 03b2c782-6b6f-49a2-878a-4b0bd1bbd440 - inbound request - check data length
[2022-02-08T23:46:02.702] [TRACE] app - 03b2c782-6b6f-49a2-878a-4b0bd1bbd440 - inbound request - send a response
[2022-02-08T23:46:57.964] [TRACE] app - 9616243d-d1cf-4438-bb02-7f89d598bcb2 - inbound request - executing the create query
[2022-02-08T23:46:57.964] [TRACE] app - 9616243d-d1cf-4438-bb02-7f89d598bcb2 - inbound request - send a response
[2022-02-08T23:47:01.929] [TRACE] app - c9490b31-1923-4f9b-832b-70e1b8d71ed4 - inbound request - query with 13c57dbd-3049-4f8e-b674-f13526bcca7e
[2022-02-08T23:47:01.960] [TRACE] app - 0ebfc848-27aa-48df-ab27-b8d131309793 - inbound request - query with 13c57dbd-3049-4f8e-b674-f13526bcca7e
[2022-02-08T23:47:01.979] [TRACE] app - c9490b31-1923-4f9b-832b-70e1b8d71ed4 - inbound request - check data length
[2022-02-08T23:47:01.979] [TRACE] app - c9490b31-1923-4f9b-832b-70e1b8d71ed4 - inbound request - send a response
[2022-02-08T23:47:01.987] [TRACE] app - 0ebfc848-27aa-48df-ab27-b8d131309793 - inbound request - check data length
[2022-02-08T23:47:01.987] [TRACE] app - 0ebfc848-27aa-48df-ab27-b8d131309793 - inbound request - send a response
[2022-02-08T23:47:28.960] [TRACE] app - 9b6eb719-fe54-4aca-a64a-9c75a5c8ddf2 - inbound request - executing the create query
[2022-02-08T23:47:28.960] [TRACE] app - 9b6eb719-fe54-4aca-a64a-9c75a5c8ddf2 - inbound request - send a response
[2022-02-08T23:47:31.780] [TRACE] app - 48c9d960-4ea4-43c2-82c3-7121677d61c5 - inbound request - query with 371c60fb-90d4-4a07-873b-7eb8eeea13c1
[2022-02-08T23:47:31.797] [TRACE] app - 48c9d960-4ea4-43c2-82c3-7121677d61c5 - inbound request - check data length
[2022-02-08T23:47:31.798] [TRACE] app - 48c9d960-4ea4-43c2-82c3-7121677d61c5 - inbound request - send a response
[2022-02-08T23:47:54.763] [TRACE] app - 895e77f6-48c9-4c1c-8f80-fa1d6ad33898 - inbound request - executing the create query
[2022-02-08T23:47:54.764] [TRACE] app - 895e77f6-48c9-4c1c-8f80-fa1d6ad33898 - inbound request - send a response
[2022-02-08T23:51:12.685] [TRACE] app - bfb165fe-5f3a-4bba-b1c5-909fa879973d - inbound request - executing the create query
[2022-02-08T23:51:12.685] [TRACE] app - bfb165fe-5f3a-4bba-b1c5-909fa879973d - inbound request - send a response
[2022-02-08T23:53:51.928] [TRACE] app - 729a5b27-18d9-40b3-806f-5d93d092186c - inbound request - executing the create query
[2022-02-08T23:53:51.928] [TRACE] app - 729a5b27-18d9-40b3-806f-5d93d092186c - inbound request - send a response
[2022-02-08T23:54:30.140] [TRACE] app - 00934ccc-9e9f-4cde-b015-e66512a2bce3 - inbound request - executing the create query
[2022-02-08T23:54:30.140] [TRACE] app - 00934ccc-9e9f-4cde-b015-e66512a2bce3 - inbound request - send a response
[2022-02-08T23:54:33.644] [TRACE] app - c8e54017-0f1b-4ec4-b74a-8151367aa9f1 - inbound request - query with d3405f2b-83d3-4e13-89a2-1ae85653bdf8
[2022-02-08T23:54:33.659] [TRACE] app - 49973071-6a7a-4ec5-8bb8-dd71d6e323a9 - inbound request - query with d3405f2b-83d3-4e13-89a2-1ae85653bdf8
[2022-02-08T23:54:33.675] [TRACE] app - c8e54017-0f1b-4ec4-b74a-8151367aa9f1 - inbound request - check data length
[2022-02-08T23:54:33.675] [TRACE] app - c8e54017-0f1b-4ec4-b74a-8151367aa9f1 - inbound request - send a response
[2022-02-08T23:54:33.679] [TRACE] app - 49973071-6a7a-4ec5-8bb8-dd71d6e323a9 - inbound request - check data length
[2022-02-08T23:54:33.679] [TRACE] app - 49973071-6a7a-4ec5-8bb8-dd71d6e323a9 - inbound request - send a response
[2022-02-08T23:54:55.981] [TRACE] app - e883c2ae-5a5e-4baa-a538-635878efb4a8 - inbound request - executing the create query
[2022-02-08T23:54:55.981] [TRACE] app - e883c2ae-5a5e-4baa-a538-635878efb4a8 - inbound request - send a response
[2022-02-08T23:54:59.589] [TRACE] app - 3f5a0e46-c480-499b-983a-10854239e137 - inbound request - query with 22d383f2-68d7-4cda-8602-f2e53ced9bce
[2022-02-08T23:54:59.606] [TRACE] app - 673ef90d-c07f-42af-b63a-107459a4d039 - inbound request - query with 22d383f2-68d7-4cda-8602-f2e53ced9bce
[2022-02-08T23:54:59.621] [TRACE] app - 3f5a0e46-c480-499b-983a-10854239e137 - inbound request - check data length
[2022-02-08T23:54:59.621] [TRACE] app - 3f5a0e46-c480-499b-983a-10854239e137 - inbound request - send a response
[2022-02-08T23:54:59.629] [TRACE] app - 673ef90d-c07f-42af-b63a-107459a4d039 - inbound request - check data length
[2022-02-08T23:54:59.629] [TRACE] app - 673ef90d-c07f-42af-b63a-107459a4d039 - inbound request - send a response
