[2022-03-09T14:07:29.704] [TRACE] app - 084facda-51a8-47ad-9b35-a456d31323f2 - TRACE - inbound request - create sensor group - Data is executing - 1
[2022-03-09T14:07:29.714] [ERROR] app - 084facda-51a8-47ad-9b35-a456d31323f2 - ERROR - inbound request - create sensor group - group_name is not defined - 1
[2022-03-09T14:10:31.697] [TRACE] app - 8eecc855-b674-4dd7-ae55-9a730772ee37 - TRACE - inbound request - create sensor group - Data is executing - 1
[2022-03-09T14:10:31.701] [ERROR] app - 8eecc855-b674-4dd7-ae55-9a730772ee37 - ERROR - inbound request - create sensor group - group_name is not defined - 1
[2022-03-09T14:11:36.323] [TRACE] app - a92a81a6-adcc-4854-9fdf-00260d1460d5 - TRACE - inbound request - create sensor group - Data is executing - 1
[2022-03-09T14:11:36.329] [ERROR] app - a92a81a6-adcc-4854-9fdf-00260d1460d5 - ERROR - inbound request - create sensor group - group_name is not defined - 1
[2022-03-09T14:12:13.667] [TRACE] app - 5b9fb567-984a-43cb-875d-a305f7efb6c5 - TRACE - inbound request - create sensor group - Data is executing - 1
[2022-03-09T14:12:13.671] [ERROR] app - 5b9fb567-984a-43cb-875d-a305f7efb6c5 - ERROR - inbound request - create sensor group - group_name is not defined - 1
[2022-03-09T14:12:39.855] [TRACE] app - e03597fd-e3ab-4536-8486-a48df3f60d46 - TRACE - inbound request - create sensor group - Data is executing - 1
[2022-03-09T14:12:39.859] [ERROR] app - e03597fd-e3ab-4536-8486-a48df3f60d46 - ERROR - inbound request - create sensor group - group_name is not defined - 1
[2022-03-09T14:13:53.592] [TRACE] app - 1c29cc71-211c-4529-a116-d691e2dc9fc7 - TRACE - inbound request - create sensor group - Data is executing - 1
[2022-03-09T14:13:53.786] [INFO] app - 1c29cc71-211c-4529-a116-d691e2dc9fc7 - INFO - inbound request - create sensor group - Success creating new data - 1
[2022-03-09T14:14:09.598] [TRACE] app - 9e7dff5b-b998-40c1-9d65-85831e111cef - TRACE - inbound request - create sensor group - Data is executing - 1
[2022-03-09T14:14:09.618] [ERROR] app - 9e7dff5b-b998-40c1-9d65-85831e111cef - ERROR - inbound request - create sensor group - responseList is not defined - 1
[2022-03-09T14:14:58.560] [TRACE] app - bec801b9-2889-4a68-9fda-b3c11919795c - TRACE - inbound request - create sensor group - Data is executing - 1
[2022-03-09T14:14:58.588] [ERROR] app - bec801b9-2889-4a68-9fda-b3c11919795c - ERROR - inbound request - create sensor group - undefined - 1
[2022-03-09T14:17:17.179] [TRACE] app - 8a0a3789-f341-4925-a531-f3a072dfb28b - TRACE - inbound request - create sensor group - Data is executing - 1
[2022-03-09T14:17:17.206] [ERROR] app - 8a0a3789-f341-4925-a531-f3a072dfb28b - ERROR - inbound request - create sensor group - undefined - 1
[2022-03-09T14:18:20.457] [TRACE] app - 85609ab7-893e-4154-966f-fd40b23ffa99 - TRACE - inbound request - create sensor group - Data is executing - 1
[2022-03-09T14:18:20.485] [ERROR] app - 85609ab7-893e-4154-966f-fd40b23ffa99 - ERROR - inbound request - create sensor group - already exists! - 1
[2022-03-09T14:19:58.311] [TRACE] app - 072a8a02-996d-4740-bd54-ce3d6a351d42 - TRACE - inbound request - create sensor group - Data is executing - 1
[2022-03-09T14:19:58.355] [ERROR] app - 072a8a02-996d-4740-bd54-ce3d6a351d42 - ERROR - inbound request - create sensor group - already exists! - 1
[2022-03-09T14:19:58.551] [INFO] app - 08841e0a-b7ed-44a8-aaf5-d0d22923cd95 - INFO - inbound request - list sensor - no data found - 1
[2022-03-09T14:21:36.032] [TRACE] app - bf7ea5d7-7689-4d34-aa1f-7418d5d77ce7 - TRACE - inbound request - create sensor group - Data is executing - 1
[2022-03-09T14:21:36.047] [INFO] app - 6a11322b-a150-4ddf-826e-a175397cda60 - INFO - inbound request - list sensor - no data found - 1
[2022-03-09T14:21:36.063] [ERROR] app - bf7ea5d7-7689-4d34-aa1f-7418d5d77ce7 - ERROR - inbound request - create sensor group - already exists! - 1
[2022-03-09T14:24:10.383] [TRACE] app - 33f87cfa-6576-47a8-aec4-412035752dd4 - TRACE - inbound request - create sensor group - Data is executing - 1
[2022-03-09T14:24:10.411] [ERROR] app - 33f87cfa-6576-47a8-aec4-412035752dd4 - ERROR - inbound request - create sensor group - already exists! - 1
[2022-03-09T14:24:28.121] [TRACE] app - d473e679-1069-4741-aa26-6f5eef0fba75 - TRACE - inbound request - create sensor group - Data is executing - 1
[2022-03-09T14:24:28.318] [INFO] app - d473e679-1069-4741-aa26-6f5eef0fba75 - INFO - inbound request - create sensor group - Success creating new data - 1
[2022-03-09T14:25:02.370] [TRACE] app - aecb4dc6-e03e-48fa-bd72-83d5dcf63a7f - TRACE - inbound request - create sensor group - Data is executing - 1
[2022-03-09T14:25:02.384] [ERROR] app - aecb4dc6-e03e-48fa-bd72-83d5dcf63a7f - ERROR - inbound request - create sensor group - already exists! - 1
[2022-03-09T14:25:35.014] [TRACE] app - 8b06b9d8-d478-4110-a35b-9ab9ac41d828 - TRACE - inbound request - create sensor group - Data is executing - 1
[2022-03-09T14:25:35.108] [ERROR] app - 8b06b9d8-d478-4110-a35b-9ab9ac41d828 - ERROR - inbound request - create sensor group - already exists! - 1
[2022-03-09T14:25:35.355] [INFO] app - 4da6d1a8-9321-4d88-ab3d-610c2bb99b31 - INFO - inbound request - list sensor - no data found - 1
[2022-03-09T14:26:12.204] [TRACE] app - f27520fc-7f29-4012-82f7-dd562f225573 - TRACE - inbound request - create sensor group - Data is executing - 1
[2022-03-09T14:26:12.213] [INFO] app - 2d61ba5b-e957-452f-8b49-2ad75d2cd15a - INFO - inbound request - list sensor - no data found - 1
[2022-03-09T14:26:12.223] [ERROR] app - f27520fc-7f29-4012-82f7-dd562f225573 - ERROR - inbound request - create sensor group - already exists! - 1
[2022-03-09T14:26:29.753] [TRACE] app - 01f16e00-f566-4f27-be78-d0a7a1b37fe9 - TRACE - inbound request - create sensor group - Data is executing - 1
[2022-03-09T14:26:29.763] [INFO] app - f1924220-01f0-41a7-ad73-8359c5ae1e15 - INFO - inbound request - list sensor - no data found - 1
[2022-03-09T14:26:29.896] [INFO] app - 01f16e00-f566-4f27-be78-d0a7a1b37fe9 - INFO - inbound request - create sensor group - Success creating new data - 1
[2022-03-09T14:28:26.332] [TRACE] app - 27356284-e51b-45ff-92ca-939c4a9030b9 - TRACE - inbound request - create sensor group - Data is executing - 1
[2022-03-09T14:28:26.404] [ERROR] app - 27356284-e51b-45ff-92ca-939c4a9030b9 - ERROR - inbound request - create sensor group - already exists! - 1
[2022-03-09T14:28:26.663] [INFO] app - f1dfbd96-b90e-4811-952e-a49726402fdf - INFO - inbound request - list sensor - no data found - 1
[2022-03-09T14:28:56.082] [TRACE] app - 5c4f8faf-a937-42e2-ba38-73b749249070 - TRACE - inbound request - create sensor group - Data is executing - 1
[2022-03-09T14:28:56.096] [INFO] app - c42f213c-f288-4bc1-9f63-fc5d24c2e13e - INFO - inbound request - list sensor - no data found - 1
[2022-03-09T14:28:56.111] [ERROR] app - 5c4f8faf-a937-42e2-ba38-73b749249070 - ERROR - inbound request - create sensor group - already exists! - 1
[2022-03-09T14:29:02.564] [TRACE] app - 8ddb0261-2e47-4873-b88f-6ea55afd21d2 - TRACE - inbound request - create sensor group - Data is executing - 1
[2022-03-09T14:29:02.576] [INFO] app - 6a58c585-4d80-4f3d-8a7b-849184ca53f2 - INFO - inbound request - list sensor - no data found - 1
[2022-03-09T14:29:02.587] [ERROR] app - 8ddb0261-2e47-4873-b88f-6ea55afd21d2 - ERROR - inbound request - create sensor group - already exists! - 1
[2022-03-09T14:29:10.450] [TRACE] app - 7b5b8ee4-faf4-41f0-a431-1a64adc24d25 - TRACE - inbound request - create sensor group - Data is executing - 1
[2022-03-09T14:29:10.475] [INFO] app - a1974398-32dc-4a64-a2c5-b6d4b6d33725 - INFO - inbound request - list sensor - no data found - 1
[2022-03-09T14:29:10.503] [INFO] app - 7b5b8ee4-faf4-41f0-a431-1a64adc24d25 - INFO - inbound request - create sensor group - Success creating new data - 1
[2022-03-09T14:56:54.605] [TRACE] app - b9a2c081-8423-485d-bdd0-fe8b08e1845b - TRACE - inbound request - list sensor group - check payload length - 1
[2022-03-09T14:56:54.673] [INFO] app - b9a2c081-8423-485d-bdd0-fe8b08e1845b - INFO - inbound request - list sensor group - Success retrieving  data - 1
[2022-03-09T14:58:54.113] [TRACE] app - bf3fdf79-c7d1-412e-b5d3-195d9734ce35 - TRACE - inbound request - list sensor group - check payload length - 1
[2022-03-09T14:58:54.134] [INFO] app - bf3fdf79-c7d1-412e-b5d3-195d9734ce35 - INFO - inbound request - list sensor group - Success retrieving  data - 1
