[2022-03-10T12:36:11.335] [TRACE] app - b56bb9fb-17d9-4ac7-b55c-21dd5f8aa689 - TRACE - map sensor to group - check payload length - 2
[2022-03-10T12:36:11.341] [ERROR] app - b56bb9fb-17d9-4ac7-b55c-21dd5f8aa689 - ERROR - map sensor to group - sensor is not associated to s_group! - 2
[2022-03-10T12:37:15.331] [TRACE] app - 479a69ff-329e-4db9-a60c-ae9f5b364920 - TRACE - map sensor to group - check payload length - 2
[2022-03-10T12:37:15.424] [TRACE] app - 479a69ff-329e-4db9-a60c-ae9f5b364920 - TRACE - query for group with undefined - Data is executing - 2
[2022-03-10T12:37:15.427] [INFO] app - 479a69ff-329e-4db9-a60c-ae9f5b364920 - INFO - map sensor to group - successfully - 2
[2022-03-10T12:41:49.535] [TRACE] app - 08c12d81-3097-4b2a-970d-4fe65d26be99 - TRACE - list sensor group - check payload length - 2
[2022-03-10T12:41:49.562] [INFO] app - 08c12d81-3097-4b2a-970d-4fe65d26be99 - INFO - list sensor group - Success retrieving  data - 2
[2022-03-10T12:41:56.962] [TRACE] app - 73e324eb-0b05-4845-987a-3791d7918ecd - TRACE - list sensor group with ID - check payload length - 2
[2022-03-10T12:41:56.976] [INFO] app - 73e324eb-0b05-4845-987a-3791d7918ecd - INFO - list sensor group with ID - Success retrieving  data - 2
[2022-03-10T12:42:02.324] [TRACE] app - 017bbc9e-9060-4bdf-9a90-fe130f56a5bf - TRACE - create sensor group - Data is executing - 2
[2022-03-10T12:42:02.334] [ERROR] app - 017bbc9e-9060-4bdf-9a90-fe130f56a5bf - ERROR - create sensor group - already exists! - 2
[2022-03-10T12:42:06.692] [TRACE] app - d5c92c27-acea-4d99-b9f6-ddd3d82421a2 - TRACE - create sensor group - Data is executing - 2
[2022-03-10T12:42:06.732] [INFO] app - d5c92c27-acea-4d99-b9f6-ddd3d82421a2 - INFO - create sensor group - Success creating new data - 2
[2022-03-10T12:42:15.792] [TRACE] app - 0aa07879-3000-4d1b-b2eb-8a9cfb875b38 - TRACE - map sensor to group - check payload length - 2
[2022-03-10T12:42:15.818] [TRACE] app - 0aa07879-3000-4d1b-b2eb-8a9cfb875b38 - TRACE - query for group with undefined - Data is executing - 2
[2022-03-10T12:42:15.820] [INFO] app - 0aa07879-3000-4d1b-b2eb-8a9cfb875b38 - INFO - map sensor to group - successfully - 2
[2022-03-10T12:43:04.259] [TRACE] app - 5921f514-d609-4a3a-81b2-10df81aea3a3 - TRACE - update sensor group - Data is executing - 2
[2022-03-10T12:43:04.291] [INFO] app - 5921f514-d609-4a3a-81b2-10df81aea3a3 - INFO - update sensor group - Success updating new data - 2
[2022-03-10T12:43:55.815] [TRACE] app - 89c966bf-440a-4d32-ae29-af6e2f6dc322 - TRACE - delete sensor group - Data is executing - 2
[2022-03-10T12:43:55.841] [INFO] app - 89c966bf-440a-4d32-ae29-af6e2f6dc322 - INFO - delete sensor group - Success deleting data - 2
[2022-03-10T13:01:28.845] [ERROR] app - b287dcb0-0b83-402f-8c6e-6a38b63cae94 - ERROR - create sensor - Data is executing - 2
[2022-03-10T13:01:28.935] [INFO] app - b287dcb0-0b83-402f-8c6e-6a38b63cae94 - INFO - Create Sensor - Success creating new data - 2
[2022-03-10T13:03:38.322] [INFO] app - undefined - INFO - List Sensor - Success retrieving  data - d3148ae7-f668-4823-a988-24fe2e8c2271
