[2022-03-03T10:31:28.389] [TRACE] app - cd9e7549-253e-4cd9-bdc1-146528c359d1 - TRACE - inbound request - query for group with 3c277450-4f02-4141-af3f-8e4e6436b2d0 - Data is executing - 4
[2022-03-03T10:31:28.442] [TRACE] app - cd9e7549-253e-4cd9-bdc1-146528c359d1 - TRACE - inbound request - map sensor to group - check payload length - 4
[2022-03-03T10:31:28.612] [ERROR] app - cd9e7549-253e-4cd9-bdc1-146528c359d1 - ERROR - inbound request - map sensor to group - insert or update on table "sensor_group" violates foreign key constraint "sensor_group_sensorId_fkey" - 4
[2022-03-03T10:33:41.979] [TRACE] app - c9a37d11-148a-4ddd-8621-819c33101dbb - TRACE - inbound request - query for group with 3c277450-4f02-4141-af3f-8e4e6436b2d0 - Data is executing - 4
[2022-03-03T10:33:41.981] [ERROR] app - c9a37d11-148a-4ddd-8621-819c33101dbb - ERROR - inbound request - map sensor to group - sensorMap_to_sgroup is not defined - 4
[2022-03-03T10:33:52.220] [TRACE] app - 0af278ce-8428-444e-a864-5f8c27c57889 - TRACE - inbound request - query for group with 3c277450-4f02-4141-af3f-8e4e6436b2d0 - Data is executing - 4
[2022-03-03T10:33:52.228] [ERROR] app - 0af278ce-8428-444e-a864-5f8c27c57889 - ERROR - inbound request - map sensor to group - sensorMap_to_sgroup is not defined - 4
[2022-03-03T10:34:46.457] [TRACE] app - 0235db8d-1b47-4194-b886-8402c0d5d718 - TRACE - inbound request - query for group with 3c277450-4f02-4141-af3f-8e4e6436b2d0 - Data is executing - 4
[2022-03-03T10:34:46.463] [ERROR] app - 0235db8d-1b47-4194-b886-8402c0d5d718 - ERROR - inbound request - map sensor to group - Cannot read properties of undefined (reading 'then') - 4
[2022-03-03T10:35:44.066] [TRACE] app - 030f628e-daa5-44c1-a03d-f0e9e17545df - TRACE - inbound request - query for group with 3c277450-4f02-4141-af3f-8e4e6436b2d0 - Data is executing - 4
[2022-03-03T10:35:44.072] [ERROR] app - 030f628e-daa5-44c1-a03d-f0e9e17545df - ERROR - inbound request - map sensor to group - Cannot read properties of undefined (reading 'then') - 4
[2022-03-03T10:36:09.530] [TRACE] app - 59aa2bf2-08ea-4da8-8e83-a46f05777f05 - TRACE - inbound request - query for group with 3c277450-4f02-4141-af3f-8e4e6436b2d0 - Data is executing - 4
[2022-03-03T10:36:09.541] [ERROR] app - 59aa2bf2-08ea-4da8-8e83-a46f05777f05 - ERROR - inbound request - map sensor to group - Cannot read properties of undefined (reading 'then') - 4
[2022-03-03T10:36:28.783] [TRACE] app - 4e813d8c-aa5f-4518-b7c4-c1e3ccbb7423 - TRACE - inbound request - query for group with 3c277450-4f02-4141-af3f-8e4e6436b2d0 - Data is executing - 4
[2022-03-03T10:36:28.796] [ERROR] app - 4e813d8c-aa5f-4518-b7c4-c1e3ccbb7423 - ERROR - inbound request - map sensor to group - Cannot read properties of undefined (reading 'then') - 4
[2022-03-03T10:39:03.228] [TRACE] app - 9bed2a5b-4d55-402e-a51f-914b33854545 - TRACE - inbound request - query for group with 3c277450-4f02-4141-af3f-8e4e6436b2d0 - Data is executing - 4
[2022-03-03T10:39:03.351] [ERROR] app - 9bed2a5b-4d55-402e-a51f-914b33854545 - ERROR - inbound request - map sensor to group - select * from "s_group" where "s_group"."id" = $1 - invalid input syntax for type integer: "3c277450-4f02-4141-af3f-8e4e6436b2d0" - 4
[2022-03-03T10:40:24.032] [TRACE] app - 7d35ba63-b59d-4b49-b605-fc2af99c9944 - TRACE - inbound request - query for group with 3c277450-4f02-4141-af3f-8e4e6436b2d0 - Data is executing - 4
[2022-03-03T10:40:24.184] [TRACE] app - 7d35ba63-b59d-4b49-b605-fc2af99c9944 - TRACE - inbound request - map sensor to group - check payload length - 4
[2022-03-03T10:40:24.190] [INFO] app - 7d35ba63-b59d-4b49-b605-fc2af99c9944 - INFO - inbound request - map sensor to group - successfully - 4
[2022-03-03T10:41:16.646] [TRACE] app - 20e9dade-2f1e-4ec3-8fbd-4692654e96db - TRACE - inbound request - query for group with 3c277450-4f02-4141-af3f-8e4e6436b2d0 - Data is executing - 4
[2022-03-03T10:41:16.810] [TRACE] app - 20e9dade-2f1e-4ec3-8fbd-4692654e96db - TRACE - inbound request - map sensor to group - check payload length - 4
[2022-03-03T10:41:16.812] [INFO] app - 20e9dade-2f1e-4ec3-8fbd-4692654e96db - INFO - inbound request - map sensor to group - successfully - 4
[2022-03-03T10:41:35.953] [TRACE] app - 4e46a2b6-baf7-4aa2-9b1d-fb02613ac3d2 - TRACE - inbound request - query for group with 3c277450-4f02-4141-af3f-8e4e6436b2d0 - Data is executing - 4
[2022-03-03T10:41:36.091] [TRACE] app - 4e46a2b6-baf7-4aa2-9b1d-fb02613ac3d2 - TRACE - inbound request - map sensor to group - check payload length - 4
[2022-03-03T10:41:36.093] [INFO] app - 4e46a2b6-baf7-4aa2-9b1d-fb02613ac3d2 - INFO - inbound request - map sensor to group - successfully - 4
[2022-03-03T10:44:21.635] [TRACE] app - 25722538-380f-4b40-b6b3-7641b0a2544e - TRACE - inbound request - query for group with 3c277450-4f02-4141-af3f-8e4e6436b2d0 - Data is executing - 4
[2022-03-03T10:44:21.750] [TRACE] app - 25722538-380f-4b40-b6b3-7641b0a2544e - TRACE - inbound request - map sensor to group - check payload length - 4
[2022-03-03T10:44:21.751] [INFO] app - 25722538-380f-4b40-b6b3-7641b0a2544e - INFO - inbound request - map sensor to group - successfully - 4
[2022-03-03T10:52:21.441] [TRACE] app - 4c58f17f-d1fd-4e75-ae0a-5f022efec0eb - TRACE - inbound request - query for group with 3c277450-4f02-4141-af3f-8e4e6436b2d0 - Data is executing - 4
[2022-03-03T10:52:21.675] [ERROR] app - 4c58f17f-d1fd-4e75-ae0a-5f022efec0eb - ERROR - inbound request - map sensor to group - insert into "sensor_group" ("sGroupId", "sensorId") values ($1, $2) on conflict ("sensorId") do nothing - there is no unique or exclusion constraint matching the ON CONFLICT specification - 4
[2022-03-03T10:53:23.655] [TRACE] app - 9136bc1a-ea03-4aaf-8b25-e507a56eb7e5 - TRACE - inbound request - query for group with 3c277450-4f02-4141-af3f-8e4e6436b2d0 - Data is executing - 4
[2022-03-03T10:53:23.891] [TRACE] app - 9136bc1a-ea03-4aaf-8b25-e507a56eb7e5 - TRACE - inbound request - map sensor to group - check payload length - 4
[2022-03-03T10:53:23.892] [INFO] app - 9136bc1a-ea03-4aaf-8b25-e507a56eb7e5 - INFO - inbound request - map sensor to group - successfully - 4
[2022-03-03T10:53:45.243] [TRACE] app - 743a4ed6-3e4a-4dc0-ba4e-76f1a0aa7b87 - TRACE - inbound request - query for group with 3c277450-4f02-4141-af3f-8e4e6436b2d0 - Data is executing - 4
[2022-03-03T10:53:45.272] [ERROR] app - 743a4ed6-3e4a-4dc0-ba4e-76f1a0aa7b87 - ERROR - inbound request - map sensor to group - insert into "sensor_group" ("sGroupId", "sensorId") values ($1, $2) - duplicate key value violates unique constraint "sensor_group_pkey" - 4
