[2022-03-20T17:15:34.910] [ERROR] app - 9bc2e8a7-b68e-4113-8a0a-6955264aa518 - ERROR - login - connect ETIMEDOUT 127.0.0.1:5432 - 0
[2022-03-20T17:16:44.447] [INFO] app - 8b6fbaee-f8f1-4497-ac45-3808edc880ed - INFO - login - Logged in Successfully - 2
[2022-03-20T17:16:44.575] [TRACE] app - 9fa7099d-bf74-4001-b5f9-88dd3e84b68e - TRACE - list sensor group - check payload length - 2
[2022-03-20T17:16:44.594] [INFO] app - 9fa7099d-bf74-4001-b5f9-88dd3e84b68e - INFO - list sensor group - Success retrieving  data - 2
[2022-03-20T17:17:39.031] [INFO] app - ef063b5c-2282-4da5-8e80-bfc4b2db175e - INFO - list users - Success retrieving  data - 2
[2022-03-20T17:17:39.053] [INFO] app - 92e2587a-4b74-4f7f-98e1-242bd251aa13 - INFO - list u_groups - Success retrieving  data - 2
[2022-03-20T17:18:00.240] [INFO] app - 522c6bca-e4c2-46a2-b839-85948ebacc8f - INFO - list users - Success retrieving  data - 2
[2022-03-20T17:18:00.274] [INFO] app - 663a4f41-7cf1-4154-99ff-990b585f1b79 - INFO - list u_groups - Success retrieving  data - 2
[2022-03-20T17:18:15.689] [INFO] app - 4ce43a24-1a54-48f9-872c-f632dcb9ea23 - INFO - list users - Success retrieving  data - 2
[2022-03-20T17:18:15.737] [INFO] app - b49abd81-f4cf-4a42-9225-7451c88f1e31 - INFO - list u_groups - Success retrieving  data - 2
[2022-03-20T17:18:57.752] [INFO] app - ace59136-0105-4db8-8587-2b63316eed7b - INFO - list u_groups - Success retrieving  data - 2
[2022-03-20T17:18:57.898] [INFO] app - 59ec7cc3-db89-4413-ba7a-d97ca58bab14 - INFO - list users - Success retrieving  data - 2
[2022-03-20T17:19:22.135] [INFO] app - f353191b-b2ac-49bc-928c-8ba2716c728d - INFO - list users - Success retrieving  data - 2
[2022-03-20T17:19:22.165] [INFO] app - 8a085791-14a8-4696-b36b-8346da8f0cfb - INFO - list u_groups - Success retrieving  data - 2
[2022-03-20T17:19:45.936] [INFO] app - 97c9978c-71e7-46f1-aed5-fb5bd5361e15 - INFO - login - Logged in Successfully - 2
[2022-03-20T17:19:46.105] [TRACE] app - 7c573f29-d1a6-4127-9067-3508d0b8c33c - TRACE - list sensor group - check payload length - 2
[2022-03-20T17:19:46.118] [INFO] app - 7c573f29-d1a6-4127-9067-3508d0b8c33c - INFO - list sensor group - Success retrieving  data - 2
[2022-03-20T17:20:17.939] [TRACE] app - fb89ff85-1882-45a5-9511-a34cd38d0e75 - TRACE - list sensor group - check payload length - 2
[2022-03-20T17:20:17.956] [INFO] app - fb89ff85-1882-45a5-9511-a34cd38d0e75 - INFO - list sensor group - Success retrieving  data - 2
[2022-03-20T17:25:50.268] [INFO] app - f1654f43-45df-4f4f-acd8-74064a903112 - INFO - list u_groups - Success retrieving  data - 2
[2022-03-20T17:25:54.353] [INFO] app - 6e17a3c9-e0d6-44c8-82f6-36865ac77a4a - INFO - list group roles - Success retrieving  data - 2
[2022-03-20T17:25:59.059] [INFO] app - 22efad31-2ca3-4ee3-8dff-76910d108a93 - INFO - list group roles - Success retrieving  data - 2
[2022-03-20T17:27:05.714] [INFO] app - 4ce65d52-f0e5-45cc-93f4-66696ac1a694 - INFO - list u_groups - Success retrieving  data - 2
[2022-03-20T17:27:09.212] [INFO] app - 5304cb18-9b02-4cbf-a01e-446da988a282 - INFO - list group roles - Success retrieving  data - 2
[2022-03-20T17:27:14.418] [INFO] app - dfde5261-10cf-453a-8d3d-92551709b83e - INFO - list u_groups - Success retrieving  data - 2
