[2022-03-20T13:20:00.161] [INFO] app - caa6c8dc-2746-45d6-b26a-20ecd906cd5e - INFO - list users - Success retrieving  data - 2
[2022-03-20T13:20:00.206] [INFO] app - 26e22f30-b588-4f55-844b-b9e9cef62073 - INFO - list u_groups - Success retrieving  data - 2
[2022-03-20T13:20:13.545] [INFO] app - 34fbce7c-74e7-400c-b32d-593333129e27 - INFO - list u_groups - Success retrieving  data - 2
[2022-03-20T13:20:21.858] [INFO] app - 638af4be-8029-4234-81bc-0be382992583 - INFO - list group roles - Success retrieving  data - 2
[2022-03-20T13:24:29.412] [INFO] app - 1888cf1e-0648-4e79-951f-9dfb7ad93d41 - INFO - login - Logged in Successfully - 2
[2022-03-20T13:24:29.565] [TRACE] app - b299bf4e-b42e-4c29-89c9-22410eecd538 - TRACE - list sensor group - check payload length - 2
[2022-03-20T13:24:29.583] [INFO] app - b299bf4e-b42e-4c29-89c9-22410eecd538 - INFO - list sensor group - Success retrieving  data - 2
[2022-03-20T13:24:39.037] [INFO] app - f46a858d-002c-49ad-a022-5c6edd38a519 - INFO - list u_groups - Success retrieving  data - 2
[2022-03-20T13:24:45.871] [INFO] app - 698381c3-ad6d-4361-989c-d96542b6bbb6 - INFO - list group roles - Success retrieving  data - 2
[2022-03-20T13:31:09.705] [INFO] app - 7b484f77-843f-485b-8ec1-40e47aa2776e - INFO - login - Logged in Successfully - 2
[2022-03-20T13:31:09.816] [TRACE] app - 5f5e8b35-272c-4037-8df7-39bfb90460cd - TRACE - list sensor group - check payload length - 2
[2022-03-20T13:31:09.838] [INFO] app - 5f5e8b35-272c-4037-8df7-39bfb90460cd - INFO - list sensor group - Success retrieving  data - 2
[2022-03-20T13:31:16.988] [INFO] app - e7a8ca1a-fc38-4f86-bcb1-c760772eeffe - INFO - list u_groups - Success retrieving  data - 2
[2022-03-20T13:31:21.341] [INFO] app - 2facd135-21ec-4a8b-b46f-b41bf0ece641 - INFO - list group roles - Success retrieving  data - 2
[2022-03-20T13:36:58.351] [INFO] app - e1cf5048-0f19-48fc-84f3-4372aa2180fa - INFO - login - Logged in Successfully - 2
[2022-03-20T13:36:58.502] [TRACE] app - fa1f94e2-af14-4ff0-b1d5-6b37315f4c95 - TRACE - list sensor group - check payload length - 2
[2022-03-20T13:36:58.517] [INFO] app - fa1f94e2-af14-4ff0-b1d5-6b37315f4c95 - INFO - list sensor group - Success retrieving  data - 2
[2022-03-20T13:37:05.694] [INFO] app - 61a7f2b8-cb8a-4a04-a2ab-4dc9cc5268c0 - INFO - list u_groups - Success retrieving  data - 2
[2022-03-20T13:37:25.216] [INFO] app - 7f1a2737-8f0c-4dd5-ac49-cb749659ed94 - INFO - list group roles - Success retrieving  data - 2
[2022-03-20T13:40:52.064] [INFO] app - ad994bc1-18b7-4221-b391-937ba480274d - INFO - login - Logged in Successfully - 2
[2022-03-20T13:40:52.210] [TRACE] app - 7efee6a9-026f-44a3-831b-ac1541469c9f - TRACE - list sensor group - check payload length - 2
[2022-03-20T13:40:52.227] [INFO] app - 7efee6a9-026f-44a3-831b-ac1541469c9f - INFO - list sensor group - Success retrieving  data - 2
[2022-03-20T13:40:58.760] [INFO] app - 420bd730-c976-4da0-b8a6-257744c43ac7 - INFO - list u_groups - Success retrieving  data - 2
[2022-03-20T13:41:07.112] [INFO] app - 878c51d6-5eeb-4a5f-a30b-a2dd94ae063a - INFO - list group roles - Success retrieving  data - 2
[2022-03-20T13:42:43.900] [INFO] app - b22c1af5-e40a-4ba2-bf2a-0facd4471b05 - INFO - list u_groups - Success retrieving  data - 2
[2022-03-20T13:44:06.454] [INFO] app - 5c81ef98-2141-45f6-b60d-203cd7f9824a - INFO - list group roles - Success retrieving  data - 2
[2022-03-20T13:45:15.391] [INFO] app - 58560084-6d62-43be-8eea-19c1081baf25 - INFO - list u_groups - Success retrieving  data - 2
[2022-03-20T13:45:19.020] [INFO] app - 6ae68aac-9f75-4e42-a63c-8e3f9b460b1d - INFO - list u_groups - Success retrieving  data - 2
[2022-03-20T13:45:22.571] [INFO] app - fd569101-948e-49e9-a568-169c0a300035 - INFO - list group roles - Success retrieving  data - 2
[2022-03-20T13:45:40.444] [INFO] app - 684b2c3e-0f6b-4887-9dcc-8cc383834d9d - INFO - list u_groups - Success retrieving  data - 2
[2022-03-20T14:31:01.098] [INFO] app - 73553dba-513a-4704-8b70-1f38c7d9976b - INFO - login - Logged in Successfully - 2
[2022-03-20T14:31:01.231] [TRACE] app - 4b750cc5-36ed-466c-90ee-5700703754b6 - TRACE - list sensor group - check payload length - 2
[2022-03-20T14:31:01.246] [INFO] app - 4b750cc5-36ed-466c-90ee-5700703754b6 - INFO - list sensor group - Success retrieving  data - 2
[2022-03-20T16:20:07.575] [ERROR] app - d9e55f3e-393b-44c0-9098-093246a6bfbf - ERROR - login - connect ETIMEDOUT 127.0.0.1:5432 - 0
[2022-03-20T16:20:52.352] [ERROR] app - e53909a2-08f6-4a84-80b9-8711ba0b6a76 - ERROR - login - connect ETIMEDOUT 127.0.0.1:5432 - 0
