[2022-03-06T19:09:28.570] [TRACE] app - d61d5a4e-7d1c-45b8-8ed6-632c78576790 - TRACE - inbound request - delete mqtt_user - Data is executing - 4
[2022-03-06T19:09:34.755] [INFO] app - 72dcc6ed-6314-4784-b26d-a40931f1c4d4 - INFO - inbound request - login - Logged in Successfully - 4
[2022-03-06T19:09:55.893] [TRACE] app - 17b8190a-703e-48a7-a8bc-66edb983bf86 - TRACE - inbound request - delete mqtt_user - Data is executing - 4
[2022-03-06T19:10:13.118] [TRACE] app - 0dd78a41-ab4f-4328-ab2e-e35230a6ceb3 - TRACE - inbound request - delete mqtt_user - Data is executing - 4
[2022-03-06T19:10:32.874] [TRACE] app - be847bf4-2e41-4819-b7f1-288ac18b5c5e - TRACE - inbound request - delete mqtt_user - Data is executing - 4
[2022-03-06T19:10:38.075] [TRACE] app - b5ad6c3c-f3fa-4fb6-a826-4e136aeede75 - TRACE - inbound request - delete mqtt_user - Data is executing - 4
[2022-03-06T19:12:00.790] [TRACE] app - 7dcb7b74-c1ee-430a-b562-465bc3100753 - TRACE - inbound request - delete mqtt_user - Data is executing - 4
[2022-03-06T19:12:00.875] [ERROR] app - 7dcb7b74-c1ee-430a-b562-465bc3100753 - ERROR - inbound request - delete mqtt_user - Cannot read properties of undefined (reading 'id') - 4
[2022-03-06T19:12:48.142] [TRACE] app - fcf72b64-45a0-487b-8fc9-8e6366d7d8dc - TRACE - inbound request - delete mqtt_user - Data is executing - 4
[2022-03-06T19:12:48.243] [ERROR] app - fcf72b64-45a0-487b-8fc9-8e6366d7d8dc - ERROR - inbound request - delete mqtt_user - Cannot read properties of undefined (reading 'where') - 4
[2022-03-06T19:15:11.625] [TRACE] app - 114d465a-1c7a-4e55-bdf1-f3da9f56e910 - TRACE - inbound request - delete mqtt_user - Data is executing - 4
[2022-03-06T19:18:23.113] [TRACE] app - e58c71a6-294c-4be2-9031-f508823afdfa - TRACE - inbound request - delete mqtt_user - Data is executing - 4
[2022-03-06T19:18:23.203] [ERROR] app - e58c71a6-294c-4be2-9031-f508823afdfa - ERROR - inbound request - delete mqtt_user - undefined - 4
[2022-03-06T19:18:54.431] [TRACE] app - 8f34afd0-81a9-4b32-8ad0-db3476fcf696 - TRACE - inbound request - delete mqtt_user - Data is executing - 4
[2022-03-06T19:18:54.517] [ERROR] app - 8f34afd0-81a9-4b32-8ad0-db3476fcf696 - ERROR - inbound request - delete mqtt_user - undefined - 4
[2022-03-06T19:21:24.929] [TRACE] app - b7e0edfc-315f-43ca-ad12-ebb952f12f79 - TRACE - inbound request - delete mqtt_user - Data is executing - 4
[2022-03-06T19:21:25.011] [ERROR] app - b7e0edfc-315f-43ca-ad12-ebb952f12f79 - ERROR - inbound request - delete mqtt_user - no data found - 4
[2022-03-06T19:22:36.708] [TRACE] app - c72cf7b7-f529-4f84-bc08-f5625c188c50 - TRACE - inbound request - delete mqtt_user - Data is executing - 4
[2022-03-06T19:22:36.799] [ERROR] app - c72cf7b7-f529-4f84-bc08-f5625c188c50 - ERROR - inbound request - delete mqtt_user - no data found - 4
[2022-03-06T19:23:25.695] [TRACE] app - 82b942e9-1abf-43b0-beee-377f17ccf170 - TRACE - inbound request - delete mqtt_user - Data is executing - 4
[2022-03-06T19:23:25.723] [INFO] app - 82b942e9-1abf-43b0-beee-377f17ccf170 - INFO - inbound request - update mqtt_user - no data found - 4
[2022-03-06T19:23:25.726] [INFO] app - 82b942e9-1abf-43b0-beee-377f17ccf170 - INFO - inbound request - delete mqtt_user - Success deleting data - 4
[2022-03-06T19:26:44.701] [TRACE] app - 1ea4614a-f61d-4d9a-9a43-51f706357ae9 - TRACE - inbound request - delete mqtt_user - Data is executing - 4
[2022-03-06T19:26:44.713] [ERROR] app - 1ea4614a-f61d-4d9a-9a43-51f706357ae9 - ERROR - inbound request - delete mqtt_user - no data found - 4
[2022-03-06T19:31:15.213] [TRACE] app - 00cd106d-d139-4139-9dff-2e89351d6648 - TRACE - inbound request - create mqtt_user - Data is executing - 4
[2022-03-06T19:31:15.288] [ERROR] app - 00cd106d-d139-4139-9dff-2e89351d6648 - ERROR - inbound request - create mqtt_user - insert into "mqtt_user" ("is_superuser", "password", "rec_id", "salt", "username") values ($1, $2, $3, $4, $5) on conflict ("username") do nothing - there is no unique or exclusion constraint matching the ON CONFLICT specification - 4
[2022-03-06T19:32:03.075] [TRACE] app - 921f7ab6-0a3a-4124-a468-2a3890e2cdc2 - TRACE - inbound request - create mqtt_user - Data is executing - 4
[2022-03-06T19:32:03.152] [INFO] app - 921f7ab6-0a3a-4124-a468-2a3890e2cdc2 - INFO - inbound request - create mqtt_user - Success creating new data - 4
[2022-03-06T19:32:22.928] [TRACE] app - a606c9cf-64e4-4090-b840-0d443434f409 - TRACE - inbound request - create mqtt_user - Data is executing - 4
[2022-03-06T19:32:22.950] [INFO] app - a606c9cf-64e4-4090-b840-0d443434f409 - INFO - inbound request - create mqtt_user - Success creating new data - 4
[2022-03-06T19:36:05.993] [TRACE] app - 311d41ae-099f-4e3b-b504-5da2840b66fb - TRACE - inbound request - delete mqtt_user - Data is executing - 4
[2022-03-06T19:36:06.080] [ERROR] app - 311d41ae-099f-4e3b-b504-5da2840b66fb - ERROR - inbound request - delete mqtt_user - data is not defined - 4
[2022-03-06T19:36:11.267] [TRACE] app - d906128f-9bab-4bce-aeaf-ccc6f574a8c2 - TRACE - inbound request - delete mqtt_user - Data is executing - 4
[2022-03-06T19:36:11.299] [INFO] app - d906128f-9bab-4bce-aeaf-ccc6f574a8c2 - INFO - inbound request - delete mqtt_user - Success deleting data - 4
[2022-03-06T19:37:02.922] [TRACE] app - 3e2f3296-d19d-4b8d-b566-8637013d6548 - TRACE - inbound request - delete mqtt_user - Data is executing - 4
[2022-03-06T19:37:02.929] [ERROR] app - 3e2f3296-d19d-4b8d-b566-8637013d6548 - ERROR - inbound request - delete mqtt_user - data is not defined - 4
[2022-03-06T19:37:33.019] [TRACE] app - 6e764173-db4c-486a-a646-95871d4b1c77 - TRACE - inbound request - delete mqtt_user - Data is executing - 4
[2022-03-06T19:37:33.096] [INFO] app - 6e764173-db4c-486a-a646-95871d4b1c77 - INFO - inbound request - delete mqtt_user - Success deleting data - 4
[2022-03-06T19:38:07.608] [TRACE] app - 99b43015-4f0d-4142-84e7-176119a552cf - TRACE - inbound request - delete mqtt_user - Data is executing - 4
[2022-03-06T19:38:07.695] [INFO] app - 99b43015-4f0d-4142-84e7-176119a552cf - INFO - inbound request - delete mqtt_user - no data found - 4
[2022-03-06T19:38:07.696] [INFO] app - 99b43015-4f0d-4142-84e7-176119a552cf - INFO - inbound request - delete mqtt_user - Success deleting data - 4
[2022-03-06T19:38:16.991] [TRACE] app - acceb3e4-84d3-4644-9d8d-edff50de255f - TRACE - inbound request - delete mqtt_user - Data is executing - 4
[2022-03-06T19:38:17.077] [INFO] app - acceb3e4-84d3-4644-9d8d-edff50de255f - INFO - inbound request - delete mqtt_user - no data found - 4
[2022-03-06T19:38:17.078] [INFO] app - acceb3e4-84d3-4644-9d8d-edff50de255f - INFO - inbound request - delete mqtt_user - Success deleting data - 4
[2022-03-06T19:39:25.340] [TRACE] app - 9f2cf2ee-7649-4ecd-9e12-4967b988c864 - TRACE - inbound request - delete mqtt_user - Data is executing - 4
[2022-03-06T19:39:25.430] [INFO] app - 9f2cf2ee-7649-4ecd-9e12-4967b988c864 - INFO - inbound request - delete mqtt_user - no data found - 4
[2022-03-06T19:39:25.432] [INFO] app - 9f2cf2ee-7649-4ecd-9e12-4967b988c864 - INFO - inbound request - delete mqtt_user - Success deleting data - 4
[2022-03-06T19:41:25.033] [TRACE] app - 5ffa3a71-1455-4f68-9195-4333e8d29792 - TRACE - inbound request - delete mqtt_user - Data is executing - 4
[2022-03-06T19:41:25.112] [INFO] app - 5ffa3a71-1455-4f68-9195-4333e8d29792 - INFO - inbound request - delete mqtt_user - no data found - 4
