[2022-03-02T17:09:42.129] [TRACE] app - 8ff4b019-65a8-48ab-b335-f6a534007af7 - TRACE - inbound request - create sensor group - Data is executing - 4
[2022-03-02T17:09:42.134] [INFO] app - 8ff4b019-65a8-48ab-b335-f6a534007af7 - INFO - inbound request - create sensor group - Success creating new data - 4
[2022-03-02T17:15:43.511] [TRACE] app - 0b542b72-0396-4340-9441-6dc155d4a84a - TRACE - inbound request - create sensor group - Data is executing - 4
[2022-03-02T17:15:43.516] [INFO] app - 0b542b72-0396-4340-9441-6dc155d4a84a - INFO - inbound request - create sensor group - Success creating new data - 4
[2022-03-02T17:19:44.140] [ERROR] app - 897c3b45-e51e-4982-94f9-0ebff79fe055 - ERROR - inbound request - create sensor group - already exists! - 4
[2022-03-02T17:22:43.664] [TRACE] app - 02707f19-d4bb-4c7d-b5b7-08c4389aaa39 - TRACE - inbound request - create sensor group - Data is executing - 4
[2022-03-02T17:22:43.666] [INFO] app - 02707f19-d4bb-4c7d-b5b7-08c4389aaa39 - INFO - inbound request - create sensor group - Success creating new data - 4
[2022-03-02T17:23:20.875] [TRACE] app - e7e5fd9b-2f3f-4654-abc7-eedb23925e73 - TRACE - inbound request - create sensor group - Data is executing - 4
[2022-03-02T17:23:20.877] [INFO] app - e7e5fd9b-2f3f-4654-abc7-eedb23925e73 - INFO - inbound request - create sensor group - Success creating new data - 4
[2022-03-02T17:32:30.984] [TRACE] app - 187c1b1e-fbc2-46e5-a990-2ba70e7ae2e8 - TRACE - inbound request - create sensor group - Data is executing - 4
[2022-03-02T17:33:08.863] [TRACE] app - d0efa7e3-460c-4cdf-8450-d678cdcab098 - TRACE - inbound request - create sensor group - Data is executing - 4
[2022-03-02T17:33:58.112] [TRACE] app - 38575e9a-89fb-41b4-8cc2-7f4b0fb93761 - TRACE - inbound request - create sensor group - Data is executing - 4
[2022-03-02T17:33:58.117] [INFO] app - 38575e9a-89fb-41b4-8cc2-7f4b0fb93761 - INFO - inbound request - create sensor group - Success creating new data - 4
[2022-03-02T17:36:09.403] [TRACE] app - 3b1f5537-ea6c-4f24-8f92-757906a341f7 - TRACE - inbound request - create sensor group - Data is executing - 4
[2022-03-02T17:36:09.407] [INFO] app - 3b1f5537-ea6c-4f24-8f92-757906a341f7 - INFO - inbound request - create sensor group - Success creating new data - 4
[2022-03-02T17:37:23.426] [TRACE] app - 694c7170-40c4-4a6f-b4ea-7423d8ecbef9 - TRACE - inbound request - create sensor group - Data is executing - 4
[2022-03-02T17:37:23.431] [INFO] app - 694c7170-40c4-4a6f-b4ea-7423d8ecbef9 - INFO - inbound request - create sensor group - Success creating new data - 4
[2022-03-02T17:37:56.989] [ERROR] app - e487fb3c-bc22-474e-aa87-921b5dd4cd23 - ERROR - inbound request - create sensor group - Cannot read properties of undefined (reading 'send') - 4
[2022-03-02T17:38:19.261] [TRACE] app - abf3f581-15f9-4a27-b162-8a162d3742e5 - TRACE - inbound request - create sensor group - Data is executing - 4
[2022-03-02T17:38:19.263] [INFO] app - abf3f581-15f9-4a27-b162-8a162d3742e5 - INFO - inbound request - create sensor group - Success creating new data - 4
[2022-03-02T17:39:58.785] [TRACE] app - a1c6709d-92d4-4a5b-848f-b53c680bbf5c - TRACE - inbound request - create sensor group - Data is executing - 4
[2022-03-02T17:40:46.202] [TRACE] app - 90681984-2e31-4a2f-9ab1-db1b595d82cc - TRACE - inbound request - create sensor group - Data is executing - 4
[2022-03-02T17:40:46.205] [ERROR] app - 90681984-2e31-4a2f-9ab1-db1b595d82cc - ERROR - inbound request - create sensor group - already exists! - 4
[2022-03-02T17:40:54.274] [TRACE] app - e1671455-a8e2-4894-a02e-c5bf75efa670 - TRACE - inbound request - create sensor group - Data is executing - 4
[2022-03-02T17:40:54.278] [INFO] app - e1671455-a8e2-4894-a02e-c5bf75efa670 - INFO - inbound request - create sensor group - Success creating new data - 4
[2022-03-02T17:55:23.616] [ERROR] app - f029466d-641e-48d9-b0cc-ba8af10a8d6f - ERROR - inbound request - list sensor group - Cannot read properties of undefined (reading 'send') - 4
[2022-03-02T17:56:49.783] [ERROR] app - 067866aa-fefc-45c9-acad-cd7ad3039a10 - ERROR - inbound request - list sensor group - Cannot read properties of undefined (reading 'send') - 4
[2022-03-02T17:58:03.043] [ERROR] app - 2300f824-3f51-4065-908e-ab495c73b28b - ERROR - inbound request - list sensor group - Cannot read properties of undefined (reading 'send') - 4
[2022-03-02T17:58:24.647] [ERROR] app - 5a5fa0c6-470d-41e3-b4d2-cd5a034f0614 - ERROR - inbound request - list sensor group - Cannot read properties of undefined (reading 'send') - 4
[2022-03-02T17:58:49.820] [ERROR] app - 3a4aa161-86e8-4b7b-972f-b832d5b7bd86 - ERROR - inbound request - list sensor group - Cannot read properties of undefined (reading 'send') - 4
[2022-03-02T18:00:03.902] [ERROR] app - 61118842-dca6-4514-9d29-40ace6098df1 - ERROR - inbound request - list sensor group - Cannot read properties of undefined (reading 'send') - 4
