[2022-03-02T19:00:18.469] [INFO] app - 3c8376f4-432b-425c-9088-d5600b896e95 - INFO - inbound request - list sensor group - Success retrieving  data - 4
[2022-03-02T19:01:00.682] [INFO] app - 62275613-875d-46bb-af2e-6615875705a0 - INFO - inbound request - list sensor group - Success retrieving  data - 4
[2022-03-02T19:01:42.017] [INFO] app - 37e097e0-7ed5-4384-b0c4-4fff392f8f88 - INFO - inbound request - list sensor group - Success retrieving  data - 4
[2022-03-02T19:03:10.886] [INFO] app - 93951aad-2080-46c0-9bae-9f2cc4071fb1 - INFO - inbound request - list sensor group - Success retrieving  data - 4
[2022-03-02T19:03:43.674] [INFO] app - cdf08025-b967-4b3e-af77-23f3159bc5f9 - INFO - inbound request - list sensor group - Success retrieving  data - 4
[2022-03-02T19:05:38.206] [INFO] app - cdb85b46-d0c6-40c5-9e35-fe320556fd02 - INFO - inbound request - list sensor group - Success retrieving  data - 4
[2022-03-02T19:06:06.570] [INFO] app - 45a52968-002b-44b2-9130-62fa766644a2 - INFO - inbound request - list sensor group - Success retrieving  data - 4
[2022-03-02T19:07:05.021] [INFO] app - 37167fe4-31fb-4e3d-8e9a-7fd73387fe7a - INFO - inbound request - list sensor group - Success retrieving  data - 4
[2022-03-02T19:07:35.325] [INFO] app - a09e244e-325c-451c-b946-fb28b25a3d87 - INFO - inbound request - list sensor group - Success retrieving  data - 4
[2022-03-02T19:08:45.421] [ERROR] app - c45f3c25-1f9b-4237-ae06-d00f4c105b10 - ERROR - inbound request - list sensor group - select * from "s_group" inner join "sensor" on "sensor"."id" = "sensor_group"."sensorId" left join "sensor_group" on "s_group"."id" = "sensor_group"."sGroupId" - missing FROM-clause entry for table "sensor_group" - 4
[2022-03-02T19:09:13.794] [INFO] app - d9adcd74-1699-4b8d-a226-0dcbf2d97476 - INFO - inbound request - list sensor group - Success retrieving  data - 4
[2022-03-02T19:09:54.327] [INFO] app - 5ab476f3-e567-4c42-bd1f-f9ab219181b4 - INFO - inbound request - list sensor group - Success retrieving  data - 4
[2022-03-02T19:10:20.910] [INFO] app - 970f350d-a53c-4ce4-9755-890eff463216 - INFO - inbound request - list sensor group - Success retrieving  data - 4
[2022-03-02T19:10:25.102] [INFO] app - b18ff7f6-53d3-4114-a175-1cdbb3b2d29c - INFO - inbound request - list sensor group - Success retrieving  data - 4
[2022-03-02T19:10:54.369] [INFO] app - d8e0a625-7984-42f4-ad1f-2cb76f095103 - INFO - inbound request - list sensor group - Success retrieving  data - 4
[2022-03-02T19:11:16.127] [INFO] app - 9bdb6c3c-5325-4756-a008-1ac5856168f8 - INFO - inbound request - list sensor group - Success retrieving  data - 4
[2022-03-02T19:11:58.136] [INFO] app - 3ec54303-2b2b-4e1a-a501-52319c55ae21 - INFO - inbound request - list sensor group - Success retrieving  data - 4
[2022-03-02T19:13:21.116] [ERROR] app - a93f0937-3cad-4167-9d58-3fa09eabb580 - ERROR - inbound request - list sensor group - id is not defined - 4
[2022-03-02T19:13:43.273] [INFO] app - 8750d69e-2c8c-48b1-8476-2bf33b80175d - INFO - inbound request - list sensor group - Success retrieving  data - 4
[2022-03-02T19:14:05.423] [INFO] app - 6c15d792-e17f-4313-ad84-b229e7b885ea - INFO - inbound request - list sensor group - Success retrieving  data - 4
[2022-03-02T19:14:43.033] [INFO] app - 0a9e0512-eca6-498e-b193-b3e73a7c183b - INFO - inbound request - list sensor group - Success retrieving  data - 4
[2022-03-02T19:15:22.801] [INFO] app - 7aad19d8-daf0-4af6-91ab-0a3bb6ebf27d - INFO - inbound request - list sensor group - Success retrieving  data - 4
[2022-03-02T19:15:53.219] [INFO] app - 5b936095-173a-43fc-84ac-b51dbdc84557 - INFO - inbound request - list sensor group - Success retrieving  data - 4
[2022-03-02T22:25:36.453] [TRACE] app - 1a09ae0c-2bcc-426c-8896-2c9068e9c170 - TRACE - inbound request - create sensor group - Data is executing - 4
[2022-03-02T22:25:36.455] [ERROR] app - 1a09ae0c-2bcc-426c-8896-2c9068e9c170 - ERROR - inbound request - create sensor group - already exists! - 4
[2022-03-02T22:25:42.431] [TRACE] app - 6a372efc-e6d8-4df9-9166-86d5e86e3fd6 - TRACE - inbound request - create sensor group - Data is executing - 4
[2022-03-02T22:25:42.438] [INFO] app - 6a372efc-e6d8-4df9-9166-86d5e86e3fd6 - INFO - inbound request - create sensor group - Success creating new data - 4
[2022-03-02T22:26:00.611] [ERROR] app - c5bf10c0-ba05-4219-9a1a-8f83764d0658 - ERROR - inbound request - create sensor group - Cannot read properties of undefined (reading 'length') - 4
