[2022-04-01T16:13:21.664] [INFO] app - afb88ed9-71d1-4a25-8e12-6c7ac9888de1 - INFO - List node - Success retrieving  data - ahmed.shalaby@cyshield.com
[2022-04-01T16:13:21.694] [INFO] app - 18bcdfaf-fc35-4d5d-bb81-3450119cdb49 - INFO - List node - Success retrieving  data - ahmed.shalaby@cyshield.com
[2022-04-01T16:13:23.325] [INFO] app - e3e8de8d-75b1-4b3b-94cb-38fe7edae5ae - INFO - List node - Success retrieving  data - ahmed.shalaby@cyshield.com
[2022-04-01T16:14:30.812] [INFO] app - de1e19a4-a9e2-471b-8da3-b0d01ee1158b - INFO - List node - Success retrieving  data - ahmed.shalaby@cyshield.com
[2022-04-01T16:14:30.855] [INFO] app - c4a43df8-a5a0-4648-abf3-dc8d66efc567 - INFO - List node - Success retrieving  data - ahmed.shalaby@cyshield.com
[2022-04-01T16:14:31.828] [INFO] app - 50b3879d-9593-4aab-8144-8e2053f5acb7 - INFO - List node - Success retrieving  data - ahmed.shalaby@cyshield.com
[2022-04-01T16:14:49.233] [INFO] app - 54d18cb7-5931-4aab-9fe1-ff6c744651fa - INFO - List node - Success retrieving  data - ahmed.shalaby@cyshield.com
[2022-04-01T16:14:49.245] [INFO] app - 00ea0d6d-3962-4153-a521-7e79ada1fb8c - INFO - List node - Success retrieving  data - ahmed.shalaby@cyshield.com
[2022-04-01T16:14:53.863] [INFO] app - 6b19d664-3b52-4f68-84df-7e7040a36537 - INFO - List node - Success retrieving  data - ahmed.shalaby@cyshield.com
[2022-04-01T16:15:22.498] [INFO] app - f8c7d411-fe9e-44e9-85b4-f08c8a310c3b - INFO - List node - Success retrieving  data - ahmed.shalaby@cyshield.com
[2022-04-01T16:15:48.449] [INFO] app - 955e0076-bf44-48ae-8178-38f5de6a3adb - INFO - List node - Success retrieving  data - ahmed.shalaby@cyshield.com
[2022-04-01T16:15:48.463] [INFO] app - ae585c58-9b50-4021-a4c1-3e3eabd2c276 - INFO - List node - Success retrieving  data - ahmed.shalaby@cyshield.com
[2022-04-01T16:15:50.667] [INFO] app - 1af918f8-27ed-4331-8d5c-8d56544922c7 - INFO - List node - Success retrieving  data - ahmed.shalaby@cyshield.com
[2022-04-01T16:15:58.556] [INFO] app - b114e343-6fe4-486d-a569-ece987f0a687 - INFO - List node - Success retrieving  data - ahmed.shalaby@cyshield.com
[2022-04-01T16:15:58.578] [INFO] app - c0ab1464-8de1-43b2-a770-b36b2552100a - INFO - List node - Success retrieving  data - ahmed.shalaby@cyshield.com
[2022-04-01T16:16:47.808] [INFO] app - 3a1f8264-a59b-4785-a9ad-0a3055524a38 - INFO - List node - Success retrieving  data - ahmed.shalaby@cyshield.com
[2022-04-01T16:16:47.890] [INFO] app - ada50db5-3f7c-4b32-8c2c-37c31b2bd248 - INFO - List node - Success retrieving  data - ahmed.shalaby@cyshield.com
[2022-04-01T16:16:50.188] [INFO] app - 5706b216-a537-4024-95c6-1a793679b689 - INFO - List node - Success retrieving  data - ahmed.shalaby@cyshield.com
[2022-04-01T16:17:04.695] [INFO] app - 743f3ff0-eaf6-4426-acd6-a738ed80fe73 - INFO - List node - Success retrieving  data - ahmed.shalaby@cyshield.com
[2022-04-01T16:17:04.705] [INFO] app - a104136b-6b0d-4ae4-97be-afc82c34dd2e - INFO - List node - Success retrieving  data - ahmed.shalaby@cyshield.com
[2022-04-01T16:17:08.465] [INFO] app - c71af3b4-cd7b-4973-9d53-5510680f76f6 - INFO - List node - Success retrieving  data - ahmed.shalaby@cyshield.com
[2022-04-01T16:17:23.555] [INFO] app - 27fa7e52-35cc-47ad-a801-da5a9c3fb32e - INFO - List node - Success retrieving  data - ahmed.shalaby@cyshield.com
[2022-04-01T16:17:23.582] [INFO] app - e0bee252-e540-4765-aa16-d29127c344a0 - INFO - List node - Success retrieving  data - ahmed.shalaby@cyshield.com
[2022-04-01T16:17:24.218] [INFO] app - bd55f36c-bf03-4f97-88b4-91d0d12b94e8 - INFO - List node - Success retrieving  data - ahmed.shalaby@cyshield.com
[2022-04-01T16:17:38.452] [INFO] app - 0f7219c3-6d74-4a6b-8b06-21d74d1cb983 - INFO - List node - Success retrieving  data - ahmed.shalaby@cyshield.com
[2022-04-01T16:17:38.460] [INFO] app - 20d8fbaf-95c5-4a72-87eb-c6ac9d139157 - INFO - List node - Success retrieving  data - ahmed.shalaby@cyshield.com
[2022-04-01T16:17:38.757] [INFO] app - e72aaeec-c711-4616-bba8-1a24346f414b - INFO - List node - Success retrieving  data - ahmed.shalaby@cyshield.com
[2022-04-01T16:17:48.581] [INFO] app - 91f779ef-276b-40e2-adc4-307e9648e146 - INFO - List node - Success retrieving  data - ahmed.shalaby@cyshield.com
[2022-04-01T16:17:48.649] [INFO] app - e6e19b6d-5a79-4056-bb2a-4c523ba8a52c - INFO - List node - Success retrieving  data - ahmed.shalaby@cyshield.com
[2022-04-01T16:19:10.958] [INFO] app - 2bb48a47-a63c-49d7-9460-9a147d8896e9 - INFO - List node - Success retrieving  data - ahmed.shalaby@cyshield.com
[2022-04-01T16:19:11.247] [INFO] app - f1e32a4e-80d7-4d11-aea9-c23289ec3da4 - INFO - List node - Success retrieving  data - ahmed.shalaby@cyshield.com
[2022-04-01T16:19:12.767] [INFO] app - 325c4056-74fb-423f-af2a-20e4bce3e214 - INFO - List node - Success retrieving  data - ahmed.shalaby@cyshield.com
[2022-04-01T16:20:07.492] [INFO] app - 6cef3f4e-13f9-436b-9253-f2e95ef14adc - INFO - List node - Success retrieving  data - ahmed.shalaby@cyshield.com
[2022-04-01T16:20:35.335] [INFO] app - 9739e5ac-f024-4450-9553-ef4f47cdaa5f - INFO - List node - Success retrieving  data - ahmed.shalaby@cyshield.com
[2022-04-01T16:20:35.345] [INFO] app - d96a2592-11b5-401e-8a62-852095a3b2e7 - INFO - List node - Success retrieving  data - ahmed.shalaby@cyshield.com
[2022-04-01T16:20:38.453] [INFO] app - 9eed9daa-f51b-4df9-9c9b-ef800d1c8bba - INFO - List node - Success retrieving  data - ahmed.shalaby@cyshield.com
[2022-04-01T16:20:38.484] [INFO] app - 50fc9e81-def7-46c5-859a-aa3d51447823 - INFO - List node - Success retrieving  data - ahmed.shalaby@cyshield.com
[2022-04-01T16:20:39.470] [INFO] app - 3ffb7956-7f07-4c8c-a592-66ab47c6a948 - INFO - List node - Success retrieving  data - ahmed.shalaby@cyshield.com
[2022-04-01T16:20:41.618] [INFO] app - 4dfebb13-3b21-4cf2-8a17-bc9a0d59a7cb - INFO - List node - Success retrieving  data - ahmed.shalaby@cyshield.com
[2022-04-01T16:20:57.606] [INFO] app - 7d5fb934-d32a-4dc0-900e-bae845eda30b - INFO - List node - Success retrieving  data - ahmed.shalaby@cyshield.com
[2022-04-01T16:20:58.139] [INFO] app - 48039af1-1dc2-4cab-910c-dfaa8d57ec0b - INFO - List node - Success retrieving  data - ahmed.shalaby@cyshield.com
[2022-04-01T16:21:01.914] [INFO] app - de3e198f-8d35-47e6-b8af-7c69bbd70eee - INFO - List node - Success retrieving  data - ahmed.shalaby@cyshield.com
[2022-04-01T16:21:03.113] [INFO] app - 550aaf68-9a14-47e8-b35f-a01316eada6c - INFO - List node - Success retrieving  data - ahmed.shalaby@cyshield.com
[2022-04-01T16:21:30.376] [INFO] app - 432e2bce-1f48-4063-b925-369679444434 - INFO - List node - Success retrieving  data - ahmed.shalaby@cyshield.com
[2022-04-01T16:21:30.400] [INFO] app - 0f545882-6073-443f-8a54-46459d9d0663 - INFO - List node - Success retrieving  data - ahmed.shalaby@cyshield.com
[2022-04-01T16:21:32.705] [INFO] app - 48f52481-1316-4646-a3eb-0d8dae6ae6d3 - INFO - List node - Success retrieving  data - ahmed.shalaby@cyshield.com
[2022-04-01T16:21:49.563] [INFO] app - dea5eae4-f74c-43a1-813e-921306302aff - INFO - List node - Success retrieving  data - ahmed.shalaby@cyshield.com
[2022-04-01T16:21:49.575] [INFO] app - a17fd3c7-0e47-4909-9115-3ed1ccb01ff0 - INFO - List node - Success retrieving  data - ahmed.shalaby@cyshield.com
[2022-04-01T16:21:49.856] [INFO] app - a0ebb720-c420-41dc-8740-b2f69de12d83 - INFO - List node - Success retrieving  data - ahmed.shalaby@cyshield.com
[2022-04-01T16:21:50.890] [INFO] app - 2125814e-22ac-4bd4-91f3-a334568cd2b2 - INFO - List node - Success retrieving  data - ahmed.shalaby@cyshield.com
[2022-04-01T16:22:50.198] [INFO] app - 44c001b3-6755-48d2-9691-e7ae88facc6b - INFO - List node - Success retrieving  data - ahmed.shalaby@cyshield.com
[2022-04-01T16:22:50.282] [INFO] app - e3e5a8e2-eb6b-4e69-a27e-91be839f721a - INFO - List node - Success retrieving  data - ahmed.shalaby@cyshield.com
[2022-04-01T16:22:59.008] [INFO] app - 13c73dd3-1f51-434c-9dae-43f841fe46d4 - INFO - List node - Success retrieving  data - ahmed.shalaby@cyshield.com
[2022-04-01T16:22:59.383] [INFO] app - cef5838c-4ac6-4ab5-bbc4-f2043e5975cc - INFO - List node - Success retrieving  data - ahmed.shalaby@cyshield.com
[2022-04-01T16:23:47.519] [INFO] app - 6a65bebe-a1ab-4779-b333-d969f64031b4 - INFO - List node - Success retrieving  data - ahmed.shalaby@cyshield.com
[2022-04-01T16:23:47.872] [INFO] app - ea3281d5-7c8d-4311-bade-d02059f18bac - INFO - List node - Success retrieving  data - ahmed.shalaby@cyshield.com
[2022-04-01T16:23:56.584] [INFO] app - 58bd544b-da1a-41d1-b816-61e29caa8746 - INFO - List node - Success retrieving  data - ahmed.shalaby@cyshield.com
[2022-04-01T16:23:56.938] [INFO] app - 90961084-0fd1-4bca-a406-f4f7012223e7 - INFO - List node - Success retrieving  data - ahmed.shalaby@cyshield.com
[2022-04-01T16:23:59.492] [INFO] app - 11fa95c3-d6a3-4f28-a19d-bcdeb468f862 - INFO - List node - Success retrieving  data - ahmed.shalaby@cyshield.com
[2022-04-01T16:23:59.531] [INFO] app - 297f28d5-ce6a-46d3-b7fa-7884d83e5b54 - INFO - List node - Success retrieving  data - ahmed.shalaby@cyshield.com
[2022-04-01T16:24:00.712] [INFO] app - d2e27f5f-068a-4d6a-9fa3-223652e60336 - INFO - List node - Success retrieving  data - ahmed.shalaby@cyshield.com
[2022-04-01T16:24:00.722] [INFO] app - b1dcb587-15a5-4c8b-bb71-2d6d90b3735d - INFO - List node - Success retrieving  data - ahmed.shalaby@cyshield.com
[2022-04-01T16:26:36.685] [INFO] app - 4a198b42-6a19-4e34-818f-f87165e683df - INFO - List node - Success retrieving  data - ahmed.shalaby@cyshield.com
[2022-04-01T16:26:36.719] [INFO] app - 9cf2b8f5-2919-458e-b9ae-e4f09fd9e7b1 - INFO - List node - Success retrieving  data - ahmed.shalaby@cyshield.com
[2022-04-01T16:28:02.211] [INFO] app - 1ba30642-5646-4b4d-9064-04b7e9c3af30 - INFO - List node - Success retrieving  data - ahmed.shalaby@cyshield.com
[2022-04-01T16:28:30.879] [INFO] app - 726d8461-d02a-42a2-8c22-2c5e2645a8d8 - INFO - List node - Success retrieving  data - ahmed.shalaby@cyshield.com
[2022-04-01T16:28:31.052] [INFO] app - 9d5a98b9-298e-40c7-a769-4227a62f9e1d - INFO - List node - Success retrieving  data - ahmed.shalaby@cyshield.com
[2022-04-01T16:28:32.614] [INFO] app - 9b8f6a07-64c3-4559-ad90-ad542a553047 - INFO - List node - Success retrieving  data - ahmed.shalaby@cyshield.com
[2022-04-01T16:31:34.131] [INFO] app - 5307a771-92b7-4347-ad0d-686f9f630af1 - INFO - List node - Success retrieving  data - ahmed.shalaby@cyshield.com
[2022-04-01T16:31:34.556] [INFO] app - 89270bd8-855f-4c4c-82f8-74f629b5a227 - INFO - List node - Success retrieving  data - ahmed.shalaby@cyshield.com
[2022-04-01T16:32:00.641] [INFO] app - b4cf023b-33a7-4888-ad50-cb20fe364c85 - INFO - List node - Success retrieving  data - ahmed.shalaby@cyshield.com
[2022-04-01T16:32:02.286] [INFO] app - 8600c7e4-421b-40a8-b199-03db19568b66 - INFO - List node - Success retrieving  data - ahmed.shalaby@cyshield.com
[2022-04-01T16:32:19.783] [INFO] app - 9c4053df-1732-47b7-9c99-7269e3c920d4 - INFO - List node - Success retrieving  data - ahmed.shalaby@cyshield.com
[2022-04-01T16:32:19.848] [INFO] app - 47e97c2c-5066-4d6f-8e56-10f9d269e07f - INFO - List node - Success retrieving  data - ahmed.shalaby@cyshield.com
[2022-04-01T16:36:30.724] [INFO] app - fd4c8921-2608-4c11-abb6-841e802c03c2 - INFO - List node - Success retrieving  data - ahmed.shalaby@cyshield.com
[2022-04-01T16:36:31.687] [INFO] app - 3e3dedc6-3c78-40ea-879e-2f1f116084e0 - INFO - List node - Success retrieving  data - ahmed.shalaby@cyshield.com
[2022-04-01T16:37:06.363] [INFO] app - 9cfcce1a-49e6-4a99-a571-fa85eb099136 - INFO - List node - Success retrieving  data - ahmed.shalaby@cyshield.com
[2022-04-01T16:37:06.474] [INFO] app - 66eecacd-befb-4ff8-b1fb-9e4155837ea0 - INFO - List node - Success retrieving  data - ahmed.shalaby@cyshield.com
[2022-04-01T16:37:13.338] [INFO] app - 7f3c3769-bb90-41fe-a29d-d2cb51d21a6d - INFO - List node - Success retrieving  data - ahmed.shalaby@cyshield.com
[2022-04-01T16:37:30.227] [INFO] app - 03719501-13ed-4f1a-98d5-e982b6285f4f - INFO - List node - Success retrieving  data - ahmed.shalaby@cyshield.com
[2022-04-01T16:37:30.253] [INFO] app - 687f9845-170b-4836-bded-6f479ce6331e - INFO - List node - Success retrieving  data - ahmed.shalaby@cyshield.com
[2022-04-01T16:37:45.126] [INFO] app - 35ee8750-6849-4db0-bfc1-ff91e8df1e2e - INFO - List node - Success retrieving  data - ahmed.shalaby@cyshield.com
[2022-04-01T16:37:45.298] [INFO] app - d27deb62-5cc8-467b-afaf-148999706b26 - INFO - List node - Success retrieving  data - ahmed.shalaby@cyshield.com
[2022-04-01T16:37:45.451] [INFO] app - ee0cab3c-adeb-4d23-8061-be69c6412263 - INFO - List node - Success retrieving  data - ahmed.shalaby@cyshield.com
[2022-04-01T16:39:30.353] [INFO] app - e4893f2d-29e1-4a46-a706-8d8a0f56ab21 - INFO - List node - Success retrieving  data - ahmed.shalaby@cyshield.com
[2022-04-01T16:39:51.750] [INFO] app - 3db78df6-4506-4b05-9281-ab4a1bf3e689 - INFO - List node - Success retrieving  data - ahmed.shalaby@cyshield.com
[2022-04-01T16:39:51.766] [INFO] app - 81772873-320c-48b3-8421-db7c166a545e - INFO - List node - Success retrieving  data - ahmed.shalaby@cyshield.com
[2022-04-01T16:39:52.195] [INFO] app - 739bd6ff-5087-4245-94fb-e43502f11ba0 - INFO - List node - Success retrieving  data - ahmed.shalaby@cyshield.com
[2022-04-01T16:39:52.982] [INFO] app - b5565f34-bf09-46a0-9af1-67ac38234e95 - INFO - List node - Success retrieving  data - ahmed.shalaby@cyshield.com
[2022-04-01T16:40:07.415] [INFO] app - 324b072c-fdc1-4e1e-a140-b436c9041509 - INFO - List node - Success retrieving  data - ahmed.shalaby@cyshield.com
[2022-04-01T16:40:07.436] [INFO] app - 82da5341-5c51-4b3e-81df-03dba5dc11af - INFO - List node - Success retrieving  data - ahmed.shalaby@cyshield.com
[2022-04-01T16:40:07.598] [INFO] app - 3820650d-3477-44b8-9d4b-5d8e1dd0e68b - INFO - List node - Success retrieving  data - ahmed.shalaby@cyshield.com
[2022-04-01T16:40:08.042] [INFO] app - 6981e3cf-fe9f-431d-8913-e6e09bfa3e80 - INFO - List node - Success retrieving  data - ahmed.shalaby@cyshield.com
[2022-04-01T16:40:08.065] [INFO] app - 3083cb8a-991f-4549-89a9-888b6cc0af6f - INFO - List node - Success retrieving  data - ahmed.shalaby@cyshield.com
[2022-04-01T16:40:08.098] [INFO] app - 959ba1a0-49c4-4798-b08f-2ba35451825b - INFO - List node - Success retrieving  data - ahmed.shalaby@cyshield.com
[2022-04-01T16:42:25.612] [INFO] app - 1f3fc164-0248-4cc0-aaee-f50b3499fa61 - INFO - List node - Success retrieving  data - ahmed.shalaby@cyshield.com
[2022-04-01T16:42:28.995] [INFO] app - 3526450d-9a92-4a0e-8438-e7004328d84d - INFO - List node - Success retrieving  data - ahmed.shalaby@cyshield.com
[2022-04-01T16:43:28.957] [INFO] app - 4087a9ad-3fd6-4417-90e5-8568595db57f - INFO - List node - Success retrieving  data - ahmed.shalaby@cyshield.com
[2022-04-01T16:43:28.979] [INFO] app - e931b41a-4d57-43db-a50c-9cdaeb10f8a8 - INFO - List node - Success retrieving  data - ahmed.shalaby@cyshield.com
[2022-04-01T16:43:33.492] [INFO] app - f704a89c-c406-412f-a6bc-b27932add08b - INFO - List node - Success retrieving  data - ahmed.shalaby@cyshield.com
[2022-04-01T16:43:53.485] [INFO] app - 5c735d1c-1393-422b-9f45-50288fb23553 - INFO - List node - Success retrieving  data - ahmed.shalaby@cyshield.com
[2022-04-01T16:43:53.738] [INFO] app - bf3b37f4-4ef4-4da4-baea-5ee869b403af - INFO - List node - Success retrieving  data - ahmed.shalaby@cyshield.com
[2022-04-01T16:43:53.848] [INFO] app - 556254ce-b57e-4091-b45c-73b9b418d3ab - INFO - List node - Success retrieving  data - ahmed.shalaby@cyshield.com
[2022-04-01T16:44:32.780] [INFO] app - 54534e3f-a26b-442d-b325-7d1c25fdf019 - INFO - List node - Success retrieving  data - ahmed.shalaby@cyshield.com
[2022-04-01T16:44:32.943] [INFO] app - d4a492ad-06fe-46c4-9f23-3deb5e4ef2b9 - INFO - List node - Success retrieving  data - ahmed.shalaby@cyshield.com
[2022-04-01T16:44:33.964] [INFO] app - 0fdbb501-624f-488d-991f-1c1b7d6b2d55 - INFO - List node - Success retrieving  data - ahmed.shalaby@cyshield.com
[2022-04-01T16:45:07.265] [INFO] app - 887e932d-d109-494f-8154-9d514483d9ea - INFO - List node - Success retrieving  data - ahmed.shalaby@cyshield.com
[2022-04-01T16:45:07.459] [INFO] app - b1ac376c-2949-4500-bcbb-1b2412eb6977 - INFO - List node - Success retrieving  data - ahmed.shalaby@cyshield.com
[2022-04-01T16:45:08.054] [INFO] app - a8ce3e47-9687-4d29-8103-a280d32b9098 - INFO - List node - Success retrieving  data - ahmed.shalaby@cyshield.com
[2022-04-01T16:45:20.550] [INFO] app - 60dab3ab-68eb-42f7-9d14-66f87cae403e - INFO - List node - Success retrieving  data - ahmed.shalaby@cyshield.com
[2022-04-01T16:45:20.566] [INFO] app - 8e184a7b-64ea-46b1-acba-af6f96632e0e - INFO - List node - Success retrieving  data - ahmed.shalaby@cyshield.com
[2022-04-01T16:45:21.013] [INFO] app - 6f3fef09-3742-4913-9a6c-c8bd867d7f27 - INFO - List node - Success retrieving  data - ahmed.shalaby@cyshield.com
[2022-04-01T16:45:23.549] [INFO] app - a5595f1b-4394-4454-9760-e3e4ddc5639b - INFO - List node - Success retrieving  data - ahmed.shalaby@cyshield.com
[2022-04-01T16:45:28.293] [INFO] app - a99b4032-0ad2-4a44-ae7b-a2063aeb867b - INFO - List node - Success retrieving  data - ahmed.shalaby@cyshield.com
[2022-04-01T16:45:28.309] [INFO] app - cd3ef671-3f43-4c65-9a1e-785d65aea32f - INFO - List node - Success retrieving  data - ahmed.shalaby@cyshield.com
[2022-04-01T16:45:29.068] [INFO] app - 7a1a6cec-edaf-4594-a388-a49b246783dc - INFO - List node - Success retrieving  data - ahmed.shalaby@cyshield.com
[2022-04-01T16:45:39.555] [INFO] app - 9dc70255-af25-4fb5-acd1-23a66338a9d9 - INFO - List node - Success retrieving  data - ahmed.shalaby@cyshield.com
[2022-04-01T16:45:39.578] [INFO] app - 105a1bca-71a9-440e-87c9-a0d18ad490b7 - INFO - List node - Success retrieving  data - ahmed.shalaby@cyshield.com
[2022-04-01T16:45:39.677] [INFO] app - 43d47cfa-cd09-4861-80f7-d224cc2f079e - INFO - List node - Success retrieving  data - ahmed.shalaby@cyshield.com
[2022-04-01T16:45:40.236] [INFO] app - 8dcb2f8c-b272-4367-8fff-23496586f58c - INFO - List node - Success retrieving  data - ahmed.shalaby@cyshield.com
[2022-04-01T16:45:54.803] [INFO] app - df337b85-5280-48a0-bd74-c3744977c03b - INFO - List node - Success retrieving  data - ahmed.shalaby@cyshield.com
[2022-04-01T16:45:54.821] [INFO] app - 2e6ebbf7-0261-4481-a9db-9ff2eff73b42 - INFO - List node - Success retrieving  data - ahmed.shalaby@cyshield.com
[2022-04-01T16:45:54.952] [INFO] app - 9e25a4ff-aa13-4ccc-9771-495eeb5540a6 - INFO - List node - Success retrieving  data - ahmed.shalaby@cyshield.com
[2022-04-01T16:46:01.790] [INFO] app - c6cb68ae-79b6-4fdb-aacb-900046ca1f23 - INFO - List node - Success retrieving  data - ahmed.shalaby@cyshield.com
[2022-04-01T16:46:01.808] [INFO] app - 77d67b5c-03df-4ef4-a8b5-b381eabb1206 - INFO - List node - Success retrieving  data - ahmed.shalaby@cyshield.com
[2022-04-01T16:46:01.963] [INFO] app - c90bee24-87ea-4a4c-bb84-3c5dfe3156b4 - INFO - List node - Success retrieving  data - ahmed.shalaby@cyshield.com
[2022-04-01T16:48:01.029] [INFO] app - 91424d9c-3d2d-4191-906f-29bb5ea674f5 - INFO - List node - Success retrieving  data - ahmed.shalaby@cyshield.com
[2022-04-01T16:48:02.977] [INFO] app - 93c09836-890f-41dd-b3eb-9b4043b919ae - INFO - List node - Success retrieving  data - ahmed.shalaby@cyshield.com
[2022-04-01T16:48:24.358] [INFO] app - d328b5ac-c6bf-4a51-bb3e-b2a37012572d - INFO - List node - Success retrieving  data - ahmed.shalaby@cyshield.com
[2022-04-01T16:48:24.372] [INFO] app - b54c4e7e-8af6-4b51-80f9-7ae51fd6d422 - INFO - List node - Success retrieving  data - ahmed.shalaby@cyshield.com
[2022-04-01T16:48:55.758] [INFO] app - 34799c85-8bc0-44c3-8964-5f958e8d02d6 - INFO - List node - Success retrieving  data - ahmed.shalaby@cyshield.com
[2022-04-01T16:48:55.933] [INFO] app - c06c89bc-8e96-4b14-851f-64dd01cd77c7 - INFO - List node - Success retrieving  data - ahmed.shalaby@cyshield.com
[2022-04-01T16:49:10.553] [INFO] app - b75d25dc-5ad8-414c-863b-7b3bee3ef65c - INFO - List node - Success retrieving  data - ahmed.shalaby@cyshield.com
[2022-04-01T16:49:10.736] [INFO] app - 1addc8bb-d469-4d55-812c-63d5f320b6d0 - INFO - List node - Success retrieving  data - ahmed.shalaby@cyshield.com
[2022-04-01T16:49:14.487] [INFO] app - 312b0d1c-78b3-4c04-8520-d2f6cb58d1a7 - INFO - List node - Success retrieving  data - ahmed.shalaby@cyshield.com
[2022-04-01T16:49:20.950] [INFO] app - bf2d3021-c0c8-4042-8c37-67c9161d1114 - INFO - List node - Success retrieving  data - ahmed.shalaby@cyshield.com
[2022-04-01T16:49:21.221] [INFO] app - aea72d65-b41a-42f2-9316-090ec216e56c - INFO - List node - Success retrieving  data - ahmed.shalaby@cyshield.com
[2022-04-01T16:49:26.446] [INFO] app - 7e6f3efd-d0b7-4750-96ae-d492e01391b6 - INFO - List node - Success retrieving  data - ahmed.shalaby@cyshield.com
[2022-04-01T16:49:26.596] [INFO] app - 3c0b3c37-ed95-4271-ac10-0929f5d10740 - INFO - List node - Success retrieving  data - ahmed.shalaby@cyshield.com
[2022-04-01T16:49:31.170] [INFO] app - cb88c41f-c11f-4e0b-b065-34be637b9d06 - INFO - List node - Success retrieving  data - ahmed.shalaby@cyshield.com
[2022-04-01T16:49:44.110] [INFO] app - be0f9c64-cfa0-43c6-a293-29c64263a5bc - INFO - List node - Success retrieving  data - ahmed.shalaby@cyshield.com
[2022-04-01T16:49:44.341] [INFO] app - fe219132-444f-437c-8e66-d6b5d28eec9f - INFO - List node - Success retrieving  data - ahmed.shalaby@cyshield.com
[2022-04-01T16:49:47.482] [INFO] app - f9c9e488-d5ad-4937-9323-919aa6d5be9d - INFO - List node - Success retrieving  data - ahmed.shalaby@cyshield.com
[2022-04-01T16:51:27.412] [INFO] app - fed83ed7-6706-493d-aea7-ddd083cc4e35 - INFO - List node - Success retrieving  data - ahmed.shalaby@cyshield.com
[2022-04-01T16:53:19.367] [INFO] app - e5914384-3424-4c42-9853-352c00191ef6 - INFO - List node - Success retrieving  data - ahmed.shalaby@cyshield.com
[2022-04-01T16:53:19.441] [INFO] app - e6eb3b54-4691-456a-9c8a-66bfa268ecf0 - INFO - List node - Success retrieving  data - ahmed.shalaby@cyshield.com
[2022-04-01T16:53:20.531] [INFO] app - 90958187-ef4e-449f-8e6e-41ef9b19f7c0 - INFO - List node - Success retrieving  data - ahmed.shalaby@cyshield.com
[2022-04-01T16:53:52.030] [INFO] app - da11675a-7823-4915-8617-2fd9e2564b14 - INFO - List node - Success retrieving  data - ahmed.shalaby@cyshield.com
[2022-04-01T16:53:52.320] [INFO] app - ca1f58e6-5fb9-4cb9-ac57-0cd78484291f - INFO - List node - Success retrieving  data - ahmed.shalaby@cyshield.com
[2022-04-01T16:53:52.780] [INFO] app - 91e8384c-3c50-41ae-b53c-113a508b8d06 - INFO - List node - Success retrieving  data - ahmed.shalaby@cyshield.com
[2022-04-01T16:53:56.401] [INFO] app - 7b4b5686-8cbf-4851-8407-8e2713cb36ce - INFO - List node - Success retrieving  data - ahmed.shalaby@cyshield.com
[2022-04-01T16:54:18.152] [INFO] app - da4c6dc8-a096-4770-9a27-5adb9c5929a7 - INFO - List node - Success retrieving  data - ahmed.shalaby@cyshield.com
[2022-04-01T16:54:18.166] [INFO] app - 5b5f9840-c9bf-4032-bac2-302db12e80e7 - INFO - List node - Success retrieving  data - ahmed.shalaby@cyshield.com
[2022-04-01T16:54:27.791] [INFO] app - 7497f9a0-9ae8-40fa-b401-47f4ec0c45c5 - INFO - List node - Success retrieving  data - ahmed.shalaby@cyshield.com
[2022-04-01T16:55:05.460] [INFO] app - adf388c1-3d63-49bb-9119-b3c498ff0934 - INFO - List node - Success retrieving  data - ahmed.shalaby@cyshield.com
[2022-04-01T16:55:05.466] [INFO] app - d377d817-683f-4fcc-ad3b-14158f5fd130 - INFO - List node - Success retrieving  data - ahmed.shalaby@cyshield.com
[2022-04-01T16:55:23.924] [INFO] app - ad5b60be-7dcf-494e-9160-d154d3aa550b - INFO - List node - Success retrieving  data - ahmed.shalaby@cyshield.com
[2022-04-01T16:55:23.933] [INFO] app - ec4c2312-26a1-4fbe-83b5-93a76567aa1d - INFO - List node - Success retrieving  data - ahmed.shalaby@cyshield.com
[2022-04-01T16:55:27.929] [INFO] app - 043980ba-287f-4fca-9ded-9fb71a51701e - INFO - List node - Success retrieving  data - ahmed.shalaby@cyshield.com
[2022-04-01T16:55:27.940] [INFO] app - 23c3e8c3-420b-4363-b152-deb962e46118 - INFO - List node - Success retrieving  data - ahmed.shalaby@cyshield.com
[2022-04-01T16:56:48.314] [INFO] app - 2f58627b-f1df-49b3-a995-3c3faec0f88c - INFO - List node - Success retrieving  data - ahmed.shalaby@cyshield.com
[2022-04-01T16:56:48.319] [INFO] app - 2307caf5-e143-4311-800c-f0dff126c342 - INFO - List node - Success retrieving  data - ahmed.shalaby@cyshield.com
[2022-04-01T16:57:07.655] [INFO] app - 04e33d40-d3fa-4b4a-b07a-16c13bf768d2 - INFO - List node - Success retrieving  data - ahmed.shalaby@cyshield.com
[2022-04-01T16:57:09.546] [INFO] app - 164f8efb-298c-401c-af88-b8c3d65e8638 - INFO - List node - Success retrieving  data - ahmed.shalaby@cyshield.com
[2022-04-01T16:57:53.073] [INFO] app - 58bfd09e-d5ac-425b-95af-faf7bf70e23d - INFO - List node - Success retrieving  data - ahmed.shalaby@cyshield.com
[2022-04-01T16:57:53.238] [INFO] app - de438057-f4f8-4652-8427-37af94f3f7e0 - INFO - List node - Success retrieving  data - ahmed.shalaby@cyshield.com
[2022-04-01T16:58:11.971] [INFO] app - 3ed6ff59-bc65-46f4-bf62-30eda724ee3b - INFO - List node - Success retrieving  data - ahmed.shalaby@cyshield.com
[2022-04-01T16:58:12.154] [INFO] app - 76cbed70-5af6-443d-90f9-20237c007a1f - INFO - List node - Success retrieving  data - ahmed.shalaby@cyshield.com
[2022-04-01T16:58:18.630] [INFO] app - be90cdb3-7b86-4546-930f-466825d0c980 - INFO - List node - Success retrieving  data - ahmed.shalaby@cyshield.com
[2022-04-01T16:58:18.659] [INFO] app - 15d1e97c-866d-4c54-a48d-831773fb6e03 - INFO - List node - Success retrieving  data - ahmed.shalaby@cyshield.com
[2022-04-01T16:58:22.967] [INFO] app - fa09beb1-606a-45cb-8aeb-477110ecf261 - INFO - List node - Success retrieving  data - ahmed.shalaby@cyshield.com
[2022-04-01T16:58:28.448] [INFO] app - 300f9125-3948-4513-9e09-f59875dc8e0a - INFO - List node - Success retrieving  data - ahmed.shalaby@cyshield.com
[2022-04-01T16:58:28.524] [INFO] app - b4dd9d97-9b57-4879-9709-f785a49ae443 - INFO - List node - Success retrieving  data - ahmed.shalaby@cyshield.com
[2022-04-01T16:58:33.013] [INFO] app - 3bc46ea2-0dce-4a9f-b91a-7c796826305e - INFO - List node - Success retrieving  data - ahmed.shalaby@cyshield.com
[2022-04-01T16:58:33.141] [INFO] app - 9c1e335e-aca1-4db4-899b-eb53b77c71cf - INFO - List node - Success retrieving  data - ahmed.shalaby@cyshield.com
[2022-04-01T16:59:42.918] [INFO] app - d43aabe5-3e7c-4fbc-9ce7-d3130b707508 - INFO - List node - Success retrieving  data - ahmed.shalaby@cyshield.com
[2022-04-01T17:00:34.023] [INFO] app - e6982813-2bb1-4a21-aa32-b3a32842654e - INFO - List node - Success retrieving  data - ahmed.shalaby@cyshield.com
[2022-04-01T17:00:42.490] [INFO] app - d9a14146-b062-4cdd-9e56-f1a701d9bb85 - INFO - List node - Success retrieving  data - ahmed.shalaby@cyshield.com
[2022-04-01T17:00:43.593] [INFO] app - fb804a50-68f1-4845-af7d-86dfd96335c3 - INFO - List node - Success retrieving  data - ahmed.shalaby@cyshield.com
[2022-04-01T17:00:45.535] [INFO] app - eee9f111-1fce-4bc6-9c09-77e0616413e7 - INFO - List node - Success retrieving  data - ahmed.shalaby@cyshield.com
[2022-04-01T17:05:01.605] [INFO] app - 438a8be1-03be-47ef-a18f-0a1632f4718c - INFO - List node - Success retrieving  data - ahmed.shalaby@cyshield.com
[2022-04-01T17:05:18.637] [INFO] app - d9d47cf2-3afa-461e-bee4-b89af14a5534 - INFO - List node - Success retrieving  data - ahmed.shalaby@cyshield.com
[2022-04-01T17:05:53.749] [INFO] app - 97a92349-74de-4832-85bd-97847ddf4ba4 - INFO - List node - Success retrieving  data - ahmed.shalaby@cyshield.com
[2022-04-01T17:05:57.897] [INFO] app - aab522a7-17cc-4727-b181-d5f49e633d1c - INFO - List node - Success retrieving  data - ahmed.shalaby@cyshield.com
[2022-04-01T17:06:09.967] [INFO] app - c05ff4f9-76c7-4c26-b9d9-5561381cba8b - INFO - List node - Success retrieving  data - ahmed.shalaby@cyshield.com
[2022-04-01T17:06:11.351] [INFO] app - 23eaf219-d9fe-485e-bb2d-48618c58caed - INFO - List node - Success retrieving  data - ahmed.shalaby@cyshield.com
[2022-04-01T17:06:30.444] [INFO] app - 5d9dd8f2-f2c8-41e7-b1e2-1a9f09f7cf43 - INFO - List node - Success retrieving  data - ahmed.shalaby@cyshield.com
[2022-04-01T17:06:50.399] [INFO] app - 3df37d54-799f-4196-aca0-fc06ba8eb8a4 - INFO - List node - Success retrieving  data - ahmed.shalaby@cyshield.com
[2022-04-01T17:07:01.961] [INFO] app - c911b6d4-24b5-4e37-b80e-5425e0489ffe - INFO - List node - Success retrieving  data - ahmed.shalaby@cyshield.com
[2022-04-01T17:07:01.982] [INFO] app - 23cdf256-c78b-4ddd-849a-cfac25303e44 - INFO - List node - Success retrieving  data - ahmed.shalaby@cyshield.com
[2022-04-01T17:07:39.332] [INFO] app - 893769e6-bdaf-423f-8831-5462f91b2f2a - INFO - List node - Success retrieving  data - ahmed.shalaby@cyshield.com
[2022-04-01T17:07:39.792] [INFO] app - 549dd26c-547c-45aa-be99-092c5600d5a2 - INFO - List node - Success retrieving  data - ahmed.shalaby@cyshield.com
[2022-04-01T17:08:34.264] [INFO] app - f187624e-cc2d-4bf1-b5a9-76e3592b8ed6 - INFO - List node - Success retrieving  data - ahmed.shalaby@cyshield.com
[2022-04-01T17:08:48.277] [INFO] app - ea98943f-fdf0-414b-93b9-22e71797853f - INFO - List node - Success retrieving  data - ahmed.shalaby@cyshield.com
[2022-04-01T17:08:48.298] [INFO] app - 732db934-208c-4587-b23b-0b29c61f402b - INFO - List node - Success retrieving  data - ahmed.shalaby@cyshield.com
[2022-04-01T17:09:23.233] [INFO] app - 70902cd6-6b94-4fac-b823-b34afeb03d39 - INFO - List node - Success retrieving  data - ahmed.shalaby@cyshield.com
[2022-04-01T17:09:40.277] [INFO] app - 14fea24f-320a-4e57-a264-62a64d85bac7 - INFO - List node - Success retrieving  data - ahmed.shalaby@cyshield.com
[2022-04-01T17:09:54.440] [INFO] app - 5c1be365-af75-4310-b7fd-897c20c96ad2 - INFO - List node - Success retrieving  data - ahmed.shalaby@cyshield.com
[2022-04-01T17:13:37.897] [INFO] app - 369c9f2c-f610-4a7b-a7a7-11e9c1c64027 - INFO - List node - Success retrieving  data - ahmed.shalaby@cyshield.com
[2022-04-01T17:13:39.300] [INFO] app - 5426599e-5713-440a-a56b-d2642b57c8dc - INFO - List node - Success retrieving  data - ahmed.shalaby@cyshield.com
[2022-04-01T17:13:45.311] [INFO] app - 33143a61-5d32-42e5-b1f3-881564b7a683 - INFO - List node - Success retrieving  data - ahmed.shalaby@cyshield.com
[2022-04-01T17:13:46.753] [INFO] app - 194dc9f6-be09-4b6b-b696-f9fcce460937 - INFO - List node - Success retrieving  data - ahmed.shalaby@cyshield.com
[2022-04-01T17:14:05.339] [INFO] app - 61fa5d16-fe1c-40ac-aa55-28cdd442a279 - INFO - List node - Success retrieving  data - ahmed.shalaby@cyshield.com
[2022-04-01T17:14:06.868] [INFO] app - fd37cf14-7fc6-4f67-a2db-0446987b2f30 - INFO - List node - Success retrieving  data - ahmed.shalaby@cyshield.com
[2022-04-01T17:14:36.606] [INFO] app - 87d4ffc4-c4bd-4e8f-99c3-e9643501ceb4 - INFO - List node - Success retrieving  data - ahmed.shalaby@cyshield.com
[2022-04-01T17:15:38.478] [INFO] app - 585ba491-f7a1-4583-9030-e3e76d358d4d - INFO - List node - Success retrieving  data - ahmed.shalaby@cyshield.com
[2022-04-01T17:15:50.055] [INFO] app - 4314544b-5468-4b8e-9650-79197e5f8c74 - INFO - List node - Success retrieving  data - ahmed.shalaby@cyshield.com
[2022-04-01T17:15:56.670] [INFO] app - db389b3a-e35b-48f1-a0ba-ca51803bf983 - INFO - List node - Success retrieving  data - ahmed.shalaby@cyshield.com
[2022-04-01T17:16:07.635] [INFO] app - a266ddfc-3f10-434d-a4fa-f91ef81e5064 - INFO - List node - Success retrieving  data - ahmed.shalaby@cyshield.com
[2022-04-01T17:16:08.067] [INFO] app - 54c9b7d3-4ae3-4b3f-a0d8-aeedf6e1e4ed - INFO - List node - Success retrieving  data - ahmed.shalaby@cyshield.com
[2022-04-01T17:16:22.635] [INFO] app - c8f2a525-ff4c-4fad-a8ca-619ed2ebc17b - INFO - List node - Success retrieving  data - ahmed.shalaby@cyshield.com
[2022-04-01T17:18:14.362] [INFO] app - 15a02f72-06ea-4a98-ad20-f8a4377bdb79 - INFO - List node - Success retrieving  data - ahmed.shalaby@cyshield.com
[2022-04-01T17:18:15.765] [INFO] app - 09f12312-3436-4252-b995-bb0754c7e22b - INFO - List node - Success retrieving  data - ahmed.shalaby@cyshield.com
[2022-04-01T17:18:31.530] [INFO] app - 2948d87f-9377-4496-8e6a-5e83a59f089a - INFO - List node - Success retrieving  data - ahmed.shalaby@cyshield.com
[2022-04-01T17:18:33.131] [INFO] app - 8641d7c4-3981-475b-bb3e-d6c84791fe48 - INFO - List node - Success retrieving  data - ahmed.shalaby@cyshield.com
[2022-04-01T17:19:17.309] [INFO] app - dafb3873-168b-4404-81f2-831fe09e22e0 - INFO - List node - Success retrieving  data - ahmed.shalaby@cyshield.com
[2022-04-01T17:20:25.767] [INFO] app - f1aea659-535d-4b44-a6bf-ea5356e32ca1 - INFO - List node - Success retrieving  data - ahmed.shalaby@cyshield.com
[2022-04-01T17:21:20.279] [INFO] app - 6504caae-be8d-486e-9051-0f52e6d8a98e - INFO - List node - Success retrieving  data - ahmed.shalaby@cyshield.com
[2022-04-01T17:24:19.051] [INFO] app - a1e7ab92-76b1-4a72-8f08-aa27962d7463 - INFO - List node - Success retrieving  data - ahmed.shalaby@cyshield.com
[2022-04-01T17:28:18.641] [INFO] app - bd357498-525d-43cf-9408-a0a7a59cdf00 - INFO - List node - Success retrieving  data - ahmed.shalaby@cyshield.com
[2022-04-01T17:28:39.232] [INFO] app - fe192490-aa46-4be3-8a70-a5f031afb6dd - INFO - List node - Success retrieving  data - ahmed.shalaby@cyshield.com
[2022-04-01T17:29:08.469] [INFO] app - 47be3e64-4ee9-42d7-a361-234b873e96c5 - INFO - List node - Success retrieving  data - ahmed.shalaby@cyshield.com
[2022-04-01T17:29:09.948] [INFO] app - 31a4746a-a06b-466c-bc94-25cf44e6219d - INFO - List node - Success retrieving  data - ahmed.shalaby@cyshield.com
[2022-04-01T17:29:19.087] [INFO] app - e6ddb041-95e4-4778-9dc1-8eebe74c3916 - INFO - List node - Success retrieving  data - ahmed.shalaby@cyshield.com
[2022-04-01T17:29:48.000] [INFO] app - bd07f73b-3831-4f9c-afc6-8f49d02e943c - INFO - List node - Success retrieving  data - ahmed.shalaby@cyshield.com
[2022-04-01T17:29:49.528] [INFO] app - 43ae1587-9e14-4fa6-be00-9c40644e7b22 - INFO - List node - Success retrieving  data - ahmed.shalaby@cyshield.com
[2022-04-01T17:29:55.265] [INFO] app - 3e87620e-d060-471f-9bbe-c35c5f1511ec - INFO - List node - Success retrieving  data - ahmed.shalaby@cyshield.com
[2022-04-01T17:30:00.248] [INFO] app - f7ecd6ec-9529-4177-999f-778ec9421474 - INFO - List node - Success retrieving  data - ahmed.shalaby@cyshield.com
[2022-04-01T17:30:36.668] [INFO] app - cda10ac0-e3e9-449a-8e12-b56783965a6b - INFO - List node - Success retrieving  data - ahmed.shalaby@cyshield.com
[2022-04-01T17:30:36.986] [INFO] app - d600ed02-9bfe-42bc-8281-c94f97c892b5 - INFO - List node - Success retrieving  data - ahmed.shalaby@cyshield.com
[2022-04-01T17:34:08.854] [INFO] app - 96c79422-511e-46ec-a6f1-9fb746499f7d - INFO - List node - Success retrieving  data - ahmed.shalaby@cyshield.com
[2022-04-01T17:34:26.685] [INFO] app - 16483753-8f8d-4ad4-8077-180b837efffc - INFO - List node - Success retrieving  data - ahmed.shalaby@cyshield.com
[2022-04-01T17:34:29.651] [INFO] app - db7ad518-b5b0-4741-9ad2-3797a17b14d0 - INFO - List node - Success retrieving  data - ahmed.shalaby@cyshield.com
[2022-04-01T17:35:35.344] [INFO] app - 35224212-759c-4acf-a8a9-a019e6d62e79 - INFO - List node - Success retrieving  data - ahmed.shalaby@cyshield.com
[2022-04-01T17:36:10.403] [INFO] app - 2b4c0893-060d-402f-826f-946bdc36ce1a - INFO - List node - Success retrieving  data - ahmed.shalaby@cyshield.com
[2022-04-01T17:36:19.019] [INFO] app - 415b7500-b52a-4f23-ad97-d3ab3dc1dd16 - INFO - List node - Success retrieving  data - ahmed.shalaby@cyshield.com
[2022-04-01T17:36:26.309] [INFO] app - 45df5b17-10e3-4449-a5a0-6f4248dfbb57 - INFO - List node - Success retrieving  data - ahmed.shalaby@cyshield.com
[2022-04-01T17:36:42.601] [INFO] app - 73d60dca-f1b4-4ea3-b2b3-a8e3be69647a - INFO - List node - Success retrieving  data - ahmed.shalaby@cyshield.com
[2022-04-01T17:37:02.057] [INFO] app - d4dade93-d4c7-4290-bc69-33320b13c53c - INFO - List node - Success retrieving  data - ahmed.shalaby@cyshield.com
[2022-04-01T17:37:03.813] [INFO] app - d5ca25d4-3909-4c99-9f23-3d0970feaf81 - INFO - List node - Success retrieving  data - ahmed.shalaby@cyshield.com
[2022-04-01T17:37:11.584] [INFO] app - 58b6ccee-6432-4631-87c1-0a05406d5b08 - INFO - List node - Success retrieving  data - ahmed.shalaby@cyshield.com
[2022-04-01T17:37:22.254] [INFO] app - 98253010-2d5d-4534-86ae-faa4505f21fe - INFO - List node - Success retrieving  data - ahmed.shalaby@cyshield.com
[2022-04-01T17:37:47.479] [INFO] app - 1449eb80-e212-40f2-af84-b512f8d09468 - INFO - List node - Success retrieving  data - ahmed.shalaby@cyshield.com
[2022-04-01T17:40:34.426] [INFO] app - d17ddd7b-24b7-430b-9c99-22d6c6a7fca9 - INFO - List node - Success retrieving  data - ahmed.shalaby@cyshield.com
[2022-04-01T17:40:39.124] [INFO] app - a57e5404-3578-4df8-a8f7-f8074c7a7996 - INFO - List node - Success retrieving  data - ahmed.shalaby@cyshield.com
[2022-04-01T17:40:43.506] [INFO] app - 52d1b93c-7621-48e3-a2f6-b28bc19c26af - INFO - List node - Success retrieving  data - ahmed.shalaby@cyshield.com
[2022-04-01T17:40:45.668] [INFO] app - dd936277-d639-41b1-baae-36c0070ca523 - INFO - List node - Success retrieving  data - ahmed.shalaby@cyshield.com
[2022-04-01T17:40:51.979] [INFO] app - 8f9e0a32-cdbe-4826-a244-136e8d703242 - INFO - List node - Success retrieving  data - ahmed.shalaby@cyshield.com
[2022-04-01T17:41:17.335] [INFO] app - 4839fef5-92c8-4619-a4dd-a9cb23bb24ce - INFO - List node - Success retrieving  data - ahmed.shalaby@cyshield.com
[2022-04-01T17:41:17.566] [INFO] app - eb21f36d-6de4-4d0b-b16d-6e1c11598b0e - INFO - List node - Success retrieving  data - ahmed.shalaby@cyshield.com
[2022-04-01T17:41:40.131] [INFO] app - 9352d036-1cfe-43b0-a628-5b0564a321d2 - INFO - List node - Success retrieving  data - ahmed.shalaby@cyshield.com
[2022-04-01T17:41:40.477] [INFO] app - 3bc05775-71ed-4441-a621-f931d6cf91ec - INFO - List node - Success retrieving  data - ahmed.shalaby@cyshield.com
[2022-04-01T17:42:10.441] [INFO] app - 2ffc0112-3000-4973-8c29-f4816efc76ed - INFO - List node - Success retrieving  data - ahmed.shalaby@cyshield.com
[2022-04-01T17:42:16.810] [INFO] app - e47260d8-b6a7-4b38-b383-d3ebf66fbbd3 - INFO - List node - Success retrieving  data - ahmed.shalaby@cyshield.com
[2022-04-01T17:42:21.245] [INFO] app - 492b8c4d-bbc9-4807-943f-d4e60b115f13 - INFO - List node - Success retrieving  data - ahmed.shalaby@cyshield.com
[2022-04-01T17:42:41.239] [INFO] app - e1da985e-9574-47ff-9aab-899bb88d0fce - INFO - List node - Success retrieving  data - ahmed.shalaby@cyshield.com
[2022-04-01T17:42:47.090] [INFO] app - a1df04fb-178f-46ca-ba1c-9fc388099527 - INFO - List node - Success retrieving  data - ahmed.shalaby@cyshield.com
[2022-04-01T17:42:54.628] [INFO] app - 6e40953a-4359-49c8-b7d4-d60175b3d703 - INFO - List node - Success retrieving  data - ahmed.shalaby@cyshield.com
[2022-04-01T17:43:01.131] [INFO] app - f0e806e1-aa99-490b-a3a8-1101f529506a - INFO - List node - Success retrieving  data - ahmed.shalaby@cyshield.com
[2022-04-01T17:43:39.450] [INFO] app - c2577335-fcd0-47ff-8269-280919c49324 - INFO - List node - Success retrieving  data - ahmed.shalaby@cyshield.com
[2022-04-01T17:44:03.021] [INFO] app - 241cccf1-d9be-4673-a003-4d5fdf983f58 - INFO - List node - Success retrieving  data - ahmed.shalaby@cyshield.com
[2022-04-01T17:44:03.055] [INFO] app - 1a7fdcda-14c9-4ada-b0bc-eff0fac6e1f4 - INFO - List node - Success retrieving  data - ahmed.shalaby@cyshield.com
[2022-04-01T17:44:03.084] [INFO] app - b4ab6e3e-ab5f-4f34-95b2-7e66eb0d71cb - INFO - List node - Success retrieving  data - ahmed.shalaby@cyshield.com
[2022-04-01T17:44:03.219] [INFO] app - e65414da-749d-4570-9ece-81f25f47d72a - INFO - List node - Success retrieving  data - ahmed.shalaby@cyshield.com
[2022-04-01T17:44:36.775] [INFO] app - 92252899-201a-4b45-ab15-2587148f3d05 - INFO - List node - Success retrieving  data - ahmed.shalaby@cyshield.com
[2022-04-01T17:44:55.700] [INFO] app - bbb2cc13-a891-405d-a62d-711f2bdd68a9 - INFO - List node - Success retrieving  data - ahmed.shalaby@cyshield.com
[2022-04-01T17:45:23.682] [INFO] app - c31b42fe-d27c-46aa-aedc-64baab485fa9 - INFO - List node - Success retrieving  data - ahmed.shalaby@cyshield.com
[2022-04-01T21:54:09.192] [INFO] app - 1644da24-2332-431e-81e4-b758cde67b20 - INFO - List node - Success retrieving  data - ahmed.shalaby@cyshield.com
[2022-04-01T21:54:58.835] [INFO] app - 446b47a7-9e06-4775-8f29-999ee95998af - INFO - List node - Success retrieving  data - ahmed.shalaby@cyshield.com
[2022-04-01T21:55:01.237] [INFO] app - e5aa670d-5403-4f10-ab4e-9446c1c8dc31 - INFO - List node - Success retrieving  data - ahmed.shalaby@cyshield.com
[2022-04-01T21:55:05.344] [INFO] app - dac52a87-325c-4881-9b32-608ea2c4d5f0 - INFO - List node - Success retrieving  data - ahmed.shalaby@cyshield.com
[2022-04-01T21:55:22.479] [INFO] app - 266ca833-a253-4c2b-a0a6-cf5117fe7605 - INFO - List node - Success retrieving  data - ahmed.shalaby@cyshield.com
[2022-04-01T21:55:23.862] [INFO] app - cd0be185-0243-45fc-a7de-2a3417096acd - INFO - List node - Success retrieving  data - ahmed.shalaby@cyshield.com
[2022-04-01T21:56:00.649] [INFO] app - 84ce6519-37ce-41b7-acee-bce8899078ab - INFO - List node - Success retrieving  data - ahmed.shalaby@cyshield.com
[2022-04-01T21:56:10.662] [INFO] app - 713f5ee4-e1ce-439c-bf31-6671f903040d - INFO - List node - Success retrieving  data - ahmed.shalaby@cyshield.com
[2022-04-01T21:56:43.902] [INFO] app - 95dec3ef-7a7d-41a2-8184-bd8a84bfc9a6 - INFO - List node - Success retrieving  data - ahmed.shalaby@cyshield.com
[2022-04-01T21:57:12.986] [INFO] app - cc71a8b8-e07a-4e77-b6da-75e845d6211f - INFO - List node - Success retrieving  data - ahmed.shalaby@cyshield.com
[2022-04-01T21:57:40.448] [INFO] app - d1ec98f3-1190-47a4-b0ee-34c161bd88bf - INFO - List node - Success retrieving  data - ahmed.shalaby@cyshield.com
[2022-04-01T21:57:42.353] [INFO] app - 26f4480d-caa3-404c-b058-e774b4a71ef5 - INFO - List node - Success retrieving  data - ahmed.shalaby@cyshield.com
[2022-04-01T21:58:12.476] [INFO] app - 9e837b0a-aff9-4ab3-95ac-d46b98e23299 - INFO - List node - Success retrieving  data - ahmed.shalaby@cyshield.com
[2022-04-01T21:58:30.485] [INFO] app - eae5901d-b469-4d2d-b84d-f72d896182a1 - INFO - List node - Success retrieving  data - ahmed.shalaby@cyshield.com
[2022-04-01T21:59:33.835] [INFO] app - f27704dd-3274-45f8-bf18-a068b2b4c788 - INFO - List node - Success retrieving  data - ahmed.shalaby@cyshield.com
[2022-04-01T21:59:44.380] [INFO] app - 819db362-cfd6-4ecc-a290-4b4ec92c93d4 - INFO - List node - Success retrieving  data - ahmed.shalaby@cyshield.com
[2022-04-01T21:59:47.872] [INFO] app - 1b15fb41-a206-453d-a9cc-a6ef087df985 - INFO - List node - Success retrieving  data - ahmed.shalaby@cyshield.com
[2022-04-01T22:00:50.597] [INFO] app - 4e74840f-e75c-4f79-8e9a-fa33472875c7 - INFO - List node - Success retrieving  data - ahmed.shalaby@cyshield.com
[2022-04-01T22:00:53.650] [INFO] app - 611a3264-709d-4f58-bd97-6a3319e5ac6e - INFO - List node - Success retrieving  data - ahmed.shalaby@cyshield.com
[2022-04-01T22:01:35.258] [INFO] app - 9d4a48fb-6c0e-417f-bf27-7350783aea71 - INFO - List node - Success retrieving  data - ahmed.shalaby@cyshield.com
[2022-04-01T22:01:51.345] [INFO] app - b18d3c30-24ac-4ea7-b7c5-daa407f8a87b - INFO - List node - Success retrieving  data - ahmed.shalaby@cyshield.com
[2022-04-01T22:01:52.519] [INFO] app - 6ba6d777-6c4c-4435-99c9-8aa784b53d65 - INFO - List node - Success retrieving  data - ahmed.shalaby@cyshield.com
[2022-04-01T22:01:58.350] [INFO] app - 604b6ab6-2eff-4273-9f98-7ec6be2ccbf0 - INFO - List node - Success retrieving  data - ahmed.shalaby@cyshield.com
[2022-04-01T22:02:09.233] [INFO] app - 946e36c9-586b-4def-9c57-6c24f498e120 - INFO - List node - Success retrieving  data - ahmed.shalaby@cyshield.com
[2022-04-01T22:02:35.604] [INFO] app - 810637f5-05bc-4c26-a36e-2865b9640391 - INFO - List node - Success retrieving  data - ahmed.shalaby@cyshield.com
[2022-04-01T22:02:38.584] [INFO] app - e5214d8f-a76e-4313-8082-8020decc0ca6 - INFO - List node - Success retrieving  data - ahmed.shalaby@cyshield.com
[2022-04-01T22:03:07.228] [INFO] app - be0d912f-12da-4ff7-a10b-ae9b761278a3 - INFO - List node - Success retrieving  data - ahmed.shalaby@cyshield.com
[2022-04-01T22:04:02.228] [INFO] app - c6525da9-a1e4-46c3-a6b9-2121f495b5cc - INFO - List node - Success retrieving  data - ahmed.shalaby@cyshield.com
[2022-04-01T22:04:20.001] [INFO] app - 5e6c36fb-4ed6-48c2-a8df-fa25ee3d1b25 - INFO - List node - Success retrieving  data - ahmed.shalaby@cyshield.com
[2022-04-01T22:04:26.541] [INFO] app - ad781abc-25af-4e5d-8e47-548db13c80e7 - INFO - List node - Success retrieving  data - ahmed.shalaby@cyshield.com
[2022-04-01T22:06:44.331] [INFO] app - 1719753c-94a9-4f31-878c-0bd74919c057 - INFO - List node - Success retrieving  data - ahmed.shalaby@cyshield.com
[2022-04-01T22:08:11.612] [INFO] app - 3087f638-a54b-4783-ac6d-7c60f9adc410 - INFO - List node - Success retrieving  data - ahmed.shalaby@cyshield.com
[2022-04-01T22:08:32.647] [INFO] app - 68bfbf16-5722-424e-8da9-c7dc14804c04 - INFO - List node - Success retrieving  data - ahmed.shalaby@cyshield.com
[2022-04-01T22:08:45.828] [INFO] app - 513155c7-011d-446a-bb7f-4af0389698f9 - INFO - List node - Success retrieving  data - ahmed.shalaby@cyshield.com
[2022-04-01T22:09:01.867] [INFO] app - 42d0d817-4772-4d9c-9132-2dbca9600978 - INFO - List node - Success retrieving  data - ahmed.shalaby@cyshield.com
[2022-04-01T22:09:39.499] [INFO] app - 665fa32a-e13c-4153-ac06-9b6d16d768c1 - INFO - List node - Success retrieving  data - ahmed.shalaby@cyshield.com
[2022-04-01T22:09:43.233] [INFO] app - 8b3d1172-4bf7-4ad1-ba99-78f99d4ff753 - INFO - List node - Success retrieving  data - ahmed.shalaby@cyshield.com
[2022-04-01T22:09:54.873] [INFO] app - 61587400-9c43-4247-ab73-c53b6e1c4aba - INFO - List node - Success retrieving  data - ahmed.shalaby@cyshield.com
[2022-04-01T22:10:08.389] [INFO] app - 25b26dc3-5a5a-4b9d-a45d-5b7263d7fdc8 - INFO - List node - Success retrieving  data - ahmed.shalaby@cyshield.com
[2022-04-01T22:10:55.655] [INFO] app - 228ca2b2-e9d5-4d67-812a-e310ea69b833 - INFO - List node - Success retrieving  data - ahmed.shalaby@cyshield.com
[2022-04-01T22:10:56.119] [INFO] app - e1ec9256-56a4-4c83-8193-730c24f365c1 - INFO - List node - Success retrieving  data - ahmed.shalaby@cyshield.com
[2022-04-01T22:11:05.085] [INFO] app - df308217-0838-4d3e-9000-dd368e67bfd1 - INFO - List node - Success retrieving  data - ahmed.shalaby@cyshield.com
[2022-04-01T22:11:09.280] [INFO] app - 0c51d9d5-0151-4781-9ac2-9d5661be0fda - INFO - List node - Success retrieving  data - ahmed.shalaby@cyshield.com
[2022-04-01T22:12:04.550] [INFO] app - 9e2e0916-8ac4-4010-a464-c4d5a6fad55d - INFO - List node - Success retrieving  data - ahmed.shalaby@cyshield.com
[2022-04-01T22:12:04.878] [INFO] app - 30603c36-81c9-4a78-8ed6-17bfa1f1f371 - INFO - List node - Success retrieving  data - ahmed.shalaby@cyshield.com
[2022-04-01T22:15:35.471] [INFO] app - 6a681763-69da-4262-8e93-4c8d0e511a26 - INFO - List node - Success retrieving  data - ahmed.shalaby@cyshield.com
[2022-04-01T22:15:36.228] [INFO] app - 5d3b2997-6d41-4580-8466-bb8631fc5cb6 - INFO - List node - Success retrieving  data - ahmed.shalaby@cyshield.com
[2022-04-01T22:15:48.386] [INFO] app - 400778d1-e19c-476c-a616-93e447aa9d50 - INFO - List node - Success retrieving  data - ahmed.shalaby@cyshield.com
[2022-04-01T22:17:04.832] [INFO] app - 67bfabb6-8aec-4cb8-a0ec-adb06c8151e3 - INFO - List node - Success retrieving  data - ahmed.shalaby@cyshield.com
[2022-04-01T22:17:04.868] [INFO] app - db4cb810-9a97-4705-af36-1e6ed015cdf6 - INFO - List node - Success retrieving  data - ahmed.shalaby@cyshield.com
[2022-04-01T22:17:18.427] [INFO] app - a9a66201-dbbd-43ca-83da-c10d4780745b - INFO - List node - Success retrieving  data - ahmed.shalaby@cyshield.com
[2022-04-01T22:19:20.696] [INFO] app - 497a9db0-8bdb-4125-aac4-95bd1b2b149a - INFO - List node - Success retrieving  data - ahmed.shalaby@cyshield.com
[2022-04-01T22:19:50.679] [INFO] app - 2477cbb1-b884-40a0-a320-a47a22d12052 - INFO - List node - Success retrieving  data - ahmed.shalaby@cyshield.com
[2022-04-01T22:20:36.149] [INFO] app - 829e255b-54d1-4082-908e-e38b57cc2739 - INFO - List node - Success retrieving  data - ahmed.shalaby@cyshield.com
[2022-04-01T22:21:13.094] [INFO] app - e0725ed6-959d-48ef-be75-f47332dae199 - INFO - List node - Success retrieving  data - ahmed.shalaby@cyshield.com
[2022-04-01T22:21:50.521] [INFO] app - e2bac14b-4081-4903-8229-3f204f03e525 - INFO - List node - Success retrieving  data - ahmed.shalaby@cyshield.com
[2022-04-01T22:21:51.359] [INFO] app - f8ace2f6-f8df-49e8-ba23-802517ddda7c - INFO - List node - Success retrieving  data - ahmed.shalaby@cyshield.com
[2022-04-01T22:21:51.731] [INFO] app - 67b3d306-a758-4808-a923-0d0a04503908 - INFO - List node - Success retrieving  data - ahmed.shalaby@cyshield.com
[2022-04-01T22:21:52.600] [INFO] app - 5d32d5dc-1430-404b-a30d-646e6126c470 - INFO - List node - Success retrieving  data - ahmed.shalaby@cyshield.com
[2022-04-01T22:21:52.814] [INFO] app - 1249753b-fe9b-41d5-8a6e-e4bc16da5be4 - INFO - List node - Success retrieving  data - ahmed.shalaby@cyshield.com
[2022-04-01T22:22:01.501] [INFO] app - 92899449-b983-4e89-8abf-bae208c86969 - INFO - List node - Success retrieving  data - ahmed.shalaby@cyshield.com
[2022-04-01T22:22:39.860] [INFO] app - e38e1098-7efc-451e-b5b7-4b343c16240e - INFO - List node - Success retrieving  data - ahmed.shalaby@cyshield.com
[2022-04-01T22:22:39.868] [INFO] app - fa384e1c-636d-4959-babf-1eb958d1732e - INFO - List node - Success retrieving  data - ahmed.shalaby@cyshield.com
[2022-04-01T22:22:40.498] [INFO] app - e766e3d3-4a4f-49dd-b926-5803085b00d2 - INFO - List node - Success retrieving  data - ahmed.shalaby@cyshield.com
[2022-04-01T22:22:51.858] [INFO] app - 2b4edd66-1488-4a21-8a76-bffeacad00c6 - INFO - List node - Success retrieving  data - ahmed.shalaby@cyshield.com
[2022-04-01T22:22:52.255] [INFO] app - 817889c1-3045-4460-b236-026b12bcef99 - INFO - List node - Success retrieving  data - ahmed.shalaby@cyshield.com
[2022-04-01T22:23:04.852] [INFO] app - 3b7da31a-afc6-4ede-adc3-9d5187c642e5 - INFO - List node - Success retrieving  data - ahmed.shalaby@cyshield.com
[2022-04-01T22:23:04.871] [INFO] app - 582fe601-b475-4c87-946a-513229dce6da - INFO - List node - Success retrieving  data - ahmed.shalaby@cyshield.com
[2022-04-01T22:23:14.693] [INFO] app - 2924ba5d-bb04-4745-8c88-09d70575e3a9 - INFO - List node - Success retrieving  data - ahmed.shalaby@cyshield.com
[2022-04-01T22:23:14.771] [INFO] app - fbc4da0f-ffa1-485f-8312-54f4a8f557b7 - INFO - List node - Success retrieving  data - ahmed.shalaby@cyshield.com
[2022-04-01T22:23:35.846] [INFO] app - 724d3a0d-90bd-444e-b248-43034ca89a10 - INFO - List node - Success retrieving  data - ahmed.shalaby@cyshield.com
[2022-04-01T22:23:36.166] [INFO] app - 14503857-2102-494f-ae91-fcb79e5a16d6 - INFO - List node - Success retrieving  data - ahmed.shalaby@cyshield.com
[2022-04-01T22:23:50.333] [INFO] app - 55d7b7fa-a23f-4043-a8cf-8f9315609e7f - INFO - List node - Success retrieving  data - ahmed.shalaby@cyshield.com
[2022-04-01T22:23:50.350] [INFO] app - 87819d16-e664-403d-a53a-764a239ff8b3 - INFO - List node - Success retrieving  data - ahmed.shalaby@cyshield.com
[2022-04-01T22:24:40.702] [INFO] app - 88cd4dd5-5743-48c7-8cbe-cbd8b41a26bc - INFO - List node - Success retrieving  data - ahmed.shalaby@cyshield.com
[2022-04-01T22:24:41.046] [INFO] app - 5dbfeef6-9a90-4416-88dd-c489eb34adfc - INFO - List node - Success retrieving  data - ahmed.shalaby@cyshield.com
[2022-04-01T22:25:07.001] [INFO] app - f0e48606-9cff-4c13-a5aa-f0353543cf6a - INFO - List node - Success retrieving  data - ahmed.shalaby@cyshield.com
[2022-04-01T22:25:07.005] [INFO] app - 85b62d82-01a9-4d7c-8073-34fce2f031ae - INFO - List node - Success retrieving  data - ahmed.shalaby@cyshield.com
[2022-04-01T22:25:41.091] [INFO] app - c60c6898-cb06-4a98-9c2e-7f9050411194 - INFO - List node - Success retrieving  data - ahmed.shalaby@cyshield.com
[2022-04-01T22:25:41.131] [INFO] app - 49c24858-d371-4bd6-ad67-681c55d6b94f - INFO - List node - Success retrieving  data - ahmed.shalaby@cyshield.com
[2022-04-01T22:27:00.727] [INFO] app - 72d92801-ec1c-4bce-a813-21ee21945f95 - INFO - List node - Success retrieving  data - ahmed.shalaby@cyshield.com
[2022-04-01T22:27:00.745] [INFO] app - b89051b7-c67e-4714-9e43-fa71ade02c2d - INFO - List node - Success retrieving  data - ahmed.shalaby@cyshield.com
[2022-04-01T22:27:12.033] [INFO] app - f887ace7-14f7-483c-8144-17aa8aeed312 - INFO - List node - Success retrieving  data - ahmed.shalaby@cyshield.com
[2022-04-01T22:27:12.043] [INFO] app - 78e4ecc3-74f9-4505-974d-88ef5262171b - INFO - List node - Success retrieving  data - ahmed.shalaby@cyshield.com
[2022-04-01T22:27:21.667] [INFO] app - e7a621be-3817-4168-bee2-b9787c9f52d5 - INFO - List node - Success retrieving  data - ahmed.shalaby@cyshield.com
[2022-04-01T22:27:21.698] [INFO] app - ce2576e5-21bf-47bf-ae03-497588f1da67 - INFO - List node - Success retrieving  data - ahmed.shalaby@cyshield.com
[2022-04-01T22:27:43.488] [INFO] app - e282b416-6835-4b1b-be02-b13f5b6cf144 - INFO - List node - Success retrieving  data - ahmed.shalaby@cyshield.com
[2022-04-01T22:27:43.492] [INFO] app - cd01743e-84a0-49a1-aee3-6cd8fa10f3ff - INFO - List node - Success retrieving  data - ahmed.shalaby@cyshield.com
[2022-04-01T22:27:44.618] [INFO] app - d6545462-332d-4393-b176-01c5412469d9 - INFO - List node - Success retrieving  data - ahmed.shalaby@cyshield.com
[2022-04-01T22:27:44.659] [INFO] app - a17062c6-69d7-4229-9bcf-496f6a4b235f - INFO - List node - Success retrieving  data - ahmed.shalaby@cyshield.com
[2022-04-01T22:29:07.062] [INFO] app - 0fa43efd-c963-40be-860c-1730f8b45dd0 - INFO - List node - Success retrieving  data - ahmed.shalaby@cyshield.com
[2022-04-01T22:29:07.073] [INFO] app - a5f058f4-08d2-4aa4-83ac-18b736d66ac1 - INFO - List node - Success retrieving  data - ahmed.shalaby@cyshield.com
[2022-04-01T22:29:56.877] [INFO] app - 7a2aad05-3d1f-4bc9-8286-e69d5e0406a9 - INFO - List node - Success retrieving  data - ahmed.shalaby@cyshield.com
[2022-04-01T22:29:56.922] [INFO] app - bed0da79-a54a-419c-8606-d1ec2b6fb290 - INFO - List node - Success retrieving  data - ahmed.shalaby@cyshield.com
[2022-04-01T22:30:09.300] [INFO] app - 8245a5b8-d7b4-42e7-9f19-2128a01e41d4 - INFO - List node - Success retrieving  data - ahmed.shalaby@cyshield.com
[2022-04-01T22:30:52.286] [INFO] app - 04b6ac39-9727-4949-9db6-2a5936d5a057 - INFO - List node - Success retrieving  data - ahmed.shalaby@cyshield.com
[2022-04-01T22:30:52.308] [INFO] app - 0b44a110-595d-4ed3-b865-f1d5c572c873 - INFO - List node - Success retrieving  data - ahmed.shalaby@cyshield.com
[2022-04-01T22:31:00.686] [INFO] app - a611e973-19b4-483b-b736-de523b67e31d - INFO - List node - Success retrieving  data - ahmed.shalaby@cyshield.com
[2022-04-01T22:31:00.695] [INFO] app - eef4b0df-8501-4abf-8162-5a55b72fdefe - INFO - List node - Success retrieving  data - ahmed.shalaby@cyshield.com
[2022-04-01T22:31:07.346] [INFO] app - ef7a96c6-77c7-4ba1-b3e0-33905f14018b - INFO - List node - Success retrieving  data - ahmed.shalaby@cyshield.com
