[2022-03-03T15:04:42.354] [TRACE] app - d49e6b85-1643-4ba5-955c-58b15a798b20 - TRACE - inbound request - delete sensor group - Data is executing - 4
[2022-03-03T15:04:42.471] [INFO] app - d49e6b85-1643-4ba5-955c-58b15a798b20 - INFO - inbound request - delete sensor group - Success updating new data - 4
[2022-03-03T15:08:43.600] [TRACE] app - dd76d791-4439-4bcc-b5e7-b9a543f91b82 - TRACE - inbound request - delete sensor group - Data is executing - 4
[2022-03-03T15:08:43.721] [INFO] app - dd76d791-4439-4bcc-b5e7-b9a543f91b82 - INFO - inbound request - delete sensor group - Success updating new data - 4
[2022-03-03T15:10:29.790] [TRACE] app - 234b336e-af02-44ae-a704-36f7e6586844 - TRACE - inbound request - delete sensor group - Data is executing - 4
[2022-03-03T15:10:29.920] [INFO] app - 234b336e-af02-44ae-a704-36f7e6586844 - INFO - inbound request - delete sensor group - Success updating new data - 4
[2022-03-03T15:15:42.843] [TRACE] app - a207a10d-c9f9-4ad0-901a-cf08d62c2ee9 - TRACE - inbound request - delete sensor group - Data is executing - 4
[2022-03-03T15:15:42.848] [ERROR] app - a207a10d-c9f9-4ad0-901a-cf08d62c2ee9 - ERROR - inbound request - delete sensor group - Cannot read properties of undefined (reading 'then') - 4
[2022-03-03T15:17:42.584] [TRACE] app - b6cd6e96-a6d8-4462-824a-90910d6fdc61 - TRACE - inbound request - delete sensor group - Data is executing - 4
[2022-03-03T15:17:42.588] [ERROR] app - b6cd6e96-a6d8-4462-824a-90910d6fdc61 - ERROR - inbound request - delete sensor group - Cannot read properties of undefined (reading 'then') - 4
[2022-03-03T15:18:26.751] [TRACE] app - be384b9f-e868-4af8-977e-2a846e2548fb - TRACE - inbound request - delete sensor group - Data is executing - 4
[2022-03-03T15:18:26.756] [ERROR] app - be384b9f-e868-4af8-977e-2a846e2548fb - ERROR - inbound request - delete sensor group - Cannot read properties of undefined (reading 'then') - 4
[2022-03-03T15:19:06.717] [TRACE] app - 230e241c-302c-4467-ae3c-17c5008c912c - TRACE - inbound request - delete sensor group - Data is executing - 4
[2022-03-03T15:19:06.724] [ERROR] app - 230e241c-302c-4467-ae3c-17c5008c912c - ERROR - inbound request - delete sensor group - Cannot read properties of undefined (reading 'then') - 4
[2022-03-03T15:20:12.563] [TRACE] app - 87bdb194-98cc-4359-ba24-ff570d5d6a63 - TRACE - inbound request - delete sensor group - Data is executing - 4
[2022-03-03T15:20:12.568] [ERROR] app - 87bdb194-98cc-4359-ba24-ff570d5d6a63 - ERROR - inbound request - delete sensor group - Cannot read properties of undefined (reading 'then') - 4
[2022-03-03T15:20:39.234] [TRACE] app - 6f30a377-140c-41fa-a4a5-48600e4c5dc3 - TRACE - inbound request - delete sensor group - Data is executing - 4
[2022-03-03T15:20:39.457] [INFO] app - 6f30a377-140c-41fa-a4a5-48600e4c5dc3 - INFO - inbound request - delete sensor group - Success updating new data - 4
[2022-03-03T15:37:54.157] [TRACE] app - d4d21069-8557-4a98-9654-3a7f5aec1a47 - TRACE - inbound request - update sensor group - Data is executing - 4
[2022-03-03T15:37:54.337] [INFO] app - d4d21069-8557-4a98-9654-3a7f5aec1a47 - INFO - inbound request - update sensor group - Success updating new data - 4
[2022-03-03T15:41:55.948] [ERROR] app - 64999854-0e51-4347-9104-ff2d5b44e115 - ERROR - inbound request - update sensor group - request payload is invalid - 4
[2022-03-03T15:42:27.464] [TRACE] app - 1bc3acfd-1a7a-4148-9823-6d3c3194530b - TRACE - inbound request - update sensor group - Data is executing - 4
[2022-03-03T15:42:27.629] [INFO] app - 1bc3acfd-1a7a-4148-9823-6d3c3194530b - INFO - inbound request - update sensor group - Success updating new data - 4
[2022-03-03T15:42:41.429] [TRACE] app - 43918e2f-e0c8-4797-9066-c4a8c933ca0a - TRACE - inbound request - update sensor group - Data is executing - 4
[2022-03-03T15:42:41.442] [INFO] app - 43918e2f-e0c8-4797-9066-c4a8c933ca0a - INFO - inbound request - update sensor group - Success updating new data - 4
[2022-03-03T15:42:54.594] [TRACE] app - 2ededbad-f273-49a9-b80d-deb2b96ff7c5 - TRACE - inbound request - update sensor group - Data is executing - 4
[2022-03-03T15:42:54.619] [INFO] app - 2ededbad-f273-49a9-b80d-deb2b96ff7c5 - INFO - inbound request - update sensor group - Success updating new data - 4
[2022-03-03T15:43:04.971] [TRACE] app - afa116a2-e86a-499a-8a9f-c89bc90da6e7 - TRACE - inbound request - update sensor group - Data is executing - 4
[2022-03-03T15:43:04.990] [INFO] app - afa116a2-e86a-499a-8a9f-c89bc90da6e7 - INFO - inbound request - update sensor group - Success updating new data - 4
[2022-03-03T15:43:21.761] [TRACE] app - f131b37a-1839-4620-97ba-3c2b4cb31a83 - TRACE - inbound request - update sensor group - Data is executing - 4
[2022-03-03T15:43:21.778] [ERROR] app - f131b37a-1839-4620-97ba-3c2b4cb31a83 - ERROR - inbound request - update sensor group - update "s_group" set "rec_id" = $1, "active" = $2 where "s_group"."rec_id" = $3 - invalid input syntax for type boolean: "jdumem" - 4
[2022-03-03T15:46:26.800] [ERROR] app - b9d94265-81a4-4a2b-b8b4-4e683910cee5 - ERROR - inbound request - update sensor group - request payload is invalid - 4
[2022-03-03T15:46:35.980] [ERROR] app - caa83398-9601-4a9b-9dae-923b4bda270e - ERROR - inbound request - update sensor group - request payload is invalid - 4
[2022-03-03T15:47:50.472] [ERROR] app - f41acecc-d7c6-427e-996f-40b85115e2ec - ERROR - inbound request - update sensor group - request payload is invalid - 4
[2022-03-03T15:48:30.156] [ERROR] app - 87ff3dc6-19f1-4a2c-a7c4-5569925fc336 - ERROR - inbound request - update sensor group - request payload is invalid - 4
[2022-03-03T15:48:52.263] [TRACE] app - ac038da0-aeaa-40e4-9759-001ef61d57f6 - TRACE - inbound request - update sensor group - Data is executing - 4
[2022-03-03T15:48:52.436] [INFO] app - ac038da0-aeaa-40e4-9759-001ef61d57f6 - INFO - inbound request - update sensor group - Success updating new data - 4
[2022-03-03T15:50:59.326] [TRACE] app - 6d43fe56-cbde-45f6-b0c7-be56c956a5a0 - TRACE - inbound request - update sensor group - Data is executing - 4
[2022-03-03T15:50:59.495] [INFO] app - 6d43fe56-cbde-45f6-b0c7-be56c956a5a0 - INFO - inbound request - update sensor group - Success updating new data - 4
[2022-03-03T15:53:13.279] [ERROR] app - 7196bb4a-d10c-47ca-b960-bcdba37df1ee - ERROR - inbound request - update sensor group - request payload is invalid - 4
[2022-03-03T15:53:33.265] [TRACE] app - dba61e14-ab9b-4a6a-9568-2718730b939f - TRACE - inbound request - update sensor group - Data is executing - 4
[2022-03-03T15:53:33.430] [INFO] app - dba61e14-ab9b-4a6a-9568-2718730b939f - INFO - inbound request - update sensor group - Success updating new data - 4
[2022-03-03T15:54:05.130] [ERROR] app - 272d63a1-1bd9-453c-a421-27eac7a0d0fc - ERROR - inbound request - update sensor group - request payload is invalid - 4
[2022-03-03T15:54:31.504] [ERROR] app - 625fdaf3-72fb-4c81-8325-13c79c92b23e - ERROR - inbound request - update sensor group - request payload is invalid - 4
[2022-03-03T15:54:51.122] [ERROR] app - 9b079d9b-2f0e-4082-b539-43c394305498 - ERROR - inbound request - update sensor group - request payload is invalid - 4
[2022-03-03T15:57:31.768] [ERROR] app - 560daf98-d449-4c6b-b4a6-b4cc70a7efa2 - ERROR - inbound request - update sensor group - request payload is invalid - 4
[2022-03-03T15:58:18.452] [ERROR] app - f490fe23-ef84-40a5-b07f-05027d3f6b2f - ERROR - inbound request - update sensor group - request payload is invalid - 4
[2022-03-03T15:59:01.681] [TRACE] app - 0a61d3dc-789c-4e7d-8852-cf2045af1700 - TRACE - inbound request - update sensor group - Data is executing - 4
[2022-03-03T15:59:01.832] [INFO] app - 0a61d3dc-789c-4e7d-8852-cf2045af1700 - INFO - inbound request - update sensor group - Success updating new data - 4
