[2022-03-08T15:09:35.939] [TRACE] app - 4b98a31d-c627-4695-84b6-91f68b1ff345 - TRACE - inbound request - update sensor group - Data is executing - 1
[2022-03-08T15:09:36.060] [INFO] app - 4b98a31d-c627-4695-84b6-91f68b1ff345 - INFO - inbound request - update sensor group - Success updating new data - 1
[2022-03-08T15:10:01.856] [TRACE] app - 59417d1f-7851-4d62-848a-d298af1bc9be - TRACE - inbound request - list sensor group - check payload length - 1
[2022-03-08T15:10:01.885] [INFO] app - 59417d1f-7851-4d62-848a-d298af1bc9be - INFO - inbound request - list sensor group - Success retrieving  data - 1
[2022-03-08T15:10:08.027] [TRACE] app - a3de3939-a6d5-4013-aa8f-146a8aa01fef - TRACE - inbound request - update sensor group - Data is executing - 1
[2022-03-08T15:10:08.036] [ERROR] app - a3de3939-a6d5-4013-aa8f-146a8aa01fef - ERROR - inbound request - update sensor group - update "s_group" set "s_group_id" = $1, "name" = $2, "s_group_active" = $3, "s_group_rec_id" = $4, "sensorId" = $5, "sGroupId" = $6, "sensor_id" = $7, "mac_address" = $8, "client_id" = $9, "sensor_active" = $10, "ota_password" = $11, "static_ip" = $12, "dns1" = $13, "dns2" = $14, "gateway" = $15, "subnet" = $16, "serial_number" = $17, "sleep_time" = $18, "ap_name" = $19, "ap_ip" = $20, "ap_password" = $21, "node_profile" = $22, "host_ip" = $23, "board_name" = $24, "board_model" = $25, "sim_serial" = $26, "sim_msidm" = $27, "flags" = $28, "sensor_rec_id" = $29, "mqttuserId" = $30, "sensorTypeId" = $31, "isEdit" = $32 where "s_group"."s_group_rec_id" = $33 - column "sensorId" of relation "s_group" does not exist - 1
[2022-03-08T15:10:13.142] [TRACE] app - 5ec122bb-76c7-4314-b5c0-177f8477a4ed - TRACE - inbound request - update sensor group - Data is executing - 1
[2022-03-08T15:10:13.158] [ERROR] app - 5ec122bb-76c7-4314-b5c0-177f8477a4ed - ERROR - inbound request - update sensor group - update "s_group" set "s_group_id" = $1, "name" = $2, "s_group_active" = $3, "s_group_rec_id" = $4, "sensorId" = $5, "sGroupId" = $6, "sensor_id" = $7, "mac_address" = $8, "client_id" = $9, "sensor_active" = $10, "ota_password" = $11, "static_ip" = $12, "dns1" = $13, "dns2" = $14, "gateway" = $15, "subnet" = $16, "serial_number" = $17, "sleep_time" = $18, "ap_name" = $19, "ap_ip" = $20, "ap_password" = $21, "node_profile" = $22, "host_ip" = $23, "board_name" = $24, "board_model" = $25, "sim_serial" = $26, "sim_msidm" = $27, "flags" = $28, "sensor_rec_id" = $29, "mqttuserId" = $30, "sensorTypeId" = $31, "isEdit" = $32 where "s_group"."s_group_rec_id" = $33 - column "sensorId" of relation "s_group" does not exist - 1
[2022-03-08T15:10:22.201] [TRACE] app - 0ad88ce7-ec15-4301-8a86-9e2a665ec331 - TRACE - inbound request - list sensor group - check payload length - 1
[2022-03-08T15:10:22.215] [INFO] app - 0ad88ce7-ec15-4301-8a86-9e2a665ec331 - INFO - inbound request - list sensor group - Success retrieving  data - 1
[2022-03-08T15:10:58.485] [TRACE] app - efcc7ffe-4cc9-40e7-a65a-69106338752f - TRACE - inbound request - list sensor group - check payload length - 1
[2022-03-08T15:10:58.493] [INFO] app - efcc7ffe-4cc9-40e7-a65a-69106338752f - INFO - inbound request - list sensor group - Success retrieving  data - 1
[2022-03-08T15:11:04.652] [TRACE] app - 352e8474-579f-449c-87f6-bbde191d59ca - TRACE - inbound request - update sensor group - Data is executing - 1
[2022-03-08T15:11:04.668] [ERROR] app - 352e8474-579f-449c-87f6-bbde191d59ca - ERROR - inbound request - update sensor group - update "s_group" set "s_group_id" = $1, "name" = $2, "s_group_active" = $3, "s_group_rec_id" = $4, "sensorId" = $5, "sGroupId" = $6, "sensor_id" = $7, "mac_address" = $8, "client_id" = $9, "sensor_active" = $10, "ota_password" = $11, "static_ip" = $12, "dns1" = $13, "dns2" = $14, "gateway" = $15, "subnet" = $16, "serial_number" = $17, "sleep_time" = $18, "ap_name" = $19, "ap_ip" = $20, "ap_password" = $21, "node_profile" = $22, "host_ip" = $23, "board_name" = $24, "board_model" = $25, "sim_serial" = $26, "sim_msidm" = $27, "flags" = $28, "sensor_rec_id" = $29, "mqttuserId" = $30, "sensorTypeId" = $31, "isEdit" = $32 where "s_group"."s_group_rec_id" = $33 - column "sensorId" of relation "s_group" does not exist - 1
[2022-03-08T15:14:09.982] [TRACE] app - 286fdd91-8d59-4a54-b318-124a71814081 - TRACE - inbound request - update sensor group - Data is executing - 1
[2022-03-08T15:14:09.986] [ERROR] app - 286fdd91-8d59-4a54-b318-124a71814081 - ERROR - inbound request - update sensor group - update "s_group" set "s_group_id" = $1, "name" = $2, "s_group_active" = $3, "s_group_rec_id" = $4, "sensorId" = $5, "sGroupId" = $6, "sensor_id" = $7, "mac_address" = $8, "client_id" = $9, "sensor_active" = $10, "ota_password" = $11, "static_ip" = $12, "dns1" = $13, "dns2" = $14, "gateway" = $15, "subnet" = $16, "serial_number" = $17, "sleep_time" = $18, "ap_name" = $19, "ap_ip" = $20, "ap_password" = $21, "node_profile" = $22, "host_ip" = $23, "board_name" = $24, "board_model" = $25, "sim_serial" = $26, "sim_msidm" = $27, "flags" = $28, "sensor_rec_id" = $29, "mqttuserId" = $30, "sensorTypeId" = $31, "isEdit" = $32 where "s_group"."s_group_rec_id" = $33 - column "sensorId" of relation "s_group" does not exist - 1
[2022-03-08T15:14:13.766] [TRACE] app - d14df80a-f22a-43cb-b1a9-1be1aef39fc4 - TRACE - inbound request - list sensor group - check payload length - 1
[2022-03-08T15:14:13.779] [INFO] app - d14df80a-f22a-43cb-b1a9-1be1aef39fc4 - INFO - inbound request - list sensor group - Success retrieving  data - 1
[2022-03-08T15:15:57.321] [TRACE] app - 517d1bf0-c9c2-4f49-a807-8327915923e5 - TRACE - inbound request - update sensor group - Data is executing - 1
[2022-03-08T15:15:57.329] [ERROR] app - 517d1bf0-c9c2-4f49-a807-8327915923e5 - ERROR - inbound request - update sensor group - update "s_group" set "s_group_id" = $1, "name" = $2, "s_group_active" = $3, "s_group_rec_id" = $4, "sensorId" = $5, "sGroupId" = $6, "sensor_id" = $7, "mac_address" = $8, "client_id" = $9, "sensor_active" = $10, "ota_password" = $11, "static_ip" = $12, "dns1" = $13, "dns2" = $14, "gateway" = $15, "subnet" = $16, "serial_number" = $17, "sleep_time" = $18, "ap_name" = $19, "ap_ip" = $20, "ap_password" = $21, "node_profile" = $22, "host_ip" = $23, "board_name" = $24, "board_model" = $25, "sim_serial" = $26, "sim_msidm" = $27, "flags" = $28, "sensor_rec_id" = $29, "mqttuserId" = $30, "sensorTypeId" = $31, "isEdit" = $32 where "s_group"."s_group_rec_id" = $33 - column "sensorId" of relation "s_group" does not exist - 1
[2022-03-08T15:19:14.960] [TRACE] app - fa5652ea-112d-46b5-b69c-53adaabef0fb - TRACE - inbound request - delete sensor group - Data is executing - 1
[2022-03-08T15:19:14.969] [ERROR] app - fa5652ea-112d-46b5-b69c-53adaabef0fb - ERROR - inbound request - delete sensor group - Undefined binding(s) detected when compiling DEL. Undefined column(s): [s_group.s_group_rec_id] query: delete from "s_group" where "s_group"."s_group_rec_id" = ? - 1
[2022-03-08T15:19:15.062] [TRACE] app - c97263d5-5122-417f-a5b7-5f640c4d0bc2 - TRACE - inbound request - list sensor group - check payload length - 1
[2022-03-08T15:19:15.074] [INFO] app - c97263d5-5122-417f-a5b7-5f640c4d0bc2 - INFO - inbound request - list sensor group - Success retrieving  data - 1
[2022-03-08T15:19:42.683] [TRACE] app - bd38061a-1e10-4b01-9c9b-e68b3541883f - TRACE - inbound request - list sensor group - check payload length - 1
[2022-03-08T15:19:42.688] [INFO] app - bd38061a-1e10-4b01-9c9b-e68b3541883f - INFO - inbound request - list sensor group - Success retrieving  data - 1
[2022-03-08T15:22:49.351] [TRACE] app - 7a8d66be-d4ba-4a90-8fdc-a56a53411eca - TRACE - inbound request - delete sensor group - Data is executing - 1
[2022-03-08T15:22:49.357] [ERROR] app - 7a8d66be-d4ba-4a90-8fdc-a56a53411eca - ERROR - inbound request - delete sensor group - Undefined binding(s) detected when compiling DEL. Undefined column(s): [s_group.s_group_rec_id] query: delete from "s_group" where "s_group"."s_group_rec_id" = ? - 1
[2022-03-08T15:22:49.464] [TRACE] app - 13af7db9-7a0b-433e-992b-fcfcb60edcc1 - TRACE - inbound request - list sensor group - check payload length - 1
[2022-03-08T15:22:49.472] [INFO] app - 13af7db9-7a0b-433e-992b-fcfcb60edcc1 - INFO - inbound request - list sensor group - Success retrieving  data - 1
[2022-03-08T15:24:09.826] [TRACE] app - 0cedc6a6-f1bf-497b-8eb2-501f101ecb55 - TRACE - inbound request - delete sensor group - Data is executing - 1
[2022-03-08T15:24:09.985] [ERROR] app - 0cedc6a6-f1bf-497b-8eb2-501f101ecb55 - ERROR - inbound request - delete sensor group - Undefined binding(s) detected when compiling DEL. Undefined column(s): [s_group.s_group_rec_id] query: delete from "s_group" where "s_group"."s_group_rec_id" = ? - 1
[2022-03-08T15:25:29.110] [TRACE] app - fa717d90-547e-4516-af8e-1facaf8c84a5 - TRACE - inbound request - delete sensor group - Data is executing - 1
[2022-03-08T15:25:29.249] [INFO] app - fa717d90-547e-4516-af8e-1facaf8c84a5 - INFO - inbound request - delete sensor group - Success updating new data - 1
[2022-03-08T15:25:29.274] [TRACE] app - 4764ec26-b069-418e-b44d-3e0e72be7ef4 - TRACE - inbound request - list sensor group - check payload length - 1
[2022-03-08T15:25:29.283] [INFO] app - 4764ec26-b069-418e-b44d-3e0e72be7ef4 - INFO - inbound request - list sensor group - Success retrieving  data - 1
[2022-03-08T15:25:33.808] [TRACE] app - c63dad65-ad20-4a36-b9b8-d841fe16a727 - TRACE - inbound request - list sensor group - check payload length - 1
[2022-03-08T15:25:33.817] [INFO] app - c63dad65-ad20-4a36-b9b8-d841fe16a727 - INFO - inbound request - list sensor group - Success retrieving  data - 1
[2022-03-08T15:25:42.950] [TRACE] app - 276c6785-35ae-471c-8a7b-f943948f888b - TRACE - inbound request - delete sensor group - Data is executing - 1
[2022-03-08T15:25:42.963] [INFO] app - 276c6785-35ae-471c-8a7b-f943948f888b - INFO - inbound request - delete sensor group - no data found - 1
[2022-03-08T15:27:39.512] [TRACE] app - 7f39c59e-cc99-4403-aa03-8a3365045902 - TRACE - inbound request - update sensor group - Data is executing - 1
[2022-03-08T15:27:39.612] [INFO] app - 7f39c59e-cc99-4403-aa03-8a3365045902 - INFO - inbound request - update sensor group - no data found - 1
[2022-03-08T15:27:52.653] [TRACE] app - e3479fec-5235-4e65-9e32-a4c5e2d90eeb - TRACE - inbound request - list sensor group - check payload length - 1
[2022-03-08T15:27:52.667] [INFO] app - e3479fec-5235-4e65-9e32-a4c5e2d90eeb - INFO - inbound request - list sensor group - Success retrieving  data - 1
[2022-03-08T15:28:00.747] [TRACE] app - 983530c8-373f-4850-b4f1-1bb963fe1c31 - TRACE - inbound request - list sensor group with ID - check payload length - 1
[2022-03-08T15:28:00.758] [INFO] app - 983530c8-373f-4850-b4f1-1bb963fe1c31 - INFO - inbound request - list sensor group with ID - no data found - 1
[2022-03-08T15:28:07.975] [TRACE] app - 638294d5-eac2-434b-8a95-6926d114b9c5 - TRACE - inbound request - list sensor group with ID - check payload length - 1
[2022-03-08T15:28:07.981] [INFO] app - 638294d5-eac2-434b-8a95-6926d114b9c5 - INFO - inbound request - list sensor group with ID - no data found - 1
[2022-03-08T15:28:23.791] [TRACE] app - f41814e3-322a-45b8-99ae-09fc30fbacc1 - TRACE - inbound request - list sensor group with ID - check payload length - 1
[2022-03-08T15:28:23.798] [INFO] app - f41814e3-322a-45b8-99ae-09fc30fbacc1 - INFO - inbound request - list sensor group with ID - no data found - 1
[2022-03-08T15:30:32.058] [TRACE] app - 3c5fb359-d988-4a6f-ae49-4035b32f9811 - TRACE - inbound request - list sensor group with ID - check payload length - 1
[2022-03-08T15:30:32.148] [INFO] app - 3c5fb359-d988-4a6f-ae49-4035b32f9811 - INFO - inbound request - list sensor group with ID - no data found - 1
[2022-03-08T15:31:18.505] [TRACE] app - 88029d66-ddfb-435a-b0b9-9d790f1f0256 - TRACE - inbound request - list sensor group with ID - check payload length - 1
[2022-03-08T15:31:18.594] [ERROR] app - 88029d66-ddfb-435a-b0b9-9d790f1f0256 - ERROR - inbound request - list sensor group with ID - Undefined binding(s) detected when compiling SELECT. Undefined column(s): [s_group.s_group_id] query: select * from "s_group" inner join "sensor_group" on "s_group"."s_group_id" = "sensor_group"."sGroupId" inner join "sensor" on "sensor"."sensor_id" = "sensor_group"."sensorId" where "s_group"."s_group_id" = ? - 1
[2022-03-08T15:33:30.628] [TRACE] app - 5247ee40-6b39-4c3c-a900-952485c74b37 - TRACE - inbound request - list sensor group with ID - check payload length - 1
[2022-03-08T15:33:30.729] [INFO] app - 5247ee40-6b39-4c3c-a900-952485c74b37 - INFO - inbound request - list sensor group with ID - Success retrieving  data - 1
[2022-03-08T15:35:05.190] [TRACE] app - 315695cc-ebca-4173-b428-929a17fc4b38 - TRACE - inbound request - list sensor group - check payload length - 1
[2022-03-08T15:35:05.201] [INFO] app - 315695cc-ebca-4173-b428-929a17fc4b38 - INFO - inbound request - list sensor group - Success retrieving  data - 1
[2022-03-08T15:39:06.952] [TRACE] app - 705a7dc3-41fe-44c8-bda2-e016e3e8e949 - TRACE - inbound request - map sensor to group - check payload length - 1
[2022-03-08T15:39:07.029] [ERROR] app - 705a7dc3-41fe-44c8-bda2-e016e3e8e949 - ERROR - inbound request - map sensor to group - Cannot read properties of undefined (reading 'id') - 1
[2022-03-08T15:39:13.200] [TRACE] app - f4cc7b92-5771-4ab6-a01c-f823300b4db0 - TRACE - inbound request - map sensor to group - check payload length - 1
[2022-03-08T15:39:13.210] [ERROR] app - f4cc7b92-5771-4ab6-a01c-f823300b4db0 - ERROR - inbound request - map sensor to group - Cannot read properties of undefined (reading 'id') - 1
[2022-03-08T15:39:35.301] [TRACE] app - e059da7e-e7c3-4e09-b869-98d6f6a8c638 - TRACE - inbound request - map sensor to group - check payload length - 1
[2022-03-08T15:39:35.315] [ERROR] app - e059da7e-e7c3-4e09-b869-98d6f6a8c638 - ERROR - inbound request - map sensor to group - insert into "sensor_group" ("sGroupId", "sensorId") values (DEFAULT, $1) - null value in column "sGroupId" of relation "sensor_group" violates not-null constraint - 1
[2022-03-08T15:46:57.589] [ERROR] app - undefined - ERROR - inbound request - List sensor - select * from "sensor" inner join "mqtt_user" on "sensor"."mqttuserId" = "mqtt_user"."mqttuser_id" inner join "sensor_type" on "sensor"."sensorTypeId" = "sensor_type"."sensortype_id" - column sensor_type.sensortype_id does not exist - 0bfc1ba0-7719-4b20-9b94-7b204aa555c0
[2022-03-08T15:46:57.701] [TRACE] app - fa927cd4-4395-4c69-b1fe-b240053dc6db - TRACE - inbound request - create sensor group - Data is executing - 1
[2022-03-08T15:53:36.213] [INFO] app - undefined - INFO - inbound request - List Sensor - Success retrieving  data - 96224cf0-f819-4812-9ae3-2157c355ca48
[2022-03-08T15:56:42.372] [INFO] app - undefined - INFO - inbound request - List Sensor - Success retrieving  data - 5e541fff-26b9-4199-a374-156a76c4a0ac
