[2022-02-08T16:24:39.524] [TRACE] app - 3eda3067-ef0d-466c-be16-5a77460d91b5 - inbound request - executing the create query
[2022-02-08T16:24:39.536] [TRACE] app - 3eda3067-ef0d-466c-be16-5a77460d91b5 - inbound request - send a response
[2022-02-08T16:28:41.438] [TRACE] app - 7de1d790-1469-462f-aadb-5929d5929397 - inbound request - executing the create query
[2022-02-08T16:28:41.439] [TRACE] app - 7de1d790-1469-462f-aadb-5929d5929397 - inbound request - send a response
[2022-02-08T16:34:31.292] [TRACE] app - 39f95ba4-31b0-4a7c-be24-8c61fcb8434f - ERROR - inbound request - create sensor - check required fields
[2022-02-08T16:34:31.312] [TRACE] app - 39f95ba4-31b0-4a7c-be24-8c61fcb8434f - inbound request - executing the create query
[2022-02-08T16:34:31.313] [TRACE] app - 39f95ba4-31b0-4a7c-be24-8c61fcb8434f - inbound request - send a response
[2022-02-08T16:34:41.806] [TRACE] app - 578f99dd-baa4-406d-8282-ccfff15388f4 - inbound request - executing the delete query
[2022-02-08T16:34:41.806] [TRACE] app - 578f99dd-baa4-406d-8282-ccfff15388f4 - inbound request - send a response
[2022-02-08T16:34:52.718] [TRACE] app - 34445fec-f484-4956-b215-473f1082d964 - inbound request - executing the create query
[2022-02-08T16:34:52.718] [TRACE] app - 34445fec-f484-4956-b215-473f1082d964 - inbound request - send a response
[2022-02-08T16:34:56.083] [TRACE] app - bf498498-d0a2-4e7b-a74d-e6b5daa17d14 - inbound request - query with 35aab59b-e7a1-4df4-b40d-a8ea568b6f53
[2022-02-08T16:34:56.094] [TRACE] app - bf498498-d0a2-4e7b-a74d-e6b5daa17d14 - inbound request - check data length
[2022-02-08T16:34:56.094] [TRACE] app - bf498498-d0a2-4e7b-a74d-e6b5daa17d14 - inbound request - send a response
[2022-02-08T16:34:59.211] [TRACE] app - 22e6fe15-9044-4b68-b56f-669afb6da580 - inbound request - query with 35aab59b-e7a1-4df4-b40d-a8ea568b6f53
[2022-02-08T16:34:59.227] [TRACE] app - 22e6fe15-9044-4b68-b56f-669afb6da580 - inbound request - check data length
[2022-02-08T16:34:59.227] [TRACE] app - 22e6fe15-9044-4b68-b56f-669afb6da580 - inbound request - send a response
[2022-02-08T16:35:04.805] [TRACE] app - 111523ab-d8a3-492e-ad87-3647085a976d - inbound request - query with 35aab59b-e7a1-4df4-b40d-a8ea568b6f53
[2022-02-08T16:35:04.812] [TRACE] app - 111523ab-d8a3-492e-ad87-3647085a976d - inbound request - check data length
[2022-02-08T16:35:04.812] [TRACE] app - 111523ab-d8a3-492e-ad87-3647085a976d - inbound request - send a response
[2022-02-08T16:35:05.153] [TRACE] app - fca75ddd-9a7b-486e-ab6f-b7c0fd6a83bb - inbound request - query with 35aab59b-e7a1-4df4-b40d-a8ea568b6f53
[2022-02-08T16:35:05.163] [TRACE] app - fca75ddd-9a7b-486e-ab6f-b7c0fd6a83bb - inbound request - check data length
[2022-02-08T16:35:05.163] [TRACE] app - fca75ddd-9a7b-486e-ab6f-b7c0fd6a83bb - inbound request - send a response
[2022-02-08T16:35:05.469] [TRACE] app - 5e52b1f5-322b-469e-959b-5a83128879bd - inbound request - query with 35aab59b-e7a1-4df4-b40d-a8ea568b6f53
[2022-02-08T16:35:05.479] [TRACE] app - 5e52b1f5-322b-469e-959b-5a83128879bd - inbound request - check data length
[2022-02-08T16:35:05.479] [TRACE] app - 5e52b1f5-322b-469e-959b-5a83128879bd - inbound request - send a response
[2022-02-08T16:35:05.955] [TRACE] app - 2afe9055-01cf-4afe-a220-a98ab30ef5a3 - inbound request - query with 35aab59b-e7a1-4df4-b40d-a8ea568b6f53
[2022-02-08T16:35:05.968] [TRACE] app - 2afe9055-01cf-4afe-a220-a98ab30ef5a3 - inbound request - check data length
[2022-02-08T16:35:05.969] [TRACE] app - 2afe9055-01cf-4afe-a220-a98ab30ef5a3 - inbound request - send a response
[2022-02-08T16:35:12.882] [TRACE] app - bdd55d54-4791-48c4-ab3b-774ef0561621 - inbound request - executing the create query
[2022-02-08T16:35:12.882] [TRACE] app - bdd55d54-4791-48c4-ab3b-774ef0561621 - inbound request - send a response
[2022-02-08T16:35:14.191] [TRACE] app - c3826e7a-20be-4341-bced-7905cebab480 - inbound request - query with b588f121-2967-4a47-94b1-5e2fe81ec327
[2022-02-08T16:35:14.196] [TRACE] app - 9b927962-bf8f-4029-9d35-2fde6afad13d - inbound request - query with b588f121-2967-4a47-94b1-5e2fe81ec327
[2022-02-08T16:35:14.200] [TRACE] app - c3826e7a-20be-4341-bced-7905cebab480 - inbound request - check data length
[2022-02-08T16:35:14.200] [TRACE] app - c3826e7a-20be-4341-bced-7905cebab480 - inbound request - send a response
[2022-02-08T16:35:14.204] [TRACE] app - 9b927962-bf8f-4029-9d35-2fde6afad13d - inbound request - check data length
[2022-02-08T16:35:14.204] [TRACE] app - 9b927962-bf8f-4029-9d35-2fde6afad13d - inbound request - send a response
[2022-02-08T16:35:14.222] [TRACE] app - 9b927962-bf8f-4029-9d35-2fde6afad13d - ERROR - inbound request - SequelizeUniqueConstraintError: Validation error
[2022-02-08T16:35:54.116] [TRACE] app - 28c74312-1235-4dd4-ab44-967aa4fef3da - inbound request - executing the delete query
[2022-02-08T16:35:54.117] [TRACE] app - 28c74312-1235-4dd4-ab44-967aa4fef3da - inbound request - send a response
[2022-02-08T16:37:49.251] [TRACE] app - f8da0ec3-36b8-4d67-9407-863c840ac440 - inbound request - executing the create query
[2022-02-08T16:37:49.252] [TRACE] app - f8da0ec3-36b8-4d67-9407-863c840ac440 - inbound request - send a response
[2022-02-08T16:38:10.211] [TRACE] app - ffb670d1-8fb6-4039-94aa-92bf6e72e34d - inbound request - query with 0309902e-85a9-491b-84e7-ff7de79b6d1e
[2022-02-08T16:38:10.228] [TRACE] app - ffb670d1-8fb6-4039-94aa-92bf6e72e34d - inbound request - check data length
[2022-02-08T16:38:10.229] [TRACE] app - ffb670d1-8fb6-4039-94aa-92bf6e72e34d - inbound request - send a response
