[2022-03-21T11:46:25.904] [TRACE] app - a71d218b-9cab-4327-8ee0-9c7dab8c8796 - TRACE - create sensor - Data is executing - 2
[2022-03-21T11:46:25.975] [ERROR] app - a71d218b-9cab-4327-8ee0-9c7dab8c8796 - ERROR - Create sensor - insert or update on table "sensor" violates foreign key constraint "sensor_sensorTypeId_fkey" - 2
[2022-03-21T11:48:12.859] [TRACE] app - b8b60018-7d44-4395-b289-f37952922cf6 - TRACE - list sensor group - check payload length - 2
[2022-03-21T11:48:12.884] [INFO] app - 9f165349-6b96-4ec7-8ce2-db9b36954b0c - INFO - List Sensor_type - Success retrieving  data - 2
[2022-03-21T11:48:12.904] [INFO] app - 5ad3425e-9886-48e2-ab2a-827adc75fe5d - INFO - List Sensor - Success retrieving  data - 2
[2022-03-21T11:48:12.964] [INFO] app - 20b9cb1f-3576-4491-82ab-dab97411f2c5 - INFO - list mqtt_user - Success retrieving  data - 2
[2022-03-21T11:48:13.008] [INFO] app - b8b60018-7d44-4395-b289-f37952922cf6 - INFO - list sensor group - Success retrieving  data - 2
[2022-03-21T11:48:22.634] [INFO] app - aa8143ec-7e31-4a70-9a4e-3fab6b9bb5e5 - INFO - List Sensor - Success retrieving  data - 2
[2022-03-21T11:48:41.718] [TRACE] app - eb9f0d1c-a887-483c-9fac-a27c3d0d4687 - TRACE - create sensor - Data is executing - 2
[2022-03-21T11:48:41.761] [ERROR] app - eb9f0d1c-a887-483c-9fac-a27c3d0d4687 - ERROR - Create sensor - Validation error - 2
[2022-03-21T11:53:34.189] [TRACE] app - ab771294-1c94-49f1-a756-cdfa045a7014 - TRACE - create sensor - Data is executing - 2
[2022-03-21T11:53:34.241] [ERROR] app - ab771294-1c94-49f1-a756-cdfa045a7014 - ERROR - Create sensor - insert or update on table "sensor" violates foreign key constraint "sensor_sensorTypeId_fkey" - 2
[2022-03-21T11:57:28.833] [TRACE] app - f83d3ec9-c54a-423e-81de-ab09b89fa373 - TRACE - create sensor - Data is executing - 2
[2022-03-21T11:57:28.902] [ERROR] app - f83d3ec9-c54a-423e-81de-ab09b89fa373 - ERROR - Create sensor - insert or update on table "sensor" violates foreign key constraint "sensor_sensorTypeId_fkey" - 2
[2022-03-21T11:58:07.082] [INFO] app - 00fb5d9a-e085-44b1-aaeb-fa94d522aa9b - INFO - List Sensor_type - Success retrieving  data - 2
[2022-03-21T11:58:07.164] [INFO] app - ee91467e-4752-48cc-b670-2e7f1336504f - INFO - list mqtt_user - Success retrieving  data - 2
[2022-03-21T12:01:56.338] [TRACE] app - a8ae9129-f626-4c6d-91a8-ea57a856bc19 - TRACE - list sensor group - check payload length - 2
[2022-03-21T12:01:56.350] [INFO] app - 2c921fa6-b7b1-4f81-8568-0baf037bad58 - INFO - List Sensor - Success retrieving  data - 2
[2022-03-21T12:01:56.377] [INFO] app - 35848f9a-53c4-4b46-b850-d9b38e8ea8c1 - INFO - list mqtt_user - Success retrieving  data - 2
[2022-03-21T12:01:56.422] [INFO] app - a8ae9129-f626-4c6d-91a8-ea57a856bc19 - INFO - list sensor group - Success retrieving  data - 2
[2022-03-21T12:01:56.472] [INFO] app - d3db2bfa-3a80-4fb9-ac42-d535cc78c445 - INFO - List Sensor_type - Success retrieving  data - 2
