[2022-03-05T21:22:12.829] [INFO] app - 27dfda26-0668-487a-a4de-8544cc4701d1 - INFO - inbound request - login - Logged in Successfully - 4
[2022-03-05T21:35:11.982] [TRACE] app - 350aa6de-9c24-4163-82f7-93559784d020 - TRACE - inbound request - list sensor group - check payload length - 4
[2022-03-05T21:35:12.157] [INFO] app - 350aa6de-9c24-4163-82f7-93559784d020 - INFO - inbound request - list sensor group - Success retrieving  data - 4
[2022-03-05T21:35:54.124] [TRACE] app - b26506af-60d1-42da-8ede-d11a009c21ad - TRACE - inbound request - list sensor group - check payload length - 4
[2022-03-05T21:35:54.258] [INFO] app - b26506af-60d1-42da-8ede-d11a009c21ad - INFO - inbound request - list sensor group - Success retrieving  data - 4
[2022-03-05T21:36:53.987] [TRACE] app - 51699bb8-a8ca-4292-9ef6-cb73e4256c44 - TRACE - inbound request - list sensor group - check payload length - 4
[2022-03-05T21:36:54.004] [INFO] app - 51699bb8-a8ca-4292-9ef6-cb73e4256c44 - INFO - inbound request - list sensor group - Success retrieving  data - 4
[2022-03-05T21:39:26.162] [TRACE] app - 5da022b1-56a8-4c67-b67d-9add4f23d6ca - TRACE - inbound request - list sensor group - check payload length - 4
[2022-03-05T21:39:26.327] [INFO] app - 5da022b1-56a8-4c67-b67d-9add4f23d6ca - INFO - inbound request - list sensor group - Success retrieving  data - 4
[2022-03-05T21:40:25.649] [TRACE] app - e88c6968-a806-4113-9a54-0a64ed97dea4 - TRACE - inbound request - list sensor group - check payload length - 4
[2022-03-05T21:40:25.810] [INFO] app - e88c6968-a806-4113-9a54-0a64ed97dea4 - INFO - inbound request - list sensor group - Success retrieving  data - 4
[2022-03-05T21:40:46.705] [TRACE] app - abbc0e17-a9b8-4605-a9cf-a2d640a28397 - TRACE - inbound request - list sensor group - check payload length - 4
[2022-03-05T21:40:46.850] [INFO] app - abbc0e17-a9b8-4605-a9cf-a2d640a28397 - INFO - inbound request - list sensor group - Success retrieving  data - 4
[2022-03-05T21:49:34.487] [TRACE] app - ee73afc0-871f-41bc-a373-b125504f2f81 - TRACE - inbound request - list sensor group - check payload length - 4
[2022-03-05T21:49:34.647] [INFO] app - ee73afc0-871f-41bc-a373-b125504f2f81 - INFO - inbound request - list sensor group - Success retrieving  data - 4
[2022-03-05T21:50:31.663] [TRACE] app - 087babb9-ab06-4ff1-beb8-77906ce5b0ba - TRACE - inbound request - list sensor group - check payload length - 4
[2022-03-05T21:50:31.805] [INFO] app - 087babb9-ab06-4ff1-beb8-77906ce5b0ba - INFO - inbound request - list sensor group - Success retrieving  data - 4
[2022-03-05T21:51:09.109] [TRACE] app - 91421e0f-7bdf-4cd6-9893-1dc3b3779622 - TRACE - inbound request - list sensor group - check payload length - 4
[2022-03-05T21:51:09.116] [ERROR] app - 91421e0f-7bdf-4cd6-9893-1dc3b3779622 - ERROR - inbound request - list sensor group - id is not defined - 4
[2022-03-05T21:52:11.437] [TRACE] app - dc62ac01-d9ca-4681-a6c4-c1f545604a3a - TRACE - inbound request - list sensor group - check payload length - 4
[2022-03-05T21:52:11.576] [ERROR] app - dc62ac01-d9ca-4681-a6c4-c1f545604a3a - ERROR - inbound request - list sensor group - select "id" from "sensor_group" full outer join "s_group" on "s_group"."id" = "sensor_group"."sGroupId" left join "sensor" on "sensor"."id" = "sensor_group"."sensorId" - column reference "id" is ambiguous - 4
[2022-03-05T21:52:21.530] [TRACE] app - b877cf06-0e88-4d55-b43f-f46b5c565c72 - TRACE - inbound request - list sensor group - check payload length - 4
[2022-03-05T21:52:21.537] [ERROR] app - b877cf06-0e88-4d55-b43f-f46b5c565c72 - ERROR - inbound request - list sensor group - id is not defined - 4
[2022-03-05T21:53:41.392] [TRACE] app - c1c497aa-b3ca-4267-ad24-99af7b118657 - TRACE - inbound request - list sensor group - check payload length - 4
[2022-03-05T21:53:41.395] [ERROR] app - c1c497aa-b3ca-4267-ad24-99af7b118657 - ERROR - inbound request - list sensor group - db.knex(...).select(...).fullJoin is not a function - 4
[2022-03-05T21:53:42.779] [TRACE] app - ab26e479-d308-4abf-8fbf-dfe66d29da3e - TRACE - inbound request - list sensor group - check payload length - 4
[2022-03-05T21:53:42.783] [ERROR] app - ab26e479-d308-4abf-8fbf-dfe66d29da3e - ERROR - inbound request - list sensor group - db.knex(...).select(...).fullJoin is not a function - 4
[2022-03-05T21:53:53.433] [TRACE] app - aee72d45-968e-4e7b-ad5d-145eff20b1ee - TRACE - inbound request - list sensor group - check payload length - 4
[2022-03-05T21:53:53.437] [ERROR] app - aee72d45-968e-4e7b-ad5d-145eff20b1ee - ERROR - inbound request - list sensor group - db.knex(...).select(...).fullJoin is not a function - 4
[2022-03-05T21:53:55.158] [TRACE] app - 220cf36e-44ba-449b-8a9d-e1becdfa538e - TRACE - inbound request - list sensor group - check payload length - 4
[2022-03-05T21:53:55.164] [ERROR] app - 220cf36e-44ba-449b-8a9d-e1becdfa538e - ERROR - inbound request - list sensor group - db.knex(...).select(...).fullJoin is not a function - 4
[2022-03-05T21:54:31.981] [TRACE] app - 1f47a5d4-7a98-49d2-829c-c339de0e81c0 - TRACE - inbound request - list sensor group - check payload length - 4
[2022-03-05T21:54:32.167] [INFO] app - 1f47a5d4-7a98-49d2-829c-c339de0e81c0 - INFO - inbound request - list sensor group - Success retrieving  data - 4
[2022-03-05T21:54:57.596] [TRACE] app - fe6142d0-d0d7-4ff9-92d5-2404c3260d8f - TRACE - inbound request - list sensor group - check payload length - 4
[2022-03-05T21:54:57.751] [INFO] app - fe6142d0-d0d7-4ff9-92d5-2404c3260d8f - INFO - inbound request - list sensor group - Success retrieving  data - 4
[2022-03-05T21:55:11.782] [TRACE] app - 33f7f27e-325e-42c3-99ce-c57ed3e20067 - TRACE - inbound request - list sensor group - check payload length - 4
[2022-03-05T21:55:11.948] [INFO] app - 33f7f27e-325e-42c3-99ce-c57ed3e20067 - INFO - inbound request - list sensor group - Success retrieving  data - 4
[2022-03-05T21:56:49.367] [TRACE] app - 74e5b302-3d12-4348-8d92-40006750414a - TRACE - inbound request - list sensor group - check payload length - 4
[2022-03-05T21:56:49.526] [INFO] app - 74e5b302-3d12-4348-8d92-40006750414a - INFO - inbound request - list sensor group - Success retrieving  data - 4
[2022-03-05T21:57:24.869] [TRACE] app - dbdb38b6-17e2-45a6-a243-21a0333dc5f4 - TRACE - inbound request - list sensor group - check payload length - 4
[2022-03-05T21:57:24.875] [ERROR] app - dbdb38b6-17e2-45a6-a243-21a0333dc5f4 - ERROR - inbound request - list sensor group - id is not defined - 4
[2022-03-05T21:57:36.183] [TRACE] app - e1598227-2dc0-4c44-b669-65d077ceb3cb - TRACE - inbound request - list sensor group - check payload length - 4
[2022-03-05T21:57:36.338] [ERROR] app - e1598227-2dc0-4c44-b669-65d077ceb3cb - ERROR - inbound request - list sensor group - select "id" from "s_group" left join "sensor_group" on "s_group"."id" = "sensor_group"."sGroupId" left join "sensor" on "sensor"."id" = "sensor_group"."sensorId" - column reference "id" is ambiguous - 4
[2022-03-05T21:58:02.484] [TRACE] app - cb794fa9-e9b3-411d-8d9e-a720a74e9b67 - TRACE - inbound request - list sensor group - check payload length - 4
[2022-03-05T21:58:02.619] [INFO] app - cb794fa9-e9b3-411d-8d9e-a720a74e9b67 - INFO - inbound request - list sensor group - Success retrieving  data - 4
[2022-03-05T21:58:50.621] [TRACE] app - 1bceba02-89ba-4dc6-b7db-b2524581376b - TRACE - inbound request - list sensor group - check payload length - 4
[2022-03-05T21:58:50.801] [INFO] app - 1bceba02-89ba-4dc6-b7db-b2524581376b - INFO - inbound request - list sensor group - Success retrieving  data - 4
[2022-03-05T21:59:11.504] [TRACE] app - 614eed5a-c60a-4c84-9dca-66840c478340 - TRACE - inbound request - list sensor group - check payload length - 4
[2022-03-05T21:59:11.640] [INFO] app - 614eed5a-c60a-4c84-9dca-66840c478340 - INFO - inbound request - list sensor group - Success retrieving  data - 4
[2022-03-05T21:59:37.131] [TRACE] app - bd4a0951-89f2-4e31-bc33-7f2208d8f51f - TRACE - inbound request - list sensor group - check payload length - 4
[2022-03-05T21:59:37.273] [INFO] app - bd4a0951-89f2-4e31-bc33-7f2208d8f51f - INFO - inbound request - list sensor group - Success retrieving  data - 4
