[2022-03-06T12:06:12.361] [TRACE] app - e099c09e-43b0-45be-aa0b-605e73b251f6 - TRACE - inbound request - query for sensor group with 37 - Data is executing - 4
[2022-03-06T12:06:12.478] [TRACE] app - e099c09e-43b0-45be-aa0b-605e73b251f6 - TRACE - inbound request - list sensor group with ID - check payload length - 4
[2022-03-06T12:06:12.479] [INFO] app - e099c09e-43b0-45be-aa0b-605e73b251f6 - INFO - inbound request - list sensor group with ID - Success retrieving  data - 4
[2022-03-06T12:06:38.225] [ERROR] app - 9d6c71b2-db6d-450a-8810-29dae04e8a03 - ERROR - inbound request - list sensor group with ID - request payload is missing - 4
[2022-03-06T12:06:56.649] [ERROR] app - 02c01f7f-0583-46a8-97fe-c162b972afde - ERROR - inbound request - list sensor group with ID - request payload is invalid - 4
[2022-03-06T12:07:46.431] [ERROR] app - 1f81a3d8-4234-470f-8d06-29eb6f7be9e2 - ERROR - inbound request - list sensor group with ID - request payload is invalid - 4
[2022-03-06T12:07:59.896] [ERROR] app - 935c1900-aa8f-4a7b-bd86-6f33f38057c2 - ERROR - inbound request - list sensor group with ID - request payload is invalid - 4
[2022-03-06T12:08:08.180] [TRACE] app - 48ddf23f-fd0f-49fd-ac27-15700ee4450a - TRACE - inbound request - query for sensor group with 36 - Data is executing - 4
[2022-03-06T12:08:08.268] [TRACE] app - 48ddf23f-fd0f-49fd-ac27-15700ee4450a - TRACE - inbound request - list sensor group with ID - check payload length - 4
[2022-03-06T12:08:08.272] [INFO] app - 48ddf23f-fd0f-49fd-ac27-15700ee4450a - INFO - inbound request - list sensor group with ID - no data found - 4
[2022-03-06T12:08:13.559] [TRACE] app - b7dfdeb9-50c6-4b99-91a7-1d48534b77c0 - TRACE - inbound request - query for sensor group with 37 - Data is executing - 4
[2022-03-06T12:08:13.565] [TRACE] app - b7dfdeb9-50c6-4b99-91a7-1d48534b77c0 - TRACE - inbound request - list sensor group with ID - check payload length - 4
[2022-03-06T12:08:13.566] [INFO] app - b7dfdeb9-50c6-4b99-91a7-1d48534b77c0 - INFO - inbound request - list sensor group with ID - Success retrieving  data - 4
[2022-03-06T12:08:21.030] [ERROR] app - 737d0e51-decf-4240-9465-b836ba6fde7e - ERROR - inbound request - list sensor group with ID - request payload is invalid - 4
[2022-03-06T12:08:25.678] [ERROR] app - 1dc93e2a-6d2a-4dfe-8536-97554791af06 - ERROR - inbound request - list sensor group with ID - request payload is invalid - 4
[2022-03-06T12:08:30.304] [ERROR] app - 79ed7a67-e8ea-42a2-99b9-23e6ee53db57 - ERROR - inbound request - list sensor group with ID - request payload is invalid - 4
[2022-03-06T12:10:25.195] [ERROR] app - f3b8f139-b0a1-4e9e-bd18-bbd4b4896806 - ERROR - inbound request - reate sensor group - request payload is invalid - 4
[2022-03-06T12:10:32.361] [ERROR] app - 0910eed7-b8ca-4927-b21e-d8f37afe1485 - ERROR - inbound request - reate sensor group - request payload is invalid - 4
[2022-03-06T12:10:42.885] [ERROR] app - 1c983d62-8701-4604-8022-f3dace0d6b5b - ERROR - inbound request - reate sensor group - request payload is invalid - 4
[2022-03-06T12:10:51.516] [ERROR] app - 853afd33-41a1-48c5-b1d0-e364daa4c1f1 - ERROR - inbound request - reate sensor group - request payload is invalid - 4
[2022-03-06T12:11:00.097] [ERROR] app - 0417db31-9786-4ad3-ab47-686dda7a406e - ERROR - inbound request - reate sensor group - request payload is invalid - 4
[2022-03-06T12:42:18.482] [TRACE] app - 3c7dcbc5-e10d-47e5-bbfd-930b0f1132c3 - TRACE - inbound request - list sensor group - check payload length - 4
[2022-03-06T12:42:18.635] [INFO] app - 3c7dcbc5-e10d-47e5-bbfd-930b0f1132c3 - INFO - inbound request - list sensor group - Success retrieving  data - 4
[2022-03-06T12:43:42.973] [TRACE] app - d075157a-eb2d-4196-a03c-ce83272ed3f4 - TRACE - inbound request - list sensor group - check payload length - 4
[2022-03-06T12:43:42.983] [INFO] app - d075157a-eb2d-4196-a03c-ce83272ed3f4 - INFO - inbound request - list sensor group - Success retrieving  data - 4
[2022-03-06T12:44:34.943] [TRACE] app - 4ba59355-1009-4c4a-b684-830d61e58934 - TRACE - inbound request - list sensor group - check payload length - 4
[2022-03-06T12:44:35.061] [INFO] app - 4ba59355-1009-4c4a-b684-830d61e58934 - INFO - inbound request - list sensor group - Success retrieving  data - 4
[2022-03-06T12:47:45.425] [TRACE] app - d144be9f-8b8f-4f02-af3a-e8a746c9ecbf - TRACE - inbound request - list sensor group - check payload length - 4
[2022-03-06T12:47:45.553] [INFO] app - d144be9f-8b8f-4f02-af3a-e8a746c9ecbf - INFO - inbound request - list sensor group - Success retrieving  data - 4
[2022-03-06T12:47:56.774] [TRACE] app - e293b6af-68ea-4a52-8e5e-593c2e79a821 - TRACE - inbound request - list sensor group - check payload length - 4
[2022-03-06T12:47:56.925] [INFO] app - e293b6af-68ea-4a52-8e5e-593c2e79a821 - INFO - inbound request - list sensor group - Success retrieving  data - 4
[2022-03-06T12:50:33.270] [TRACE] app - b45b4405-9eaf-45b2-9110-d99d322d42fd - TRACE - inbound request - list sensor group - check payload length - 4
[2022-03-06T12:50:33.371] [ERROR] app - b45b4405-9eaf-45b2-9110-d99d322d42fd - ERROR - inbound request - list sensor group - select * from "s_group" left join "sensor_group" on "s_group"."id" = "sensor_group"."sGroupId" left join "sensors" on "sensor"."id" = "sensor_group"."sensorId" - relation "sensors" does not exist - 4
[2022-03-06T12:52:00.191] [TRACE] app - 767e1f15-2c53-462b-96f2-beea4e980121 - TRACE - inbound request - list sensor group - check payload length - 4
[2022-03-06T12:52:00.303] [INFO] app - 767e1f15-2c53-462b-96f2-beea4e980121 - INFO - inbound request - list sensor group - Success retrieving  data - 4
[2022-03-06T12:54:11.119] [TRACE] app - 4d1957c3-3741-4648-a657-055e28b05121 - TRACE - inbound request - list sensor group - check payload length - 4
[2022-03-06T12:54:11.226] [INFO] app - 4d1957c3-3741-4648-a657-055e28b05121 - INFO - inbound request - list sensor group - Success retrieving  data - 4
[2022-03-06T12:54:53.665] [TRACE] app - f5c59123-d48e-47ae-8958-c9755cc71647 - TRACE - inbound request - list sensor group - check payload length - 4
[2022-03-06T12:54:53.798] [INFO] app - f5c59123-d48e-47ae-8958-c9755cc71647 - INFO - inbound request - list sensor group - Success retrieving  data - 4
[2022-03-06T12:56:41.549] [TRACE] app - fcfe2a3e-6255-4106-b118-e15e17550336 - TRACE - inbound request - list sensor group - check payload length - 4
[2022-03-06T12:56:41.718] [INFO] app - fcfe2a3e-6255-4106-b118-e15e17550336 - INFO - inbound request - list sensor group - Success retrieving  data - 4
[2022-03-06T12:58:05.123] [TRACE] app - 35d6751f-f058-4380-a65f-24538b5dced1 - TRACE - inbound request - list sensor group - check payload length - 4
[2022-03-06T12:58:05.261] [INFO] app - 35d6751f-f058-4380-a65f-24538b5dced1 - INFO - inbound request - list sensor group - Success retrieving  data - 4
[2022-03-06T12:59:08.994] [TRACE] app - ab1b64e2-bb32-49eb-827b-847b7946ffe8 - TRACE - inbound request - list sensor group - check payload length - 4
[2022-03-06T12:59:09.137] [INFO] app - ab1b64e2-bb32-49eb-827b-847b7946ffe8 - INFO - inbound request - list sensor group - Success retrieving  data - 4
