[2022-04-01T22:33:25.482] [INFO] app - c52ac00f-1e30-472e-b5ee-d49e159ff64d - INFO - List node - Success retrieving  data - ahmed.shalaby@cyshield.com
[2022-04-01T22:33:25.533] [INFO] app - df07863c-65df-446a-9cf1-a89fe7525317 - INFO - List node - Success retrieving  data - ahmed.shalaby@cyshield.com
[2022-04-01T22:33:36.485] [INFO] app - 7dbe316c-ce18-4bca-9c80-42a0be4e04c9 - INFO - List node - Success retrieving  data - ahmed.shalaby@cyshield.com
[2022-04-01T22:33:45.006] [INFO] app - 989a536d-c59a-4b5f-8096-09f194f7c5c2 - INFO - List node - Success retrieving  data - ahmed.shalaby@cyshield.com
[2022-04-01T22:35:26.672] [INFO] app - 763ab1fc-1b8f-4509-8f70-ee29010f684f - INFO - login - Logged in Successfully - ahmed.shalaby@cyshield.com
[2022-04-01T22:35:43.990] [INFO] app - dc5aef45-1557-4aa8-b8ef-aa78b6fc504e - INFO - List node - Success retrieving  data - ahmed.shalaby@cyshield.com
[2022-04-01T22:35:44.628] [INFO] app - 576fa01c-849f-4411-a7a3-5b579c36cbe8 - INFO - List node - Success retrieving  data - ahmed.shalaby@cyshield.com
[2022-04-01T22:35:56.689] [INFO] app - 08f0cd05-7da0-4a94-9a2e-c926cbfbac8d - INFO - List node - Success retrieving  data - ahmed.shalaby@cyshield.com
[2022-04-01T22:36:29.786] [INFO] app - df94bfb6-d259-4182-8879-b4859ccc60d7 - INFO - List node - Success retrieving  data - ahmed.shalaby@cyshield.com
[2022-04-01T22:36:40.216] [INFO] app - 2f912c03-db1a-47a4-924a-ec8124bbe618 - INFO - List node - Success retrieving  data - ahmed.shalaby@cyshield.com
[2022-04-01T22:37:05.757] [INFO] app - 609d81bb-7e4c-4857-ab3a-d84e8ebeabe6 - INFO - List node - Success retrieving  data - ahmed.shalaby@cyshield.com
[2022-04-01T22:37:05.766] [INFO] app - 66de5a9a-9e43-4798-97e9-4425aeb6ee86 - INFO - List node - Success retrieving  data - ahmed.shalaby@cyshield.com
[2022-04-01T22:37:14.546] [INFO] app - 0e0c5203-eb0d-4ee6-84ae-90d96c83e7bb - INFO - List node - Success retrieving  data - ahmed.shalaby@cyshield.com
[2022-04-01T22:37:14.600] [INFO] app - 70616a56-0aae-441d-8f7f-cca8127de1cf - INFO - List node - Success retrieving  data - ahmed.shalaby@cyshield.com
[2022-04-01T22:37:18.727] [INFO] app - 650a158c-80de-46d5-ae60-f1e53a87f54b - INFO - List node - Success retrieving  data - ahmed.shalaby@cyshield.com
[2022-04-01T22:37:22.448] [INFO] app - 4a5bdf3a-f895-406e-85c0-97f95fcf791b - INFO - update node - Success updating new data - ahmed.shalaby@cyshield.com
[2022-04-01T22:37:31.132] [INFO] app - 2d696acf-5878-49f9-b2fb-dc419591da31 - INFO - List node - Success retrieving  data - ahmed.shalaby@cyshield.com
[2022-04-01T22:38:14.867] [INFO] app - cfd2492b-b0e9-488b-8104-3f3e8a81a0cd - INFO - List node - Success retrieving  data - ahmed.shalaby@cyshield.com
[2022-04-01T22:38:15.064] [INFO] app - e2fb9f2b-0e59-4666-9fee-2393d021cbdc - INFO - List node - Success retrieving  data - ahmed.shalaby@cyshield.com
[2022-04-01T22:38:23.791] [INFO] app - 940e514c-ece6-4875-be8e-594459323a12 - INFO - List node - Success retrieving  data - ahmed.shalaby@cyshield.com
[2022-04-01T22:45:40.222] [INFO] app - 8a9844be-6b8d-4e45-8d03-93eaea4bb117 - INFO - List node - Success retrieving  data - ahmed.shalaby@cyshield.com
[2022-04-01T22:47:06.593] [INFO] app - d8a4ee0b-a820-4d37-8d1a-1f56c87fe00b - INFO - List node - Success retrieving  data - ahmed.shalaby@cyshield.com
[2022-04-01T22:47:06.698] [INFO] app - 10eacd7c-b9ac-49ed-bcde-295e271c35a6 - INFO - List node - Success retrieving  data - ahmed.shalaby@cyshield.com
[2022-04-01T22:47:12.603] [INFO] app - 1d03c267-5df5-4ccb-9b04-7c9f60cadb6a - INFO - update node - Success updating new data - ahmed.shalaby@cyshield.com
[2022-04-01T22:47:12.693] [INFO] app - 98f27863-c8f4-4272-aafc-d8f30bb102f6 - INFO - update node - Success updating new data - ahmed.shalaby@cyshield.com
[2022-04-01T22:47:12.807] [INFO] app - 057aaeff-4f6f-42b6-809a-3e6cc817e1ae - INFO - List node - Success retrieving  data - ahmed.shalaby@cyshield.com
[2022-04-01T22:47:12.815] [INFO] app - fd25d755-3bf9-4b8c-8441-3df2ddd47575 - INFO - List node - Success retrieving  data - ahmed.shalaby@cyshield.com
[2022-04-01T22:47:27.891] [INFO] app - d4a7bd97-da0e-4abc-a7ec-24a7785aab7b - INFO - List node - Success retrieving  data - ahmed.shalaby@cyshield.com
[2022-04-01T22:47:32.604] [INFO] app - 3a52751a-7ddc-4dad-a8d4-d9556082b646 - INFO - update node - Success updating new data - ahmed.shalaby@cyshield.com
[2022-04-01T22:47:32.736] [INFO] app - 73de97d8-2b65-47de-b44c-3f312bdb0697 - INFO - update node - Success updating new data - ahmed.shalaby@cyshield.com
[2022-04-01T22:47:32.804] [INFO] app - f38fd8e5-b321-439a-81a5-4228079e85db - INFO - List node - Success retrieving  data - ahmed.shalaby@cyshield.com
[2022-04-01T22:47:32.814] [INFO] app - 041c6f6b-e5b6-4cb9-b5cb-5f815c8394c5 - INFO - List node - Success retrieving  data - ahmed.shalaby@cyshield.com
[2022-04-01T22:47:42.822] [INFO] app - 93cb7d91-7aef-4cf8-8b17-42d044be7373 - INFO - List node - Success retrieving  data - ahmed.shalaby@cyshield.com
[2022-04-01T22:47:59.405] [INFO] app - a7c9eab1-bf19-4666-a5be-3e88187f9673 - INFO - update node - Success updating new data - ahmed.shalaby@cyshield.com
[2022-04-01T22:47:59.532] [INFO] app - 8666b105-b323-4b86-a7aa-20402ffdb307 - INFO - update node - Success updating new data - ahmed.shalaby@cyshield.com
[2022-04-01T22:47:59.579] [INFO] app - 41f0daa0-0a08-41d6-a7af-0570147c2ed0 - INFO - List node - Success retrieving  data - ahmed.shalaby@cyshield.com
[2022-04-01T22:47:59.590] [INFO] app - f7254072-4b0c-435b-a952-fcf3e597f71a - INFO - List node - Success retrieving  data - ahmed.shalaby@cyshield.com
[2022-04-01T22:48:15.940] [INFO] app - f7e07765-ec8e-4ff2-9d48-6b2a61cb9422 - INFO - List node - Success retrieving  data - ahmed.shalaby@cyshield.com
[2022-04-01T22:48:16.554] [INFO] app - 0c5b6dbe-b67e-4cc8-8a5d-a7ff538428b2 - INFO - List node - Success retrieving  data - ahmed.shalaby@cyshield.com
[2022-04-01T22:48:26.178] [INFO] app - a9082118-e63e-4d73-b86b-6a50d202a227 - INFO - List node - Success retrieving  data - ahmed.shalaby@cyshield.com
[2022-04-01T22:48:30.743] [INFO] app - 6915dc00-82ac-47e3-ba9f-3b2e9b20ed68 - INFO - update node - Success updating new data - ahmed.shalaby@cyshield.com
[2022-04-01T22:48:30.973] [INFO] app - 4df73fc9-f670-4d94-968d-5ac7041b4790 - INFO - List node - Success retrieving  data - ahmed.shalaby@cyshield.com
[2022-04-01T22:48:52.765] [INFO] app - 3de66d73-dc04-48e6-8c14-0bb9ebf2316e - INFO - update node - Success updating new data - ahmed.shalaby@cyshield.com
[2022-04-01T22:48:52.889] [INFO] app - 33fc7407-32bb-44ef-9a10-8f749c96994e - INFO - List node - Success retrieving  data - ahmed.shalaby@cyshield.com
[2022-04-01T22:50:56.883] [INFO] app - e9c5d3f5-fb9c-409f-b490-54f300ebd198 - INFO - List node - Success retrieving  data - ahmed.shalaby@cyshield.com
[2022-04-01T22:51:05.815] [INFO] app - e36d48c0-0b3c-49a0-9c89-a2a124450983 - INFO - List node - Success retrieving  data - ahmed.shalaby@cyshield.com
[2022-04-01T22:51:10.553] [INFO] app - ef13301f-55bf-425f-a669-d0372ecba381 - INFO - List node - Success retrieving  data - ahmed.shalaby@cyshield.com
[2022-04-01T22:51:11.600] [INFO] app - 2fe9f014-b18a-4fef-9ea7-4492a0c49e88 - INFO - List node - Success retrieving  data - ahmed.shalaby@cyshield.com
[2022-04-01T22:51:13.517] [INFO] app - 1d63491b-e04b-4b70-a6bb-a5d1a757f566 - INFO - List node - Success retrieving  data - ahmed.shalaby@cyshield.com
[2022-04-01T22:51:13.778] [INFO] app - ce6fc7e5-503e-4b51-85c8-20bab984a89f - INFO - List node - Success retrieving  data - ahmed.shalaby@cyshield.com
[2022-04-01T22:51:20.223] [INFO] app - 4b901df5-e26b-479a-aa47-cb1b730cf2f7 - INFO - List node - Success retrieving  data - ahmed.shalaby@cyshield.com
[2022-04-01T22:51:22.998] [INFO] app - a2a12d10-f1b0-438b-9c1f-c19d25093e0e - INFO - update node - Success updating new data - ahmed.shalaby@cyshield.com
[2022-04-01T22:51:23.094] [INFO] app - 73534ef3-b3dc-42df-918c-141d972d6205 - INFO - List node - Success retrieving  data - ahmed.shalaby@cyshield.com
[2022-04-01T22:51:27.807] [INFO] app - e15174fe-3bb1-4eb3-8b5b-ed56db358223 - INFO - update node - Success updating new data - ahmed.shalaby@cyshield.com
[2022-04-01T22:51:27.939] [INFO] app - 8a78189d-abea-45aa-b05f-921c5d9f3b97 - INFO - List node - Success retrieving  data - ahmed.shalaby@cyshield.com
[2022-04-01T22:51:46.046] [INFO] app - c2d5f845-c348-47ca-afad-1f6073665acc - INFO - update node - Success updating new data - ahmed.shalaby@cyshield.com
[2022-04-01T22:51:46.164] [INFO] app - a043f30d-8417-4e06-a4e5-0073a2669ff5 - INFO - List node - Success retrieving  data - ahmed.shalaby@cyshield.com
[2022-04-01T22:52:20.869] [INFO] app - dceb938c-3fc5-4140-8ed1-4f4e12742560 - INFO - List node - Success retrieving  data - ahmed.shalaby@cyshield.com
[2022-04-01T22:52:21.114] [INFO] app - df0c7e12-da13-4ddf-9be4-92b675ac60be - INFO - List node - Success retrieving  data - ahmed.shalaby@cyshield.com
[2022-04-01T22:52:24.203] [INFO] app - 8b1e3b04-fe58-4691-b680-1d1bc6a2f7cc - INFO - update node - Success updating new data - ahmed.shalaby@cyshield.com
[2022-04-01T22:52:24.271] [INFO] app - a8a10f67-e4a4-465d-a59d-0738ae64e248 - INFO - List node - Success retrieving  data - ahmed.shalaby@cyshield.com
[2022-04-01T22:55:44.639] [INFO] app - af0ebc7b-960c-4f69-8f76-3f976e08c28b - INFO - List node - Success retrieving  data - ahmed.shalaby@cyshield.com
[2022-04-01T22:55:44.882] [INFO] app - 9b0d14fa-2710-4cd1-8469-b0a3363c7612 - INFO - List node - Success retrieving  data - ahmed.shalaby@cyshield.com
[2022-04-01T22:56:21.785] [INFO] app - d7aad786-44f6-4335-b9de-aaa8edb49821 - INFO - List node - Success retrieving  data - ahmed.shalaby@cyshield.com
[2022-04-01T22:56:22.182] [INFO] app - 08a35fd9-849e-4fd9-9259-56fd7f47f5b9 - INFO - List node - Success retrieving  data - ahmed.shalaby@cyshield.com
[2022-04-01T22:57:48.487] [INFO] app - 0d70cad4-d440-47fa-a847-2241f5753040 - INFO - List node - Success retrieving  data - ahmed.shalaby@cyshield.com
[2022-04-01T22:58:05.286] [INFO] app - f9414d7a-3d45-4421-8aa1-f2211935a526 - INFO - List node - Success retrieving  data - ahmed.shalaby@cyshield.com
[2022-04-01T22:58:05.474] [INFO] app - 070fc539-2347-4d02-8690-fedb6f953f29 - INFO - List node - Success retrieving  data - ahmed.shalaby@cyshield.com
[2022-04-01T22:58:06.212] [INFO] app - 1f431f2e-3dc3-443f-bf06-9e9d9887ae90 - INFO - List node - Success retrieving  data - ahmed.shalaby@cyshield.com
[2022-04-01T22:58:06.538] [INFO] app - 0e0c52e4-5f06-4e01-a7a9-33238502574f - INFO - List node - Success retrieving  data - ahmed.shalaby@cyshield.com
[2022-04-01T22:58:07.332] [INFO] app - ae330f48-3629-4700-8d33-dddc95cc5480 - INFO - List node - Success retrieving  data - ahmed.shalaby@cyshield.com
[2022-04-01T22:58:11.618] [INFO] app - 41e6d29d-5485-4e01-8cf9-c70835205f68 - INFO - update node - Success updating new data - ahmed.shalaby@cyshield.com
[2022-04-01T22:58:11.769] [INFO] app - 2c4f79fd-8759-4d71-900b-d002fca9cbdb - INFO - List node - Success retrieving  data - ahmed.shalaby@cyshield.com
[2022-04-01T22:58:18.808] [INFO] app - cc921414-5457-4c0e-a521-c2472da17f55 - INFO - update node - Success updating new data - ahmed.shalaby@cyshield.com
[2022-04-01T22:58:18.916] [INFO] app - 8e56e93c-4890-4a61-9faa-07181b489577 - INFO - List node - Success retrieving  data - ahmed.shalaby@cyshield.com
[2022-04-01T22:58:28.193] [INFO] app - 1bcd3fd8-b875-40b4-b61c-7eb30f35f1c1 - INFO - update node - Success updating new data - ahmed.shalaby@cyshield.com
[2022-04-01T22:58:28.273] [INFO] app - 129ad6e0-e711-4c01-bba4-a65bacdd5ffb - INFO - List node - Success retrieving  data - ahmed.shalaby@cyshield.com
[2022-04-01T22:58:29.698] [INFO] app - 3da21822-26bb-4ea2-a4a0-8cdd09a8d1d6 - INFO - update node - Success updating new data - ahmed.shalaby@cyshield.com
[2022-04-01T22:58:29.765] [INFO] app - b48a1fd6-0520-4ea9-8db9-967526ff69c5 - INFO - List node - Success retrieving  data - ahmed.shalaby@cyshield.com
[2022-04-01T22:58:30.977] [INFO] app - fa4ebf20-e155-43d5-b67c-446b18ffc058 - INFO - update node - Success updating new data - ahmed.shalaby@cyshield.com
[2022-04-01T22:58:31.055] [INFO] app - 48d8c9f6-3a12-409f-8991-8471f1aafe47 - INFO - List node - Success retrieving  data - ahmed.shalaby@cyshield.com
[2022-04-01T22:58:34.139] [INFO] app - 9b402e9f-8119-40df-b312-20d2bd243279 - INFO - update node - Success updating new data - ahmed.shalaby@cyshield.com
[2022-04-01T22:58:34.305] [INFO] app - becae904-1b7e-4452-b1b8-778ff143603b - INFO - List node - Success retrieving  data - ahmed.shalaby@cyshield.com
[2022-04-01T22:58:36.840] [INFO] app - 08aadc03-fdd1-4c34-86c7-5a522e541d7c - INFO - update node - Success updating new data - ahmed.shalaby@cyshield.com
[2022-04-01T22:58:36.958] [INFO] app - b0846545-7c45-47bc-be7e-12e9e74df94d - INFO - List node - Success retrieving  data - ahmed.shalaby@cyshield.com
[2022-04-01T22:58:40.660] [INFO] app - 6ff9b1ce-f6a6-4988-b92e-a27f67c0d961 - INFO - update node - Success updating new data - ahmed.shalaby@cyshield.com
[2022-04-01T22:58:40.741] [INFO] app - dc11ab20-6963-47af-af75-6ba185597829 - INFO - List node - Success retrieving  data - ahmed.shalaby@cyshield.com
[2022-04-01T22:58:42.688] [INFO] app - 6f7a7805-374c-4f8b-9fc0-513cee920e9e - INFO - update node - Success updating new data - ahmed.shalaby@cyshield.com
[2022-04-01T22:58:42.798] [INFO] app - c5509aa0-823c-437e-bc73-ffffa63c8cfc - INFO - List node - Success retrieving  data - ahmed.shalaby@cyshield.com
[2022-04-01T22:58:44.202] [INFO] app - a9b823dc-0f4c-4530-b525-9f268c72ab17 - INFO - update node - Success updating new data - ahmed.shalaby@cyshield.com
[2022-04-01T22:58:44.323] [INFO] app - eff018bb-1e2e-461d-bf75-a5ef5612ff1b - INFO - List node - Success retrieving  data - ahmed.shalaby@cyshield.com
[2022-04-01T22:58:45.383] [INFO] app - e2e944b0-73f3-45e7-8b38-57986ec66aff - INFO - update node - Success updating new data - ahmed.shalaby@cyshield.com
[2022-04-01T22:58:45.467] [INFO] app - 08398582-8df3-4280-8087-76caa75779c3 - INFO - List node - Success retrieving  data - ahmed.shalaby@cyshield.com
[2022-04-01T22:58:46.691] [INFO] app - 4d3e84b3-b946-4fbd-8490-3d535b233296 - INFO - update node - Success updating new data - ahmed.shalaby@cyshield.com
[2022-04-01T22:58:46.784] [INFO] app - 7bdceb2e-8d04-47c9-aa4b-80a071e37137 - INFO - List node - Success retrieving  data - ahmed.shalaby@cyshield.com
[2022-04-01T22:58:48.179] [INFO] app - df84b67d-ebc8-4449-b06f-347b71927441 - INFO - update node - Success updating new data - ahmed.shalaby@cyshield.com
[2022-04-01T22:58:48.272] [INFO] app - 764405bf-1252-41be-a76d-0097149a96d7 - INFO - List node - Success retrieving  data - ahmed.shalaby@cyshield.com
[2022-04-01T22:58:49.503] [INFO] app - c871d27c-19ad-429a-b66e-7a9fe4f718c4 - INFO - update node - Success updating new data - ahmed.shalaby@cyshield.com
[2022-04-01T22:58:49.594] [INFO] app - 0ea4878c-7d45-4ef4-a423-63048bee7339 - INFO - List node - Success retrieving  data - ahmed.shalaby@cyshield.com
[2022-04-01T22:58:51.000] [INFO] app - a3895f4d-8047-475d-9eee-2e40f3cfb482 - INFO - update node - Success updating new data - ahmed.shalaby@cyshield.com
[2022-04-01T22:58:51.078] [INFO] app - 233a7c9a-bffd-4e1f-b8ac-4bf860649f76 - INFO - List node - Success retrieving  data - ahmed.shalaby@cyshield.com
[2022-04-01T22:58:52.905] [INFO] app - 33b14005-6be2-477d-888d-76822e29401a - INFO - update node - Success updating new data - ahmed.shalaby@cyshield.com
[2022-04-01T22:58:52.992] [INFO] app - 55ff0986-2874-4524-98d0-678cc229bd60 - INFO - List node - Success retrieving  data - ahmed.shalaby@cyshield.com
[2022-04-01T22:58:54.540] [INFO] app - 267b0cee-a21e-480d-94db-d32e0b454915 - INFO - update node - Success updating new data - ahmed.shalaby@cyshield.com
[2022-04-01T22:58:54.638] [INFO] app - f9cbba0d-e950-4d79-9739-44eb3fbdde81 - INFO - List node - Success retrieving  data - ahmed.shalaby@cyshield.com
[2022-04-01T22:58:56.315] [INFO] app - ddf862c2-81fa-419a-ab63-6081d660b88d - INFO - update node - Success updating new data - ahmed.shalaby@cyshield.com
[2022-04-01T22:58:56.404] [INFO] app - 7d8bc1a4-3e12-4c4d-a452-1f1b67f9040d - INFO - List node - Success retrieving  data - ahmed.shalaby@cyshield.com
[2022-04-01T22:58:58.341] [INFO] app - 91b40544-dca0-43de-a1b4-e8114268140a - INFO - update node - Success updating new data - ahmed.shalaby@cyshield.com
[2022-04-01T22:58:58.396] [INFO] app - 9829a084-450b-4e0c-8b1f-14cfd25a2bb5 - INFO - List node - Success retrieving  data - ahmed.shalaby@cyshield.com
[2022-04-01T22:59:35.877] [INFO] app - dbbc7466-e9f0-468a-9ad6-5fb923be09eb - INFO - update node - Success updating new data - ahmed.shalaby@cyshield.com
[2022-04-01T22:59:35.987] [INFO] app - 37924ec0-c84c-47fb-b9a4-2aba2aae4dc2 - INFO - List node - Success retrieving  data - ahmed.shalaby@cyshield.com
[2022-04-01T23:00:02.099] [INFO] app - 115c481e-d17f-42ff-ab41-12fd6d62a056 - INFO - update node - Success updating new data - ahmed.shalaby@cyshield.com
[2022-04-01T23:00:02.208] [INFO] app - 8e5938f1-df04-4bd1-8847-71bf413498d3 - INFO - List node - Success retrieving  data - ahmed.shalaby@cyshield.com
[2022-04-01T23:00:23.830] [INFO] app - e1180f4d-f424-43a1-835c-3032e93a3c58 - INFO - update node - Success updating new data - ahmed.shalaby@cyshield.com
[2022-04-01T23:00:23.891] [INFO] app - 362ad99f-cfa3-4098-88a9-49742bd1858e - INFO - List node - Success retrieving  data - ahmed.shalaby@cyshield.com
[2022-04-01T23:01:01.191] [INFO] app - 24d9a98c-e115-4e8f-ae6f-5883ded5da9e - INFO - List node - Success retrieving  data - ahmed.shalaby@cyshield.com
[2022-04-01T23:01:02.842] [INFO] app - abc388e5-9f9c-44a9-8ba2-6ce5ccefc2af - INFO - List node - Success retrieving  data - ahmed.shalaby@cyshield.com
[2022-04-01T23:01:34.316] [INFO] app - 7c947aea-bb53-4b1b-a931-f024208b5878 - INFO - List node - Success retrieving  data - ahmed.shalaby@cyshield.com
[2022-04-01T23:01:34.328] [INFO] app - 710526cb-f2fd-490d-a093-bf57c254d8a7 - INFO - List node - Success retrieving  data - ahmed.shalaby@cyshield.com
[2022-04-01T23:03:38.700] [INFO] app - 4aff29a7-20bb-4b43-81d2-65f3a0b2174f - INFO - List node - Success retrieving  data - ahmed.shalaby@cyshield.com
[2022-04-01T23:03:50.616] [INFO] app - eed3f455-960f-46c3-8f3d-75df53442b1c - INFO - List node - Success retrieving  data - ahmed.shalaby@cyshield.com
[2022-04-01T23:04:00.654] [INFO] app - a78218d7-1178-4bd4-a493-7e51158d0f0d - INFO - List node - Success retrieving  data - ahmed.shalaby@cyshield.com
[2022-04-01T23:04:00.993] [INFO] app - a1d75b74-f137-4e56-95a7-d0747aae4642 - INFO - List node - Success retrieving  data - ahmed.shalaby@cyshield.com
[2022-04-01T23:04:37.012] [INFO] app - a7b71231-944e-4440-8b75-93a7f91a5b63 - INFO - List node - Success retrieving  data - ahmed.shalaby@cyshield.com
[2022-04-01T23:04:37.992] [INFO] app - 74b61804-8955-4e4e-8a48-02ae2c425895 - INFO - List node - Success retrieving  data - ahmed.shalaby@cyshield.com
[2022-04-01T23:04:43.405] [INFO] app - 45bb8b45-9a85-4158-8190-97e3531cb590 - INFO - List node - Success retrieving  data - ahmed.shalaby@cyshield.com
[2022-04-01T23:04:43.918] [INFO] app - f65aa6b4-d512-41ef-9a49-f8df47d1b858 - INFO - List node - Success retrieving  data - ahmed.shalaby@cyshield.com
[2022-04-01T23:05:05.894] [INFO] app - 9fe31aa2-fcf5-486f-9925-2716027a3520 - INFO - update node - Success updating new data - ahmed.shalaby@cyshield.com
[2022-04-01T23:05:05.977] [INFO] app - e827656e-37f4-4a2f-96db-0c00ce3e1e2c - INFO - List node - Success retrieving  data - ahmed.shalaby@cyshield.com
[2022-04-01T23:06:18.657] [INFO] app - 3f0f1a6c-2de2-4199-a466-fb8079eebe97 - INFO - update node - Success updating new data - ahmed.shalaby@cyshield.com
[2022-04-01T23:06:18.706] [INFO] app - bb39bc5f-dd39-4929-b571-f357bb3465f8 - INFO - List node - Success retrieving  data - ahmed.shalaby@cyshield.com
[2022-04-01T23:06:24.361] [INFO] app - 64893912-37e1-40d3-abcc-b3101ca2a923 - INFO - update node - Success updating new data - ahmed.shalaby@cyshield.com
[2022-04-01T23:06:24.443] [INFO] app - 7b2cce53-400e-479d-a519-305f8439ba59 - INFO - List node - Success retrieving  data - ahmed.shalaby@cyshield.com
[2022-04-01T23:06:26.462] [INFO] app - 20cebd66-f64c-473e-8823-e6e0a9a59a9a - INFO - update node - Success updating new data - ahmed.shalaby@cyshield.com
[2022-04-01T23:06:26.493] [INFO] app - aec007c1-3072-40bf-a0f4-9eb2c2485b99 - INFO - List node - Success retrieving  data - ahmed.shalaby@cyshield.com
[2022-04-01T23:09:16.332] [ERROR] app - 0e0940e3-9e4b-491c-9d44-acb0ea1ac12e - ERROR - Update node - Validation error - ahmed.shalaby@cyshield.com
[2022-04-01T23:09:16.416] [INFO] app - b0f52221-4e44-4bc5-ab7f-663fed979dc2 - INFO - List node - Success retrieving  data - ahmed.shalaby@cyshield.com
[2022-04-01T23:09:25.419] [INFO] app - ebdb038a-e750-43cb-bad2-3ead8df74b03 - INFO - update node - Success updating new data - ahmed.shalaby@cyshield.com
[2022-04-01T23:09:25.472] [INFO] app - d3ddfee7-e916-4dac-a144-18bbef93995e - INFO - List node - Success retrieving  data - ahmed.shalaby@cyshield.com
[2022-04-01T23:09:29.723] [INFO] app - 32738336-8f21-43d1-b5da-4795beb10624 - INFO - update node - Success updating new data - ahmed.shalaby@cyshield.com
[2022-04-01T23:09:29.802] [INFO] app - 3779b468-fffd-4788-92c2-81183deefbde - INFO - List node - Success retrieving  data - ahmed.shalaby@cyshield.com
[2022-04-01T23:09:32.247] [ERROR] app - 21616812-a844-4c38-b08c-265908ef792a - ERROR - Update node - Validation error - ahmed.shalaby@cyshield.com
[2022-04-01T23:09:32.325] [INFO] app - 10710206-cde6-4981-ba47-376147d980a7 - INFO - List node - Success retrieving  data - ahmed.shalaby@cyshield.com
[2022-04-01T23:11:11.205] [INFO] app - 7d23cbee-4e34-4a9e-a897-9098729f3af0 - INFO - List node - Success retrieving  data - ahmed.shalaby@cyshield.com
[2022-04-01T23:11:11.220] [INFO] app - ec9477a2-ace2-43b5-a72b-317c47558a82 - INFO - List node - Success retrieving  data - ahmed.shalaby@cyshield.com
[2022-04-01T23:11:29.620] [INFO] app - 6cd98127-cdf3-460b-b55b-544c74c0b6f4 - INFO - List node - Success retrieving  data - ahmed.shalaby@cyshield.com
[2022-04-01T23:11:30.148] [INFO] app - d0193c73-e6d5-48fa-9b8a-6e3ccdfa85c9 - INFO - List node - Success retrieving  data - ahmed.shalaby@cyshield.com
[2022-04-01T23:12:42.938] [INFO] app - 2c358e60-bc2a-4c03-9329-a6362be51d36 - INFO - update node - Success updating new data - ahmed.shalaby@cyshield.com
[2022-04-01T23:12:43.002] [INFO] app - d37a1962-a550-4267-9716-d59cee4ee973 - INFO - List node - Success retrieving  data - ahmed.shalaby@cyshield.com
[2022-04-01T23:12:45.146] [INFO] app - 1cbabc0c-958e-4f62-b904-2e167da8886d - INFO - update node - Success updating new data - ahmed.shalaby@cyshield.com
[2022-04-01T23:12:45.201] [INFO] app - 29957bca-b34d-47f9-85a0-6bbe3d775e08 - INFO - List node - Success retrieving  data - ahmed.shalaby@cyshield.com
[2022-04-01T23:12:52.615] [INFO] app - a0a7c810-6162-4a6d-8ba2-3c2294a49b46 - INFO - update node - Success updating new data - ahmed.shalaby@cyshield.com
[2022-04-01T23:12:52.691] [INFO] app - 2060d500-7fd5-4114-a7d3-639bc69fabc3 - INFO - List node - Success retrieving  data - ahmed.shalaby@cyshield.com
[2022-04-01T23:12:56.774] [INFO] app - 0e1a26ee-9791-4d5d-9d82-1eb79ac7c4ff - INFO - update node - Success updating new data - ahmed.shalaby@cyshield.com
[2022-04-01T23:12:56.851] [INFO] app - 047a4f74-6822-4e33-82c1-d062f8a1755a - INFO - List node - Success retrieving  data - ahmed.shalaby@cyshield.com
[2022-04-01T23:12:58.640] [INFO] app - 70c3b5ad-4cd9-4caf-979c-142dd47e2228 - INFO - update node - Success updating new data - ahmed.shalaby@cyshield.com
[2022-04-01T23:12:58.696] [INFO] app - 625efc68-fe20-43d4-9566-711ae218085f - INFO - List node - Success retrieving  data - ahmed.shalaby@cyshield.com
[2022-04-01T23:13:00.685] [INFO] app - 51fa9a5e-49b3-4c1b-aaba-54ad4674e73b - INFO - update node - Success updating new data - ahmed.shalaby@cyshield.com
[2022-04-01T23:13:00.753] [INFO] app - bb9171d7-972d-4b54-99c6-6174b60c64cc - INFO - List node - Success retrieving  data - ahmed.shalaby@cyshield.com
[2022-04-01T23:13:02.970] [INFO] app - 67be683d-102a-4b22-bdd6-3489beb9b2bf - INFO - update node - Success updating new data - ahmed.shalaby@cyshield.com
[2022-04-01T23:13:03.041] [INFO] app - 0257b7b3-eab6-49d7-aaca-dd7592de6b91 - INFO - List node - Success retrieving  data - ahmed.shalaby@cyshield.com
[2022-04-01T23:13:04.652] [INFO] app - 34866132-946f-4225-b21d-edfb8f72b83c - INFO - update node - Success updating new data - ahmed.shalaby@cyshield.com
[2022-04-01T23:13:04.710] [INFO] app - 8d3292c1-66ab-416d-8ae0-6d3db9dd272f - INFO - List node - Success retrieving  data - ahmed.shalaby@cyshield.com
[2022-04-01T23:13:07.042] [INFO] app - 3147bcc8-cdb4-41f1-8e95-bcc49ae8bfd4 - INFO - update node - Success updating new data - ahmed.shalaby@cyshield.com
[2022-04-01T23:13:07.103] [INFO] app - ec37a9a5-d9fb-4ec0-981e-8ca244f56591 - INFO - List node - Success retrieving  data - ahmed.shalaby@cyshield.com
[2022-04-01T23:13:14.214] [INFO] app - e26ca062-45ed-498e-8465-f0f57b6177f8 - INFO - update node - Success updating new data - ahmed.shalaby@cyshield.com
[2022-04-01T23:13:14.287] [INFO] app - 9533f725-2390-4fe2-8083-b7a4d22e1d69 - INFO - List node - Success retrieving  data - ahmed.shalaby@cyshield.com
[2022-04-01T23:13:16.097] [INFO] app - daa09d08-28f6-4fae-b615-f1da8baa7577 - INFO - update node - Success updating new data - ahmed.shalaby@cyshield.com
[2022-04-01T23:13:16.167] [INFO] app - 00bcae7d-d34c-4a50-9398-456703d30460 - INFO - List node - Success retrieving  data - ahmed.shalaby@cyshield.com
[2022-04-01T23:15:15.704] [INFO] app - 8cf8d886-c421-40f5-b7bb-ea42f4bb9d0c - INFO - List node - Success retrieving  data - ahmed.shalaby@cyshield.com
[2022-04-01T23:16:38.655] [INFO] app - e76d52cc-c40f-4868-ba8d-1348bd4ff20e - INFO - update node - Success updating new data - ahmed.shalaby@cyshield.com
[2022-04-01T23:16:38.768] [INFO] app - 8c24f4f4-599e-4184-88ad-d533b824505f - INFO - List node - Success retrieving  data - ahmed.shalaby@cyshield.com
[2022-04-01T23:16:40.238] [INFO] app - f2a6d933-fe20-4908-837e-62c8cbbbc736 - INFO - update node - Success updating new data - ahmed.shalaby@cyshield.com
[2022-04-01T23:16:40.268] [INFO] app - df12eb4c-afee-463c-8881-a68e1872712e - INFO - List node - Success retrieving  data - ahmed.shalaby@cyshield.com
[2022-04-01T23:19:00.705] [INFO] app - 0fcf678e-a634-4d1b-b4e8-b0111c7bc416 - INFO - update node - Success updating new data - ahmed.shalaby@cyshield.com
[2022-04-01T23:19:00.795] [INFO] app - 499cce69-3a76-45e8-a61c-08401476d2dd - INFO - List node - Success retrieving  data - ahmed.shalaby@cyshield.com
[2022-04-01T23:19:02.165] [INFO] app - d8dc7f4c-553c-4c10-99e5-22dea4a23a21 - INFO - update node - Success updating new data - ahmed.shalaby@cyshield.com
[2022-04-01T23:19:02.232] [INFO] app - 4115c2ae-d189-44b5-b52d-dc46afadea47 - INFO - List node - Success retrieving  data - ahmed.shalaby@cyshield.com
[2022-04-01T23:21:07.073] [INFO] app - 3cd0fb75-1423-4520-8056-72f8f26b611b - INFO - List node - Success retrieving  data - ahmed.shalaby@cyshield.com
[2022-04-01T23:21:26.452] [INFO] app - 7f564ee2-3521-435b-b1d9-c1698de90f7e - INFO - update node - Success updating new data - ahmed.shalaby@cyshield.com
[2022-04-01T23:21:26.527] [INFO] app - a344ad7f-56d5-4300-aad3-d7ca186cf00f - INFO - List node - Success retrieving  data - ahmed.shalaby@cyshield.com
[2022-04-01T23:22:04.277] [INFO] app - 1eba69ac-40b4-4461-9337-a8e45d6e907d - INFO - update node - Success updating new data - ahmed.shalaby@cyshield.com
[2022-04-01T23:22:04.376] [INFO] app - d513e5d7-50a8-442f-8588-b4e06f9a4dd7 - INFO - List node - Success retrieving  data - ahmed.shalaby@cyshield.com
[2022-04-01T23:22:21.800] [INFO] app - 669d5615-6bae-401e-bfb3-abba53dfc73d - INFO - List node - Success retrieving  data - ahmed.shalaby@cyshield.com
[2022-04-01T23:22:21.842] [INFO] app - 4b8c2a9d-7985-464f-8b57-59f723ee5721 - INFO - List node - Success retrieving  data - ahmed.shalaby@cyshield.com
[2022-04-01T23:22:24.692] [ERROR] app - 229561ae-3df7-4ebc-b58b-ece02077bbfb - ERROR - Update node - invalid input syntax for type integer: "" - ahmed.shalaby@cyshield.com
[2022-04-01T23:22:24.736] [INFO] app - 2a999f81-2634-4fca-9117-6ee8387e93ee - INFO - List node - Success retrieving  data - ahmed.shalaby@cyshield.com
[2022-04-01T23:22:37.321] [ERROR] app - b2af90f4-a272-4d2f-aff4-e0b124fada52 - ERROR - Update node - invalid input syntax for type integer: "12adsasdasdsad" - ahmed.shalaby@cyshield.com
[2022-04-01T23:22:37.417] [INFO] app - fb50ae21-6493-4120-8b20-9500598e8666 - INFO - List node - Success retrieving  data - ahmed.shalaby@cyshield.com
[2022-04-01T23:22:40.313] [INFO] app - ddd24899-4d07-43ef-974d-81889a0201a1 - INFO - update node - Success updating new data - ahmed.shalaby@cyshield.com
[2022-04-01T23:22:40.356] [INFO] app - 90ebac79-0a29-43b1-8235-5287b57f03ff - INFO - List node - Success retrieving  data - ahmed.shalaby@cyshield.com
[2022-04-01T23:23:01.893] [INFO] app - 21299d3c-5626-4631-bb25-02700eee9fd5 - INFO - List node - Success retrieving  data - ahmed.shalaby@cyshield.com
[2022-04-01T23:24:20.090] [INFO] app - c132f26c-69cc-464a-82d9-cfc9205fa92b - INFO - update node - Success updating new data - ahmed.shalaby@cyshield.com
[2022-04-01T23:24:20.147] [INFO] app - 721aaca0-616b-40ca-b1fb-b0b1f55d3109 - INFO - List node - Success retrieving  data - ahmed.shalaby@cyshield.com
[2022-04-01T23:24:46.615] [INFO] app - f298ef64-5445-4e62-9c1a-1968aac8264e - INFO - list mqtt_user - Success retrieving  data - ahmed.shalaby@cyshield.com
[2022-04-01T23:24:46.813] [INFO] app - fabff482-bd38-4970-9517-3c0097a5760c - INFO - list mqtt_user - Success retrieving  data - ahmed.shalaby@cyshield.com
[2022-04-01T23:24:46.824] [INFO] app - d26de7e1-b893-4c83-9e2e-5443832bbaba - INFO - list mqtt_user - Success retrieving  data - ahmed.shalaby@cyshield.com
[2022-04-01T23:24:46.829] [INFO] app - 7124456c-b81e-40b3-beb8-9d1e846be673 - INFO - list mqtt_user - Success retrieving  data - ahmed.shalaby@cyshield.com
[2022-04-01T23:24:56.158] [INFO] app - 8c998c7b-9f1c-492e-ab7f-5fd5124a77a5 - INFO - list mqtt_user - Success retrieving  data - ahmed.shalaby@cyshield.com
[2022-04-01T23:24:56.168] [INFO] app - cda20b04-894f-4cf6-abbd-93bc2406a82b - INFO - list mqtt_user - Success retrieving  data - ahmed.shalaby@cyshield.com
[2022-04-01T23:24:57.084] [INFO] app - cf30a2d4-c207-4bf1-98a5-75ef8232d1b6 - INFO - list mqtt_user - Success retrieving  data - ahmed.shalaby@cyshield.com
[2022-04-01T23:24:59.370] [TRACE] app - ec1cee83-6e20-4ba7-a452-ec700df11094 - TRACE - update mqtt_user - Data is executing - ahmed.shalaby@cyshield.com
[2022-04-01T23:24:59.396] [INFO] app - ec1cee83-6e20-4ba7-a452-ec700df11094 - INFO - update mqtt_user - Success creating new data - ahmed.shalaby@cyshield.com
[2022-04-01T23:24:59.415] [INFO] app - 47170786-ee47-4759-a465-8544497b098d - INFO - list mqtt_user - Success retrieving  data - ahmed.shalaby@cyshield.com
[2022-04-01T23:25:02.418] [TRACE] app - 18bb6086-ffa9-41d7-b51f-72adc04af547 - TRACE - update mqtt_user - Data is executing - ahmed.shalaby@cyshield.com
[2022-04-01T23:25:02.440] [INFO] app - 18bb6086-ffa9-41d7-b51f-72adc04af547 - INFO - update mqtt_user - Success creating new data - ahmed.shalaby@cyshield.com
[2022-04-01T23:25:02.473] [INFO] app - 4b9f0fd9-72dc-40dd-89ab-6918d793513b - INFO - list mqtt_user - Success retrieving  data - ahmed.shalaby@cyshield.com
[2022-04-01T23:25:06.712] [TRACE] app - 59fb761d-f545-4586-bee3-635fa1abfa0c - TRACE - update mqtt_user - Data is executing - ahmed.shalaby@cyshield.com
[2022-04-01T23:25:06.734] [INFO] app - 59fb761d-f545-4586-bee3-635fa1abfa0c - INFO - update mqtt_user - Success creating new data - ahmed.shalaby@cyshield.com
[2022-04-01T23:25:06.756] [INFO] app - aa841b26-edb5-433e-8822-abfbadd1f899 - INFO - list mqtt_user - Success retrieving  data - ahmed.shalaby@cyshield.com
[2022-04-01T23:25:17.805] [TRACE] app - 457564d7-3127-47a9-94a7-37601005d4cd - TRACE - update mqtt_user - Data is executing - ahmed.shalaby@cyshield.com
[2022-04-01T23:25:17.864] [INFO] app - 457564d7-3127-47a9-94a7-37601005d4cd - INFO - update mqtt_user - Success creating new data - ahmed.shalaby@cyshield.com
[2022-04-01T23:25:17.941] [INFO] app - 1b668300-281d-48db-9d8d-9124c4b96538 - INFO - list mqtt_user - Success retrieving  data - ahmed.shalaby@cyshield.com
[2022-04-01T23:25:26.360] [TRACE] app - 77ebc4f1-6d65-472e-8ffa-56b793319ed9 - TRACE - update mqtt_user - Data is executing - ahmed.shalaby@cyshield.com
[2022-04-01T23:25:26.384] [INFO] app - 77ebc4f1-6d65-472e-8ffa-56b793319ed9 - INFO - update mqtt_user - Success creating new data - ahmed.shalaby@cyshield.com
[2022-04-01T23:25:26.412] [INFO] app - 0e758b91-7661-4b8a-a560-641824c31c20 - INFO - list mqtt_user - Success retrieving  data - ahmed.shalaby@cyshield.com
[2022-04-01T23:26:36.506] [INFO] app - d27babec-2fdc-4bfb-953b-deee8b6d9627 - INFO - list mqtt_user - Success retrieving  data - ahmed.shalaby@cyshield.com
[2022-04-01T23:26:36.512] [INFO] app - acc2e2d0-617f-4d53-a8e2-9d2610a7e94b - INFO - list mqtt_user - Success retrieving  data - ahmed.shalaby@cyshield.com
[2022-04-01T23:26:39.147] [INFO] app - 0d0c4093-ecee-4d34-88c1-b70e572098b5 - INFO - list mqtt_user - Success retrieving  data - ahmed.shalaby@cyshield.com
[2022-04-01T23:27:09.037] [TRACE] app - 75ab5a41-757c-42d2-8149-dd081e14875d - TRACE - update mqtt_user - Data is executing - ahmed.shalaby@cyshield.com
[2022-04-01T23:27:09.124] [INFO] app - 75ab5a41-757c-42d2-8149-dd081e14875d - INFO - update mqtt_user - Success creating new data - ahmed.shalaby@cyshield.com
[2022-04-01T23:27:09.365] [INFO] app - 6b80782e-f5c6-4409-9deb-58f8666995ec - INFO - list mqtt_user - Success retrieving  data - ahmed.shalaby@cyshield.com
[2022-04-01T23:27:37.752] [INFO] app - 25ddbf3a-c5c2-4a84-be15-fbcec36275e3 - INFO - list mqtt_user - Success retrieving  data - ahmed.shalaby@cyshield.com
[2022-04-01T23:27:37.760] [INFO] app - 6f1bd7db-026a-44f7-9520-c0c640bd593d - INFO - list mqtt_user - Success retrieving  data - ahmed.shalaby@cyshield.com
[2022-04-01T23:27:39.510] [INFO] app - 4a5dc9b5-0e04-4aaa-8120-5ee21d4f5c98 - INFO - list mqtt_user - Success retrieving  data - ahmed.shalaby@cyshield.com
[2022-04-01T23:27:46.710] [INFO] app - b6b60c98-0824-47d8-9e24-5d30462df672 - INFO - list mqtt_user - Success retrieving  data - ahmed.shalaby@cyshield.com
[2022-04-01T23:27:46.771] [INFO] app - 7836f7e1-ed90-45fa-9c6f-6a80c5dd31b0 - INFO - list mqtt_user - Success retrieving  data - ahmed.shalaby@cyshield.com
[2022-04-01T23:27:48.115] [INFO] app - 9bac208e-c5c4-4678-b5de-1933b99b6e1e - INFO - list mqtt_user - Success retrieving  data - ahmed.shalaby@cyshield.com
[2022-04-01T23:28:05.056] [INFO] app - 3f6f9489-0d1f-4df3-bd71-3814ece4d850 - INFO - list mqtt_user - Success retrieving  data - ahmed.shalaby@cyshield.com
[2022-04-01T23:28:05.201] [INFO] app - 8bfdd56a-a199-4b7c-9d9e-660c1baab272 - INFO - list mqtt_user - Success retrieving  data - ahmed.shalaby@cyshield.com
[2022-04-01T23:28:12.537] [INFO] app - c0c105ee-824c-4d22-b53e-58d7d98ae24a - INFO - list mqtt_user - Success retrieving  data - ahmed.shalaby@cyshield.com
[2022-04-01T23:28:12.682] [INFO] app - 79ef5610-73ac-4f60-bebe-3554bd14b87e - INFO - list mqtt_user - Success retrieving  data - ahmed.shalaby@cyshield.com
[2022-04-01T23:28:16.999] [TRACE] app - 83d50e64-f3e8-4516-9904-36bfd6091ae3 - TRACE - update mqtt_user - Data is executing - ahmed.shalaby@cyshield.com
[2022-04-01T23:28:17.058] [INFO] app - 83d50e64-f3e8-4516-9904-36bfd6091ae3 - INFO - update mqtt_user - Success creating new data - ahmed.shalaby@cyshield.com
[2022-04-01T23:28:17.079] [INFO] app - 8498db81-3c98-4f74-bad0-987a8ec442e9 - INFO - list mqtt_user - Success retrieving  data - ahmed.shalaby@cyshield.com
[2022-04-01T23:28:43.578] [INFO] app - 8b277ff9-a2a7-40c1-bba5-e9b26eff79e7 - INFO - list mqtt_user - Success retrieving  data - ahmed.shalaby@cyshield.com
[2022-04-01T23:28:43.586] [INFO] app - 2b2133dc-83aa-4663-874e-31b1abd9388f - INFO - list mqtt_user - Success retrieving  data - ahmed.shalaby@cyshield.com
[2022-04-01T23:28:44.711] [INFO] app - 587b4cb0-7126-4350-b8ee-653ff229fc41 - INFO - list mqtt_user - Success retrieving  data - ahmed.shalaby@cyshield.com
[2022-04-01T23:28:49.147] [INFO] app - e7c15482-3388-42d7-9411-224402222529 - INFO - list mqtt_user - Success retrieving  data - ahmed.shalaby@cyshield.com
[2022-04-01T23:28:49.166] [INFO] app - 32ae1d2d-af7d-4884-9a78-6092f1f8b7f6 - INFO - list mqtt_user - Success retrieving  data - ahmed.shalaby@cyshield.com
[2022-04-01T23:29:21.643] [INFO] app - 459da55d-491d-469e-b718-c2b34ea96776 - INFO - list mqtt_user - Success retrieving  data - ahmed.shalaby@cyshield.com
[2022-04-01T23:29:21.645] [INFO] app - 53e39185-5572-4b4f-a361-89c8415a11a3 - INFO - list mqtt_user - Success retrieving  data - ahmed.shalaby@cyshield.com
[2022-04-01T23:29:23.777] [INFO] app - 0e529ba0-4e88-44ff-bd4f-6e63a96e21d4 - INFO - list mqtt_user - Success retrieving  data - ahmed.shalaby@cyshield.com
[2022-04-01T23:30:02.842] [TRACE] app - 2d928e94-a2d8-45f6-9ae8-6a4a4d0f4a2e - TRACE - update mqtt_user - Data is executing - ahmed.shalaby@cyshield.com
[2022-04-01T23:30:02.905] [INFO] app - 2d928e94-a2d8-45f6-9ae8-6a4a4d0f4a2e - INFO - update mqtt_user - Success creating new data - ahmed.shalaby@cyshield.com
[2022-04-01T23:30:03.059] [INFO] app - 2f7d8d42-a0cf-46bc-8be4-5582a000d68c - INFO - list mqtt_user - Success retrieving  data - ahmed.shalaby@cyshield.com
[2022-04-01T23:30:10.139] [TRACE] app - 71f92be7-926e-4c7b-b086-6f4f189b2b89 - TRACE - update mqtt_user - Data is executing - ahmed.shalaby@cyshield.com
[2022-04-01T23:30:10.160] [INFO] app - 71f92be7-926e-4c7b-b086-6f4f189b2b89 - INFO - update mqtt_user - Success creating new data - ahmed.shalaby@cyshield.com
[2022-04-01T23:30:10.191] [INFO] app - 84305e09-a993-4a76-b9c6-de448f7b973b - INFO - list mqtt_user - Success retrieving  data - ahmed.shalaby@cyshield.com
[2022-04-01T23:30:13.754] [TRACE] app - 35bb1fee-f3d6-4305-947a-e2f463220115 - TRACE - update mqtt_user - Data is executing - ahmed.shalaby@cyshield.com
[2022-04-01T23:30:13.773] [INFO] app - 35bb1fee-f3d6-4305-947a-e2f463220115 - INFO - update mqtt_user - Success creating new data - ahmed.shalaby@cyshield.com
[2022-04-01T23:30:13.785] [INFO] app - 104fedb5-4f99-40cf-830a-6da04a1f325b - INFO - list mqtt_user - Success retrieving  data - ahmed.shalaby@cyshield.com
[2022-04-01T23:30:26.506] [TRACE] app - 4e63252b-d1fd-4073-a3ca-b42ad470396b - TRACE - update mqtt_user - Data is executing - ahmed.shalaby@cyshield.com
[2022-04-01T23:30:26.600] [INFO] app - 4e63252b-d1fd-4073-a3ca-b42ad470396b - INFO - update mqtt_user - Success creating new data - ahmed.shalaby@cyshield.com
[2022-04-01T23:30:26.686] [INFO] app - 9420d540-798d-4a23-901b-70bbe8f11e71 - INFO - list mqtt_user - Success retrieving  data - ahmed.shalaby@cyshield.com
[2022-04-01T23:34:45.667] [INFO] app - e63b00c9-ba1d-41d4-abb3-15085c99a03c - INFO - list mqtt_user - Success retrieving  data - ahmed.shalaby@cyshield.com
[2022-04-01T23:35:51.574] [INFO] app - 99085ff7-6abb-4662-a657-c0abc977ac12 - INFO - list mqtt_user - Success retrieving  data - ahmed.shalaby@cyshield.com
[2022-04-01T23:36:22.148] [INFO] app - a51e0bb7-efe7-4946-8842-72e368317835 - INFO - list mqtt_user - Success retrieving  data - ahmed.shalaby@cyshield.com
[2022-04-01T23:36:36.753] [INFO] app - 8f48abc4-df9f-45e8-a7ff-5a100ed570da - INFO - list mqtt_user - Success retrieving  data - ahmed.shalaby@cyshield.com
[2022-04-01T23:37:20.098] [INFO] app - 2ad5dc03-df34-4ac5-9564-00d1486616ef - INFO - list mqtt_user - Success retrieving  data - ahmed.shalaby@cyshield.com
[2022-04-01T23:37:56.992] [INFO] app - 21538e4a-80d9-4a3a-9d90-a40955fd4b4f - INFO - list mqtt_user - Success retrieving  data - ahmed.shalaby@cyshield.com
[2022-04-01T23:37:58.210] [INFO] app - f436bae6-5d9e-4fa2-bbc2-569952fe7c26 - INFO - list mqtt_user - Success retrieving  data - ahmed.shalaby@cyshield.com
[2022-04-01T23:38:18.916] [INFO] app - 35d0e0de-71ce-4032-a2d5-c308b061ed45 - INFO - list mqtt_user - Success retrieving  data - ahmed.shalaby@cyshield.com
[2022-04-01T23:38:51.552] [INFO] app - 96a9aaec-cbab-4734-a8d7-a265fe82637d - INFO - list mqtt_user - Success retrieving  data - ahmed.shalaby@cyshield.com
[2022-04-01T23:40:53.640] [INFO] app - f44c8bcb-1937-42ea-8aaa-0194699e408d - INFO - list mqtt_user - Success retrieving  data - ahmed.shalaby@cyshield.com
[2022-04-01T23:40:54.748] [INFO] app - e61c636d-092c-4bb8-9e0f-0f825edeff17 - INFO - list mqtt_user - Success retrieving  data - ahmed.shalaby@cyshield.com
[2022-04-01T23:40:55.704] [INFO] app - bf37d9a7-22f3-492e-b189-0979a3fe0aa1 - INFO - list mqtt_user - Success retrieving  data - ahmed.shalaby@cyshield.com
[2022-04-01T23:40:57.079] [INFO] app - cd6634d5-ed62-499a-acb4-bd574a4a2b8a - INFO - list mqtt_user - Success retrieving  data - ahmed.shalaby@cyshield.com
[2022-04-01T23:41:00.908] [INFO] app - 0f65f176-3d80-418e-a984-67917e15cfc4 - INFO - list mqtt_user - Success retrieving  data - ahmed.shalaby@cyshield.com
[2022-04-01T23:41:00.922] [INFO] app - 13613913-58c3-414e-84c0-0d8c1829bd2b - INFO - list mqtt_user - Success retrieving  data - ahmed.shalaby@cyshield.com
[2022-04-01T23:41:01.591] [INFO] app - b97f94a3-7fcd-4879-b98a-c7c27a0becf1 - INFO - list mqtt_user - Success retrieving  data - ahmed.shalaby@cyshield.com
[2022-04-01T23:41:02.394] [INFO] app - c8ba51b0-2fc2-45c7-bd3f-71207dd432d2 - INFO - list mqtt_user - Success retrieving  data - ahmed.shalaby@cyshield.com
[2022-04-01T23:41:04.935] [INFO] app - 4d80995e-4c7f-4779-bea5-5288c4fa5306 - INFO - list mqtt_user - Success retrieving  data - ahmed.shalaby@cyshield.com
[2022-04-01T23:41:05.567] [INFO] app - 9d53f290-77c6-4885-8840-01688b55f1ae - INFO - list mqtt_user - Success retrieving  data - ahmed.shalaby@cyshield.com
[2022-04-01T23:41:05.679] [INFO] app - 218972d7-189e-4087-ad21-52f92b20d703 - INFO - list mqtt_user - Success retrieving  data - ahmed.shalaby@cyshield.com
[2022-04-01T23:41:05.820] [INFO] app - 2b64e445-9952-4229-8049-8145ee9b7205 - INFO - list mqtt_user - Success retrieving  data - ahmed.shalaby@cyshield.com
[2022-04-01T23:41:05.924] [INFO] app - 1c9aa8d8-0018-4793-8d68-253fae78ff32 - INFO - list mqtt_user - Success retrieving  data - ahmed.shalaby@cyshield.com
[2022-04-01T23:41:06.053] [INFO] app - dd26f78e-0036-4b75-b6eb-d173a773f52e - INFO - list mqtt_user - Success retrieving  data - ahmed.shalaby@cyshield.com
[2022-04-01T23:41:15.388] [INFO] app - aefcda25-a53d-4bd7-8c54-3ef84c1bb5a4 - INFO - list mqtt_user - Success retrieving  data - ahmed.shalaby@cyshield.com
[2022-04-01T23:41:15.398] [INFO] app - 81bc722c-d298-49ca-9b3e-a140328266d0 - INFO - list mqtt_user - Success retrieving  data - ahmed.shalaby@cyshield.com
[2022-04-01T23:41:24.983] [INFO] app - 5be90291-fcb0-4b6d-976e-695ca94d7959 - INFO - list mqtt_user - Success retrieving  data - ahmed.shalaby@cyshield.com
[2022-04-01T23:41:25.232] [INFO] app - 50b8c4fa-8979-43dc-bd2a-c7a51f5649ab - INFO - list mqtt_user - Success retrieving  data - ahmed.shalaby@cyshield.com
[2022-04-01T23:41:37.531] [INFO] app - ddd40e92-ce90-4d6c-a987-14f14a997af4 - INFO - list mqtt_user - Success retrieving  data - ahmed.shalaby@cyshield.com
[2022-04-01T23:41:37.651] [INFO] app - 95431cc8-fd43-46f4-be5b-ad6f473f0b2b - INFO - list mqtt_user - Success retrieving  data - ahmed.shalaby@cyshield.com
[2022-04-01T23:42:04.765] [INFO] app - 0f9a39dd-802b-4d95-9dd4-074731ab91f6 - INFO - list mqtt_user - Success retrieving  data - ahmed.shalaby@cyshield.com
[2022-04-01T23:42:04.876] [INFO] app - 6b3fe1c9-25ac-4b5c-8efb-e297aa1b2951 - INFO - list mqtt_user - Success retrieving  data - ahmed.shalaby@cyshield.com
[2022-04-01T23:42:06.514] [INFO] app - da053697-3c68-4c56-b859-c7a1de9a6172 - INFO - list mqtt_user - Success retrieving  data - ahmed.shalaby@cyshield.com
[2022-04-01T23:42:58.431] [INFO] app - f7d1727a-29f5-40ce-b616-16ae3e5e1ade - INFO - list mqtt_user - Success retrieving  data - ahmed.shalaby@cyshield.com
[2022-04-01T23:42:58.597] [INFO] app - 24a78722-c854-483a-9a95-c4e6ad8ff9c0 - INFO - list mqtt_user - Success retrieving  data - ahmed.shalaby@cyshield.com
[2022-04-01T23:43:01.651] [INFO] app - 3a59c017-497a-43e3-b6d3-f7387a6eebe4 - INFO - list mqtt_user - Success retrieving  data - ahmed.shalaby@cyshield.com
[2022-04-01T23:43:01.913] [INFO] app - 40e5b7d1-12a0-437b-b0de-d0f224353f79 - INFO - list mqtt_user - Success retrieving  data - ahmed.shalaby@cyshield.com
[2022-04-01T23:43:03.416] [INFO] app - 6a2b2a82-2397-476f-9a9d-b061da3f3bec - INFO - list mqtt_user - Success retrieving  data - ahmed.shalaby@cyshield.com
[2022-04-01T23:43:16.008] [INFO] app - ac6b4498-a619-442e-8405-9713bb8a56c7 - INFO - list mqtt_user - Success retrieving  data - ahmed.shalaby@cyshield.com
[2022-04-01T23:43:16.204] [INFO] app - 3d56c2d5-6b5d-4f28-b2a4-c8adc95df88f - INFO - list mqtt_user - Success retrieving  data - ahmed.shalaby@cyshield.com
[2022-04-01T23:43:17.227] [INFO] app - abcd0c56-4759-4ac6-ae6c-88fb0ba8bd52 - INFO - list mqtt_user - Success retrieving  data - ahmed.shalaby@cyshield.com
[2022-04-01T23:46:37.952] [INFO] app - d56a74ec-9382-434c-9f31-7919fc8f4425 - INFO - list mqtt_user - Success retrieving  data - ahmed.shalaby@cyshield.com
[2022-04-01T23:46:38.174] [INFO] app - c09af065-463d-4806-9cc7-532f1d7f871b - INFO - list mqtt_user - Success retrieving  data - ahmed.shalaby@cyshield.com
[2022-04-01T23:46:46.729] [INFO] app - 5f44703e-38f2-4043-bfd9-21305831d7a4 - INFO - list mqtt_user - Success retrieving  data - ahmed.shalaby@cyshield.com
[2022-04-01T23:46:47.033] [INFO] app - 361d520e-344c-4569-a4ef-bad2fa364783 - INFO - list mqtt_user - Success retrieving  data - ahmed.shalaby@cyshield.com
[2022-04-01T23:46:56.496] [INFO] app - 6717d922-b62a-4c4b-b552-81472c57ee1a - INFO - list mqtt_user - Success retrieving  data - ahmed.shalaby@cyshield.com
[2022-04-01T23:46:56.604] [INFO] app - b47f7c30-b4b5-4eee-b7e3-b314ba905c2d - INFO - list mqtt_user - Success retrieving  data - ahmed.shalaby@cyshield.com
[2022-04-01T23:47:37.159] [INFO] app - 95ea4f29-3db7-4299-bd2e-fc9887a544a2 - INFO - list mqtt_user - Success retrieving  data - ahmed.shalaby@cyshield.com
[2022-04-01T23:47:37.260] [INFO] app - 6b5aa619-8703-476e-bad1-7871ebee58c5 - INFO - list mqtt_user - Success retrieving  data - ahmed.shalaby@cyshield.com
[2022-04-01T23:47:58.414] [INFO] app - c8a9a607-9d3c-447f-8a75-e53c7ff98137 - INFO - list mqtt_user - Success retrieving  data - ahmed.shalaby@cyshield.com
[2022-04-01T23:48:15.477] [INFO] app - 1397f45f-1ac1-42d0-b5c0-5fd6341c87f9 - INFO - list mqtt_user - Success retrieving  data - ahmed.shalaby@cyshield.com
[2022-04-01T23:48:16.379] [INFO] app - 34cd3280-71f7-43c9-91ba-c7d8b6d47f34 - INFO - list mqtt_user - Success retrieving  data - ahmed.shalaby@cyshield.com
[2022-04-01T23:48:48.146] [INFO] app - 51a64924-a530-4ce4-b545-576ac256d296 - INFO - list mqtt_user - Success retrieving  data - ahmed.shalaby@cyshield.com
[2022-04-01T23:48:48.407] [INFO] app - a927cf94-7d0d-41c2-b689-a51bbbc620f1 - INFO - list mqtt_user - Success retrieving  data - ahmed.shalaby@cyshield.com
[2022-04-01T23:49:31.125] [INFO] app - 24f70e8c-ca57-40f7-a944-c7245aba89ef - INFO - list mqtt_user - Success retrieving  data - ahmed.shalaby@cyshield.com
[2022-04-01T23:49:31.495] [INFO] app - 5b6bba2d-1e42-4f7b-9efd-462524543661 - INFO - list mqtt_user - Success retrieving  data - ahmed.shalaby@cyshield.com
[2022-04-01T23:49:42.059] [INFO] app - 175cfeda-c372-4daa-bcda-99fdbd62537a - INFO - list mqtt_user - Success retrieving  data - ahmed.shalaby@cyshield.com
[2022-04-01T23:49:42.218] [INFO] app - 7b511f3a-4f5a-4680-bf4f-68a47bce770c - INFO - list mqtt_user - Success retrieving  data - ahmed.shalaby@cyshield.com
[2022-04-01T23:49:44.601] [INFO] app - 33ba3f03-ee9c-4d2d-90a3-581245ca650c - INFO - list mqtt_user - Success retrieving  data - ahmed.shalaby@cyshield.com
[2022-04-01T23:49:45.077] [INFO] app - 2775f9ed-1a4b-43da-a74e-96d638ca7447 - INFO - list mqtt_user - Success retrieving  data - ahmed.shalaby@cyshield.com
[2022-04-01T23:50:45.640] [INFO] app - ade45ac1-380b-4044-87f7-4dc0bbdb99c3 - INFO - list mqtt_user - Success retrieving  data - ahmed.shalaby@cyshield.com
[2022-04-01T23:50:45.648] [INFO] app - 797c1ff2-8dfd-458f-aa90-bd8f0efa06d2 - INFO - list mqtt_user - Success retrieving  data - ahmed.shalaby@cyshield.com
[2022-04-01T23:50:57.980] [INFO] app - bf7a4943-952a-481d-ba9d-9f1ce19adcfa - INFO - list mqtt_user - Success retrieving  data - ahmed.shalaby@cyshield.com
[2022-04-01T23:51:50.060] [INFO] app - a3f7a97c-ccb5-48a0-9ffe-f36a59b683b8 - INFO - list mqtt_user - Success retrieving  data - ahmed.shalaby@cyshield.com
[2022-04-01T23:51:50.218] [INFO] app - 1fb6f7ce-20b7-4d05-9f4d-6dac4b7d00cd - INFO - list mqtt_user - Success retrieving  data - ahmed.shalaby@cyshield.com
[2022-04-01T23:52:02.888] [INFO] app - 799355c0-cd1c-4fc6-bfb3-c366cb299f79 - INFO - list mqtt_user - Success retrieving  data - ahmed.shalaby@cyshield.com
[2022-04-01T23:52:02.910] [INFO] app - 1aba980f-4729-42f3-b81e-cd495f452e07 - INFO - list mqtt_user - Success retrieving  data - ahmed.shalaby@cyshield.com
[2022-04-01T23:52:36.134] [INFO] app - f2a3a822-a11a-462b-a425-ddaf7cea4071 - INFO - list mqtt_user - Success retrieving  data - ahmed.shalaby@cyshield.com
[2022-04-01T23:53:57.482] [INFO] app - 4eee8fbd-2b6b-4332-ae92-719d19c9e32d - INFO - list mqtt_user - Success retrieving  data - ahmed.shalaby@cyshield.com
[2022-04-01T23:53:59.346] [INFO] app - e22fb153-8e35-4195-859e-bddda967db17 - INFO - list mqtt_user - Success retrieving  data - ahmed.shalaby@cyshield.com
[2022-04-01T23:55:27.103] [INFO] app - de4fc9ed-4c66-4227-9336-313fbd664ac1 - INFO - list mqtt_user - Success retrieving  data - ahmed.shalaby@cyshield.com
[2022-04-01T23:55:56.920] [INFO] app - 1b02bb9a-8823-4b13-9dc3-d771cb749e31 - INFO - list mqtt_user - Success retrieving  data - ahmed.shalaby@cyshield.com
[2022-04-01T23:56:29.557] [INFO] app - 4d57bfbe-4811-4c12-9c3d-d7dca6d7091e - INFO - list mqtt_user - Success retrieving  data - ahmed.shalaby@cyshield.com
[2022-04-01T23:56:30.124] [INFO] app - f39306d5-def0-44be-b9c3-bd3b222fa789 - INFO - list mqtt_user - Success retrieving  data - ahmed.shalaby@cyshield.com
[2022-04-01T23:56:30.881] [INFO] app - faf46d66-a0b0-457d-984f-9eb4080a38ff - INFO - list mqtt_user - Success retrieving  data - ahmed.shalaby@cyshield.com
[2022-04-01T23:56:32.190] [INFO] app - d6143900-6563-436b-a09c-1894e7dcb18f - INFO - list mqtt_user - Success retrieving  data - ahmed.shalaby@cyshield.com
[2022-04-01T23:56:33.220] [INFO] app - c9036e46-673b-4f43-96e1-4db397de5197 - INFO - list mqtt_user - Success retrieving  data - ahmed.shalaby@cyshield.com
[2022-04-01T23:56:34.208] [INFO] app - 90e0943d-d14a-4f9f-8ef4-dc5444a81056 - INFO - list mqtt_user - Success retrieving  data - ahmed.shalaby@cyshield.com
[2022-04-01T23:56:52.317] [INFO] app - f79ad240-d595-4b32-9db9-f2f4cc4b28ca - INFO - list mqtt_user - Success retrieving  data - ahmed.shalaby@cyshield.com
[2022-04-01T23:56:52.326] [INFO] app - d185165e-e5d7-420e-87fb-7d245d7620c9 - INFO - list mqtt_user - Success retrieving  data - ahmed.shalaby@cyshield.com
[2022-04-01T23:57:05.334] [INFO] app - 7faad977-4300-4e20-a956-60f5271d3263 - INFO - list mqtt_user - Success retrieving  data - ahmed.shalaby@cyshield.com
[2022-04-01T23:57:05.343] [INFO] app - 005d783f-0c7e-4b8e-b13c-10844b3bf35e - INFO - list mqtt_user - Success retrieving  data - ahmed.shalaby@cyshield.com
[2022-04-01T23:57:37.581] [INFO] app - aeb6c526-213f-4d7e-a9eb-b9f2591bb72c - INFO - list mqtt_user - Success retrieving  data - ahmed.shalaby@cyshield.com
[2022-04-01T23:57:37.821] [INFO] app - aba1c2b4-7d4c-49b5-a7a4-fa9368a70352 - INFO - list mqtt_user - Success retrieving  data - ahmed.shalaby@cyshield.com
[2022-04-01T23:57:52.604] [INFO] app - 02cecc83-de30-4094-9eb7-d6a25d5a1931 - INFO - list mqtt_user - Success retrieving  data - ahmed.shalaby@cyshield.com
[2022-04-01T23:57:52.766] [INFO] app - 47d6b1f5-1c0d-42cc-8760-0fb5cf0c37eb - INFO - list mqtt_user - Success retrieving  data - ahmed.shalaby@cyshield.com
[2022-04-01T23:58:19.584] [INFO] app - 389fc8b0-b6b8-49a3-94a0-e3ff6b333a2f - INFO - list mqtt_user - Success retrieving  data - ahmed.shalaby@cyshield.com
[2022-04-01T23:58:19.914] [INFO] app - 06e70ccc-0f2a-4251-a825-cae38f3dbdd5 - INFO - list mqtt_user - Success retrieving  data - ahmed.shalaby@cyshield.com
[2022-04-01T23:58:41.357] [INFO] app - c5d61ff6-a249-4d5b-8f13-f3430ff75e37 - INFO - list mqtt_user - Success retrieving  data - ahmed.shalaby@cyshield.com
[2022-04-01T23:58:41.488] [INFO] app - 20b588b3-0ab6-4787-a173-7f130c3917b4 - INFO - list mqtt_user - Success retrieving  data - ahmed.shalaby@cyshield.com
[2022-04-02T00:02:23.364] [INFO] app - 374c33c5-96be-4d00-a0be-ed380ac55ac0 - INFO - list mqtt_user - Success retrieving  data - ahmed.shalaby@cyshield.com
[2022-04-02T00:04:40.050] [INFO] app - 428f2eda-635e-4093-b42c-1b0c15db9304 - INFO - list mqtt_user - Success retrieving  data - ahmed.shalaby@cyshield.com
[2022-04-02T00:04:59.696] [INFO] app - da975c58-0a97-4f55-85ff-c314add82c37 - INFO - List node - Success retrieving  data - ahmed.shalaby@cyshield.com
[2022-04-02T00:04:59.739] [INFO] app - bc08eef0-6eb8-4e9e-bff9-39c4f2ff0bcc - INFO - List node - Success retrieving  data - ahmed.shalaby@cyshield.com
[2022-04-02T00:05:08.794] [INFO] app - 167075f3-4c53-4b55-bd40-cc711ae0f728 - INFO - List node - Success retrieving  data - ahmed.shalaby@cyshield.com
[2022-04-02T00:05:18.174] [INFO] app - 3948bf39-7aec-4034-934e-d0baba3b1eaf - INFO - List node - Success retrieving  data - ahmed.shalaby@cyshield.com
[2022-04-02T00:05:18.205] [INFO] app - 5a9c980e-cb6f-4da4-9b85-6a9921b518e3 - INFO - List node - Success retrieving  data - ahmed.shalaby@cyshield.com
[2022-04-02T00:05:22.230] [INFO] app - c13cbb15-964a-42b5-a574-ccb330da6408 - INFO - update node - Success updating new data - ahmed.shalaby@cyshield.com
[2022-04-02T00:05:22.286] [INFO] app - dd131b98-3c86-4ef9-a5f9-95c338ea7920 - INFO - List node - Success retrieving  data - ahmed.shalaby@cyshield.com
[2022-04-02T00:05:24.547] [INFO] app - 3a011c5d-8407-4af1-8d14-c33765f0c8ef - INFO - List node - Success retrieving  data - ahmed.shalaby@cyshield.com
[2022-04-02T00:05:27.127] [INFO] app - 2ead8f36-f8b8-4ef7-8e1e-55fbd6292d9b - INFO - update node - Success updating new data - ahmed.shalaby@cyshield.com
[2022-04-02T00:05:27.222] [INFO] app - 466370af-a3a0-4283-874d-0cd30df070d0 - INFO - List node - Success retrieving  data - ahmed.shalaby@cyshield.com
[2022-04-02T00:05:34.728] [INFO] app - 29137eeb-9d76-4979-b99c-903a40c70b54 - INFO - update node - Success updating new data - ahmed.shalaby@cyshield.com
[2022-04-02T00:05:34.758] [INFO] app - 2dedad24-4237-4dce-ab86-7e96f8db753d - INFO - List node - Success retrieving  data - ahmed.shalaby@cyshield.com
[2022-04-02T00:10:35.516] [INFO] app - d2855815-0929-44a4-a9f5-e6eb8685e8da - INFO - List node - Success retrieving  data - ahmed.shalaby@cyshield.com
[2022-04-02T00:10:35.548] [INFO] app - b8ecee08-2b70-43a0-be62-28b5e1c53fb8 - INFO - List node - Success retrieving  data - ahmed.shalaby@cyshield.com
[2022-04-02T00:10:52.098] [INFO] app - 3c33a0da-dbad-4480-b840-c0b1f3c02072 - INFO - List node - Success retrieving  data - ahmed.shalaby@cyshield.com
[2022-04-02T00:10:52.301] [INFO] app - 402b4b9c-ef78-4beb-9feb-2a516c759ec9 - INFO - List node - Success retrieving  data - ahmed.shalaby@cyshield.com
[2022-04-02T00:10:55.936] [INFO] app - d6fd2de6-6ef0-4e38-ac90-5fadb7d99d70 - INFO - List node - Success retrieving  data - ahmed.shalaby@cyshield.com
[2022-04-02T00:10:55.985] [INFO] app - ad69d2ab-209a-42e9-9229-f81c80f86243 - INFO - List node - Success retrieving  data - ahmed.shalaby@cyshield.com
[2022-04-02T00:19:06.840] [INFO] app - 4ad85c07-8a31-408e-a6d2-26fbd7049c3d - INFO - List node - Success retrieving  data - ahmed.shalaby@cyshield.com
[2022-04-02T00:30:34.253] [INFO] app - c3afcde8-619e-429b-996f-0433f97ee8a1 - INFO - List node - Success retrieving  data - ahmed.shalaby@cyshield.com
[2022-04-02T00:30:40.335] [INFO] app - 24af7711-4f32-4c1e-9804-6ba9fe89e9a6 - INFO - update node - Success updating new data - ahmed.shalaby@cyshield.com
[2022-04-02T00:30:40.428] [INFO] app - e890b0ee-304b-45ac-8bed-1b529314b769 - INFO - List node - Success retrieving  data - ahmed.shalaby@cyshield.com
[2022-04-02T00:31:51.251] [INFO] app - 690f4b71-9663-47da-92f2-92673a8e25fd - INFO - List node - Success retrieving  data - ahmed.shalaby@cyshield.com
[2022-04-02T00:32:56.399] [INFO] app - 9a3a044d-90d9-4912-b25b-47d6168846ab - INFO - List node - Success retrieving  data - ahmed.shalaby@cyshield.com
[2022-04-02T00:34:10.071] [INFO] app - 784b62e3-421f-4bef-a9bd-f2250c151895 - INFO - List node - Success retrieving  data - ahmed.shalaby@cyshield.com
[2022-04-02T00:34:10.097] [INFO] app - c51c0512-c612-4e13-8988-adf84f261a48 - INFO - List node - Success retrieving  data - ahmed.shalaby@cyshield.com
[2022-04-02T00:34:49.596] [INFO] app - 9ce1d808-e46a-4cf2-b96c-ac78494d79ab - INFO - List node - Success retrieving  data - ahmed.shalaby@cyshield.com
[2022-04-02T00:34:49.602] [INFO] app - 79c19dac-708a-4297-86bc-062611acf639 - INFO - List node - Success retrieving  data - ahmed.shalaby@cyshield.com
[2022-04-02T00:34:53.617] [INFO] app - a7c4ede7-9f3b-4967-96ec-88581a5eb820 - INFO - List node - Success retrieving  data - ahmed.shalaby@cyshield.com
[2022-04-02T00:36:05.965] [INFO] app - 526f8a1f-d9b3-466e-bbc0-03b9a079b40a - INFO - update node - Success updating new data - ahmed.shalaby@cyshield.com
[2022-04-02T00:36:06.032] [INFO] app - 975f1fde-3485-47a1-9a96-be8a4297c1a8 - INFO - List node - Success retrieving  data - ahmed.shalaby@cyshield.com
[2022-04-02T00:36:07.709] [INFO] app - d8dc3ec5-7b6b-41b0-9445-b996b78676b0 - INFO - update node - Success updating new data - ahmed.shalaby@cyshield.com
[2022-04-02T00:36:07.747] [INFO] app - a54dfeb6-a2fe-4373-9adc-61be80766602 - INFO - List node - Success retrieving  data - ahmed.shalaby@cyshield.com
[2022-04-02T00:36:09.473] [INFO] app - c70e5dca-ae66-4a55-be03-e80579da114e - INFO - update node - Success updating new data - ahmed.shalaby@cyshield.com
[2022-04-02T00:36:09.522] [INFO] app - b7c3d144-9f64-442d-bd75-fd3247cc900e - INFO - List node - Success retrieving  data - ahmed.shalaby@cyshield.com
[2022-04-02T00:36:36.545] [INFO] app - 3b9f8548-e667-4047-a39d-2af2bad66e2d - INFO - update node - Success updating new data - ahmed.shalaby@cyshield.com
[2022-04-02T00:36:36.597] [INFO] app - 59c056f3-f151-4627-b14c-1ccccc1ad6b8 - INFO - List node - Success retrieving  data - ahmed.shalaby@cyshield.com
[2022-04-02T00:36:37.519] [INFO] app - 20f4adfa-07ce-4853-8e8b-d8ba4d0de23a - INFO - update node - Success updating new data - ahmed.shalaby@cyshield.com
[2022-04-02T00:36:37.539] [INFO] app - 75e39a6b-109e-4136-9b4e-fba72c4e3dd1 - INFO - List node - Success retrieving  data - ahmed.shalaby@cyshield.com
[2022-04-02T00:37:43.400] [INFO] app - d6fb4c76-2c98-4875-9f9e-f9cb69a8a627 - INFO - List node - Success retrieving  data - ahmed.shalaby@cyshield.com
[2022-04-02T00:56:34.148] [INFO] app - 596f3855-f57e-4875-abbd-db93858ffe89 - INFO - update node - Success updating new data - ahmed.shalaby@cyshield.com
[2022-04-02T00:56:34.202] [INFO] app - a1e1ff9b-74be-4c72-9f31-bd2743896619 - INFO - List node - Success retrieving  data - ahmed.shalaby@cyshield.com
[2022-04-02T00:56:38.593] [INFO] app - 711d18b2-259c-4d57-afb0-9bac2b77f7ee - INFO - update node - Success updating new data - ahmed.shalaby@cyshield.com
[2022-04-02T00:56:38.611] [INFO] app - 781caf53-9590-4797-9a31-52824485eb70 - INFO - List node - Success retrieving  data - ahmed.shalaby@cyshield.com
[2022-04-02T10:48:04.534] [INFO] app - 6a26fad4-830d-4038-a755-28c9b2781a79 - INFO - update node - Success updating new data - ahmed.shalaby@cyshield.com
[2022-04-02T10:48:04.630] [INFO] app - a09e5c95-c725-483a-9eae-08f1895a8964 - INFO - List node - Success retrieving  data - ahmed.shalaby@cyshield.com
[2022-04-02T10:48:05.515] [INFO] app - 205bb757-4f46-44db-86bd-d8bb2d8f9558 - INFO - update node - Success updating new data - ahmed.shalaby@cyshield.com
[2022-04-02T10:48:05.587] [INFO] app - aecd3a68-25ab-41c1-ab90-2b84e458f2be - INFO - List node - Success retrieving  data - ahmed.shalaby@cyshield.com
[2022-04-02T10:48:07.403] [INFO] app - 6f995e43-fe16-4dff-a8dd-ac6a5aa23cda - INFO - update node - Success updating new data - ahmed.shalaby@cyshield.com
[2022-04-02T10:48:07.453] [INFO] app - 4da6b2e3-aa22-477d-8132-2b2a884f95b7 - INFO - List node - Success retrieving  data - ahmed.shalaby@cyshield.com
[2022-04-02T10:48:08.980] [INFO] app - 6828fb97-05e8-423a-9e88-0c53f88e2360 - INFO - update node - Success updating new data - ahmed.shalaby@cyshield.com
[2022-04-02T10:48:09.043] [INFO] app - e4e95ba0-43f8-4b7f-9f85-e3bc66bad708 - INFO - List node - Success retrieving  data - ahmed.shalaby@cyshield.com
[2022-04-02T10:48:10.406] [INFO] app - e4501385-f782-49e2-8967-a38ab2c3f93c - INFO - update node - Success updating new data - ahmed.shalaby@cyshield.com
[2022-04-02T10:48:10.491] [INFO] app - a44ae28b-4327-4e8c-8f3b-664308bdc2d6 - INFO - List node - Success retrieving  data - ahmed.shalaby@cyshield.com
[2022-04-02T10:48:13.751] [INFO] app - c98dadee-6609-47f6-b233-91eff3169f46 - INFO - update node - Success updating new data - ahmed.shalaby@cyshield.com
[2022-04-02T10:48:13.839] [INFO] app - 1bc7c94a-ca13-4336-ad2e-07df5ad70ef6 - INFO - List node - Success retrieving  data - ahmed.shalaby@cyshield.com
[2022-04-02T10:48:15.582] [INFO] app - be556ef7-8533-49b7-b99c-2af8eed2cc28 - INFO - update node - Success updating new data - ahmed.shalaby@cyshield.com
[2022-04-02T10:48:15.658] [INFO] app - 284f9d39-7d1c-4324-ac69-ecd78bcf453f - INFO - List node - Success retrieving  data - ahmed.shalaby@cyshield.com
[2022-04-02T10:48:17.340] [INFO] app - 7e85d9aa-6649-4bb2-8c19-346bf25fa33c - INFO - update node - Success updating new data - ahmed.shalaby@cyshield.com
[2022-04-02T10:48:17.406] [INFO] app - fa9929ae-09e3-41a6-9d85-27b29048662e - INFO - List node - Success retrieving  data - ahmed.shalaby@cyshield.com
[2022-04-02T10:48:19.752] [INFO] app - 6a238389-b605-44d9-a8d5-4d8741e8ed97 - INFO - update node - Success updating new data - ahmed.shalaby@cyshield.com
[2022-04-02T10:48:19.853] [INFO] app - c5490c1d-bf23-42d3-a248-67564f929460 - INFO - List node - Success retrieving  data - ahmed.shalaby@cyshield.com
[2022-04-02T10:48:21.811] [INFO] app - aab6092c-3c40-4e37-b200-d3bdfee67dda - INFO - update node - Success updating new data - ahmed.shalaby@cyshield.com
[2022-04-02T10:48:21.896] [INFO] app - 4d8836c9-e01e-413b-ae1b-102628cea190 - INFO - List node - Success retrieving  data - ahmed.shalaby@cyshield.com
[2022-04-02T10:48:23.300] [INFO] app - b8bbe779-0b8b-4512-ac72-c4e0fc889c80 - INFO - update node - Success updating new data - ahmed.shalaby@cyshield.com
[2022-04-02T10:48:23.377] [INFO] app - 83b733b5-04f9-4616-be33-0086f5ca2e91 - INFO - List node - Success retrieving  data - ahmed.shalaby@cyshield.com
[2022-04-02T10:48:25.489] [INFO] app - 474c47e0-49fd-4cbc-ae5a-646b55f85de0 - INFO - update node - Success updating new data - ahmed.shalaby@cyshield.com
[2022-04-02T10:48:25.566] [INFO] app - 14801374-ab4e-4193-afa5-83944aa28f6e - INFO - List node - Success retrieving  data - ahmed.shalaby@cyshield.com
[2022-04-02T10:48:27.507] [INFO] app - 1ef2b4f7-0e96-4395-ac24-e1ffbad2a417 - INFO - update node - Success updating new data - ahmed.shalaby@cyshield.com
[2022-04-02T10:48:27.565] [INFO] app - b4778548-ed6f-4156-b33d-4162b4fdf4c5 - INFO - List node - Success retrieving  data - ahmed.shalaby@cyshield.com
[2022-04-02T10:48:29.771] [INFO] app - 5998a307-c8c4-4b14-85aa-ea5e1229e5a2 - INFO - update node - Success updating new data - ahmed.shalaby@cyshield.com
[2022-04-02T10:48:29.843] [INFO] app - be9cd8fc-6e91-4b7a-b117-a7d82d027b0c - INFO - List node - Success retrieving  data - ahmed.shalaby@cyshield.com
[2022-04-02T10:48:31.284] [INFO] app - e4651ea8-81fb-4d80-9d50-1a868fb2760f - INFO - update node - Success updating new data - ahmed.shalaby@cyshield.com
[2022-04-02T10:48:31.334] [INFO] app - cfbc717d-dad1-446c-8a82-731b94ba1c84 - INFO - List node - Success retrieving  data - ahmed.shalaby@cyshield.com
[2022-04-02T10:48:33.773] [INFO] app - a66ca57c-a20e-4059-a65e-8c2a42a51b08 - INFO - update node - Success updating new data - ahmed.shalaby@cyshield.com
[2022-04-02T10:48:33.825] [INFO] app - aa1b0c4d-20c8-4cc6-9d3f-7256c94df472 - INFO - List node - Success retrieving  data - ahmed.shalaby@cyshield.com
[2022-04-02T10:48:35.312] [INFO] app - 11ba9e9a-a0f5-41cd-a7b1-5bc50938d83d - INFO - update node - Success updating new data - ahmed.shalaby@cyshield.com
[2022-04-02T10:48:35.356] [INFO] app - b6ad74df-a5c8-4bdb-bf40-556906537684 - INFO - List node - Success retrieving  data - ahmed.shalaby@cyshield.com
[2022-04-02T10:48:42.229] [INFO] app - 7171007d-9a2d-4205-8fd8-d065eacbd40e - INFO - update node - Success updating new data - ahmed.shalaby@cyshield.com
[2022-04-02T10:48:42.295] [INFO] app - 8b844fa7-3147-427c-9e46-0e1a7df162f3 - INFO - List node - Success retrieving  data - ahmed.shalaby@cyshield.com
[2022-04-02T10:48:47.475] [INFO] app - 4ecf9d76-c739-43b6-9cd5-859595cebdd2 - INFO - update node - Success updating new data - ahmed.shalaby@cyshield.com
[2022-04-02T10:48:47.539] [INFO] app - e7b4d641-4672-4518-81fc-84ea0f1e7a49 - INFO - List node - Success retrieving  data - ahmed.shalaby@cyshield.com
[2022-04-02T10:48:48.732] [INFO] app - a82774b9-2620-4986-ba9b-1024d318931d - INFO - update node - Success updating new data - ahmed.shalaby@cyshield.com
[2022-04-02T10:48:48.803] [INFO] app - 758de371-2264-43e9-bb47-4cf41f8e3278 - INFO - List node - Success retrieving  data - ahmed.shalaby@cyshield.com
[2022-04-02T10:48:53.637] [INFO] app - 186d5712-9006-496e-8cb4-b306dbaba6d8 - INFO - update node - Success updating new data - ahmed.shalaby@cyshield.com
[2022-04-02T10:48:53.690] [INFO] app - ecb13413-26f2-448d-a16a-c15644a3c21d - INFO - List node - Success retrieving  data - ahmed.shalaby@cyshield.com
[2022-04-02T10:48:56.891] [INFO] app - 7458992e-615e-4881-8eba-7783e75fc6ff - INFO - update node - Success updating new data - ahmed.shalaby@cyshield.com
[2022-04-02T10:48:56.934] [INFO] app - 4b95feba-8e99-4636-bc3a-efbcfbdae04b - INFO - List node - Success retrieving  data - ahmed.shalaby@cyshield.com
[2022-04-02T10:48:58.564] [INFO] app - 0812e4a4-66a1-48f1-ae5c-7c3a5a7866e6 - INFO - update node - Success updating new data - ahmed.shalaby@cyshield.com
[2022-04-02T10:48:58.623] [INFO] app - e559af5a-1c50-4a75-af5d-e6387b5d4c57 - INFO - List node - Success retrieving  data - ahmed.shalaby@cyshield.com
[2022-04-02T10:49:40.618] [INFO] app - 688ef17b-f6dc-4d51-a458-16d40eb8b4eb - INFO - List node - Success retrieving  data - ahmed.shalaby@cyshield.com
[2022-04-02T11:02:28.551] [INFO] app - a2bd71fb-9ab9-4495-a50f-2d0a45df63e2 - INFO - List node - Success retrieving  data - ahmed.shalaby@cyshield.com
