[2022-03-06T17:01:23.664] [TRACE] app - fd4adf01-4d12-4e29-9a55-4dfa327fce19 - TRACE - inbound request - update sensor group - Data is executing - 4
[2022-03-06T17:01:23.896] [INFO] app - fd4adf01-4d12-4e29-9a55-4dfa327fce19 - INFO - inbound request - update sensor group - no data found - 4
[2022-03-06T17:01:23.898] [INFO] app - fd4adf01-4d12-4e29-9a55-4dfa327fce19 - INFO - inbound request - update sensor group - Success updating new data - 4
[2022-03-06T17:11:26.614] [TRACE] app - cde280d0-a6bf-4e2d-816b-67c393a4c178 - TRACE - inbound request - update sensor group - Data is executing - 4
[2022-03-06T17:11:26.868] [INFO] app - cde280d0-a6bf-4e2d-816b-67c393a4c178 - INFO - inbound request - update sensor group - no data found - 4
[2022-03-06T17:11:26.871] [INFO] app - cde280d0-a6bf-4e2d-816b-67c393a4c178 - INFO - inbound request - update sensor group - Success updating new data - 4
[2022-03-06T17:11:34.708] [TRACE] app - [object Object] - TRACE - inbound request - delete sensor group - Data is executing - 4
[2022-03-06T17:11:34.728] [INFO] app - [object Object] - INFO - inbound request - delete sensor group - no data found - 4
[2022-03-06T17:11:34.730] [INFO] app - [object Object] - INFO - inbound request - delete sensor group - Success updating new data - 4
[2022-03-06T17:12:11.964] [TRACE] app - [object Object] - TRACE - inbound request - delete sensor group - Data is executing - 4
[2022-03-06T17:12:12.014] [INFO] app - [object Object] - INFO - inbound request - delete sensor group - Success updating new data - 4
[2022-03-06T17:12:32.877] [TRACE] app - [object Object] - TRACE - inbound request - delete sensor group - Data is executing - 4
[2022-03-06T17:12:32.910] [INFO] app - [object Object] - INFO - inbound request - delete sensor group - Success updating new data - 4
[2022-03-06T17:12:54.714] [TRACE] app - eb1afbee-4456-483c-9670-cf54cfbca92a - TRACE - inbound request - delete sensor group - Data is executing - 4
[2022-03-06T17:12:54.919] [INFO] app - eb1afbee-4456-483c-9670-cf54cfbca92a - INFO - inbound request - delete sensor group - Success updating new data - 4
[2022-03-06T17:15:11.958] [TRACE] app - 53642072-09c7-4a93-9a03-995655fa5449 - TRACE - inbound request - delete sensor group - Data is executing - 4
[2022-03-06T17:15:12.330] [INFO] app - 53642072-09c7-4a93-9a03-995655fa5449 - INFO - inbound request - delete sensor group - Success updating new data - 4
[2022-03-06T17:16:26.440] [TRACE] app - 7d54d316-c848-4714-b136-8d69fffaaa33 - TRACE - inbound request - delete sensor group - Data is executing - 4
[2022-03-06T17:16:26.684] [INFO] app - 7d54d316-c848-4714-b136-8d69fffaaa33 - INFO - inbound request - delete sensor group - Success updating new data - 4
[2022-03-06T17:23:30.252] [TRACE] app - bf0b48d8-9577-43c2-ab99-9c28214f1b99 - TRACE - inbound request - list mqtt_user - check payload length - 4
[2022-03-06T17:23:30.391] [INFO] app - bf0b48d8-9577-43c2-ab99-9c28214f1b99 - INFO - inbound request - list mqtt_user - Success retrieving  data - 4
[2022-03-06T17:23:57.120] [TRACE] app - 68c85078-75cb-43ce-b138-7e7230c2bef9 - TRACE - inbound request - list mqtt_user - check payload length - 4
[2022-03-06T17:23:57.250] [INFO] app - 68c85078-75cb-43ce-b138-7e7230c2bef9 - INFO - inbound request - list mqtt_user - Success retrieving  data - 4
[2022-03-06T17:24:11.951] [TRACE] app - 651c8c3a-2644-42f0-b82a-6e43e217c7f6 - TRACE - inbound request - list mqtt_user - check payload length - 4
[2022-03-06T17:24:12.068] [INFO] app - 651c8c3a-2644-42f0-b82a-6e43e217c7f6 - INFO - inbound request - list mqtt_user - Success retrieving  data - 4
[2022-03-06T17:26:04.501] [TRACE] app - 2bdb0eb9-6a86-4d64-b06e-57f98387486a - TRACE - inbound request - list mqtt_user - check payload length - 4
[2022-03-06T17:26:04.628] [INFO] app - 2bdb0eb9-6a86-4d64-b06e-57f98387486a - INFO - inbound request - list mqtt_user - Success retrieving  data - 4
[2022-03-06T17:51:31.409] [TRACE] app - f0717b6c-7779-4b57-9f17-b0e0e278929a - TRACE - inbound request - create mqtt_user - Data is executing - 4
[2022-03-06T17:51:31.596] [ERROR] app - f0717b6c-7779-4b57-9f17-b0e0e278929a - ERROR - inbound request - create mqtt_user - insert into "mqtt_user" ("is_superuser", "password", "rec_id", "salt", "username") values ($1, $2, $3, $4, $5) on conflict ("username") do nothing - there is no unique or exclusion constraint matching the ON CONFLICT specification - 4
[2022-03-06T17:52:59.609] [TRACE] app - 95ce248c-d691-4f5c-8549-952c20504142 - TRACE - inbound request - create mqtt_user - Data is executing - 4
[2022-03-06T17:52:59.829] [ERROR] app - 95ce248c-d691-4f5c-8549-952c20504142 - ERROR - inbound request - create mqtt_user - insert into "mqtt_user" ("is_superuser", "password", "rec_id", "salt", "username") values ($1, $2, $3, $4, $5) - duplicate key value violates unique constraint "mqtt_user_pkey" - 4
[2022-03-06T17:53:06.955] [TRACE] app - 1b3815e0-e6d2-4ab7-8bb9-a9e3fbb1b3a6 - TRACE - inbound request - create mqtt_user - Data is executing - 4
[2022-03-06T17:53:07.074] [INFO] app - 1b3815e0-e6d2-4ab7-8bb9-a9e3fbb1b3a6 - INFO - inbound request - create mqtt_user - Success creating new data - 4
[2022-03-06T17:53:44.854] [TRACE] app - 7718479d-88cc-4e6a-9d0d-7b55564711a9 - TRACE - inbound request - create mqtt_user - Data is executing - 4
[2022-03-06T17:53:44.889] [INFO] app - 7718479d-88cc-4e6a-9d0d-7b55564711a9 - INFO - inbound request - create mqtt_user - Success creating new data - 4
[2022-03-06T17:55:08.796] [TRACE] app - 2ccb84d8-6fcd-4990-ab1a-6d664f8b6a86 - TRACE - inbound request - create mqtt_user - Data is executing - 4
[2022-03-06T17:55:08.973] [INFO] app - 2ccb84d8-6fcd-4990-ab1a-6d664f8b6a86 - INFO - inbound request - create mqtt_user - Success creating new data - 4
