[2022-03-02T10:44:02.671] [INFO] app - a56af259-6ba8-41c6-aaef-b9863dc37247 - INFO - inbound request - login - Logged in Successfully - 1
[2022-03-02T10:44:04.910] [INFO] app - 98e0a390-2434-4950-835f-3ab82300f6a2 - INFO - inbound request - list sensor - Success retrieving  data - 1
[2022-03-02T10:44:04.926] [INFO] app - 8bab8ed9-6cb9-4d2d-8ee7-5cec9186255f - INFO - inbound request - list sensor_type - Success retrieving  data - 1
[2022-03-02T10:44:04.934] [INFO] app - 9a176513-841e-4b88-916c-7f7ae5a2600c - INFO - inbound request - list mqtt_user - Success retrieving  data - 1
[2022-03-02T10:44:14.315] [TRACE] app - b607d23b-2075-4bcc-8a85-2cc49cfc6907 - TRACE - inbound request - update sensor - Data is executing - 1
[2022-03-02T10:44:14.320] [INFO] app - b607d23b-2075-4bcc-8a85-2cc49cfc6907 - INFO - inbound request - update sensor - Success updating new data - 1
[2022-03-02T10:44:14.396] [INFO] app - 090ffcc6-f647-4f9b-a0ca-6a80d5471ada - INFO - inbound request - list sensor - Success retrieving  data - 1
[2022-03-02T10:44:18.146] [INFO] app - 4f84a313-74e7-40cf-8336-afe3525804f5 - INFO - inbound request - list sensor - Success retrieving  data - 1
[2022-03-02T10:44:18.160] [INFO] app - 563bb16e-17bf-402b-84ff-f4f13deb36ac - INFO - inbound request - list mqtt_user - Success retrieving  data - 1
[2022-03-02T10:44:18.166] [INFO] app - 704ddf02-db41-4252-93fa-7423041bbc72 - INFO - inbound request - list sensor_type - Success retrieving  data - 1
[2022-03-02T10:44:38.344] [TRACE] app - 07fdf547-24e7-4e1e-b7df-70fe335051d3 - TRACE - inbound request - update sensor - Data is executing - 1
[2022-03-02T10:44:38.347] [INFO] app - 07fdf547-24e7-4e1e-b7df-70fe335051d3 - INFO - inbound request - update sensor - Success updating new data - 1
[2022-03-02T10:44:38.388] [INFO] app - 1478d457-bf63-4322-b230-87c5c20065cc - INFO - inbound request - list sensor - Success retrieving  data - 1
[2022-03-02T10:45:25.705] [TRACE] app - 42acd5c1-947d-45b7-a16f-253ed72cea9c - TRACE - inbound request - update sensor - Data is executing - 1
[2022-03-02T10:45:25.708] [INFO] app - 42acd5c1-947d-45b7-a16f-253ed72cea9c - INFO - inbound request - update sensor - Success updating new data - 1
[2022-03-02T10:45:25.759] [INFO] app - ac6380c2-5abc-47c5-92b4-557d2099cf7f - INFO - inbound request - list sensor - Success retrieving  data - 1
[2022-03-02T10:45:51.018] [INFO] app - d6342f8f-1d15-406a-8bb6-fd4e05cb011b - INFO - inbound request - list sensor_type - Success retrieving  data - 1
[2022-03-02T10:45:55.677] [TRACE] app - 4e9c9bef-7e8f-4eab-a2cd-1e61b97b06d4 - TRACE - inbound request - update sensor type - Data is executing - 1
[2022-03-02T10:45:55.680] [INFO] app - 4e9c9bef-7e8f-4eab-a2cd-1e61b97b06d4 - INFO - inbound request - update sensor type - Success updating new data - 1
[2022-03-02T10:48:08.565] [INFO] app - b87be3ff-59c5-4210-8878-a8950da16d4e - INFO - inbound request - list sensor_type - Success retrieving  data - 1
[2022-03-02T10:50:57.419] [INFO] app - 29ade7e2-9c82-465e-b093-f6fda2cd97ba - INFO - inbound request - list sensor_type - Success retrieving  data - 1
[2022-03-02T10:51:12.630] [INFO] app - c5fc360f-3827-46cc-b614-c8d73edfcc6c - INFO - inbound request - list sensor_type - Success retrieving  data - 1
[2022-03-02T10:51:36.454] [INFO] app - 74c59d65-811a-45c7-8f5a-311851a99dc6 - INFO - inbound request - list sensor_type - Success retrieving  data - 1
[2022-03-02T10:52:04.692] [TRACE] app - d9bdff33-5cac-4fdc-9d46-1f7b39d3d336 - TRACE - inbound request - update sensor type - Data is executing - 1
[2022-03-02T10:52:04.694] [INFO] app - d9bdff33-5cac-4fdc-9d46-1f7b39d3d336 - INFO - inbound request - update sensor type - Success updating new data - 1
[2022-03-02T10:52:32.087] [INFO] app - 92eaf7b9-aa40-45a3-84d5-5ed4700d04d8 - INFO - inbound request - list sensor_type - Success retrieving  data - 1
[2022-03-02T10:53:42.773] [INFO] app - 41efc7ea-8fa3-47fa-92c3-0adeea8053f1 - INFO - inbound request - list sensor_type - Success retrieving  data - 1
[2022-03-02T10:53:45.470] [INFO] app - 2423cad2-64ea-4b00-bc2c-b9d998be6298 - INFO - inbound request - list sensor_type - Success retrieving  data - 1
[2022-03-02T10:54:04.243] [INFO] app - 519b9718-13ae-479b-9eed-bc4f76de6a34 - INFO - inbound request - list sensor_type - Success retrieving  data - 1
[2022-03-02T10:55:11.874] [INFO] app - e624886d-cf80-4359-86ee-6239bcd584eb - INFO - inbound request - list sensor_type - Success retrieving  data - 1
[2022-03-02T10:55:17.338] [TRACE] app - 45d9790e-228b-43b3-9106-eed803bb1d2c - TRACE - inbound request - update sensor type - Data is executing - 1
[2022-03-02T10:55:17.340] [INFO] app - 45d9790e-228b-43b3-9106-eed803bb1d2c - INFO - inbound request - update sensor type - Success updating new data - 1
[2022-03-02T10:58:52.099] [INFO] app - ea9973ca-f2c6-4cc3-9ac3-0305cb0f1e35 - INFO - inbound request - list sensor_type - Success retrieving  data - 1
[2022-03-02T11:01:24.122] [INFO] app - ac394fa6-1917-496d-9159-a04d128ffb17 - INFO - inbound request - list group's sensors - Success retrieving  data - 1
[2022-03-02T11:01:25.315] [INFO] app - 47e6f631-d9a9-4493-8f24-a7a76c684bb8 - INFO - inbound request - list sensor group - Success retrieving  data - 1
[2022-03-02T11:01:26.051] [INFO] app - fb0f608c-0286-4754-9d5f-bfb04a8e4ca9 - INFO - inbound request - list group's sensors - Success retrieving  data - 1
[2022-03-02T11:01:35.890] [INFO] app - a1652463-4096-462e-87c5-a3ea76a33550 - INFO - inbound request - list sensor - Success retrieving  data - 1
[2022-03-02T11:01:35.922] [TRACE] app - 903d11f3-d873-4c61-9942-a64efc60df65 - TRACE - inbound request - create sensor group - Data is executing - 1
[2022-03-02T11:01:35.923] [INFO] app - 903d11f3-d873-4c61-9942-a64efc60df65 - INFO - inbound request - create sensor group - Success creating new data - 1
[2022-03-02T11:01:39.120] [TRACE] app - 17f8eff6-73e1-47a5-89a8-125480369b1a - TRACE - inbound request - query for group with df7f0832-70c2-4642-a9d1-6a3e45c6eeeb - Data is executing - 1
[2022-03-02T11:01:39.141] [TRACE] app - 17f8eff6-73e1-47a5-89a8-125480369b1a - TRACE - inbound request - map sensor to group - check payload length - 1
[2022-03-02T11:01:39.172] [INFO] app - 17f8eff6-73e1-47a5-89a8-125480369b1a - INFO - inbound request - map sensor to group - successfully - 1
[2022-03-02T11:01:41.907] [INFO] app - bafc24ad-19c3-40c6-9456-af61c9e28772 - INFO - inbound request - list group's sensors - Success retrieving  data - 1
[2022-03-02T11:12:53.824] [INFO] app - 828a3517-e43d-4865-8ee1-7cd882d15c7f - INFO - inbound request - list sensor_type - Success retrieving  data - 1
[2022-03-02T11:12:59.517] [TRACE] app - 5c45b1d7-7900-4b7c-acff-248d6ae7f58c - TRACE - inbound request - update sensor type - Data is executing - 1
[2022-03-02T11:12:59.519] [INFO] app - 5c45b1d7-7900-4b7c-acff-248d6ae7f58c - INFO - inbound request - update sensor type - Success updating new data - 1
[2022-03-02T11:13:33.430] [INFO] app - be87c569-7be9-461d-88b9-09ca07626e21 - INFO - inbound request - list sensor_type - Success retrieving  data - 1
[2022-03-02T11:13:33.436] [INFO] app - 2fb43486-30fe-4e77-93c4-0c9852148b50 - INFO - inbound request - list mqtt_user - Success retrieving  data - 1
[2022-03-02T11:13:33.442] [INFO] app - 028dc028-f2f4-492f-9c6e-8036c44eddfb - INFO - inbound request - list sensor - Success retrieving  data - 1
[2022-03-02T11:18:08.011] [INFO] app - 0487ada5-a9d6-43fb-aed2-27f4cb6df534 - INFO - inbound request - list sensor_type - Success retrieving  data - 1
[2022-03-02T11:18:15.846] [INFO] app - 47ac19c5-cf8e-4345-94f7-fc45b400f6ef - INFO - inbound request - list sensor - Success retrieving  data - 1
[2022-03-02T11:18:15.862] [INFO] app - 424762b8-c524-4c3e-a351-fb919b4394b2 - INFO - inbound request - list mqtt_user - Success retrieving  data - 1
[2022-03-02T11:18:15.879] [INFO] app - 3ff3ca5b-3ff8-4a94-b9f6-9553b35ab96c - INFO - inbound request - list sensor_type - Success retrieving  data - 1
[2022-03-02T11:18:23.356] [INFO] app - 6946b3b1-ac03-4aff-87f0-d40b35bdac9b - INFO - inbound request - list sensor_type - Success retrieving  data - 1
[2022-03-02T11:18:30.700] [INFO] app - 14d5858a-29e3-4261-9283-e08256077d67 - INFO - inbound request - list sensor - Success retrieving  data - 1
[2022-03-02T11:18:30.715] [INFO] app - 2289fc3b-e0ca-46bd-b756-62091913b23d - INFO - inbound request - list mqtt_user - Success retrieving  data - 1
[2022-03-02T11:18:30.732] [INFO] app - 66fbf23c-0aff-43e4-a043-2ee0169907d9 - INFO - inbound request - list sensor_type - Success retrieving  data - 1
[2022-03-02T11:18:40.987] [INFO] app - 0e9c53c8-5fa7-4287-9c25-1cc91d10995d - INFO - inbound request - list sensor_type - Success retrieving  data - 1
[2022-03-02T11:19:11.137] [INFO] app - 4ccc86b1-cb05-4f3d-9965-ffd5b715f472 - INFO - inbound request - list sensor_type - Success retrieving  data - 1
[2022-03-02T11:19:11.143] [INFO] app - a8191490-40c2-4bce-9c64-f7a83ab54ac4 - INFO - inbound request - list mqtt_user - Success retrieving  data - 1
[2022-03-02T11:19:11.150] [INFO] app - 243f420f-4398-4be8-9609-2a0fbda2fee8 - INFO - inbound request - list sensor - Success retrieving  data - 1
[2022-03-02T11:19:37.682] [TRACE] app - 9a77f55f-e9ae-4f54-b564-a748b4519a45 - TRACE - inbound request - update sensor - Data is executing - 1
[2022-03-02T11:19:37.683] [INFO] app - 9a77f55f-e9ae-4f54-b564-a748b4519a45 - INFO - inbound request - update sensor - Success updating new data - 1
[2022-03-02T11:19:37.732] [INFO] app - 780110d3-827d-4461-8d51-e861d58f2c2f - INFO - inbound request - list sensor - Success retrieving  data - 1
[2022-03-02T11:19:39.198] [INFO] app - af83b237-656d-40df-86f5-2d59334e02c1 - INFO - inbound request - list sensor_type - Success retrieving  data - 1
[2022-03-02T11:19:55.533] [INFO] app - fbf2a5c8-a07e-4c36-aa37-0ab996537c2b - INFO - inbound request - list mqtt_user - Success retrieving  data - 1
[2022-03-02T11:19:55.540] [INFO] app - a4dec1a1-4d8d-49fb-ad69-fb7c5bbe4c40 - INFO - inbound request - list sensor - Success retrieving  data - 1
[2022-03-02T11:19:55.545] [INFO] app - 972eedbd-601a-4c50-b472-64daa2216bd1 - INFO - inbound request - list sensor_type - Success retrieving  data - 1
