[2022-03-06T21:45:38.165] [ERROR] app - 7408ad51-1c89-4bad-89d2-fb413e18142d - ERROR - inbound request - login - connect ECONNREFUSED 127.0.0.1:5432 - 0
[2022-03-06T21:47:07.195] [INFO] app - bf0b9f4c-85a8-498f-84ed-1701d6cebbed - INFO - inbound request - login - Logged in Successfully - 4
[2022-03-06T21:47:17.115] [INFO] app - 2c1d91dd-8536-4af0-81ce-6726b353a5df - INFO - inbound request - login - Logged in Successfully - 4
[2022-03-06T21:47:18.791] [INFO] app - 9b23d849-42ad-4a47-b004-aac904f3cd41 - INFO - inbound request - list usergroups - Success retrieving  data - 4
[2022-03-06T21:47:18.804] [INFO] app - 21099cbd-a0a5-4ec3-8af2-8b788b30a95a - INFO - inbound request - list users - Success retrieving  data - 4
[2022-03-06T21:58:26.310] [INFO] app - 7b4ed344-9978-400a-9d85-1207af1c6d4e - INFO - inbound request - list users - Success retrieving  data - 4
[2022-03-06T21:58:26.323] [INFO] app - a838cf34-2ac6-4ad2-91f1-5937948767f2 - INFO - inbound request - list usergroups - Success retrieving  data - 4
[2022-03-06T22:00:02.994] [INFO] app - 3cea325c-4e5b-4850-ab86-67105aea51b7 - INFO - inbound request - list users - Success retrieving  data - 4
[2022-03-06T22:00:03.004] [INFO] app - 3eeeb19c-36f4-4a95-b561-aa40d5114601 - INFO - inbound request - list usergroups - Success retrieving  data - 4
[2022-03-06T22:00:07.343] [INFO] app - 94521299-77db-40b6-95cc-a17d95c784f3 - INFO - inbound request - list usergroups - Success retrieving  data - 4
[2022-03-06T22:00:07.355] [INFO] app - b1ab88bb-606b-4bfc-aa42-de47dce35998 - INFO - inbound request - list users - Success retrieving  data - 4
[2022-03-06T22:00:43.916] [INFO] app - 2b785269-31ae-4c8c-a867-d29ba55eb891 - INFO - inbound request - list users - Success retrieving  data - 4
[2022-03-06T22:00:44.001] [INFO] app - c0c2656f-4b9e-434f-a2b3-06305a6d7b80 - INFO - inbound request - list usergroups - Success retrieving  data - 4
[2022-03-06T22:01:15.228] [INFO] app - 9850ca60-759a-4d24-a107-a7a654bb615f - INFO - inbound request - list users - Success retrieving  data - 4
[2022-03-06T22:01:15.239] [INFO] app - 7066178f-82df-4cf7-a44d-f66296bf7bbe - INFO - inbound request - list usergroups - Success retrieving  data - 4
[2022-03-06T22:02:10.052] [INFO] app - 0c8ca863-873d-4a11-9a4e-e1951fdb5223 - INFO - inbound request - list usergroups - Success retrieving  data - 4
[2022-03-06T22:02:10.058] [INFO] app - 4afced0c-941d-472f-9cf1-2eabcc8d076a - INFO - inbound request - list users - Success retrieving  data - 4
[2022-03-06T22:02:27.940] [INFO] app - cd8cb055-f021-468c-bb82-18c9b6a5ff01 - INFO - inbound request - list users - Success retrieving  data - 4
[2022-03-06T22:02:27.954] [INFO] app - 5c47c31c-1a07-4ea8-9e91-ce28e75e4fd8 - INFO - inbound request - list usergroups - Success retrieving  data - 4
[2022-03-06T22:04:09.337] [INFO] app - 53bad0c0-12ec-4739-9304-4a9e615ffcdf - INFO - inbound request - list usergroups - Success retrieving  data - 4
[2022-03-06T22:04:09.346] [INFO] app - 18001ca3-52c7-4381-a047-436fcfa0975b - INFO - inbound request - list users - Success retrieving  data - 4
[2022-03-06T22:04:44.649] [INFO] app - 76071e51-6b16-4e3e-b06f-083ecebb01d7 - INFO - inbound request - list usergroups - Success retrieving  data - 4
[2022-03-06T22:04:44.658] [INFO] app - 38ef2d1a-297e-455d-ad79-9f44a494dc9c - INFO - inbound request - list users - Success retrieving  data - 4
[2022-03-06T22:06:12.981] [INFO] app - f018307c-d24a-4451-9a8a-c6b240200aeb - INFO - inbound request - list usergroups - Success retrieving  data - 4
[2022-03-06T22:06:12.990] [INFO] app - f4d00f91-3b03-4e89-b92b-f76223d73a77 - INFO - inbound request - list users - Success retrieving  data - 4
[2022-03-06T22:06:40.546] [INFO] app - 44487894-0c59-450d-8ed3-cb978c5cf88c - INFO - inbound request - list users - Success retrieving  data - 4
[2022-03-06T22:06:40.553] [INFO] app - baf64b74-6155-436a-927b-50151bc2a6e2 - INFO - inbound request - list usergroups - Success retrieving  data - 4
[2022-03-06T22:07:11.590] [INFO] app - 92437b26-cfcb-452c-9089-48458f973bfe - INFO - inbound request - list usergroups - Success retrieving  data - 4
[2022-03-06T22:07:11.603] [INFO] app - 47875e1b-b788-4538-b90c-aec7df9077c2 - INFO - inbound request - list users - Success retrieving  data - 4
[2022-03-06T22:07:29.018] [INFO] app - 96e790be-7361-481e-b7ca-1f761ff3a116 - INFO - inbound request - list users - Success retrieving  data - 4
[2022-03-06T22:07:29.027] [INFO] app - fb19ab84-d0eb-48dc-84fd-81e634d8b78a - INFO - inbound request - list usergroups - Success retrieving  data - 4
[2022-03-06T22:07:42.418] [INFO] app - fa42579a-0614-42fc-ac86-9a419860fdc8 - INFO - inbound request - list users - Success retrieving  data - 4
[2022-03-06T22:07:42.440] [INFO] app - 46e5ab4e-eeff-4989-a8fe-028cf847cc6e - INFO - inbound request - list usergroups - Success retrieving  data - 4
[2022-03-06T22:08:09.716] [INFO] app - 61187783-6b65-4a6d-bdc6-08ecd01a28b8 - INFO - inbound request - list usergroups - Success retrieving  data - 4
[2022-03-06T22:08:09.721] [INFO] app - cf5c7a5d-79e2-4d89-8c9c-036ee998311a - INFO - inbound request - list users - Success retrieving  data - 4
[2022-03-06T22:08:27.491] [INFO] app - 7bc909c0-dbe6-45f1-b1c0-5cb1eabfd7fd - INFO - inbound request - list usergroups - Success retrieving  data - 4
[2022-03-06T22:08:27.497] [INFO] app - 94052be3-a02a-4032-9dde-a71bcd41c9c6 - INFO - inbound request - list users - Success retrieving  data - 4
[2022-03-06T22:10:34.045] [INFO] app - f405239f-b601-4e51-8a5e-e285f19ddc28 - INFO - inbound request - list users - Success retrieving  data - 4
[2022-03-06T22:10:34.055] [INFO] app - a095b6fa-8cb0-436e-95db-d03c5d0893ff - INFO - inbound request - list usergroups - Success retrieving  data - 4
[2022-03-06T22:11:14.965] [INFO] app - d4d595f7-05af-484d-9847-3699abc9ad53 - INFO - inbound request - list usergroups - Success retrieving  data - 4
[2022-03-06T22:11:14.979] [INFO] app - b3d0d4b0-f4de-4fa5-be90-27d1dc14ab9e - INFO - inbound request - list users - Success retrieving  data - 4
[2022-03-06T22:11:50.363] [INFO] app - d09fc8cd-e48d-4a61-b24c-f155f270d915 - INFO - inbound request - list usergroups - Success retrieving  data - 4
[2022-03-06T22:11:50.378] [INFO] app - 8a144bc5-192d-46c9-ac0f-0471cd5bf45e - INFO - inbound request - list users - Success retrieving  data - 4
[2022-03-06T22:15:45.497] [INFO] app - 55a186e6-0bab-4941-ba35-2102374b6d23 - INFO - inbound request - list usergroups - Success retrieving  data - 4
[2022-03-06T22:15:45.505] [INFO] app - d1102d9a-1ad6-4692-a26d-ff4e39a19b8b - INFO - inbound request - list users - Success retrieving  data - 4
[2022-03-06T22:16:37.917] [INFO] app - df80ea26-68c7-4cea-afb6-f3c960464b47 - INFO - inbound request - list usergroups - Success retrieving  data - 4
[2022-03-06T22:16:37.926] [INFO] app - ebb859a4-9102-4df8-b023-e137a42006b7 - INFO - inbound request - list users - Success retrieving  data - 4
[2022-03-06T22:16:55.288] [INFO] app - 2dd46cbc-1a23-4b03-9cfb-bc3f806e7503 - INFO - inbound request - list usergroups - Success retrieving  data - 4
[2022-03-06T22:16:55.298] [INFO] app - 60d78b78-4acb-40ba-baf7-aecb29475a4b - INFO - inbound request - list users - Success retrieving  data - 4
[2022-03-06T22:18:59.588] [INFO] app - 11bab428-261a-4f7e-b440-16abc596e110 - INFO - inbound request - list usergroups - Success retrieving  data - 4
[2022-03-06T22:18:59.596] [INFO] app - 6059d05d-30d4-4031-b67b-31adf909c521 - INFO - inbound request - list users - Success retrieving  data - 4
[2022-03-06T22:19:56.099] [INFO] app - 9b9b74f8-cc8f-412d-a89c-5107bbb06857 - INFO - inbound request - list usergroups - Success retrieving  data - 4
[2022-03-06T22:19:56.111] [INFO] app - 7b68a3ed-db0a-43ce-8f88-1b733ca347c5 - INFO - inbound request - list users - Success retrieving  data - 4
[2022-03-06T22:24:32.113] [INFO] app - 586e8bb8-3316-44df-9c5b-e61b153a0968 - INFO - inbound request - list users - Success retrieving  data - 4
[2022-03-06T22:24:32.127] [INFO] app - bd650862-5b1f-427d-b206-eb23615161e6 - INFO - inbound request - list usergroups - Success retrieving  data - 4
[2022-03-06T22:25:19.036] [INFO] app - fa64ba0f-2f88-4766-8ddb-e3a560f42ce5 - INFO - inbound request - list usergroups - Success retrieving  data - 4
[2022-03-06T22:25:19.042] [INFO] app - 2039f9bd-cb98-48b2-a432-d29eb7614c88 - INFO - inbound request - list users - Success retrieving  data - 4
[2022-03-06T22:27:16.970] [INFO] app - f3156c0f-4af4-4a17-abbc-958c70a3c501 - INFO - inbound request - list usergroups - Success retrieving  data - 4
[2022-03-06T22:27:16.977] [INFO] app - 34a5d8db-4dd2-4c47-b556-e9fbd59477b7 - INFO - inbound request - list users - Success retrieving  data - 4
[2022-03-06T22:28:16.297] [INFO] app - 0902d257-73d1-492e-bfad-61af5781e651 - INFO - inbound request - list usergroups - Success retrieving  data - 4
[2022-03-06T22:28:16.432] [INFO] app - dbf1770f-9009-4ab2-9812-2a50a0cd36cb - INFO - inbound request - list users - Success retrieving  data - 4
[2022-03-06T22:28:56.807] [INFO] app - 5fc80171-1413-4326-8dac-12729eacf0d7 - INFO - inbound request - list usergroups - Success retrieving  data - 4
[2022-03-06T22:28:56.817] [INFO] app - 4407135b-4a4b-48f8-9334-f374c624b34f - INFO - inbound request - list users - Success retrieving  data - 4
[2022-03-06T22:29:23.987] [INFO] app - 00ddb9b9-a8d9-447c-b649-a4f1b906a451 - INFO - inbound request - list usergroups - Success retrieving  data - 4
[2022-03-06T22:29:23.994] [INFO] app - 3e93ca75-7e37-4867-908b-bdf41ef9f498 - INFO - inbound request - list users - Success retrieving  data - 4
[2022-03-06T22:30:19.203] [INFO] app - 2c0ffd25-6fd9-4c72-9878-e5c3f8babfab - INFO - inbound request - list usergroups - Success retrieving  data - 4
[2022-03-06T22:30:19.209] [INFO] app - a81ce21d-e89e-4b1a-873d-eb7cd627d12e - INFO - inbound request - list users - Success retrieving  data - 4
[2022-03-06T22:31:00.714] [INFO] app - baf8b370-f8a1-4ed1-8f61-9f0d915436a5 - INFO - inbound request - list users - Success retrieving  data - 4
[2022-03-06T22:31:00.719] [INFO] app - a828da0d-9cd7-47b8-89d9-5da584d82508 - INFO - inbound request - list usergroups - Success retrieving  data - 4
[2022-03-06T22:33:25.172] [INFO] app - aaeb0c47-7698-4bb8-9f45-08145d2e91c6 - INFO - inbound request - list users - Success retrieving  data - 4
[2022-03-06T22:33:25.182] [INFO] app - 1ec97fee-145b-47c3-8928-845ac84557e9 - INFO - inbound request - list usergroups - Success retrieving  data - 4
[2022-03-06T22:35:04.904] [INFO] app - 5b4e4c17-c313-4997-a6f9-1853acdc6afe - INFO - inbound request - list usergroups - Success retrieving  data - 4
[2022-03-06T22:35:04.991] [INFO] app - ea116404-713c-421f-aeae-23ee40252219 - INFO - inbound request - list users - Success retrieving  data - 4
[2022-03-06T22:36:05.289] [INFO] app - 10c9ea93-380e-41f6-92cb-801392d51e65 - INFO - inbound request - list usergroups - Success retrieving  data - 4
[2022-03-06T22:36:05.294] [INFO] app - 35eb7b1b-2d62-465c-9bd4-c8e5703fcfc5 - INFO - inbound request - list users - Success retrieving  data - 4
[2022-03-06T22:36:11.365] [INFO] app - 062e86cc-7eca-40a1-98c8-c587f558d52a - INFO - inbound request - list usergroups - Success retrieving  data - 4
[2022-03-06T22:36:11.374] [INFO] app - 16b49c95-4eb1-42d8-bbb5-b6fb4d376917 - INFO - inbound request - list users - Success retrieving  data - 4
[2022-03-06T22:38:52.972] [INFO] app - 23b548c1-e6e7-4457-a869-05f21897d36f - INFO - inbound request - list usergroups - Success retrieving  data - 4
[2022-03-06T22:38:52.983] [INFO] app - a13aca77-1f02-4ef7-8ee8-544b1041563c - INFO - inbound request - list users - Success retrieving  data - 4
[2022-03-06T22:41:14.474] [INFO] app - a694ff3d-16b6-4153-956a-45d837f7c1ee - INFO - inbound request - list usergroups - Success retrieving  data - 4
[2022-03-06T22:41:14.479] [INFO] app - d1919595-56cf-4aef-a57f-38399523f8bd - INFO - inbound request - list users - Success retrieving  data - 4
[2022-03-06T22:43:31.783] [INFO] app - 30540c79-f0ea-49f6-8fee-be205813affc - INFO - inbound request - list usergroups - Success retrieving  data - 4
[2022-03-06T22:43:31.790] [INFO] app - 86a22181-c273-4ae9-9ccd-c5cbebe24679 - INFO - inbound request - list users - Success retrieving  data - 4
[2022-03-06T22:44:29.642] [INFO] app - c1fc315b-6863-4b32-9ecb-aa79537da59a - INFO - inbound request - list usergroups - Success retrieving  data - 4
[2022-03-06T22:44:29.653] [INFO] app - 0ad4095e-8c6f-46c9-bb3a-6d57cca3945d - INFO - inbound request - list users - Success retrieving  data - 4
[2022-03-06T22:45:38.658] [INFO] app - eb17ce05-0a1e-4ad2-8e1a-fe796ec5120c - INFO - inbound request - list usergroups - Success retrieving  data - 4
[2022-03-06T22:45:38.664] [INFO] app - e8723422-350f-42e8-a79e-b972c583f704 - INFO - inbound request - list users - Success retrieving  data - 4
[2022-03-06T22:45:56.224] [INFO] app - 9ac5a2f7-d49b-4b53-b543-3b7ee5e947cc - INFO - inbound request - list usergroups - Success retrieving  data - 4
[2022-03-06T22:45:56.230] [INFO] app - 9ff3594a-aa32-4c25-8e6d-255c154f3412 - INFO - inbound request - list users - Success retrieving  data - 4
[2022-03-06T22:53:18.422] [INFO] app - bca2fe0b-317a-4355-82a1-04f67a82c66c - INFO - inbound request - list usergroups - Success retrieving  data - 4
[2022-03-06T22:53:18.436] [INFO] app - 939a307d-0333-4c86-b7ad-c94fbf7949ad - INFO - inbound request - list users - Success retrieving  data - 4
[2022-03-06T22:53:37.465] [INFO] app - f818d28a-6ea5-4978-aa9f-e32fc0fd9194 - INFO - inbound request - list usergroups - Success retrieving  data - 4
[2022-03-06T22:53:37.472] [INFO] app - 09e3420b-4896-4f94-9689-f31e71840028 - INFO - inbound request - list users - Success retrieving  data - 4
[2022-03-06T22:53:54.130] [INFO] app - 380d7a42-ddb5-47e1-ab48-c4abc139ea78 - INFO - inbound request - list users - Success retrieving  data - 4
[2022-03-06T22:53:54.145] [INFO] app - 53fc2aea-d2f7-407a-800d-6e2d007e3a26 - INFO - inbound request - list usergroups - Success retrieving  data - 4
[2022-03-06T22:54:16.638] [INFO] app - 80ca9388-bc9d-4db4-96c5-d96c15238b1d - INFO - inbound request - list users - Success retrieving  data - 4
[2022-03-06T22:54:16.644] [INFO] app - d8f8e4f5-049d-4ef6-831b-faed7505c000 - INFO - inbound request - list usergroups - Success retrieving  data - 4
[2022-03-06T22:55:47.443] [INFO] app - 2c7babfb-0235-4fa9-90ac-6ad11d6791b4 - INFO - inbound request - list usergroups - Success retrieving  data - 4
[2022-03-06T22:55:47.450] [INFO] app - 01d2d1a3-a0d3-4a64-8ac3-4e7c77a76fad - INFO - inbound request - list users - Success retrieving  data - 4
[2022-03-06T22:56:16.646] [INFO] app - d39c2d33-5e0e-475a-9e74-6ac09c54ed85 - INFO - inbound request - list users - Success retrieving  data - 4
[2022-03-06T22:56:16.660] [INFO] app - 97999a51-d5d1-4b33-9cc0-990ca481a41c - INFO - inbound request - list usergroups - Success retrieving  data - 4
[2022-03-06T22:56:38.464] [INFO] app - a325398e-2d3a-40f8-95fd-db6a8d3cce6f - INFO - inbound request - list users - Success retrieving  data - 4
[2022-03-06T22:56:38.472] [INFO] app - 966738d0-4c5f-4cfe-9943-c2b04a224aca - INFO - inbound request - list usergroups - Success retrieving  data - 4
[2022-03-06T22:57:03.524] [INFO] app - 54fdbbfe-baf1-4428-9c90-fd63311b01b4 - INFO - inbound request - list usergroups - Success retrieving  data - 4
[2022-03-06T22:57:03.529] [INFO] app - 4c9bb9a7-7cb5-4075-995a-c709db2caa89 - INFO - inbound request - list users - Success retrieving  data - 4
[2022-03-06T22:57:17.507] [INFO] app - 42b592e2-9f62-43fa-86b9-625ebd04eb94 - INFO - inbound request - list usergroups - Success retrieving  data - 4
[2022-03-06T22:57:17.525] [INFO] app - ac110cab-80cc-4449-949d-f97ead17a948 - INFO - inbound request - list users - Success retrieving  data - 4
[2022-03-06T23:02:17.959] [INFO] app - 50ac76da-5bfe-4819-acee-ee0944c70a6f - INFO - inbound request - login - Logged in Successfully - 4
[2022-03-06T23:02:19.519] [INFO] app - 959c038b-54cf-459e-a229-54780ce665e7 - INFO - inbound request - list usergroups - Success retrieving  data - 4
[2022-03-06T23:02:19.524] [INFO] app - b1a6fd41-28a6-4555-a271-13f0631ea540 - INFO - inbound request - list users - Success retrieving  data - 4
[2022-03-06T23:02:50.374] [INFO] app - d0f79ac6-b6ee-442e-87e6-ee9df10eb386 - INFO - inbound request - list usergroups - Success retrieving  data - 4
[2022-03-06T23:02:50.380] [INFO] app - 2a6d4447-2fd5-4b69-9985-c28131b34ce3 - INFO - inbound request - list users - Success retrieving  data - 4
[2022-03-07T09:41:45.248] [INFO] app - 9a40b404-6f26-4d1f-9d1d-1572b00d013e - INFO - inbound request - list users - Success retrieving  data - 4
[2022-03-07T09:41:45.260] [INFO] app - 0973ae1c-17ed-4438-a9fd-cd994f4c9960 - INFO - inbound request - list usergroups - Success retrieving  data - 4
[2022-03-07T09:44:21.293] [INFO] app - 542d4c5c-4331-4677-a959-22c59e3ae049 - INFO - inbound request - list usergroups - Success retrieving  data - 4
[2022-03-07T09:44:21.299] [INFO] app - 23b004e5-8599-4f6d-8443-b1c2a09cef21 - INFO - inbound request - list users - Success retrieving  data - 4
[2022-03-07T09:44:39.919] [INFO] app - f0390a1b-9216-42bb-a045-10c6840a106b - INFO - inbound request - list usergroups - Success retrieving  data - 4
[2022-03-07T09:44:39.925] [INFO] app - bebfabb2-a677-4acc-a1db-dca82c3a9498 - INFO - inbound request - list users - Success retrieving  data - 4
[2022-03-07T09:44:52.613] [INFO] app - fa60fe67-654f-4d24-9479-5e71b108366f - INFO - inbound request - list usergroups - Success retrieving  data - 4
[2022-03-07T09:44:52.627] [INFO] app - bd3a98d3-dd09-48dd-a12e-c3c0d85cc9f2 - INFO - inbound request - list users - Success retrieving  data - 4
[2022-03-07T09:53:01.475] [INFO] app - f5804282-28ec-49ff-bdcd-f1d7bb68c388 - INFO - inbound request - list usergroups - Success retrieving  data - 4
[2022-03-07T09:53:01.481] [INFO] app - 86bd9334-760d-46c0-b819-eb88c8f9b86e - INFO - inbound request - list users - Success retrieving  data - 4
[2022-03-07T09:54:17.508] [INFO] app - e6dd5789-c5d4-4bf6-927c-221b24dfc60f - INFO - inbound request - list usergroups - Success retrieving  data - 4
[2022-03-07T09:54:17.520] [INFO] app - acfbceff-e429-4f6c-914c-4bea9438c3f9 - INFO - inbound request - list users - Success retrieving  data - 4
[2022-03-07T09:55:05.472] [INFO] app - 7e9d2365-4f11-4179-8ef9-34adec7b53a3 - INFO - inbound request - list usergroups - Success retrieving  data - 4
[2022-03-07T09:55:05.477] [INFO] app - 3da2a2c5-06c6-494c-a41f-138671447095 - INFO - inbound request - list users - Success retrieving  data - 4
[2022-03-07T09:55:38.111] [INFO] app - a05a294d-dc0d-450e-8045-8a638ebfdc45 - INFO - inbound request - list usergroups - Success retrieving  data - 4
[2022-03-07T09:55:38.188] [INFO] app - 916589b0-0fe0-4059-87c6-f32da55c64cd - INFO - inbound request - list users - Success retrieving  data - 4
[2022-03-07T09:55:53.254] [INFO] app - a9ad2429-46df-498a-b404-d2c590b43824 - INFO - inbound request - list usergroups - Success retrieving  data - 4
[2022-03-07T09:55:53.263] [INFO] app - 3a1c86d9-0d1a-4662-9b05-51bc5fa8f557 - INFO - inbound request - list users - Success retrieving  data - 4
[2022-03-07T09:56:18.840] [INFO] app - d450e859-32d7-4f4e-af7f-d0e0a1895ecc - INFO - inbound request - list usergroups - Success retrieving  data - 4
[2022-03-07T09:56:18.845] [INFO] app - d8102442-a2b4-40d8-a8d3-0c0ad552f8ce - INFO - inbound request - list users - Success retrieving  data - 4
[2022-03-07T09:56:59.534] [INFO] app - e2b66f87-017f-4720-a867-54aed2c9a1ed - INFO - inbound request - list users - Success retrieving  data - 4
[2022-03-07T09:56:59.541] [INFO] app - 8154796d-3361-42ff-a990-3a3706063404 - INFO - inbound request - list usergroups - Success retrieving  data - 4
[2022-03-07T09:57:26.055] [INFO] app - b77aeb35-b0df-49e8-beca-e02a59dce568 - INFO - inbound request - list usergroups - Success retrieving  data - 4
[2022-03-07T09:57:26.064] [INFO] app - b65c66c8-f05c-4e09-b2b7-3a946eda3fb7 - INFO - inbound request - list users - Success retrieving  data - 4
[2022-03-07T10:02:31.128] [INFO] app - 4b4abbcc-0752-49b1-a499-a2a0afbac311 - INFO - inbound request - list users - Success retrieving  data - 4
[2022-03-07T10:02:31.136] [INFO] app - f3d89b75-3dc8-4231-95f9-4ae1811b1393 - INFO - inbound request - list usergroups - Success retrieving  data - 4
[2022-03-07T10:02:32.734] [INFO] app - 118582df-2b73-4ccf-81ad-a182f369c638 - INFO - inbound request - list users - Success retrieving  data - 4
[2022-03-07T10:02:32.740] [INFO] app - 238a736c-ca27-4a85-8e92-fb41aa6e01a8 - INFO - inbound request - list usergroups - Success retrieving  data - 4
[2022-03-07T10:03:32.214] [INFO] app - d97d23a4-3f49-4f86-9392-fea7f79da154 - INFO - inbound request - list usergroups - Success retrieving  data - 4
[2022-03-07T10:03:32.224] [INFO] app - 4af1828a-e9a8-420e-a698-8c11536ac44e - INFO - inbound request - list users - Success retrieving  data - 4
[2022-03-07T10:03:36.879] [INFO] app - 2d973613-2511-49a8-a3ae-bd5710c380ac - INFO - inbound request - list usergroups - Success retrieving  data - 4
[2022-03-07T10:03:36.887] [INFO] app - 01b51290-dca5-4bb8-b826-2d51a59b3603 - INFO - inbound request - list users - Success retrieving  data - 4
[2022-03-07T10:04:18.163] [INFO] app - 060ef3d8-04e1-4a2c-9140-2e3a164fc467 - INFO - inbound request - list usergroups - Success retrieving  data - 4
[2022-03-07T10:04:18.168] [INFO] app - a739de8c-06da-4910-8120-c6b1f513be20 - INFO - inbound request - list users - Success retrieving  data - 4
[2022-03-07T10:06:28.984] [INFO] app - 08a933aa-11c5-4059-b32f-bc2a9d451c72 - INFO - inbound request - list usergroups - Success retrieving  data - 4
[2022-03-07T10:06:28.993] [INFO] app - 6f819230-972b-44cb-bb9e-3441c35e68d2 - INFO - inbound request - list users - Success retrieving  data - 4
[2022-03-07T10:06:34.665] [INFO] app - 1c2ee410-7a3f-45f6-8e2a-7736ce3ddbba - INFO - inbound request - list usergroups - Success retrieving  data - 4
[2022-03-07T10:06:34.673] [INFO] app - 97975f7a-5605-4320-ad6f-7019f4a780ea - INFO - inbound request - list users - Success retrieving  data - 4
[2022-03-07T10:07:08.647] [INFO] app - 8e9687d2-60af-4d12-90ef-f07f39add1ac - INFO - inbound request - list usergroups - Success retrieving  data - 4
[2022-03-07T10:07:08.655] [INFO] app - a44cd921-6c8d-47f1-ab7f-5151b3387ea1 - INFO - inbound request - list users - Success retrieving  data - 4
[2022-03-07T10:07:29.961] [INFO] app - 1fc56333-d90e-45ea-84c5-a63e8b54b326 - INFO - inbound request - list users - Success retrieving  data - 4
[2022-03-07T10:07:29.968] [INFO] app - 81f844b9-d2fe-4b32-8467-d9413398bfa2 - INFO - inbound request - list usergroups - Success retrieving  data - 4
[2022-03-07T10:14:26.568] [INFO] app - abb3544e-f06b-4353-bfaf-0c2734440f9f - INFO - inbound request - list users - Success retrieving  data - 4
[2022-03-07T10:14:26.573] [INFO] app - 4b586f02-0c96-4d35-849d-8fb6a2a76471 - INFO - inbound request - list usergroups - Success retrieving  data - 4
[2022-03-07T10:15:25.263] [INFO] app - 487cf22b-b016-4f3c-a855-38fe5b4c93dd - INFO - inbound request - list users - Success retrieving  data - 4
[2022-03-07T10:15:25.313] [INFO] app - 2a930acc-491d-417a-8955-730e02ad19e8 - INFO - inbound request - list usergroups - Success retrieving  data - 4
[2022-03-07T10:16:52.422] [INFO] app - 50f73a16-dec7-4a4b-a878-8a8c6cd1ce79 - INFO - inbound request - list usergroups - Success retrieving  data - 4
[2022-03-07T10:16:52.430] [INFO] app - 7bc3e429-c29a-43cc-8c83-e0ce17e0e227 - INFO - inbound request - list users - Success retrieving  data - 4
[2022-03-07T10:17:48.141] [INFO] app - b1539f28-15ac-4557-9e84-c680f9560993 - INFO - inbound request - list usergroups - Success retrieving  data - 4
[2022-03-07T10:17:48.146] [INFO] app - 9c0ef9c0-4531-4a78-a1b2-d7346bcb4d71 - INFO - inbound request - list users - Success retrieving  data - 4
[2022-03-07T10:18:58.908] [INFO] app - 5aff2037-86a6-4f5f-ac0c-bd0ad5155763 - INFO - inbound request - list users - Success retrieving  data - 4
[2022-03-07T10:18:58.950] [INFO] app - 509f12fb-8c8f-4b04-a5ee-619037e24ce7 - INFO - inbound request - list usergroups - Success retrieving  data - 4
[2022-03-07T10:20:37.796] [INFO] app - 0ae1bbb5-be3d-41e5-8c80-12284703511e - INFO - inbound request - list users - Success retrieving  data - 4
[2022-03-07T10:20:37.867] [INFO] app - 33fdf851-039a-41c9-ad6d-0d63bb7fa887 - INFO - inbound request - list usergroups - Success retrieving  data - 4
[2022-03-07T10:21:27.271] [INFO] app - be0d21a6-c755-43f3-9928-c658e7aa0781 - INFO - inbound request - list usergroups - Success retrieving  data - 4
[2022-03-07T10:21:27.277] [INFO] app - 789e6e68-c8ed-4af4-b881-72f505767230 - INFO - inbound request - list users - Success retrieving  data - 4
[2022-03-07T10:22:17.927] [INFO] app - 990a1919-08aa-42d3-8e49-e5d695cc5371 - INFO - inbound request - list users - Success retrieving  data - 4
[2022-03-07T10:22:17.935] [INFO] app - 0e9c2083-fd91-49f1-bb57-157a6e6c917b - INFO - inbound request - list usergroups - Success retrieving  data - 4
[2022-03-07T10:23:17.257] [INFO] app - e94dc1cb-d70e-4c5b-89c7-3613844aefa9 - INFO - inbound request - list usergroups - Success retrieving  data - 4
[2022-03-07T10:23:17.266] [INFO] app - 3ef6e02a-fa02-472c-9319-7d2d643d3bcb - INFO - inbound request - list users - Success retrieving  data - 4
[2022-03-07T10:25:39.920] [INFO] app - 8b7879ef-d529-4945-9bc8-90f69f1ac9c9 - INFO - inbound request - login - Logged in Successfully - 4
[2022-03-07T10:25:41.408] [INFO] app - aa1b189e-8c68-4f35-9ed8-4056acbbb9a9 - INFO - inbound request - list usergroups - Success retrieving  data - 4
[2022-03-07T10:25:41.413] [INFO] app - 06799628-4019-4719-8ee8-578a96194499 - INFO - inbound request - list users - Success retrieving  data - 4
[2022-03-07T10:26:51.534] [ERROR] app - e5992149-c333-49b6-a18c-c767fb359515 - ERROR - inbound request - login - could not find user! - [ asmaa@hotmail.com ] - 0
[2022-03-07T10:26:59.347] [INFO] app - baf34f81-405a-4090-b761-c95545462e4e - INFO - inbound request - login - Logged in Successfully - 4
[2022-03-07T10:27:01.244] [INFO] app - 71c7da0c-e488-43fa-ab40-155f4469d9fc - INFO - inbound request - list usergroups - Success retrieving  data - 4
[2022-03-07T10:27:01.249] [INFO] app - 2ab4e070-b77a-4250-8461-cbda77532e3e - INFO - inbound request - list users - Success retrieving  data - 4
[2022-03-07T10:28:05.966] [INFO] app - 8f7d586d-78bd-4f05-b97e-acf0fd2dc440 - INFO - inbound request - list usergroups - Success retrieving  data - 4
[2022-03-07T10:28:05.972] [INFO] app - 79e91eda-bc72-4e93-abf2-c70a202ab155 - INFO - inbound request - list users - Success retrieving  data - 4
[2022-03-07T10:29:53.204] [INFO] app - 7c74b458-8b94-4868-88d2-2d9a8607d072 - INFO - inbound request - list users - Success retrieving  data - 4
[2022-03-07T10:29:53.212] [INFO] app - e8df78db-40e5-4235-8f20-d9dbfaab67f9 - INFO - inbound request - list usergroups - Success retrieving  data - 4
[2022-03-07T10:30:29.217] [INFO] app - a643b787-725a-4c76-9bd5-1b4c1b8a0858 - INFO - inbound request - list usergroups - Success retrieving  data - 4
[2022-03-07T10:30:29.228] [INFO] app - 30acfa76-7e64-4d15-8ac5-ab7bdd4adcd7 - INFO - inbound request - list users - Success retrieving  data - 4
[2022-03-07T10:31:06.260] [INFO] app - 76bf3bc5-afa9-4448-ad8a-1f1098457408 - INFO - inbound request - list usergroups - Success retrieving  data - 4
[2022-03-07T10:31:06.265] [INFO] app - ce7c13d8-0bb2-4128-a189-7ccb14be7228 - INFO - inbound request - list users - Success retrieving  data - 4
[2022-03-07T10:50:22.213] [INFO] app - fc93668c-1d2c-444e-8575-62dc65895951 - INFO - inbound request - list usergroups - Success retrieving  data - 4
[2022-03-07T10:50:22.311] [INFO] app - 6d36cb13-f22f-4b38-858f-edd57984a100 - INFO - inbound request - list users - Success retrieving  data - 4
[2022-03-07T13:51:14.814] [INFO] app - 3507328d-020f-405f-ac4f-3506528a8df9 - INFO - inbound request - list usergroups - Success retrieving  data - 4
[2022-03-07T13:51:14.833] [INFO] app - 96125b10-425d-4341-89b5-e99b95bf70c9 - INFO - inbound request - list users - Success retrieving  data - 4
[2022-03-07T13:52:20.249] [TRACE] app - e0a5f72a-659c-4de7-9c05-5a08ceeab2d7 - TRACE - inbound request - list sensor group - check payload length - 4
[2022-03-07T13:52:20.351] [INFO] app - e0a5f72a-659c-4de7-9c05-5a08ceeab2d7 - INFO - inbound request - list sensor group - Success retrieving  data - 4
[2022-03-07T13:52:36.042] [TRACE] app - f1a65366-e911-4a17-82df-0ce415da9c2b - TRACE - inbound request - list sensor group - check payload length - 4
[2022-03-07T13:52:36.047] [INFO] app - f1a65366-e911-4a17-82df-0ce415da9c2b - INFO - inbound request - list sensor group - Success retrieving  data - 4
[2022-03-07T13:53:29.335] [TRACE] app - 9d0e8833-424a-456d-81f4-9310d6faeaf6 - TRACE - inbound request - list sensor group - check payload length - 4
[2022-03-07T13:53:29.350] [INFO] app - 9d0e8833-424a-456d-81f4-9310d6faeaf6 - INFO - inbound request - list sensor group - Success retrieving  data - 4
[2022-03-07T13:53:57.920] [INFO] app - 2dddf296-98b6-4103-ae2c-abdccfb87a8a - INFO - inbound request - login - Logged in Successfully - 4
[2022-03-07T13:53:59.859] [TRACE] app - 41ebea88-5a4a-4a90-b566-d6f3ed7a7f2e - TRACE - inbound request - list sensor group - check payload length - 4
[2022-03-07T13:53:59.866] [INFO] app - 41ebea88-5a4a-4a90-b566-d6f3ed7a7f2e - INFO - inbound request - list sensor group - Success retrieving  data - 4
[2022-03-07T13:55:15.299] [TRACE] app - 48e24ce5-339c-47c1-8df2-20fa60ed8480 - TRACE - inbound request - list sensor group - check payload length - 4
[2022-03-07T13:55:15.306] [INFO] app - 48e24ce5-339c-47c1-8df2-20fa60ed8480 - INFO - inbound request - list sensor group - Success retrieving  data - 4
[2022-03-07T13:55:56.619] [TRACE] app - b3b27f0b-38e5-4ec5-b4e9-c03c5cfc213d - TRACE - inbound request - list sensor group - check payload length - 4
[2022-03-07T13:55:56.635] [INFO] app - b3b27f0b-38e5-4ec5-b4e9-c03c5cfc213d - INFO - inbound request - list sensor group - Success retrieving  data - 4
[2022-03-07T13:56:55.031] [TRACE] app - 9227c1d0-479d-4156-a9aa-c45bb3913624 - TRACE - inbound request - list sensor group - check payload length - 4
[2022-03-07T13:56:55.040] [INFO] app - 9227c1d0-479d-4156-a9aa-c45bb3913624 - INFO - inbound request - list sensor group - Success retrieving  data - 4
[2022-03-07T13:57:32.026] [TRACE] app - 84627e74-de5f-416d-ad96-cd3f2aee8b5b - TRACE - inbound request - list sensor group - check payload length - 4
[2022-03-07T13:57:32.032] [INFO] app - 84627e74-de5f-416d-ad96-cd3f2aee8b5b - INFO - inbound request - list sensor group - Success retrieving  data - 4
[2022-03-07T14:01:08.061] [TRACE] app - 523f06f6-f4b8-438f-88c3-6b5a203e4628 - TRACE - inbound request - list sensor group - check payload length - 4
[2022-03-07T14:01:08.073] [INFO] app - 523f06f6-f4b8-438f-88c3-6b5a203e4628 - INFO - inbound request - list sensor group - Success retrieving  data - 4
[2022-03-07T14:01:42.808] [TRACE] app - f3893bd4-1f61-4038-aa85-4d0979a5d76f - TRACE - inbound request - list sensor group - check payload length - 4
[2022-03-07T14:01:42.814] [INFO] app - f3893bd4-1f61-4038-aa85-4d0979a5d76f - INFO - inbound request - list sensor group - Success retrieving  data - 4
[2022-03-07T14:02:19.843] [TRACE] app - 99a1e6f8-10fb-423b-b4e4-76e023c0db08 - TRACE - inbound request - list sensor group - check payload length - 4
[2022-03-07T14:02:19.851] [INFO] app - 99a1e6f8-10fb-423b-b4e4-76e023c0db08 - INFO - inbound request - list sensor group - Success retrieving  data - 4
[2022-03-07T14:02:35.750] [TRACE] app - 1a83cfec-cc8e-4066-ba50-01701bbd9066 - TRACE - inbound request - list sensor group - check payload length - 4
[2022-03-07T14:02:35.757] [INFO] app - 1a83cfec-cc8e-4066-ba50-01701bbd9066 - INFO - inbound request - list sensor group - Success retrieving  data - 4
[2022-03-07T14:03:15.846] [TRACE] app - b5d537be-b720-4041-bf78-b5e4ee8a63bb - TRACE - inbound request - list sensor group - check payload length - 4
[2022-03-07T14:03:15.858] [INFO] app - b5d537be-b720-4041-bf78-b5e4ee8a63bb - INFO - inbound request - list sensor group - Success retrieving  data - 4
[2022-03-07T14:07:38.696] [TRACE] app - ec9d5583-07c8-42a9-8040-2bc42567b88d - TRACE - inbound request - list sensor group - check payload length - 4
[2022-03-07T14:07:38.702] [INFO] app - ec9d5583-07c8-42a9-8040-2bc42567b88d - INFO - inbound request - list sensor group - Success retrieving  data - 4
[2022-03-07T15:40:13.422] [TRACE] app - 27840d46-adea-4e21-826f-f70d36e6a9f4 - TRACE - inbound request - list sensor group - check payload length - 4
[2022-03-07T15:40:13.430] [INFO] app - 27840d46-adea-4e21-826f-f70d36e6a9f4 - INFO - inbound request - list sensor group - Success retrieving  data - 4
