[2022-03-06T18:18:52.735] [TRACE] app - 334afc9a-f397-44c7-a49d-9481e2a111d8 - TRACE - inbound request - list sensor group - check payload length - 4
[2022-03-06T18:18:52.851] [ERROR] app - 334afc9a-f397-44c7-a49d-9481e2a111d8 - ERROR - inbound request - list sensor group - this.partitionBy is not a function - 4
[2022-03-06T18:19:56.479] [TRACE] app - b26b6949-27a5-4060-a762-1d968977f027 - TRACE - inbound request - list sensor group - check payload length - 4
[2022-03-06T18:19:56.482] [ERROR] app - b26b6949-27a5-4060-a762-1d968977f027 - ERROR - inbound request - list sensor group - this.partitionBy is not a function - 4
[2022-03-06T18:21:10.299] [TRACE] app - bd5bc8e3-ea45-4669-8432-074669b954b2 - TRACE - inbound request - list sensor group - check payload length - 4
[2022-03-06T18:21:10.398] [ERROR] app - bd5bc8e3-ea45-4669-8432-074669b954b2 - ERROR - inbound request - list sensor group - select *, "s_group"."id" as "group_id", "sensor"."id" as "sensor_id", "s_group"."active" as "group_active", "sensor"."active" as "sensor_active", "s_group"."rec_id" as "group_rec_id", "sensor"."rec_id" as "sensor_rec_id" from "s_group" left join "sensor_group" on "s_group"."id" = "sensor_group"."sGroupId" left join "sensor" on "sensor"."id" = "sensor_group"."sensorId" group by "name" - column "s_group.id" must appear in the GROUP BY clause or be used in an aggregate function - 4
[2022-03-06T18:21:49.398] [TRACE] app - fa69757a-8b2c-4fb8-b73b-5c78f21fc642 - TRACE - inbound request - list sensor group - check payload length - 4
[2022-03-06T18:21:49.493] [ERROR] app - fa69757a-8b2c-4fb8-b73b-5c78f21fc642 - ERROR - inbound request - list sensor group - select *, "s_group"."id" as "group_id", "sensor"."id" as "sensor_id", "s_group"."active" as "group_active", "sensor"."active" as "sensor_active", "s_group"."rec_id" as "group_rec_id", "sensor"."rec_id" as "sensor_rec_id" from "s_group" left join "sensor_group" on "s_group"."id" = "sensor_group"."sGroupId" left join "sensor" on "sensor"."id" = "sensor_group"."sensorId" group by "name" - column "s_group.id" must appear in the GROUP BY clause or be used in an aggregate function - 4
[2022-03-06T18:22:11.557] [TRACE] app - 43b61d66-375b-4f61-9b30-8c5a7ffb4c95 - TRACE - inbound request - list sensor group - check payload length - 4
[2022-03-06T18:22:11.643] [ERROR] app - 43b61d66-375b-4f61-9b30-8c5a7ffb4c95 - ERROR - inbound request - list sensor group - select *, "s_group"."id" as "group_id", "sensor"."id" as "sensor_id", "s_group"."active" as "group_active", "sensor"."active" as "sensor_active", "s_group"."rec_id" as "group_rec_id", "sensor"."rec_id" as "sensor_rec_id" from "s_group" left join "sensor_group" on "s_group"."id" = "sensor_group"."sGroupId" left join "sensor" on "sensor"."id" = "sensor_group"."sensorId" group by "s_group"."name" - column "s_group.id" must appear in the GROUP BY clause or be used in an aggregate function - 4
[2022-03-06T18:30:08.805] [TRACE] app - 3e83144e-6c00-493e-97c8-0ea7259a1d00 - TRACE - inbound request - list sensor group - check payload length - 4
[2022-03-06T18:30:08.891] [INFO] app - 3e83144e-6c00-493e-97c8-0ea7259a1d00 - INFO - inbound request - list sensor group - Success retrieving  data - 4
[2022-03-06T18:37:08.534] [TRACE] app - 95a3f255-328a-4d2c-9e51-63649a22188d - TRACE - inbound request - update sensor group - Data is executing - 4
[2022-03-06T18:37:08.688] [ERROR] app - 95a3f255-328a-4d2c-9e51-63649a22188d - ERROR - inbound request - update sensor group - update "s_group" set "rec_id" = $1, "name" = $2, "active" = $3 where "s_group"."rec_id" = $4 - duplicate key value violates unique constraint "s_group_name_key" - 4
[2022-03-06T18:37:41.605] [TRACE] app - 9bec99e0-a7b2-4346-82f2-c7b0e996436e - TRACE - inbound request - update sensor group - Data is executing - 4
[2022-03-06T18:37:41.754] [ERROR] app - 9bec99e0-a7b2-4346-82f2-c7b0e996436e - ERROR - inbound request - update sensor group - update "s_group" set "rec_id" = $1, "name" = $2, "active" = $3 where "s_group"."rec_id" = $4 - duplicate key value violates unique constraint "s_group_name_key" - 4
[2022-03-06T18:37:52.504] [TRACE] app - 3cc0d57e-7a76-4277-a553-f3e13bb43458 - TRACE - inbound request - update sensor group - Data is executing - 4
[2022-03-06T18:37:52.654] [ERROR] app - 3cc0d57e-7a76-4277-a553-f3e13bb43458 - ERROR - inbound request - update sensor group - update "s_group" set "rec_id" = $1, "name" = $2, "active" = $3 where "s_group"."rec_id" = $4 - duplicate key value violates unique constraint "s_group_name_key" - 4
[2022-03-06T18:48:05.072] [TRACE] app - 6b2f385d-45e3-4e3b-a2a9-76eff5f5b032 - TRACE - inbound request - update mqtt_user - Data is executing - 4
[2022-03-06T18:48:05.187] [INFO] app - 6b2f385d-45e3-4e3b-a2a9-76eff5f5b032 - INFO - inbound request - update mqtt_user - no data found - 4
[2022-03-06T18:49:06.479] [TRACE] app - a1e5e120-f1b9-438b-a80a-caa4ac2f46b5 - TRACE - inbound request - update mqtt_user - Data is executing - 4
[2022-03-06T18:49:06.602] [INFO] app - a1e5e120-f1b9-438b-a80a-caa4ac2f46b5 - INFO - inbound request - update mqtt_user - no data found - 4
[2022-03-06T18:49:31.983] [INFO] app - 09dd80c9-4b58-4b62-bf72-90b9d9927b9e - INFO - inbound request - login - Logged in Successfully - 4
[2022-03-06T18:50:04.670] [TRACE] app - e0359325-5068-47e2-8ada-22efdc30134c - TRACE - inbound request - update mqtt_user - Data is executing - 4
[2022-03-06T18:50:04.748] [INFO] app - e0359325-5068-47e2-8ada-22efdc30134c - INFO - inbound request - update mqtt_user - no data found - 4
[2022-03-06T18:50:04.749] [INFO] app - e0359325-5068-47e2-8ada-22efdc30134c - INFO - inbound request - update mqtt_user - Success creating new data - 4
[2022-03-06T18:50:34.392] [TRACE] app - d17856a4-5dca-4a0f-a352-4777694ca779 - TRACE - inbound request - update mqtt_user - Data is executing - 4
[2022-03-06T18:50:34.409] [INFO] app - d17856a4-5dca-4a0f-a352-4777694ca779 - INFO - inbound request - update mqtt_user - no data found - 4
[2022-03-06T18:50:34.412] [INFO] app - d17856a4-5dca-4a0f-a352-4777694ca779 - INFO - inbound request - update mqtt_user - Success creating new data - 4
[2022-03-06T18:51:32.511] [TRACE] app - 833c9020-533d-4009-8e4e-009079b1f7ec - TRACE - inbound request - update mqtt_user - Data is executing - 4
[2022-03-06T18:51:32.602] [INFO] app - 833c9020-533d-4009-8e4e-009079b1f7ec - INFO - inbound request - update mqtt_user - no data found - 4
[2022-03-06T18:51:32.604] [INFO] app - 833c9020-533d-4009-8e4e-009079b1f7ec - INFO - inbound request - update mqtt_user - Success creating new data - 4
[2022-03-06T18:52:17.291] [TRACE] app - 1bded693-0e47-45b3-af5b-804899f8f6ba - TRACE - inbound request - update mqtt_user - Data is executing - 4
[2022-03-06T18:52:17.302] [INFO] app - 1bded693-0e47-45b3-af5b-804899f8f6ba - INFO - inbound request - update mqtt_user - no data found - 4
[2022-03-06T18:52:17.303] [INFO] app - 1bded693-0e47-45b3-af5b-804899f8f6ba - INFO - inbound request - update mqtt_user - Success creating new data - 4
[2022-03-06T18:52:55.752] [TRACE] app - c64266f1-6faf-4b9e-8732-dca9eefb27da - TRACE - inbound request - update mqtt_user - Data is executing - 4
[2022-03-06T18:52:55.851] [INFO] app - c64266f1-6faf-4b9e-8732-dca9eefb27da - INFO - inbound request - update mqtt_user - no data found - 4
[2022-03-06T18:52:55.852] [INFO] app - c64266f1-6faf-4b9e-8732-dca9eefb27da - INFO - inbound request - update mqtt_user - Success creating new data - 4
[2022-03-06T18:53:11.368] [TRACE] app - 94d66620-27db-4d30-9dd5-8d459ef658eb - TRACE - inbound request - update mqtt_user - Data is executing - 4
[2022-03-06T18:53:11.465] [INFO] app - 94d66620-27db-4d30-9dd5-8d459ef658eb - INFO - inbound request - update mqtt_user - no data found - 4
[2022-03-06T18:53:11.466] [INFO] app - 94d66620-27db-4d30-9dd5-8d459ef658eb - INFO - inbound request - update mqtt_user - Success creating new data - 4
[2022-03-06T18:53:54.137] [TRACE] app - 924333a0-3997-4d31-84eb-00f7f6bc3836 - TRACE - inbound request - update mqtt_user - Data is executing - 4
[2022-03-06T18:53:54.229] [INFO] app - 924333a0-3997-4d31-84eb-00f7f6bc3836 - INFO - inbound request - update mqtt_user - Success creating new data - 4
