[2022-03-06T15:11:03.267] [TRACE] app - d1d5e8e8-b11d-4f65-ade0-c9b9360f2b3e - TRACE - inbound request - list sensor group with ID - check payload length - 4
[2022-03-06T15:11:03.269] [INFO] app - d1d5e8e8-b11d-4f65-ade0-c9b9360f2b3e - INFO - inbound request - list sensor group with ID - Success retrieving  data - 4
[2022-03-06T15:11:26.187] [TRACE] app - 46e3a174-d9d1-4b53-9008-e29120328600 - TRACE - inbound request - list sensor group with ID - check payload length - 4
[2022-03-06T15:11:26.190] [INFO] app - 46e3a174-d9d1-4b53-9008-e29120328600 - INFO - inbound request - list sensor group with ID - no data found - 4
[2022-03-06T15:11:31.534] [TRACE] app - 5038b821-5ada-4c11-8b15-11f33af15a8d - TRACE - inbound request - list sensor group with ID - check payload length - 4
[2022-03-06T15:11:31.536] [INFO] app - 5038b821-5ada-4c11-8b15-11f33af15a8d - INFO - inbound request - list sensor group with ID - Success retrieving  data - 4
[2022-03-06T15:22:06.942] [TRACE] app - 514552de-15af-466a-a2b4-df93d2d50e72 - TRACE - inbound request - list sensor group - check payload length - 4
[2022-03-06T15:22:07.073] [INFO] app - 514552de-15af-466a-a2b4-df93d2d50e72 - INFO - inbound request - list sensor group - Success retrieving  data - 4
[2022-03-06T15:25:18.684] [TRACE] app - 3edbf484-7564-4e5f-9926-68b80a39bea3 - TRACE - inbound request - list sensor group - check payload length - 4
[2022-03-06T15:25:18.805] [INFO] app - 3edbf484-7564-4e5f-9926-68b80a39bea3 - INFO - inbound request - list sensor group - Success retrieving  data - 4
[2022-03-06T15:25:21.931] [TRACE] app - 9760b702-e045-4113-ab8f-43b71388a7e0 - TRACE - inbound request - list sensor group with ID - check payload length - 4
[2022-03-06T15:25:21.955] [INFO] app - 9760b702-e045-4113-ab8f-43b71388a7e0 - INFO - inbound request - list sensor group with ID - Success retrieving  data - 4
[2022-03-06T15:25:26.363] [TRACE] app - f4125425-f027-491e-bbbd-f79b8f563737 - TRACE - inbound request - list sensor group with ID - check payload length - 4
[2022-03-06T15:25:26.382] [INFO] app - f4125425-f027-491e-bbbd-f79b8f563737 - INFO - inbound request - list sensor group with ID - no data found - 4
[2022-03-06T15:25:26.387] [INFO] app - f4125425-f027-491e-bbbd-f79b8f563737 - INFO - inbound request - list sensor group with ID - Success retrieving  data - 4
[2022-03-06T15:32:54.960] [TRACE] app - 63f2ad9a-3c2f-4970-8639-726d13efd034 - TRACE - inbound request - create sensor group - Data is executing - 4
[2022-03-06T15:32:54.967] [TRACE] app - 63f2ad9a-3c2f-4970-8639-726d13efd034 - TRACE - inbound request - create sensor group - Data is executing - 4
[2022-03-06T15:32:55.223] [INFO] app - 63f2ad9a-3c2f-4970-8639-726d13efd034 - INFO - inbound request - create sensor group - Success creating new data - 4
[2022-03-06T15:32:55.226] [ERROR] app - 63f2ad9a-3c2f-4970-8639-726d13efd034 - ERROR - inbound request - create sensor group - rows is not defined - 4
[2022-03-06T15:33:14.125] [TRACE] app - 9fe0abc4-9930-4f56-9395-de5523b6a36b - TRACE - inbound request - create sensor group - Data is executing - 4
[2022-03-06T15:33:14.130] [TRACE] app - 9fe0abc4-9930-4f56-9395-de5523b6a36b - TRACE - inbound request - create sensor group - Data is executing - 4
[2022-03-06T15:33:14.163] [ERROR] app - 9fe0abc4-9930-4f56-9395-de5523b6a36b - ERROR - inbound request - create sensor group - already exists! - 4
[2022-03-06T15:33:14.169] [INFO] app - 9fe0abc4-9930-4f56-9395-de5523b6a36b - INFO - inbound request - create sensor group - Success creating new data - 4
[2022-03-06T15:33:14.174] [ERROR] app - 9fe0abc4-9930-4f56-9395-de5523b6a36b - ERROR - inbound request - create sensor group - rows is not defined - 4
[2022-03-06T15:34:12.756] [TRACE] app - 76a71a8e-acb6-4ba9-8e4a-b155fb1ca295 - TRACE - inbound request - create sensor group - Data is executing - 4
[2022-03-06T15:34:12.766] [TRACE] app - 76a71a8e-acb6-4ba9-8e4a-b155fb1ca295 - TRACE - inbound request - create sensor group - Data is executing - 4
[2022-03-06T15:34:12.980] [ERROR] app - 76a71a8e-acb6-4ba9-8e4a-b155fb1ca295 - ERROR - inbound request - create sensor group - already exists! - 4
[2022-03-06T15:34:12.982] [INFO] app - 76a71a8e-acb6-4ba9-8e4a-b155fb1ca295 - INFO - inbound request - create sensor group - Success creating new data - 4
[2022-03-06T15:34:38.697] [TRACE] app - 2b72c428-171d-4427-9fd1-83040cbf54b7 - TRACE - inbound request - create sensor group - Data is executing - 4
[2022-03-06T15:34:38.704] [TRACE] app - 2b72c428-171d-4427-9fd1-83040cbf54b7 - TRACE - inbound request - create sensor group - Data is executing - 4
[2022-03-06T15:34:38.737] [INFO] app - 2b72c428-171d-4427-9fd1-83040cbf54b7 - INFO - inbound request - create sensor group - Success creating new data - 4
