[2022-03-06T20:05:13.234] [TRACE] app - cbe39e79-d1e3-41bb-aa5d-96b313cc9db5 - TRACE - inbound request - delete mqtt_user - Data is executing - 4
[2022-03-06T20:05:13.316] [INFO] app - cbe39e79-d1e3-41bb-aa5d-96b313cc9db5 - INFO - inbound request - delete mqtt_user - no data found - 4
[2022-03-06T20:06:03.139] [TRACE] app - 92dc177e-96f0-4b39-bcf6-4939b41c0b0c - TRACE - inbound request - delete mqtt_user - Data is executing - 4
[2022-03-06T20:06:03.146] [ERROR] app - 92dc177e-96f0-4b39-bcf6-4939b41c0b0c - ERROR - inbound request - delete mqtt_user - undefined - 4
[2022-03-06T20:08:37.969] [TRACE] app - b7724a75-eb82-4559-97a6-a7da399c49ca - TRACE - inbound request - create mqtt_user - Data is executing - 4
[2022-03-06T20:08:38.058] [INFO] app - b7724a75-eb82-4559-97a6-a7da399c49ca - INFO - inbound request - create mqtt_user - Success creating new data - 4
[2022-03-06T20:08:43.340] [TRACE] app - 04485b3d-7588-4bdb-b42f-a65796c38ba6 - TRACE - inbound request - create mqtt_user - Data is executing - 4
[2022-03-06T20:08:43.352] [INFO] app - 04485b3d-7588-4bdb-b42f-a65796c38ba6 - INFO - inbound request - create mqtt_user - Success creating new data - 4
[2022-03-06T20:08:47.882] [TRACE] app - 6810330e-4d45-450b-a42f-ef79af39d067 - TRACE - inbound request - create mqtt_user - Data is executing - 4
[2022-03-06T20:08:47.902] [INFO] app - 6810330e-4d45-450b-a42f-ef79af39d067 - INFO - inbound request - create mqtt_user - Success creating new data - 4
[2022-03-06T20:09:56.876] [TRACE] app - 6073cb30-ab3a-4abf-90ab-d9e5ddb840e3 - TRACE - inbound request - delete mqtt_user - Data is executing - 4
[2022-03-06T20:09:56.963] [ERROR] app - 6073cb30-ab3a-4abf-90ab-d9e5ddb840e3 - ERROR - inbound request - delete mqtt_user - undefined - 4
[2022-03-06T20:12:11.236] [TRACE] app - 59d141d4-0ca7-4d97-9578-b1d44fe2df4e - TRACE - inbound request - delete mqtt_user - Data is executing - 4
[2022-03-06T20:12:11.329] [INFO] app - 59d141d4-0ca7-4d97-9578-b1d44fe2df4e - INFO - inbound request - delete mqtt_user - Success deleting data - 4
[2022-03-06T20:13:06.937] [TRACE] app - c16e013f-8667-4119-8733-032632f4d011 - TRACE - inbound request - delete mqtt_user - Data is executing - 4
[2022-03-06T20:13:06.948] [ERROR] app - c16e013f-8667-4119-8733-032632f4d011 - ERROR - inbound request - delete mqtt_user - select "id" from "mqtt_user" where "mqtt_user"."rec_id" = $1 - invalid input syntax for type uuid: "330cf9d6-f390-4bae-bb9f-8d27b9012" - 4
[2022-03-06T20:13:29.978] [TRACE] app - 0ffd200a-0283-47b8-91e2-670b67483370 - TRACE - inbound request - delete mqtt_user - Data is executing - 4
[2022-03-06T20:13:29.998] [INFO] app - 0ffd200a-0283-47b8-91e2-670b67483370 - INFO - inbound request - delete mqtt_user - Success deleting data - 4
[2022-03-06T20:15:42.178] [TRACE] app - c934f9e3-3cff-431d-8911-6d74a443311d - TRACE - inbound request - create mqtt_user - Data is executing - 4
[2022-03-06T20:15:42.263] [INFO] app - c934f9e3-3cff-431d-8911-6d74a443311d - INFO - inbound request - create mqtt_user - Success creating new data - 4
[2022-03-06T20:15:46.816] [TRACE] app - 25eaea87-6c22-4603-b8e9-2e7d492e751a - TRACE - inbound request - create mqtt_user - Data is executing - 4
[2022-03-06T20:15:46.840] [INFO] app - 25eaea87-6c22-4603-b8e9-2e7d492e751a - INFO - inbound request - create mqtt_user - Success creating new data - 4
[2022-03-06T20:15:52.845] [TRACE] app - 34c538e4-e578-47ba-8929-61bcdf537dbd - TRACE - inbound request - create mqtt_user - Data is executing - 4
[2022-03-06T20:15:52.852] [INFO] app - 34c538e4-e578-47ba-8929-61bcdf537dbd - INFO - inbound request - create mqtt_user - Success creating new data - 4
[2022-03-06T20:16:35.253] [TRACE] app - 601b2616-4614-4a8c-b89b-86308b8e6fe3 - TRACE - inbound request - delete mqtt_user - Data is executing - 4
[2022-03-06T20:16:35.339] [INFO] app - 601b2616-4614-4a8c-b89b-86308b8e6fe3 - INFO - inbound request - delete mqtt_user - no data found - 4
[2022-03-06T20:16:42.321] [TRACE] app - fe1c1f2c-a195-4fb6-b1f5-265500389fb6 - TRACE - inbound request - delete mqtt_user - Data is executing - 4
[2022-03-06T20:19:24.664] [TRACE] app - 22a3bb48-3a6f-482a-847e-566d739708b1 - TRACE - inbound request - delete mqtt_user - Data is executing - 4
[2022-03-06T20:19:24.791] [INFO] app - 22a3bb48-3a6f-482a-847e-566d739708b1 - INFO - inbound request - delete mqtt_user - Success deleting data - 4
[2022-03-06T20:19:34.526] [TRACE] app - 933b6722-03f6-4da7-a88c-9a0487221eec - TRACE - inbound request - delete mqtt_user - Data is executing - 4
[2022-03-06T20:19:34.539] [INFO] app - 933b6722-03f6-4da7-a88c-9a0487221eec - INFO - inbound request - delete mqtt_user - no data found - 4
[2022-03-06T20:20:16.918] [TRACE] app - e7b65f46-b270-478b-9f23-f60c3f47eb5a - TRACE - inbound request - delete mqtt_user - Data is executing - 4
[2022-03-06T20:20:16.950] [INFO] app - e7b65f46-b270-478b-9f23-f60c3f47eb5a - INFO - inbound request - delete mqtt_user - Success deleting data - 4
[2022-03-06T20:20:32.809] [TRACE] app - ee0799f9-ddec-40e9-bd96-205223c4e072 - TRACE - inbound request - delete mqtt_user - Data is executing - 4
[2022-03-06T20:20:32.816] [INFO] app - ee0799f9-ddec-40e9-bd96-205223c4e072 - INFO - inbound request - delete mqtt_user - no data found - 4
[2022-03-06T20:21:06.824] [TRACE] app - 97cedabf-e3ed-4e1a-b528-7d01ab8ad8bf - TRACE - inbound request - delete mqtt_user - Data is executing - 4
[2022-03-06T20:21:06.844] [INFO] app - 97cedabf-e3ed-4e1a-b528-7d01ab8ad8bf - INFO - inbound request - delete mqtt_user - Success deleting data - 4
[2022-03-06T20:28:59.030] [TRACE] app - 93424abf-3e3d-438a-8120-ac0e1cc00717 - TRACE - inbound request - update sensor group - Data is executing - 4
[2022-03-06T20:28:59.171] [INFO] app - 93424abf-3e3d-438a-8120-ac0e1cc00717 - INFO - inbound request - update sensor group - Success updating new data - 4
[2022-03-06T20:29:17.524] [TRACE] app - 31a1df12-e865-4cc0-ad2c-8ccad549a664 - TRACE - inbound request - update sensor group - Data is executing - 4
[2022-03-06T20:29:17.543] [INFO] app - 31a1df12-e865-4cc0-ad2c-8ccad549a664 - INFO - inbound request - update sensor group - Success updating new data - 4
[2022-03-06T20:30:28.377] [TRACE] app - a87683cf-ebc5-4d66-b54d-ed5c465881b8 - TRACE - inbound request - update sensor group - Data is executing - 4
[2022-03-06T20:30:28.405] [INFO] app - a87683cf-ebc5-4d66-b54d-ed5c465881b8 - INFO - inbound request - update sensor group - Success updating new data - 4
[2022-03-06T20:31:15.466] [TRACE] app - fa669dd0-82bd-459f-b56c-c30607197424 - TRACE - inbound request - update sensor group - Data is executing - 4
[2022-03-06T20:31:15.536] [INFO] app - fa669dd0-82bd-459f-b56c-c30607197424 - INFO - inbound request - update sensor group - Success updating new data - 4
[2022-03-06T20:32:40.404] [TRACE] app - 6383c12f-a314-42be-bf3f-9612e069a8de - TRACE - inbound request - delete sensor group - Data is executing - 4
[2022-03-06T20:32:40.418] [INFO] app - 6383c12f-a314-42be-bf3f-9612e069a8de - INFO - inbound request - delete sensor group - no data found - 4
[2022-03-06T20:32:47.450] [TRACE] app - c643e030-f692-4063-8c75-88a1a943b759 - TRACE - inbound request - delete sensor group - Data is executing - 4
[2022-03-06T20:32:47.463] [ERROR] app - c643e030-f692-4063-8c75-88a1a943b759 - ERROR - inbound request - delete sensor group - delete from "s_group" where "s_group"."rec_id" = $1 - invalid input syntax for type uuid: "22ad1092-45dd-4f2b-a651-e3f3" - 4
[2022-03-06T20:32:55.279] [TRACE] app - 461922e3-e76c-45dc-84ec-fed848ae9460 - TRACE - inbound request - delete sensor group - Data is executing - 4
[2022-03-06T20:32:55.311] [INFO] app - 461922e3-e76c-45dc-84ec-fed848ae9460 - INFO - inbound request - delete sensor group - Success updating new data - 4
