[2022-02-09T20:47:45.845] [TRACE] app - 9af7c068-b578-4b98-b799-a7c944904cb1 - inbound request - executing the create query
[2022-02-09T20:47:45.848] [TRACE] app - 9af7c068-b578-4b98-b799-a7c944904cb1 - inbound request - send a response
[2022-02-09T20:47:48.558] [TRACE] app - 9933e628-8881-42f6-9f86-5d0a48aab604 - inbound request - query with e82d243b-2cda-484b-93cd-6bfe176c08e6
[2022-02-09T20:47:48.604] [TRACE] app - 9933e628-8881-42f6-9f86-5d0a48aab604 - inbound request - check data length
[2022-02-09T20:47:48.605] [TRACE] app - 9933e628-8881-42f6-9f86-5d0a48aab604 - inbound request - send a response
[2022-02-09T20:47:50.045] [TRACE] app - ce939b51-dceb-4147-a32b-cdbbb6a10d2e - inbound request - query with e82d243b-2cda-484b-93cd-6bfe176c08e6
[2022-02-09T20:47:50.066] [TRACE] app - ce939b51-dceb-4147-a32b-cdbbb6a10d2e - inbound request - check data length
[2022-02-09T20:47:50.066] [TRACE] app - ce939b51-dceb-4147-a32b-cdbbb6a10d2e - inbound request - send a response
[2022-02-09T20:48:23.627] [TRACE] app - 0dbd0fbf-e27b-4aa1-adc3-33ed5752c5bb - inbound request - executing the create query
[2022-02-09T20:48:23.627] [TRACE] app - 0dbd0fbf-e27b-4aa1-adc3-33ed5752c5bb - inbound request - send a response
[2022-02-09T20:48:26.121] [TRACE] app - 4e699b5a-85db-4f7e-a112-7233749a4434 - inbound request - query with 8cdba3d7-2c69-48a0-bf43-43a5c7187188
[2022-02-09T20:48:26.137] [TRACE] app - 4e699b5a-85db-4f7e-a112-7233749a4434 - inbound request - check data length
[2022-02-09T20:48:26.137] [TRACE] app - 4e699b5a-85db-4f7e-a112-7233749a4434 - inbound request - send a response
[2022-02-09T20:49:39.302] [TRACE] app - 5ddd7fa7-0fb3-40de-be9e-1846198551a1 - inbound request - executing the create query
[2022-02-09T20:49:39.302] [TRACE] app - 5ddd7fa7-0fb3-40de-be9e-1846198551a1 - inbound request - send a response
[2022-02-09T20:49:43.216] [TRACE] app - 3d2b87d6-0291-453b-a7d7-903253c90bcf - inbound request - query with 4a5987af-c07d-415c-9974-df651d390e4d
[2022-02-09T20:49:43.263] [TRACE] app - 3d2b87d6-0291-453b-a7d7-903253c90bcf - inbound request - check data length
[2022-02-09T20:49:43.263] [TRACE] app - 3d2b87d6-0291-453b-a7d7-903253c90bcf - inbound request - send a response
[2022-02-09T20:50:24.349] [TRACE] app - 36fa5a9c-992c-4541-8180-395777bd914d - inbound request - executing the create query
[2022-02-09T20:50:24.349] [TRACE] app - 36fa5a9c-992c-4541-8180-395777bd914d - inbound request - send a response
[2022-02-09T20:51:07.859] [TRACE] app - 34762775-d5e7-4426-88f3-d5e38a7c940a - inbound request - executing the create query
[2022-02-09T20:51:07.860] [TRACE] app - 34762775-d5e7-4426-88f3-d5e38a7c940a - inbound request - send a response
[2022-02-09T20:51:10.895] [TRACE] app - f2a26293-04dc-4c8d-b8d8-c775d4e8964c - inbound request - query with a6fc4e17-c7fa-4fde-ad0d-b18f7581a511
[2022-02-09T20:51:10.934] [TRACE] app - f2a26293-04dc-4c8d-b8d8-c775d4e8964c - inbound request - check data length
[2022-02-09T20:51:10.935] [TRACE] app - f2a26293-04dc-4c8d-b8d8-c775d4e8964c - inbound request - send a response
[2022-02-09T20:51:12.078] [TRACE] app - 9b261a42-4f38-49c3-870d-c9b1987bad9f - inbound request - query with a6fc4e17-c7fa-4fde-ad0d-b18f7581a511
[2022-02-09T20:51:12.097] [TRACE] app - 9b261a42-4f38-49c3-870d-c9b1987bad9f - inbound request - check data length
[2022-02-09T20:51:12.098] [TRACE] app - 9b261a42-4f38-49c3-870d-c9b1987bad9f - inbound request - send a response
[2022-02-09T20:51:12.311] [TRACE] app - 84dd3b01-7e02-4175-a027-f1a38f2bdd2d - inbound request - query with a6fc4e17-c7fa-4fde-ad0d-b18f7581a511
[2022-02-09T20:51:12.342] [TRACE] app - 84dd3b01-7e02-4175-a027-f1a38f2bdd2d - inbound request - check data length
[2022-02-09T20:51:12.342] [TRACE] app - 84dd3b01-7e02-4175-a027-f1a38f2bdd2d - inbound request - send a response
[2022-02-09T20:51:36.704] [TRACE] app - 7c4ba49e-ec06-4ee0-a87d-9a410e81f565 - inbound request - executing the create query
[2022-02-09T20:51:36.704] [TRACE] app - 7c4ba49e-ec06-4ee0-a87d-9a410e81f565 - inbound request - send a response
[2022-02-09T20:51:59.644] [TRACE] app - 26f5c73c-5994-4eca-873d-3c0684301a75 - inbound request - executing the create query
[2022-02-09T20:51:59.644] [TRACE] app - 26f5c73c-5994-4eca-873d-3c0684301a75 - inbound request - send a response
[2022-02-09T21:08:30.112] [TRACE] app - 2e4b88c8-57cd-4742-b7d9-1600f2382683 - inbound request - executing the delete query
[2022-02-09T21:08:30.112] [TRACE] app - 2e4b88c8-57cd-4742-b7d9-1600f2382683 - inbound request - send a response
[2022-02-09T21:09:55.276] [TRACE] app - 0d5c957a-817c-4441-9b92-fd7084418c7c - inbound request - executing the create query
[2022-02-09T21:09:55.276] [TRACE] app - 0d5c957a-817c-4441-9b92-fd7084418c7c - inbound request - send a response
[2022-02-09T21:10:58.587] [TRACE] app - 398392ae-b463-4896-9c1d-9267b8fa6d95 - inbound request - executing the create query
[2022-02-09T21:10:58.587] [TRACE] app - 398392ae-b463-4896-9c1d-9267b8fa6d95 - inbound request - send a response
[2022-02-09T21:11:46.288] [TRACE] app - 9cca0c99-bed8-465a-ab48-a855d76aa67e - inbound request - executing the create query
[2022-02-09T21:11:46.288] [TRACE] app - 9cca0c99-bed8-465a-ab48-a855d76aa67e - inbound request - send a response
[2022-02-09T21:11:48.906] [TRACE] app - e4cc3f24-ca09-4122-a350-7dff44551b52 - inbound request - query with 2af9b0c7-a4fd-43d7-93d1-0e37f54b1479
[2022-02-09T21:11:48.928] [TRACE] app - e4cc3f24-ca09-4122-a350-7dff44551b52 - inbound request - check data length
[2022-02-09T21:11:48.928] [TRACE] app - e4cc3f24-ca09-4122-a350-7dff44551b52 - inbound request - send a response
[2022-02-09T21:12:31.314] [TRACE] app - 783d1561-9842-44d5-963b-648822355157 - inbound request - executing the create query
[2022-02-09T21:12:31.314] [TRACE] app - 783d1561-9842-44d5-963b-648822355157 - inbound request - send a response
[2022-02-09T21:13:02.224] [TRACE] app - 2e4bb295-4bd4-4feb-a9ac-6a93b0b15299 - inbound request - executing the create query
[2022-02-09T21:13:02.224] [TRACE] app - 2e4bb295-4bd4-4feb-a9ac-6a93b0b15299 - inbound request - send a response
[2022-02-09T21:13:21.707] [TRACE] app - fefae725-cf07-4d61-8dd1-74a3c585246e - inbound request - executing the create query
[2022-02-09T21:13:21.707] [TRACE] app - fefae725-cf07-4d61-8dd1-74a3c585246e - inbound request - send a response
[2022-02-09T21:19:04.715] [TRACE] app - 18ba4b7f-c362-4696-a80d-a8721a12a98b - inbound request - executing the create query
[2022-02-09T21:19:04.715] [TRACE] app - 18ba4b7f-c362-4696-a80d-a8721a12a98b - inbound request - send a response
[2022-02-09T21:19:07.913] [TRACE] app - 72220b16-3ebf-42f0-96a0-73ddf3bea4c8 - inbound request - query with 12a91147-df70-4a9f-beb0-65c4580c5409
[2022-02-09T21:19:07.930] [TRACE] app - 72220b16-3ebf-42f0-96a0-73ddf3bea4c8 - inbound request - check data length
[2022-02-09T21:19:07.930] [TRACE] app - 72220b16-3ebf-42f0-96a0-73ddf3bea4c8 - inbound request - send a response
[2022-02-09T21:19:16.457] [TRACE] app - 345c749b-8a96-4f53-ab52-2ea640ef8129 - inbound request - query with 12a91147-df70-4a9f-beb0-65c4580c5409
[2022-02-09T21:19:16.470] [TRACE] app - 345c749b-8a96-4f53-ab52-2ea640ef8129 - inbound request - check data length
[2022-02-09T21:19:16.470] [TRACE] app - 345c749b-8a96-4f53-ab52-2ea640ef8129 - inbound request - send a response
